#
# There is insufficient memory for the Java Runtime Environment to continue.
# Native memory allocation (mmap) failed to map 90177536 bytes for G1 virtual space
# Possible reasons:
#   The system is out of physical RAM or swap space
#   The process is running with CompressedOops enabled, and the Java Heap may be blocking the growth of the native heap
# Possible solutions:
#   Reduce memory load on the system
#   Increase physical memory or swap space
#   Check if swap backing store is full
#   Decrease Java heap size (-Xmx/-Xms)
#   Decrease number of Java threads
#   Decrease Java thread stack sizes (-Xss)
#   Set larger code cache with -XX:ReservedCodeCacheSize=
#   JVM is running with Unscaled Compressed Oops mode in which the Java heap is
#     placed in the first 4GB address space. The Java Heap base address is the
#     maximum limit for the native heap growth. Please use -XX:HeapBaseMinAddress
#     to set the Java Heap base and to place the Java Heap above 4GB virtual address.
# This output file may be truncated or incomplete.
#
#  Out of Memory Error (os_windows.cpp:3769), pid=4476, tid=6384
#
# JRE version: OpenJDK Runtime Environment (17.0.6) (build 17.0.6+0-b2043.56-10027231)
# Java VM: OpenJDK 64-Bit Server VM (17.0.6+0-b2043.56-10027231, mixed mode, tiered, compressed oops, compressed class ptrs, g1 gc, windows-amd64)
# No core dump will be written. Minidumps are not enabled by default on client versions of Windows
#

---------------  S U M M A R Y ------------

Command Line: --add-opens=java.base/java.util=ALL-UNNAMED --add-opens=java.base/java.lang=ALL-UNNAMED --add-opens=java.base/java.lang.invoke=ALL-UNNAMED --add-opens=java.prefs/java.util.prefs=ALL-UNNAMED --add-opens=java.base/java.nio.charset=ALL-UNNAMED --add-opens=java.base/java.net=ALL-UNNAMED --add-opens=java.base/java.util.concurrent.atomic=ALL-UNNAMED -Xmx2048m -Dfile.encoding=UTF-8 -Duser.country=US -Duser.language=en -Duser.variant org.gradle.launcher.daemon.bootstrap.GradleDaemon 8.0

Host: AMD Ryzen 3 3250U with Radeon Graphics         , 4 cores, 3G,  Windows 10 , 64 bit Build 19041 (10.0.19041.3636)
Time: Tue Dec 19 21:29:35 2023 SE Asia Standard Time elapsed time: 19.224524 seconds (0d 0h 0m 19s)

---------------  T H R E A D  ---------------

Current thread (0x000001cba187e270):  VMThread "VM Thread" [stack: 0x0000002767500000,0x0000002767600000] [id=6384]

Stack: [0x0000002767500000,0x0000002767600000]
Native frames: (J=compiled Java code, j=interpreted, Vv=VM code, C=native code)
V  [jvm.dll+0x683c9a]
V  [jvm.dll+0x8427a4]
V  [jvm.dll+0x843f9e]
V  [jvm.dll+0x844603]
V  [jvm.dll+0x249b75]
V  [jvm.dll+0x680b69]
V  [jvm.dll+0x67505a]
V  [jvm.dll+0x309acb]
V  [jvm.dll+0x310f86]
V  [jvm.dll+0x3608ee]
V  [jvm.dll+0x360b1f]
V  [jvm.dll+0x2dfbf8]
V  [jvm.dll+0x2ddec4]
V  [jvm.dll+0x2dd4cc]
V  [jvm.dll+0x321f3b]
V  [jvm.dll+0x848ccb]
V  [jvm.dll+0x849a04]
V  [jvm.dll+0x849f1d]
V  [jvm.dll+0x84a2f4]
V  [jvm.dll+0x84a3c0]
V  [jvm.dll+0x7f274a]
V  [jvm.dll+0x682ad5]
C  [ucrtbase.dll+0x21bb2]
C  [KERNEL32.DLL+0x17344]
C  [ntdll.dll+0x526b1]

VM_Operation (0x0000002768bed900): G1CollectForAllocation, mode: safepoint, requested by thread 0x000001cbbf0c5770


---------------  P R O C E S S  ---------------

Threads class SMR info:
_java_thread_list=0x000001cbc0b88290, length=39, elements={
0x000001cba17aa540, 0x000001cbbcca5e50, 0x000001cbbcca7ee0, 0x000001cbbd801090,
0x000001cbbd804970, 0x000001cbbd805230, 0x000001cbbd805af0, 0x000001cbbd816c10,
0x000001cbbd817510, 0x000001cbbccf9430, 0x000001cbbd956c60, 0x000001cbbd973c30,
0x000001cbbfca7f30, 0x000001cbbe96b3a0, 0x000001cbbef098d0, 0x000001cbbf082670,
0x000001cbbed2d680, 0x000001cbbefc1a20, 0x000001cbbf0c5770, 0x000001cbbedb4f50,
0x000001cbbedb5dc0, 0x000001cbbedb6290, 0x000001cbbedb45b0, 0x000001cbbedb4a80,
0x000001cbbedb6760, 0x000001cbbedb7100, 0x000001cbbedb6c30, 0x000001cbbedb5420,
0x000001cbbedb75d0, 0x000001cbbedb7aa0, 0x000001cbbedb40e0, 0x000001cbbedb58f0,
0x000001cbc0b04700, 0x000001cbc0b003a0, 0x000001cbc0b02080, 0x000001cbc0b00d40,
0x000001cbc0b00870, 0x000001cbc0b04230, 0x000001cbc0167c90
}

Java Threads: ( => current thread )
  0x000001cba17aa540 JavaThread "main" [_thread_blocked, id=4680, stack(0x0000002766f00000,0x0000002767000000)]
  0x000001cbbcca5e50 JavaThread "Reference Handler" daemon [_thread_blocked, id=7252, stack(0x0000002767600000,0x0000002767700000)]
  0x000001cbbcca7ee0 JavaThread "Finalizer" daemon [_thread_blocked, id=6596, stack(0x0000002767700000,0x0000002767800000)]
  0x000001cbbd801090 JavaThread "Signal Dispatcher" daemon [_thread_blocked, id=656, stack(0x0000002767800000,0x0000002767900000)]
  0x000001cbbd804970 JavaThread "Attach Listener" daemon [_thread_blocked, id=8892, stack(0x0000002767900000,0x0000002767a00000)]
  0x000001cbbd805230 JavaThread "Service Thread" daemon [_thread_blocked, id=2500, stack(0x0000002767a00000,0x0000002767b00000)]
  0x000001cbbd805af0 JavaThread "Monitor Deflation Thread" daemon [_thread_blocked, id=10292, stack(0x0000002767b00000,0x0000002767c00000)]
  0x000001cbbd816c10 JavaThread "C2 CompilerThread0" daemon [_thread_blocked, id=12172, stack(0x0000002767c00000,0x0000002767d00000)]
  0x000001cbbd817510 JavaThread "C1 CompilerThread0" daemon [_thread_blocked, id=6872, stack(0x0000002767d00000,0x0000002767e00000)]
  0x000001cbbccf9430 JavaThread "Sweeper thread" daemon [_thread_blocked, id=8712, stack(0x0000002767e00000,0x0000002767f00000)]
  0x000001cbbd956c60 JavaThread "Common-Cleaner" daemon [_thread_blocked, id=10272, stack(0x0000002767f00000,0x0000002768000000)]
  0x000001cbbd973c30 JavaThread "Notification Thread" daemon [_thread_blocked, id=8976, stack(0x0000002768000000,0x0000002768100000)]
  0x000001cbbfca7f30 JavaThread "Daemon health stats" [_thread_blocked, id=5352, stack(0x0000002768500000,0x0000002768600000)]
  0x000001cbbe96b3a0 JavaThread "Incoming local TCP Connector on port 59359" [_thread_in_native, id=888, stack(0x0000002768600000,0x0000002768700000)]
  0x000001cbbef098d0 JavaThread "Daemon periodic checks" [_thread_blocked, id=5524, stack(0x0000002768700000,0x0000002768800000)]
  0x000001cbbf082670 JavaThread "Daemon" [_thread_blocked, id=12428, stack(0x0000002768800000,0x0000002768900000)]
  0x000001cbbed2d680 JavaThread "Handler for socket connection from /127.0.0.1:59359 to /127.0.0.1:59360" [_thread_in_native, id=2840, stack(0x0000002768900000,0x0000002768a00000)]
  0x000001cbbefc1a20 JavaThread "Cancel handler" [_thread_blocked, id=3236, stack(0x0000002768a00000,0x0000002768b00000)]
  0x000001cbbf0c5770 JavaThread "Daemon worker" [_thread_blocked, id=12148, stack(0x0000002768b00000,0x0000002768c00000)]
  0x000001cbbedb4f50 JavaThread "Asynchronous log dispatcher for DefaultDaemonConnection: socket connection from /127.0.0.1:59359 to /127.0.0.1:59360" [_thread_blocked, id=12588, stack(0x0000002768c00000,0x0000002768d00000)]
  0x000001cbbedb5dc0 JavaThread "Stdin handler" [_thread_blocked, id=6788, stack(0x0000002768d00000,0x0000002768e00000)]
  0x000001cbbedb6290 JavaThread "Daemon client event forwarder" [_thread_blocked, id=1268, stack(0x0000002768e00000,0x0000002768f00000)]
  0x000001cbbedb45b0 JavaThread "Cache worker for journal cache (C:\Users\HP\.gradle\caches\journal-1)" [_thread_blocked, id=12968, stack(0x0000002768f00000,0x0000002769000000)]
  0x000001cbbedb4a80 JavaThread "File lock request listener" [_thread_in_native, id=6740, stack(0x0000002769000000,0x0000002769100000)]
  0x000001cbbedb6760 JavaThread "Cache worker for file hash cache (C:\Users\HP\.gradle\caches\8.0\fileHashes)" [_thread_blocked, id=12616, stack(0x0000002769100000,0x0000002769200000)]
  0x000001cbbedb7100 JavaThread "File watcher server" daemon [_thread_in_native, id=8488, stack(0x0000002769200000,0x0000002769300000)]
  0x000001cbbedb6c30 JavaThread "File watcher consumer" daemon [_thread_blocked, id=10960, stack(0x0000002769300000,0x0000002769400000)]
  0x000001cbbedb5420 JavaThread "jar transforms" [_thread_blocked, id=2940, stack(0x0000002769400000,0x0000002769500000)]
  0x000001cbbedb75d0 JavaThread "jar transforms Thread 2" [_thread_blocked, id=72, stack(0x0000002769500000,0x0000002769600000)]
  0x000001cbbedb7aa0 JavaThread "jar transforms Thread 3" [_thread_blocked, id=6524, stack(0x0000002769600000,0x0000002769700000)]
  0x000001cbbedb40e0 JavaThread "jar transforms Thread 4" [_thread_blocked, id=9072, stack(0x0000002769700000,0x0000002769800000)]
  0x000001cbbedb58f0 JavaThread "Cache worker for checksums cache (C:\Users\HP\AndroidStudioProjects\CatHouse\.gradle\8.0\checksums)" [_thread_blocked, id=5428, stack(0x0000002769800000,0x0000002769900000)]
  0x000001cbc0b04700 JavaThread "Cache worker for cache directory md-rule (C:\Users\HP\.gradle\caches\8.0\md-rule)" [_thread_blocked, id=8628, stack(0x0000002769900000,0x0000002769a00000)]
  0x000001cbc0b003a0 JavaThread "Cache worker for file content cache (C:\Users\HP\.gradle\caches\8.0\fileContent)" [_thread_blocked, id=13988, stack(0x0000002769a00000,0x0000002769b00000)]
  0x000001cbc0b02080 JavaThread "Cache worker for file hash cache (C:\Users\HP\AndroidStudioProjects\CatHouse\.gradle\8.0\fileHashes)" [_thread_blocked, id=11192, stack(0x0000002769b00000,0x0000002769c00000)]
  0x000001cbc0b00d40 JavaThread "Cache worker for cache directory md-supplier (C:\Users\HP\.gradle\caches\8.0\md-supplier)" [_thread_blocked, id=14064, stack(0x0000002769c00000,0x0000002769d00000)]
  0x000001cbc0b00870 JavaThread "Cache worker for execution history cache (C:\Users\HP\.gradle\caches\8.0\executionHistory)" [_thread_blocked, id=10228, stack(0x0000002769d00000,0x0000002769e00000)]
  0x000001cbc0b04230 JavaThread "Cache worker for kotlin-dsl (C:\Users\HP\.gradle\caches\8.0\kotlin-dsl)" [_thread_blocked, id=13924, stack(0x0000002769e00000,0x0000002769f00000)]
  0x000001cbc0167c90 JavaThread "C2 CompilerThread1" daemon [_thread_blocked, id=1884, stack(0x000000276a200000,0x000000276a300000)]

Other Threads:
=>0x000001cba187e270 VMThread "VM Thread" [stack: 0x0000002767500000,0x0000002767600000] [id=6384]
  0x000001cbbd957940 WatcherThread [stack: 0x0000002768100000,0x0000002768200000] [id=13820]
  0x000001cba1806b40 GCTaskThread "GC Thread#0" [stack: 0x0000002767000000,0x0000002767100000] [id=8560]
  0x000001cbbe1e5f90 GCTaskThread "GC Thread#1" [stack: 0x0000002768200000,0x0000002768300000] [id=8296]
  0x000001cbbdbfeae0 GCTaskThread "GC Thread#2" [stack: 0x0000002768300000,0x0000002768400000] [id=9508]
  0x000001cbbe4eea70 GCTaskThread "GC Thread#3" [stack: 0x0000002768400000,0x0000002768500000] [id=11088]
  0x000001cba1818130 ConcurrentGCThread "G1 Main Marker" [stack: 0x0000002767100000,0x0000002767200000] [id=9076]
  0x000001cba1818a50 ConcurrentGCThread "G1 Conc#0" [stack: 0x0000002767200000,0x0000002767300000] [id=12748]
  0x000001cba18551e0 ConcurrentGCThread "G1 Refine#0" [stack: 0x0000002767300000,0x0000002767400000] [id=7472]
  0x000001cbc09eb3d0 ConcurrentGCThread "G1 Refine#1" [stack: 0x0000002769f00000,0x000000276a000000] [id=9492]
  0x000001cbc09e9710 ConcurrentGCThread "G1 Refine#2" [stack: 0x000000276a000000,0x000000276a100000] [id=13032]
  0x000001cbc09e99f0 ConcurrentGCThread "G1 Refine#3" [stack: 0x000000276a100000,0x000000276a200000] [id=14100]
  0x000001cba1856b20 ConcurrentGCThread "G1 Service" [stack: 0x0000002767400000,0x0000002767500000] [id=904]

Threads with active compile tasks:
C2 CompilerThread0    19268 8238   !   4       org.jetbrains.kotlin.metadata.ProtoBuf$Type$Argument::<init> (401 bytes)
C1 CompilerThread0    19268 8518 %     3       org.jetbrains.kotlin.load.java.lazy.descriptors.JvmPackageScope::getContributedClassifier @ 58 (142 bytes)
C2 CompilerThread1    19268 8232       4       org.jetbrains.kotlin.metadata.ProtoBuf$Function::isInitialized (251 bytes)

VM state: at safepoint (normal execution)

VM Mutex/Monitor currently owned by a thread:  ([mutex/lock_event])
[0x000001cba17a5020] Threads_lock - owner thread: 0x000001cba187e270
[0x000001cba17a6340] Heap_lock - owner thread: 0x000001cbbf0c5770

Heap address: 0x0000000080000000, size: 2048 MB, Compressed Oops mode: 32-bit

CDS archive(s) not mapped
Compressed class space mapped at: 0x0000000100000000-0x0000000140000000, reserved size: 1073741824
Narrow klass base: 0x0000000000000000, Narrow klass shift: 3, Narrow klass range: 0x140000000

GC Precious Log:
 CPUs: 4 total, 4 available
 Memory: 3499M
 Large Page Support: Disabled
 NUMA Support: Disabled
 Compressed Oops: Enabled (32-bit)
 Heap Region Size: 1M
 Heap Min Capacity: 8M
 Heap Initial Capacity: 56M
 Heap Max Capacity: 2G
 Pre-touch: Disabled
 Parallel Workers: 4
 Concurrent Workers: 1
 Concurrent Refinement Workers: 4
 Periodic GC: Disabled

Heap:
 garbage-first heap   total 208896K, used 121844K [0x0000000080000000, 0x0000000100000000)
  region size 1024K, 2 young (2048K), 2 survivors (2048K)
 Metaspace       used 109052K, committed 109696K, reserved 1146880K
  class space    used 13990K, committed 14272K, reserved 1048576K

Heap Regions: E=young(eden), S=young(survivor), O=old, HS=humongous(starts), HC=humongous(continues), CS=collection set, F=free, OA=open archive, CA=closed archive, TAMS=top-at-mark-start (previous, next)
|   0|0x0000000080000000, 0x0000000080100000, 0x0000000080100000|100%| O|  |TAMS 0x0000000080100000, 0x0000000080000000| Untracked 
|   1|0x0000000080100000, 0x0000000080200000, 0x0000000080200000|100%| O|  |TAMS 0x0000000080200000, 0x0000000080100000| Untracked 
|   2|0x0000000080200000, 0x0000000080300000, 0x0000000080300000|100%| O|  |TAMS 0x0000000080300000, 0x0000000080200000| Untracked 
|   3|0x0000000080300000, 0x0000000080400000, 0x0000000080400000|100%|HS|  |TAMS 0x0000000080400000, 0x0000000080300000| Complete 
|   4|0x0000000080400000, 0x0000000080500000, 0x0000000080500000|100%|HC|  |TAMS 0x0000000080500000, 0x0000000080400000| Complete 
|   5|0x0000000080500000, 0x0000000080600000, 0x0000000080600000|100%|HC|  |TAMS 0x0000000080600000, 0x0000000080500000| Complete 
|   6|0x0000000080600000, 0x0000000080700000, 0x0000000080700000|100%|HC|  |TAMS 0x0000000080700000, 0x0000000080600000| Complete 
|   7|0x0000000080700000, 0x0000000080800000, 0x0000000080800000|100%| O|  |TAMS 0x0000000080800000, 0x0000000080700000| Untracked 
|   8|0x0000000080800000, 0x0000000080900000, 0x0000000080900000|100%| O|  |TAMS 0x0000000080900000, 0x0000000080800000| Untracked 
|   9|0x0000000080900000, 0x0000000080a00000, 0x0000000080a00000|100%| O|  |TAMS 0x0000000080a00000, 0x0000000080900000| Untracked 
|  10|0x0000000080a00000, 0x0000000080b00000, 0x0000000080b00000|100%| O|  |TAMS 0x0000000080b00000, 0x0000000080a00000| Untracked 
|  11|0x0000000080b00000, 0x0000000080c00000, 0x0000000080c00000|100%| O|  |TAMS 0x0000000080c00000, 0x0000000080b00000| Untracked 
|  12|0x0000000080c00000, 0x0000000080d00000, 0x0000000080d00000|100%| O|  |TAMS 0x0000000080d00000, 0x0000000080c00000| Untracked 
|  13|0x0000000080d00000, 0x0000000080e00000, 0x0000000080e00000|100%| O|  |TAMS 0x0000000080e00000, 0x0000000080d00000| Untracked 
|  14|0x0000000080e00000, 0x0000000080f00000, 0x0000000080f00000|100%| O|  |TAMS 0x0000000080f00000, 0x0000000080e00000| Untracked 
|  15|0x0000000080f00000, 0x0000000081000000, 0x0000000081000000|100%| O|  |TAMS 0x0000000081000000, 0x0000000080f00000| Untracked 
|  16|0x0000000081000000, 0x0000000081100000, 0x0000000081100000|100%| O|  |TAMS 0x0000000081100000, 0x0000000081000000| Untracked 
|  17|0x0000000081100000, 0x0000000081200000, 0x0000000081200000|100%| O|  |TAMS 0x0000000081200000, 0x0000000081100000| Untracked 
|  18|0x0000000081200000, 0x0000000081300000, 0x0000000081300000|100%| O|  |TAMS 0x0000000081300000, 0x0000000081200000| Untracked 
|  19|0x0000000081300000, 0x0000000081400000, 0x0000000081400000|100%|HS|  |TAMS 0x0000000081400000, 0x0000000081300000| Complete 
|  20|0x0000000081400000, 0x0000000081500000, 0x0000000081500000|100%|HC|  |TAMS 0x0000000081500000, 0x0000000081400000| Complete 
|  21|0x0000000081500000, 0x0000000081600000, 0x0000000081600000|100%|HS|  |TAMS 0x0000000081600000, 0x0000000081500000| Complete 
|  22|0x0000000081600000, 0x0000000081700000, 0x0000000081700000|100%|HC|  |TAMS 0x0000000081700000, 0x0000000081600000| Complete 
|  23|0x0000000081700000, 0x0000000081800000, 0x0000000081800000|100%|HC|  |TAMS 0x0000000081800000, 0x0000000081700000| Complete 
|  24|0x0000000081800000, 0x0000000081900000, 0x0000000081900000|100%| O|  |TAMS 0x0000000081900000, 0x0000000081800000| Untracked 
|  25|0x0000000081900000, 0x0000000081a00000, 0x0000000081a00000|100%| O|  |TAMS 0x0000000081a00000, 0x0000000081900000| Untracked 
|  26|0x0000000081a00000, 0x0000000081b00000, 0x0000000081b00000|100%|HS|  |TAMS 0x0000000081b00000, 0x0000000081a00000| Complete 
|  27|0x0000000081b00000, 0x0000000081c00000, 0x0000000081c00000|100%|HC|  |TAMS 0x0000000081c00000, 0x0000000081b00000| Complete 
|  28|0x0000000081c00000, 0x0000000081d00000, 0x0000000081d00000|100%|HC|  |TAMS 0x0000000081d00000, 0x0000000081c00000| Complete 
|  29|0x0000000081d00000, 0x0000000081e00000, 0x0000000081e00000|100%| O|  |TAMS 0x0000000081e00000, 0x0000000081d00000| Untracked 
|  30|0x0000000081e00000, 0x0000000081f00000, 0x0000000081f00000|100%| O|  |TAMS 0x0000000081f00000, 0x0000000081e00000| Untracked 
|  31|0x0000000081f00000, 0x0000000081f00000, 0x0000000082000000|  0%| F|  |TAMS 0x0000000081f00000, 0x0000000081f00000| Untracked 
|  32|0x0000000082000000, 0x0000000082100000, 0x0000000082100000|100%|HS|  |TAMS 0x0000000082100000, 0x0000000082000000| Complete 
|  33|0x0000000082100000, 0x0000000082200000, 0x0000000082200000|100%|HC|  |TAMS 0x0000000082200000, 0x0000000082100000| Complete 
|  34|0x0000000082200000, 0x0000000082300000, 0x0000000082300000|100%|HC|  |TAMS 0x0000000082300000, 0x0000000082200000| Complete 
|  35|0x0000000082300000, 0x0000000082400000, 0x0000000082400000|100%|HC|  |TAMS 0x0000000082400000, 0x0000000082300000| Complete 
|  36|0x0000000082400000, 0x0000000082500000, 0x0000000082500000|100%|HC|  |TAMS 0x0000000082500000, 0x0000000082400000| Complete 
|  37|0x0000000082500000, 0x0000000082600000, 0x0000000082600000|100%|HC|  |TAMS 0x0000000082600000, 0x0000000082500000| Complete 
|  38|0x0000000082600000, 0x0000000082700000, 0x0000000082700000|100%|HC|  |TAMS 0x0000000082700000, 0x0000000082600000| Complete 
|  39|0x0000000082700000, 0x0000000082800000, 0x0000000082800000|100%|HC|  |TAMS 0x0000000082800000, 0x0000000082700000| Complete 
|  40|0x0000000082800000, 0x0000000082900000, 0x0000000082900000|100%|HC|  |TAMS 0x0000000082900000, 0x0000000082800000| Complete 
|  41|0x0000000082900000, 0x0000000082a00000, 0x0000000082a00000|100%|HC|  |TAMS 0x0000000082a00000, 0x0000000082900000| Complete 
|  42|0x0000000082a00000, 0x0000000082b00000, 0x0000000082b00000|100%|HC|  |TAMS 0x0000000082b00000, 0x0000000082a00000| Complete 
|  43|0x0000000082b00000, 0x0000000082c00000, 0x0000000082c00000|100%|HC|  |TAMS 0x0000000082c00000, 0x0000000082b00000| Complete 
|  44|0x0000000082c00000, 0x0000000082d00000, 0x0000000082d00000|100%|HS|  |TAMS 0x0000000082d00000, 0x0000000082c00000| Complete 
|  45|0x0000000082d00000, 0x0000000082e00000, 0x0000000082e00000|100%|HC|  |TAMS 0x0000000082e00000, 0x0000000082d00000| Complete 
|  46|0x0000000082e00000, 0x0000000082f00000, 0x0000000082f00000|100%| O|  |TAMS 0x0000000082f00000, 0x0000000082e00000| Untracked 
|  47|0x0000000082f00000, 0x0000000083000000, 0x0000000083000000|100%| O|  |TAMS 0x0000000083000000, 0x0000000082f00000| Untracked 
|  48|0x0000000083000000, 0x0000000083100000, 0x0000000083100000|100%| O|  |TAMS 0x0000000083100000, 0x0000000083000000| Untracked 
|  49|0x0000000083100000, 0x0000000083200000, 0x0000000083200000|100%| O|  |TAMS 0x0000000083200000, 0x0000000083100000| Untracked 
|  50|0x0000000083200000, 0x0000000083300000, 0x0000000083300000|100%| O|  |TAMS 0x0000000083300000, 0x0000000083200000| Untracked 
|  51|0x0000000083300000, 0x0000000083400000, 0x0000000083400000|100%| O|  |TAMS 0x0000000083400000, 0x0000000083300000| Untracked 
|  52|0x0000000083400000, 0x0000000083500000, 0x0000000083500000|100%| O|  |TAMS 0x0000000083500000, 0x0000000083400000| Untracked 
|  53|0x0000000083500000, 0x0000000083600000, 0x0000000083600000|100%| O|  |TAMS 0x0000000083600000, 0x0000000083500000| Untracked 
|  54|0x0000000083600000, 0x0000000083700000, 0x0000000083700000|100%|HS|  |TAMS 0x0000000083700000, 0x0000000083600000| Complete 
|  55|0x0000000083700000, 0x0000000083800000, 0x0000000083800000|100%|HC|  |TAMS 0x0000000083800000, 0x0000000083700000| Complete 
|  56|0x0000000083800000, 0x0000000083900000, 0x0000000083900000|100%|HC|  |TAMS 0x0000000083900000, 0x0000000083800000| Complete 
|  57|0x0000000083900000, 0x0000000083a00000, 0x0000000083a00000|100%| O|  |TAMS 0x0000000083a00000, 0x0000000083900000| Untracked 
|  58|0x0000000083a00000, 0x0000000083b00000, 0x0000000083b00000|100%|HS|  |TAMS 0x0000000083b00000, 0x0000000083a00000| Complete 
|  59|0x0000000083b00000, 0x0000000083c00000, 0x0000000083c00000|100%|HC|  |TAMS 0x0000000083c00000, 0x0000000083b00000| Complete 
|  60|0x0000000083c00000, 0x0000000083d00000, 0x0000000083d00000|100%|HC|  |TAMS 0x0000000083d00000, 0x0000000083c00000| Complete 
|  61|0x0000000083d00000, 0x0000000083e00000, 0x0000000083e00000|100%| O|  |TAMS 0x0000000083e00000, 0x0000000083d00000| Untracked 
|  62|0x0000000083e00000, 0x0000000083f00000, 0x0000000083f00000|100%| O|  |TAMS 0x0000000083f00000, 0x0000000083e00000| Untracked 
|  63|0x0000000083f00000, 0x0000000084000000, 0x0000000084000000|100%| O|  |TAMS 0x0000000084000000, 0x0000000083f00000| Untracked 
|  64|0x0000000084000000, 0x0000000084100000, 0x0000000084100000|100%| O|  |TAMS 0x0000000084100000, 0x0000000084000000| Untracked 
|  65|0x0000000084100000, 0x0000000084200000, 0x0000000084200000|100%| O|  |TAMS 0x0000000084200000, 0x0000000084100000| Untracked 
|  66|0x0000000084200000, 0x0000000084300000, 0x0000000084300000|100%| O|  |TAMS 0x0000000084300000, 0x0000000084200000| Untracked 
|  67|0x0000000084300000, 0x0000000084400000, 0x0000000084400000|100%| O|  |TAMS 0x0000000084400000, 0x0000000084300000| Untracked 
|  68|0x0000000084400000, 0x0000000084500000, 0x0000000084500000|100%| O|  |TAMS 0x0000000084500000, 0x0000000084400000| Untracked 
|  69|0x0000000084500000, 0x0000000084600000, 0x0000000084600000|100%|HS|  |TAMS 0x0000000084600000, 0x0000000084500000| Complete 
|  70|0x0000000084600000, 0x0000000084700000, 0x0000000084700000|100%|HC|  |TAMS 0x0000000084700000, 0x0000000084600000| Complete 
|  71|0x0000000084700000, 0x0000000084800000, 0x0000000084800000|100%|HC|  |TAMS 0x0000000084800000, 0x0000000084700000| Complete 
|  72|0x0000000084800000, 0x0000000084900000, 0x0000000084900000|100%|HC|  |TAMS 0x0000000084900000, 0x0000000084800000| Complete 
|  73|0x0000000084900000, 0x0000000084a00000, 0x0000000084a00000|100%| O|  |TAMS 0x0000000084a00000, 0x0000000084900000| Untracked 
|  74|0x0000000084a00000, 0x0000000084b00000, 0x0000000084b00000|100%| O|  |TAMS 0x0000000084b00000, 0x0000000084a00000| Untracked 
|  75|0x0000000084b00000, 0x0000000084c00000, 0x0000000084c00000|100%| O|  |TAMS 0x0000000084c00000, 0x0000000084b00000| Untracked 
|  76|0x0000000084c00000, 0x0000000084d00000, 0x0000000084d00000|100%| O|  |TAMS 0x0000000084d00000, 0x0000000084c00000| Untracked 
|  77|0x0000000084d00000, 0x0000000084e00000, 0x0000000084e00000|100%| O|  |TAMS 0x0000000084e00000, 0x0000000084d00000| Untracked 
|  78|0x0000000084e00000, 0x0000000084f00000, 0x0000000084f00000|100%| O|  |TAMS 0x0000000084f00000, 0x0000000084e00000| Untracked 
|  79|0x0000000084f00000, 0x0000000085000000, 0x0000000085000000|100%| O|  |TAMS 0x0000000085000000, 0x0000000084f00000| Untracked 
|  80|0x0000000085000000, 0x0000000085100000, 0x0000000085100000|100%| O|  |TAMS 0x0000000085100000, 0x0000000085000000| Untracked 
|  81|0x0000000085100000, 0x0000000085200000, 0x0000000085200000|100%| O|  |TAMS 0x0000000085200000, 0x0000000085100000| Untracked 
|  82|0x0000000085200000, 0x0000000085300000, 0x0000000085300000|100%| O|  |TAMS 0x0000000085300000, 0x0000000085200000| Untracked 
|  83|0x0000000085300000, 0x0000000085400000, 0x0000000085400000|100%| O|  |TAMS 0x0000000085400000, 0x0000000085300000| Untracked 
|  84|0x0000000085400000, 0x0000000085500000, 0x0000000085500000|100%| O|  |TAMS 0x0000000085500000, 0x0000000085400000| Untracked 
|  85|0x0000000085500000, 0x0000000085600000, 0x0000000085600000|100%| O|  |TAMS 0x0000000085600000, 0x0000000085500000| Untracked 
|  86|0x0000000085600000, 0x0000000085700000, 0x0000000085700000|100%| O|  |TAMS 0x0000000085700000, 0x0000000085600000| Untracked 
|  87|0x0000000085700000, 0x0000000085800000, 0x0000000085800000|100%|HS|  |TAMS 0x0000000085800000, 0x0000000085700000| Complete 
|  88|0x0000000085800000, 0x0000000085900000, 0x0000000085900000|100%|HC|  |TAMS 0x0000000085900000, 0x0000000085800000| Complete 
|  89|0x0000000085900000, 0x0000000085a00000, 0x0000000085a00000|100%|HC|  |TAMS 0x0000000085a00000, 0x0000000085900000| Complete 
|  90|0x0000000085a00000, 0x0000000085b00000, 0x0000000085b00000|100%|HC|  |TAMS 0x0000000085b00000, 0x0000000085a00000| Complete 
|  91|0x0000000085b00000, 0x0000000085c00000, 0x0000000085c00000|100%|HC|  |TAMS 0x0000000085c00000, 0x0000000085b00000| Complete 
|  92|0x0000000085c00000, 0x0000000085d00000, 0x0000000085d00000|100%|HC|  |TAMS 0x0000000085d00000, 0x0000000085c00000| Complete 
|  93|0x0000000085d00000, 0x0000000085e00000, 0x0000000085e00000|100%| O|  |TAMS 0x0000000085e00000, 0x0000000085d00000| Untracked 
|  94|0x0000000085e00000, 0x0000000085f00000, 0x0000000085f00000|100%| O|  |TAMS 0x0000000085f00000, 0x0000000085e00000| Untracked 
|  95|0x0000000085f00000, 0x0000000086000000, 0x0000000086000000|100%| O|  |TAMS 0x0000000086000000, 0x0000000085f00000| Untracked 
|  96|0x0000000086000000, 0x0000000086100000, 0x0000000086100000|100%| O|  |TAMS 0x0000000086000000, 0x0000000086000000| Untracked 
|  97|0x0000000086100000, 0x0000000086200000, 0x0000000086200000|100%| O|  |TAMS 0x0000000086200000, 0x0000000086100000| Untracked 
|  98|0x0000000086200000, 0x0000000086300000, 0x0000000086300000|100%| O|  |TAMS 0x0000000086300000, 0x0000000086200000| Untracked 
|  99|0x0000000086300000, 0x0000000086400000, 0x0000000086400000|100%| O|  |TAMS 0x0000000086400000, 0x0000000086300000| Untracked 
| 100|0x0000000086400000, 0x0000000086500000, 0x0000000086500000|100%| O|  |TAMS 0x0000000086500000, 0x0000000086400000| Untracked 
| 101|0x0000000086500000, 0x0000000086600000, 0x0000000086600000|100%| O|  |TAMS 0x0000000086600000, 0x0000000086500000| Untracked 
| 102|0x0000000086600000, 0x0000000086700000, 0x0000000086700000|100%| O|  |TAMS 0x0000000086700000, 0x0000000086600000| Untracked 
| 103|0x0000000086700000, 0x0000000086800000, 0x0000000086800000|100%| O|  |TAMS 0x0000000086800000, 0x0000000086700000| Untracked 
| 104|0x0000000086800000, 0x0000000086900000, 0x0000000086900000|100%| O|  |TAMS 0x0000000086900000, 0x0000000086800000| Untracked 
| 105|0x0000000086900000, 0x0000000086a00000, 0x0000000086a00000|100%| O|  |TAMS 0x0000000086a00000, 0x0000000086900000| Untracked 
| 106|0x0000000086a00000, 0x0000000086b00000, 0x0000000086b00000|100%| O|  |TAMS 0x0000000086b00000, 0x0000000086a00000| Untracked 
| 107|0x0000000086b00000, 0x0000000086c00000, 0x0000000086c00000|100%| O|  |TAMS 0x0000000086c00000, 0x0000000086b00000| Untracked 
| 108|0x0000000086c00000, 0x0000000086d00000, 0x0000000086d00000|100%| O|  |TAMS 0x0000000086d00000, 0x0000000086c00000| Untracked 
| 109|0x0000000086d00000, 0x0000000086e00000, 0x0000000086e00000|100%| O|  |TAMS 0x0000000086e00000, 0x0000000086d00000| Untracked 
| 110|0x0000000086e00000, 0x0000000086f00000, 0x0000000086f00000|100%| O|  |TAMS 0x0000000086ec3600, 0x0000000086e00000| Untracked 
| 111|0x0000000086f00000, 0x0000000087000000, 0x0000000087000000|100%| O|  |TAMS 0x0000000086f00000, 0x0000000086f00000| Untracked 
| 112|0x0000000087000000, 0x0000000087100000, 0x0000000087100000|100%| O|  |TAMS 0x0000000087000000, 0x0000000087000000| Untracked 
| 113|0x0000000087100000, 0x0000000087200000, 0x0000000087200000|100%| O|  |TAMS 0x0000000087100000, 0x0000000087100000| Untracked 
| 114|0x0000000087200000, 0x0000000087300000, 0x0000000087300000|100%| O|  |TAMS 0x0000000087200000, 0x0000000087200000| Untracked 
| 115|0x0000000087300000, 0x0000000087400000, 0x0000000087400000|100%| O|  |TAMS 0x0000000087300000, 0x0000000087300000| Untracked 
| 116|0x0000000087400000, 0x0000000087500000, 0x0000000087500000|100%| O|  |TAMS 0x0000000087400000, 0x0000000087400000| Untracked 
| 117|0x0000000087500000, 0x0000000087600000, 0x0000000087600000|100%| O|  |TAMS 0x0000000087500000, 0x0000000087500000| Untracked 
| 118|0x0000000087600000, 0x00000000876a8600, 0x0000000087700000| 65%| O|  |TAMS 0x0000000087600000, 0x0000000087600000| Untracked 
| 119|0x0000000087700000, 0x0000000087700000, 0x0000000087800000|  0%| F|  |TAMS 0x0000000087700000, 0x0000000087700000| Untracked 
| 120|0x0000000087800000, 0x0000000087800000, 0x0000000087900000|  0%| F|  |TAMS 0x0000000087800000, 0x0000000087800000| Untracked 
| 121|0x0000000087900000, 0x0000000087900000, 0x0000000087a00000|  0%| F|  |TAMS 0x0000000087900000, 0x0000000087900000| Untracked 
| 122|0x0000000087a00000, 0x0000000087a00000, 0x0000000087b00000|  0%| F|  |TAMS 0x0000000087a00000, 0x0000000087a00000| Untracked 
| 123|0x0000000087b00000, 0x0000000087b00000, 0x0000000087c00000|  0%| F|  |TAMS 0x0000000087b00000, 0x0000000087b00000| Untracked 
| 124|0x0000000087c00000, 0x0000000087c00000, 0x0000000087d00000|  0%| F|  |TAMS 0x0000000087c00000, 0x0000000087c00000| Untracked 
| 125|0x0000000087d00000, 0x0000000087d00000, 0x0000000087e00000|  0%| F|  |TAMS 0x0000000087d00000, 0x0000000087d00000| Untracked 
| 126|0x0000000087e00000, 0x0000000087e00000, 0x0000000087f00000|  0%| F|  |TAMS 0x0000000087e00000, 0x0000000087e00000| Untracked 
| 127|0x0000000087f00000, 0x0000000087f00000, 0x0000000088000000|  0%| F|  |TAMS 0x0000000087f00000, 0x0000000087f00000| Untracked 
| 128|0x0000000088000000, 0x0000000088000000, 0x0000000088100000|  0%| F|  |TAMS 0x0000000088000000, 0x0000000088000000| Untracked 
| 129|0x0000000088100000, 0x0000000088100000, 0x0000000088200000|  0%| F|  |TAMS 0x0000000088100000, 0x0000000088100000| Untracked 
| 130|0x0000000088200000, 0x0000000088200000, 0x0000000088300000|  0%| F|  |TAMS 0x0000000088200000, 0x0000000088200000| Untracked 
| 131|0x0000000088300000, 0x0000000088300000, 0x0000000088400000|  0%| F|  |TAMS 0x0000000088300000, 0x0000000088300000| Untracked 
| 132|0x0000000088400000, 0x0000000088400000, 0x0000000088500000|  0%| F|  |TAMS 0x0000000088400000, 0x0000000088400000| Untracked 
| 133|0x0000000088500000, 0x0000000088500000, 0x0000000088600000|  0%| F|  |TAMS 0x0000000088500000, 0x0000000088500000| Untracked 
| 134|0x0000000088600000, 0x0000000088600000, 0x0000000088700000|  0%| F|  |TAMS 0x0000000088600000, 0x0000000088600000| Untracked 
| 135|0x0000000088700000, 0x0000000088700000, 0x0000000088800000|  0%| F|  |TAMS 0x0000000088700000, 0x0000000088700000| Untracked 
| 136|0x0000000088800000, 0x0000000088800000, 0x0000000088900000|  0%| F|  |TAMS 0x0000000088800000, 0x0000000088800000| Untracked 
| 137|0x0000000088900000, 0x0000000088900000, 0x0000000088a00000|  0%| F|  |TAMS 0x0000000088900000, 0x0000000088900000| Untracked 
| 138|0x0000000088a00000, 0x0000000088a00000, 0x0000000088b00000|  0%| F|  |TAMS 0x0000000088a00000, 0x0000000088a00000| Untracked 
| 139|0x0000000088b00000, 0x0000000088b00000, 0x0000000088c00000|  0%| F|  |TAMS 0x0000000088b00000, 0x0000000088b00000| Untracked 
| 140|0x0000000088c00000, 0x0000000088c00000, 0x0000000088d00000|  0%| F|  |TAMS 0x0000000088c00000, 0x0000000088c00000| Untracked 
| 141|0x0000000088d00000, 0x0000000088d00000, 0x0000000088e00000|  0%| F|  |TAMS 0x0000000088d00000, 0x0000000088d00000| Untracked 
| 142|0x0000000088e00000, 0x0000000088e00000, 0x0000000088f00000|  0%| F|  |TAMS 0x0000000088e00000, 0x0000000088e00000| Untracked 
| 143|0x0000000088f00000, 0x0000000088f00000, 0x0000000089000000|  0%| F|  |TAMS 0x0000000088f00000, 0x0000000088f00000| Untracked 
| 144|0x0000000089000000, 0x0000000089000000, 0x0000000089100000|  0%| F|  |TAMS 0x0000000089000000, 0x0000000089000000| Untracked 
| 145|0x0000000089100000, 0x0000000089100000, 0x0000000089200000|  0%| F|  |TAMS 0x0000000089100000, 0x0000000089100000| Untracked 
| 146|0x0000000089200000, 0x0000000089200000, 0x0000000089300000|  0%| F|  |TAMS 0x0000000089200000, 0x0000000089200000| Untracked 
| 147|0x0000000089300000, 0x0000000089300000, 0x0000000089400000|  0%| F|  |TAMS 0x0000000089300000, 0x0000000089300000| Untracked 
| 148|0x0000000089400000, 0x0000000089400000, 0x0000000089500000|  0%| F|  |TAMS 0x0000000089400000, 0x0000000089400000| Untracked 
| 149|0x0000000089500000, 0x0000000089500000, 0x0000000089600000|  0%| F|  |TAMS 0x0000000089500000, 0x0000000089500000| Untracked 
| 150|0x0000000089600000, 0x0000000089600000, 0x0000000089700000|  0%| F|  |TAMS 0x0000000089600000, 0x0000000089600000| Untracked 
| 151|0x0000000089700000, 0x0000000089700000, 0x0000000089800000|  0%| F|  |TAMS 0x0000000089700000, 0x0000000089700000| Untracked 
| 152|0x0000000089800000, 0x0000000089800000, 0x0000000089900000|  0%| F|  |TAMS 0x0000000089800000, 0x0000000089800000| Untracked 
| 153|0x0000000089900000, 0x0000000089900000, 0x0000000089a00000|  0%| F|  |TAMS 0x0000000089900000, 0x0000000089900000| Untracked 
| 154|0x0000000089a00000, 0x0000000089a00000, 0x0000000089b00000|  0%| F|  |TAMS 0x0000000089a00000, 0x0000000089a00000| Untracked 
| 155|0x0000000089b00000, 0x0000000089b00000, 0x0000000089c00000|  0%| F|  |TAMS 0x0000000089b00000, 0x0000000089b00000| Untracked 
| 156|0x0000000089c00000, 0x0000000089c00000, 0x0000000089d00000|  0%| F|  |TAMS 0x0000000089c00000, 0x0000000089c00000| Untracked 
| 157|0x0000000089d00000, 0x0000000089d00000, 0x0000000089e00000|  0%| F|  |TAMS 0x0000000089d00000, 0x0000000089d00000| Untracked 
| 158|0x0000000089e00000, 0x0000000089e00000, 0x0000000089f00000|  0%| F|  |TAMS 0x0000000089e00000, 0x0000000089e00000| Untracked 
| 159|0x0000000089f00000, 0x0000000089f00000, 0x000000008a000000|  0%| F|  |TAMS 0x0000000089f00000, 0x0000000089f00000| Untracked 
| 160|0x000000008a000000, 0x000000008a000000, 0x000000008a100000|  0%| F|  |TAMS 0x000000008a000000, 0x000000008a000000| Untracked 
| 161|0x000000008a100000, 0x000000008a100000, 0x000000008a200000|  0%| F|  |TAMS 0x000000008a100000, 0x000000008a100000| Untracked 
| 162|0x000000008a200000, 0x000000008a200000, 0x000000008a300000|  0%| F|  |TAMS 0x000000008a200000, 0x000000008a200000| Untracked 
| 163|0x000000008a300000, 0x000000008a300000, 0x000000008a400000|  0%| F|  |TAMS 0x000000008a300000, 0x000000008a300000| Untracked 
| 164|0x000000008a400000, 0x000000008a400000, 0x000000008a500000|  0%| F|  |TAMS 0x000000008a400000, 0x000000008a400000| Untracked 
| 165|0x000000008a500000, 0x000000008a500000, 0x000000008a600000|  0%| F|  |TAMS 0x000000008a500000, 0x000000008a500000| Untracked 
| 166|0x000000008a600000, 0x000000008a600000, 0x000000008a700000|  0%| F|  |TAMS 0x000000008a600000, 0x000000008a600000| Untracked 
| 167|0x000000008a700000, 0x000000008a700000, 0x000000008a800000|  0%| F|  |TAMS 0x000000008a700000, 0x000000008a700000| Untracked 
| 168|0x000000008a800000, 0x000000008a800000, 0x000000008a900000|  0%| F|  |TAMS 0x000000008a800000, 0x000000008a800000| Untracked 
| 169|0x000000008a900000, 0x000000008a900000, 0x000000008aa00000|  0%| F|  |TAMS 0x000000008a900000, 0x000000008a900000| Untracked 
| 170|0x000000008aa00000, 0x000000008aa00000, 0x000000008ab00000|  0%| F|  |TAMS 0x000000008aa00000, 0x000000008aa00000| Untracked 
| 171|0x000000008ab00000, 0x000000008ab00000, 0x000000008ac00000|  0%| F|  |TAMS 0x000000008ab00000, 0x000000008ab00000| Untracked 
| 172|0x000000008ac00000, 0x000000008ac00000, 0x000000008ad00000|  0%| F|  |TAMS 0x000000008ac00000, 0x000000008ac00000| Untracked 
| 173|0x000000008ad00000, 0x000000008ad00000, 0x000000008ae00000|  0%| F|  |TAMS 0x000000008ad00000, 0x000000008ad00000| Untracked 
| 174|0x000000008ae00000, 0x000000008ae00000, 0x000000008af00000|  0%| F|  |TAMS 0x000000008ae00000, 0x000000008ae00000| Untracked 
| 175|0x000000008af00000, 0x000000008af00000, 0x000000008b000000|  0%| F|  |TAMS 0x000000008af00000, 0x000000008af00000| Untracked 
| 176|0x000000008b000000, 0x000000008b000000, 0x000000008b100000|  0%| F|  |TAMS 0x000000008b000000, 0x000000008b000000| Untracked 
| 177|0x000000008b100000, 0x000000008b100000, 0x000000008b200000|  0%| F|  |TAMS 0x000000008b100000, 0x000000008b100000| Untracked 
| 178|0x000000008b200000, 0x000000008b200000, 0x000000008b300000|  0%| F|  |TAMS 0x000000008b200000, 0x000000008b200000| Untracked 
| 179|0x000000008b300000, 0x000000008b300000, 0x000000008b400000|  0%| F|  |TAMS 0x000000008b300000, 0x000000008b300000| Untracked 
| 180|0x000000008b400000, 0x000000008b400000, 0x000000008b500000|  0%| F|  |TAMS 0x000000008b400000, 0x000000008b400000| Untracked 
| 181|0x000000008b500000, 0x000000008b500000, 0x000000008b600000|  0%| F|  |TAMS 0x000000008b500000, 0x000000008b500000| Untracked 
| 182|0x000000008b600000, 0x000000008b600000, 0x000000008b700000|  0%| F|  |TAMS 0x000000008b600000, 0x000000008b600000| Untracked 
| 183|0x000000008b700000, 0x000000008b700000, 0x000000008b800000|  0%| F|  |TAMS 0x000000008b700000, 0x000000008b700000| Untracked 
| 184|0x000000008b800000, 0x000000008b800000, 0x000000008b900000|  0%| F|  |TAMS 0x000000008b800000, 0x000000008b800000| Untracked 
| 185|0x000000008b900000, 0x000000008b900000, 0x000000008ba00000|  0%| F|  |TAMS 0x000000008b900000, 0x000000008b900000| Untracked 
| 186|0x000000008ba00000, 0x000000008ba00000, 0x000000008bb00000|  0%| F|  |TAMS 0x000000008ba00000, 0x000000008ba00000| Untracked 
| 187|0x000000008bb00000, 0x000000008bb00000, 0x000000008bc00000|  0%| F|  |TAMS 0x000000008bb00000, 0x000000008bb00000| Untracked 
| 188|0x000000008bc00000, 0x000000008bc00000, 0x000000008bd00000|  0%| F|  |TAMS 0x000000008bc00000, 0x000000008bc00000| Untracked 
| 189|0x000000008bd00000, 0x000000008bd00000, 0x000000008be00000|  0%| F|  |TAMS 0x000000008bd00000, 0x000000008bd00000| Untracked 
| 190|0x000000008be00000, 0x000000008be00000, 0x000000008bf00000|  0%| F|  |TAMS 0x000000008be00000, 0x000000008be00000| Untracked 
| 191|0x000000008bf00000, 0x000000008bf00000, 0x000000008c000000|  0%| F|  |TAMS 0x000000008bf00000, 0x000000008bf00000| Untracked 
| 192|0x000000008c000000, 0x000000008c000000, 0x000000008c100000|  0%| F|  |TAMS 0x000000008c000000, 0x000000008c000000| Untracked 
| 193|0x000000008c100000, 0x000000008c100000, 0x000000008c200000|  0%| F|  |TAMS 0x000000008c100000, 0x000000008c100000| Untracked 
| 194|0x000000008c200000, 0x000000008c200000, 0x000000008c300000|  0%| F|  |TAMS 0x000000008c200000, 0x000000008c200000| Untracked 
| 195|0x000000008c300000, 0x000000008c300000, 0x000000008c400000|  0%| F|  |TAMS 0x000000008c300000, 0x000000008c300000| Untracked 
| 196|0x000000008c400000, 0x000000008c400000, 0x000000008c500000|  0%| F|  |TAMS 0x000000008c400000, 0x000000008c400000| Untracked 
| 197|0x000000008c500000, 0x000000008c500000, 0x000000008c600000|  0%| F|  |TAMS 0x000000008c500000, 0x000000008c500000| Untracked 
| 198|0x000000008c600000, 0x000000008c600000, 0x000000008c700000|  0%| F|  |TAMS 0x000000008c600000, 0x000000008c600000| Untracked 
| 199|0x000000008c700000, 0x000000008c700000, 0x000000008c800000|  0%| F|  |TAMS 0x000000008c700000, 0x000000008c700000| Untracked 
| 200|0x000000008c800000, 0x000000008c854aa0, 0x000000008c900000| 33%| S|CS|TAMS 0x000000008c800000, 0x000000008c800000| Complete 
| 201|0x000000008c900000, 0x000000008ca00000, 0x000000008ca00000|100%| S|CS|TAMS 0x000000008c900000, 0x000000008c900000| Complete 
| 202|0x000000008ca00000, 0x000000008ca00000, 0x000000008cb00000|  0%| F|  |TAMS 0x000000008ca00000, 0x000000008ca00000| Untracked 
| 203|0x000000008cb00000, 0x000000008cb00000, 0x000000008cc00000|  0%| F|  |TAMS 0x000000008cb00000, 0x000000008cb00000| Untracked 

Card table byte_map: [0x000001cbb5ee0000,0x000001cbb62e0000] _byte_map_base: 0x000001cbb5ae0000

Marking Bits (Prev, Next): (CMBitMap*) 0x000001cba18070a0, (CMBitMap*) 0x000001cba1807060
 Prev Bits: [0x000001cbb86e0000, 0x000001cbba6e0000)
 Next Bits: [0x000001cbb66e0000, 0x000001cbb86e0000)

Polling page: 0x000001cba15a0000

Metaspace:

Usage:
  Non-class:     92.83 MB used.
      Class:     13.66 MB used.
       Both:    106.50 MB used.

Virtual space:
  Non-class space:       96.00 MB reserved,      93.19 MB ( 97%) committed,  12 nodes.
      Class space:        1.00 GB reserved,      13.94 MB (  1%) committed,  1 nodes.
             Both:        1.09 GB reserved,     107.12 MB ( 10%) committed. 

Chunk freelists:
   Non-Class:  2.72 MB
       Class:  2.03 MB
        Both:  4.75 MB

MaxMetaspaceSize: unlimited
CompressedClassSpaceSize: 1.00 GB
Initial GC threshold: 21.00 MB
Current GC threshold: 178.12 MB
CDS: off
MetaspaceReclaimPolicy: balanced
 - commit_granule_bytes: 65536.
 - commit_granule_words: 8192.
 - virtual_space_node_default_size: 1048576.
 - enlarge_chunks_in_place: 1.
 - new_chunks_are_fully_committed: 0.
 - uncommit_free_chunks: 1.
 - use_allocation_guard: 0.
 - handle_deallocations: 1.


Internal statistics:

num_allocs_failed_limit: 3.
num_arena_births: 714.
num_arena_deaths: 0.
num_vsnodes_births: 13.
num_vsnodes_deaths: 0.
num_space_committed: 1712.
num_space_uncommitted: 0.
num_chunks_returned_to_freelist: 3.
num_chunks_taken_from_freelist: 4239.
num_chunk_merges: 0.
num_chunk_splits: 3308.
num_chunks_enlarged: 2747.
num_purges: 0.
num_inconsistent_stats: 0.

CodeHeap 'non-profiled nmethods': size=120000Kb used=3587Kb max_used=3587Kb free=116412Kb
 bounds [0x000001cbadf80000, 0x000001cbae310000, 0x000001cbb54b0000]
CodeHeap 'profiled nmethods': size=120000Kb used=15325Kb max_used=15325Kb free=104674Kb
 bounds [0x000001cba64b0000, 0x000001cba73b0000, 0x000001cbad9e0000]
CodeHeap 'non-nmethods': size=5760Kb used=2470Kb max_used=2512Kb free=3289Kb
 bounds [0x000001cbad9e0000, 0x000001cbadc60000, 0x000001cbadf80000]
 total_blobs=8522 nmethods=7497 adapters=936
 compilation: enabled
              stopped_count=0, restarted_count=0
 full_count=0

Compilation events (20 events):
Event: 19.196 Thread 0x000001cbbd817510 nmethod 8508 0x000001cba73a4490 code [0x000001cba73a4680, 0x000001cba73a49d8]
Event: 19.196 Thread 0x000001cbbd817510 8509       2       org.jetbrains.kotlin.load.java.structure.impl.classFiles.BinaryJavaClass::getAnnotationsByFqName (15 bytes)
Event: 19.196 Thread 0x000001cbbd817510 nmethod 8509 0x000001cba73a4c90 code [0x000001cba73a4e40, 0x000001cba73a4fc8]
Event: 19.196 Thread 0x000001cbbd817510 8511       1       org.jetbrains.kotlin.load.java.lazy.descriptors.LazyJavaScope::getMainScope (5 bytes)
Event: 19.196 Thread 0x000001cbbd817510 nmethod 8511 0x000001cbae300290 code [0x000001cbae300420, 0x000001cbae3004f8]
Event: 19.196 Thread 0x000001cbbd817510 8510       1       kotlin.collections.EmptySet::isEmpty (2 bytes)
Event: 19.196 Thread 0x000001cbbd817510 nmethod 8510 0x000001cbae300590 code [0x000001cbae300720, 0x000001cbae3007f8]
Event: 19.197 Thread 0x000001cbbd817510 8512       2       org.jetbrains.kotlin.load.java.structure.impl.classFiles.BinaryJavaValueParameter::updateName$resolution_common_jvm (78 bytes)
Event: 19.198 Thread 0x000001cbbd817510 nmethod 8512 0x000001cba73a5090 code [0x000001cba73a5260, 0x000001cba73a5578]
Event: 19.198 Thread 0x000001cbbd817510 8513       2       javaslang.collection.HashMap::empty (4 bytes)
Event: 19.198 Thread 0x000001cbbd817510 nmethod 8513 0x000001cba73a5790 code [0x000001cba73a5920, 0x000001cba73a5a18]
Event: 19.198 Thread 0x000001cbbd817510 8514       2       org.jetbrains.kotlin.builtins.jvm.JavaToKotlinClassMapper::mapJavaToKotlin$default (17 bytes)
Event: 19.198 Thread 0x000001cbbd817510 nmethod 8514 0x000001cba73a5a90 code [0x000001cba73a5c20, 0x000001cba73a5d48]
Event: 19.199 Thread 0x000001cbbd817510 8515       2       org.jetbrains.kotlin.builtins.jvm.JavaToKotlinClassMapper::mapJavaToKotlin (68 bytes)
Event: 19.200 Thread 0x000001cbbd817510 nmethod 8515 0x000001cba73a5e10 code [0x000001cba73a6160, 0x000001cba73a6cd8]
Event: 19.201 Thread 0x000001cbbd817510 8516       1       org.jetbrains.kotlin.utils.SmartList::access$300 (5 bytes)
Event: 19.201 Thread 0x000001cbbd817510 nmethod 8516 0x000001cbae300890 code [0x000001cbae300a20, 0x000001cbae300ad8]
Event: 19.201 Thread 0x000001cbbd817510 8517       1       org.jetbrains.kotlin.utils.SmartList::access$200 (5 bytes)
Event: 19.201 Thread 0x000001cbbd817510 nmethod 8517 0x000001cbae300b90 code [0x000001cbae300d20, 0x000001cbae300dd8]
Event: 19.201 Thread 0x000001cbbd817510 8518 %     3       org.jetbrains.kotlin.load.java.lazy.descriptors.JvmPackageScope::getContributedClassifier @ 58 (142 bytes)

GC Heap History (20 events):
Event: 11.215 GC heap after
{Heap after GC invocations=37 (full 0):
 garbage-first heap   total 152576K, used 89595K [0x0000000080000000, 0x0000000100000000)
  region size 1024K, 3 young (3072K), 3 survivors (3072K)
 Metaspace       used 72337K, committed 72960K, reserved 1114112K
  class space    used 9877K, committed 10176K, reserved 1048576K
}
Event: 11.775 GC heap before
{Heap before GC invocations=38 (full 0):
 garbage-first heap   total 173056K, used 129531K [0x0000000080000000, 0x0000000100000000)
  region size 1024K, 36 young (36864K), 3 survivors (3072K)
 Metaspace       used 76527K, committed 77184K, reserved 1122304K
  class space    used 10278K, committed 10560K, reserved 1048576K
}
Event: 11.783 GC heap after
{Heap after GC invocations=39 (full 0):
 garbage-first heap   total 173056K, used 98405K [0x0000000080000000, 0x0000000100000000)
  region size 1024K, 5 young (5120K), 5 survivors (5120K)
 Metaspace       used 76527K, committed 77184K, reserved 1122304K
  class space    used 10278K, committed 10560K, reserved 1048576K
}
Event: 12.532 GC heap before
{Heap before GC invocations=39 (full 0):
 garbage-first heap   total 173056K, used 138341K [0x0000000080000000, 0x0000000100000000)
  region size 1024K, 44 young (45056K), 5 survivors (5120K)
 Metaspace       used 81913K, committed 82560K, reserved 1122304K
  class space    used 10863K, committed 11136K, reserved 1048576K
}
Event: 12.544 GC heap after
{Heap after GC invocations=40 (full 0):
 garbage-first heap   total 207872K, used 101653K [0x0000000080000000, 0x0000000100000000)
  region size 1024K, 6 young (6144K), 6 survivors (6144K)
 Metaspace       used 81913K, committed 82560K, reserved 1122304K
  class space    used 10863K, committed 11136K, reserved 1048576K
}
Event: 13.516 GC heap before
{Heap before GC invocations=41 (full 0):
 garbage-first heap   total 207872K, used 162069K [0x0000000080000000, 0x0000000100000000)
  region size 1024K, 64 young (65536K), 6 survivors (6144K)
 Metaspace       used 87010K, committed 87616K, reserved 1130496K
  class space    used 11514K, committed 11776K, reserved 1048576K
}
Event: 13.535 GC heap after
{Heap after GC invocations=42 (full 0):
 garbage-first heap   total 207872K, used 104983K [0x0000000080000000, 0x0000000100000000)
  region size 1024K, 6 young (6144K), 6 survivors (6144K)
 Metaspace       used 87010K, committed 87616K, reserved 1130496K
  class space    used 11514K, committed 11776K, reserved 1048576K
}
Event: 13.611 GC heap before
{Heap before GC invocations=42 (full 0):
 garbage-first heap   total 207872K, used 109079K [0x0000000080000000, 0x0000000100000000)
  region size 1024K, 10 young (10240K), 6 survivors (6144K)
 Metaspace       used 87368K, committed 88000K, reserved 1130496K
  class space    used 11561K, committed 11840K, reserved 1048576K
}
Event: 13.619 GC heap after
{Heap after GC invocations=43 (full 0):
 garbage-first heap   total 207872K, used 105467K [0x0000000080000000, 0x0000000100000000)
  region size 1024K, 1 young (1024K), 1 survivors (1024K)
 Metaspace       used 87368K, committed 88000K, reserved 1130496K
  class space    used 11561K, committed 11840K, reserved 1048576K
}
Event: 14.995 GC heap before
{Heap before GC invocations=43 (full 0):
 garbage-first heap   total 207872K, used 168955K [0x0000000080000000, 0x0000000100000000)
  region size 1024K, 63 young (64512K), 1 survivors (1024K)
 Metaspace       used 92381K, committed 93056K, reserved 1130496K
  class space    used 12111K, committed 12416K, reserved 1048576K
}
Event: 15.004 GC heap after
{Heap after GC invocations=44 (full 0):
 garbage-first heap   total 207872K, used 108978K [0x0000000080000000, 0x0000000100000000)
  region size 1024K, 5 young (5120K), 5 survivors (5120K)
 Metaspace       used 92381K, committed 93056K, reserved 1130496K
  class space    used 12111K, committed 12416K, reserved 1048576K
}
Event: 16.814 GC heap before
{Heap before GC invocations=45 (full 0):
 garbage-first heap   total 207872K, used 169394K [0x0000000080000000, 0x0000000100000000)
  region size 1024K, 64 young (65536K), 5 survivors (5120K)
 Metaspace       used 99995K, committed 100672K, reserved 1138688K
  class space    used 12976K, committed 13248K, reserved 1048576K
}
Event: 16.825 GC heap after
{Heap after GC invocations=46 (full 0):
 garbage-first heap   total 207872K, used 112949K [0x0000000080000000, 0x0000000100000000)
  region size 1024K, 4 young (4096K), 4 survivors (4096K)
 Metaspace       used 99995K, committed 100672K, reserved 1138688K
  class space    used 12976K, committed 13248K, reserved 1048576K
}
Event: 16.977 GC heap before
{Heap before GC invocations=46 (full 0):
 garbage-first heap   total 207872K, used 118069K [0x0000000080000000, 0x0000000100000000)
  region size 1024K, 10 young (10240K), 4 survivors (4096K)
 Metaspace       used 101265K, committed 101888K, reserved 1138688K
  class space    used 13126K, committed 13376K, reserved 1048576K
}
Event: 16.983 GC heap after
{Heap after GC invocations=47 (full 0):
 garbage-first heap   total 207872K, used 113139K [0x0000000080000000, 0x0000000100000000)
  region size 1024K, 1 young (1024K), 1 survivors (1024K)
 Metaspace       used 101265K, committed 101888K, reserved 1138688K
  class space    used 13126K, committed 13376K, reserved 1048576K
}
Event: 18.612 GC heap before
{Heap before GC invocations=47 (full 0):
 garbage-first heap   total 207872K, used 171507K [0x0000000080000000, 0x0000000100000000)
  region size 1024K, 58 young (59392K), 1 survivors (1024K)
 Metaspace       used 108747K, committed 109376K, reserved 1146880K
  class space    used 13987K, committed 14272K, reserved 1048576K
}
Event: 18.622 GC heap after
{Heap after GC invocations=48 (full 0):
 garbage-first heap   total 207872K, used 116493K [0x0000000080000000, 0x0000000100000000)
  region size 1024K, 4 young (4096K), 4 survivors (4096K)
 Metaspace       used 108747K, committed 109376K, reserved 1146880K
  class space    used 13987K, committed 14272K, reserved 1048576K
}
Event: 19.150 GC heap before
{Heap before GC invocations=49 (full 0):
 garbage-first heap   total 208896K, used 173837K [0x0000000080000000, 0x0000000100000000)
  region size 1024K, 59 young (60416K), 4 survivors (4096K)
 Metaspace       used 109014K, committed 109632K, reserved 1146880K
  class space    used 13987K, committed 14272K, reserved 1048576K
}
Event: 19.161 GC heap after
{Heap after GC invocations=50 (full 0):
 garbage-first heap   total 208896K, used 120982K [0x0000000080000000, 0x0000000100000000)
  region size 1024K, 8 young (8192K), 8 survivors (8192K)
 Metaspace       used 109014K, committed 109632K, reserved 1146880K
  class space    used 13987K, committed 14272K, reserved 1048576K
}
Event: 19.202 GC heap before
{Heap before GC invocations=50 (full 0):
 garbage-first heap   total 208896K, used 123030K [0x0000000080000000, 0x0000000100000000)
  region size 1024K, 10 young (10240K), 8 survivors (8192K)
 Metaspace       used 109052K, committed 109696K, reserved 1146880K
  class space    used 13990K, committed 14272K, reserved 1048576K
}

Dll operation events (2 events):
Event: 0.034 Loaded shared library C:\Program Files\Android\Android Studio\jbr\bin\java.dll
Event: 0.585 Loaded shared library C:\Program Files\Android\Android Studio\jbr\bin\verify.dll

Deoptimization events (20 events):
Event: 18.575 Thread 0x000001cbbf0c5770 DEOPT PACKING pc=0x000001cba66bee21 sp=0x0000002768bf4a90
Event: 18.575 Thread 0x000001cbbf0c5770 DEOPT UNPACKING pc=0x000001cbada37143 sp=0x0000002768bf3f98 mode 0
Event: 18.577 Thread 0x000001cbbf0c5770 DEOPT PACKING pc=0x000001cba6edbb85 sp=0x0000002768bf4580
Event: 18.577 Thread 0x000001cbbf0c5770 DEOPT UNPACKING pc=0x000001cbada37143 sp=0x0000002768bf3a10 mode 0
Event: 18.756 Thread 0x000001cbbf0c5770 Uncommon trap: trap_request=0xffffffdc fr.pc=0x000001cbae2d49b8 relative=0x0000000000000218
Event: 18.756 Thread 0x000001cbbf0c5770 Uncommon trap: reason=class_check action=make_not_entrant pc=0x000001cbae2d49b8 method=java.util.ArrayList.toArray([Ljava/lang/Object;)[Ljava/lang/Object; @ 21 c2
Event: 18.756 Thread 0x000001cbbf0c5770 DEOPT PACKING pc=0x000001cbae2d49b8 sp=0x0000002768bf37a0
Event: 18.756 Thread 0x000001cbbf0c5770 DEOPT UNPACKING pc=0x000001cbada369a3 sp=0x0000002768bf3750 mode 2
Event: 18.793 Thread 0x000001cbbf0c5770 DEOPT PACKING pc=0x000001cba653809b sp=0x0000002768bf3df0
Event: 18.793 Thread 0x000001cbbf0c5770 DEOPT UNPACKING pc=0x000001cbada37143 sp=0x0000002768bf3260 mode 0
Event: 18.798 Thread 0x000001cbbf0c5770 DEOPT PACKING pc=0x000001cba653809b sp=0x0000002768bf3df0
Event: 18.798 Thread 0x000001cbbf0c5770 DEOPT UNPACKING pc=0x000001cbada37143 sp=0x0000002768bf3260 mode 0
Event: 18.886 Thread 0x000001cbbf0c5770 DEOPT PACKING pc=0x000001cba6b58b59 sp=0x0000002768bf4650
Event: 18.886 Thread 0x000001cbbf0c5770 DEOPT UNPACKING pc=0x000001cbada37143 sp=0x0000002768bf3b40 mode 0
Event: 19.031 Thread 0x000001cbbf0c5770 DEOPT PACKING pc=0x000001cba6530909 sp=0x0000002768bf4400
Event: 19.031 Thread 0x000001cbbf0c5770 DEOPT UNPACKING pc=0x000001cbada37143 sp=0x0000002768bf38a0 mode 0
Event: 19.176 Thread 0x000001cbbf0c5770 Uncommon trap: trap_request=0xffffffcc fr.pc=0x000001cbae2f7edc relative=0x000000000000033c
Event: 19.176 Thread 0x000001cbbf0c5770 Uncommon trap: reason=intrinsic_or_type_checked_inlining action=make_not_entrant pc=0x000001cbae2f7edc method=java.util.ArrayList.toArray([Ljava/lang/Object;)[Ljava/lang/Object; @ 36 c2
Event: 19.176 Thread 0x000001cbbf0c5770 DEOPT PACKING pc=0x000001cbae2f7edc sp=0x0000002768bf4260
Event: 19.176 Thread 0x000001cbbf0c5770 DEOPT UNPACKING pc=0x000001cbada369a3 sp=0x0000002768bf4240 mode 2

Classes unloaded (0 events):
No events

Classes redefined (0 events):
No events

Internal exceptions (20 events):
Event: 8.367 Thread 0x000001cbbf0c5770 Exception <a 'java/lang/NoSuchMethodError'{0x0000000088081898}: 'int java.lang.invoke.Invokers$Holder.invoke_MT(java.lang.Object, java.lang.Object, java.lang.Object, java.lang.Object)'> (0x0000000088081898) 
thrown [s\src\hotspot\share\interpreter\linkResolver.cpp, line 771]
Event: 8.369 Thread 0x000001cbbf0c5770 Exception <a 'java/lang/NoSuchMethodError'{0x0000000088093650}: 'int java.lang.invoke.DelegatingMethodHandle$Holder.reinvoke_L(java.lang.Object, java.lang.Object, java.lang.Object, long, int)'> (0x0000000088093650) 
thrown [s\src\hotspot\share\interpreter\linkResolver.cpp, line 771]
Event: 8.371 Thread 0x000001cbbf0c5770 Exception <a 'java/lang/NoSuchMethodError'{0x00000000880a6a50}: 'java.lang.Object java.lang.invoke.Invokers$Holder.invokeExact_MT(java.lang.Object, java.lang.Object, long, java.lang.Object)'> (0x00000000880a6a50) 
thrown [s\src\hotspot\share\interpreter\linkResolver.cpp, line 771]
Event: 9.455 Thread 0x000001cbbf0c5770 Exception <a 'java/lang/NoSuchMethodError'{0x00000000866a4cb0}: 'long java.lang.invoke.DirectMethodHandle$Holder.invokeStatic(java.lang.Object)'> (0x00000000866a4cb0) 
thrown [s\src\hotspot\share\interpreter\linkResolver.cpp, line 771]
Event: 9.455 Thread 0x000001cbbf0c5770 Exception <a 'java/lang/NoSuchMethodError'{0x00000000866a9898}: 'long java.lang.invoke.DirectMethodHandle$Holder.invokeStaticInit(java.lang.Object)'> (0x00000000866a9898) 
thrown [s\src\hotspot\share\interpreter\linkResolver.cpp, line 771]
Event: 9.622 Thread 0x000001cbbf0c5770 Implicit null exception at 0x000001cbae105c0c to 0x000001cbae105d42
Event: 9.985 Thread 0x000001cbbf0c5770 Exception <a 'java/lang/NoSuchMethodError'{0x0000000086fbb150}: 'void java.lang.invoke.DirectMethodHandle$Holder.invokeVirtual(java.lang.Object, java.lang.Object)'> (0x0000000086fbb150) 
thrown [s\src\hotspot\share\interpreter\linkResolver.cpp, line 771]
Event: 10.225 Thread 0x000001cbbf0c5770 Exception <a 'java/lang/NoSuchMethodError'{0x0000000086003978}: 'java.lang.Object java.lang.invoke.Invokers$Holder.invoke_MT(java.lang.Object, java.lang.Object, java.lang.Object)'> (0x0000000086003978) 
thrown [s\src\hotspot\share\interpreter\linkResolver.cpp, line 771]
Event: 10.591 Thread 0x000001cbbf0c5770 Implicit null exception at 0x000001cbae203bc5 to 0x000001cbae205ae8
Event: 13.053 Thread 0x000001cbbf0c5770 Exception <a 'java/lang/NoSuchMethodError'{0x000000008b9eb3c0}: 'java.lang.Object java.lang.invoke.DirectMethodHandle$Holder.invokeStatic(java.lang.Object, java.lang.Object, java.lang.Object, java.lang.Object, int)'> (0x000000008b9eb3c0) 
thrown [s\src\hotspot\share\interpreter\linkResolver.cpp, line 771]
Event: 13.054 Thread 0x000001cbbf0c5770 Exception <a 'java/lang/NoSuchMethodError'{0x000000008b9f64f0}: 'java.lang.Object java.lang.invoke.DirectMethodHandle$Holder.newInvokeSpecial(java.lang.Object, java.lang.Object, java.lang.Object, java.lang.Object, int)'> (0x000000008b9f64f0) 
thrown [s\src\hotspot\share\interpreter\linkResolver.cpp, line 771]
Event: 13.055 Thread 0x000001cbbf0c5770 Exception <a 'java/lang/NoSuchMethodError'{0x000000008b9fc560}: 'java.lang.Object java.lang.invoke.DirectMethodHandle$Holder.invokeSpecial(java.lang.Object, java.lang.Object, java.lang.Object, java.lang.Object, java.lang.Object, int)'> (0x000000008b9fc560) 
thrown [s\src\hotspot\share\interpreter\linkResolver.cpp, line 771]
Event: 13.055 Thread 0x000001cbbf0c5770 Exception <a 'java/lang/NoSuchMethodError'{0x000000008b8024a0}: 'java.lang.Object java.lang.invoke.Invokers$Holder.linkToTargetMethod(java.lang.Object, java.lang.Object, java.lang.Object, int, java.lang.Object)'> (0x000000008b8024a0) 
thrown [s\src\hotspot\share\interpreter\linkResolver.cpp, line 771]
Event: 14.715 Thread 0x000001cbbf0c5770 Implicit null exception at 0x000001cbadfe5609 to 0x000001cbadfe56f0
Event: 15.384 Thread 0x000001cbbf0c5770 Exception <a 'java/lang/NoSuchMethodError'{0x000000008b234390}: 'java.lang.Object java.lang.invoke.DirectMethodHandle$Holder.newInvokeSpecial(java.lang.Object, java.lang.Object, java.lang.Object, int, int, java.lang.Object, java.lang.Object)'> (0x000000008b234390) 
thrown [s\src\hotspot\share\interpreter\linkResolver.cpp, line 771]
Event: 17.908 Thread 0x000001cbbedb75d0 Exception <a 'sun/nio/fs/WindowsException'{0x000000008a5509e8}> (0x000000008a5509e8) 
thrown [s\src\hotspot\share\prims\jni.cpp, line 517]
Event: 17.977 Thread 0x000001cbbedb75d0 Exception <a 'sun/nio/fs/WindowsException'{0x000000008a4ef920}> (0x000000008a4ef920) 
thrown [s\src\hotspot\share\prims\jni.cpp, line 517]
Event: 17.978 Thread 0x000001cbbedb75d0 Exception <a 'sun/nio/fs/WindowsException'{0x000000008a4efb20}> (0x000000008a4efb20) 
thrown [s\src\hotspot\share\prims\jni.cpp, line 517]
Event: 18.212 Thread 0x000001cbbf0c5770 Exception <a 'java/lang/NoSuchMethodError'{0x000000008a0c7378}: 'void java.lang.invoke.DirectMethodHandle$Holder.invokeInterface(java.lang.Object, java.lang.Object)'> (0x000000008a0c7378) 
thrown [s\src\hotspot\share\interpreter\linkResolver.cpp, line 771]
Event: 18.215 Thread 0x000001cbbf0c5770 Exception <a 'java/lang/IncompatibleClassChangeError'{0x000000008a0d2910}: Found class java.lang.Object, but interface was expected> (0x000000008a0d2910) 
thrown [s\src\hotspot\share\interpreter\linkResolver.cpp, line 838]

VM Operations (20 events):
Event: 17.909 Executing VM operation: HandshakeAllThreads done
Event: 17.909 Executing VM operation: HandshakeAllThreads
Event: 17.909 Executing VM operation: HandshakeAllThreads done
Event: 17.935 Executing VM operation: HandshakeAllThreads
Event: 17.935 Executing VM operation: HandshakeAllThreads done
Event: 17.940 Executing VM operation: HandshakeAllThreads
Event: 17.940 Executing VM operation: HandshakeAllThreads done
Event: 18.330 Executing VM operation: ICBufferFull
Event: 18.330 Executing VM operation: ICBufferFull done
Event: 18.612 Executing VM operation: G1CollectForAllocation
Event: 18.623 Executing VM operation: G1CollectForAllocation done
Event: 18.817 Executing VM operation: G1Concurrent
Event: 18.824 Executing VM operation: G1Concurrent done
Event: 18.890 Executing VM operation: G1Concurrent
Event: 18.891 Executing VM operation: G1Concurrent done
Event: 19.150 Executing VM operation: G1CollectForAllocation
Event: 19.161 Executing VM operation: G1CollectForAllocation done
Event: 19.190 Executing VM operation: HandshakeAllThreads
Event: 19.190 Executing VM operation: HandshakeAllThreads done
Event: 19.202 Executing VM operation: G1CollectForAllocation

Events (20 events):
Event: 17.910 Thread 0x000001cbbccf9430 flushing nmethod 0x000001cbae058b10
Event: 17.910 Thread 0x000001cbbccf9430 flushing nmethod 0x000001cbae0fc990
Event: 17.910 Thread 0x000001cbbccf9430 flushing nmethod 0x000001cbae13ae90
Event: 17.910 Thread 0x000001cbbccf9430 flushing nmethod 0x000001cbae13c590
Event: 17.911 Thread 0x000001cbbccf9430 flushing nmethod 0x000001cbae15b090
Event: 17.911 Thread 0x000001cbbccf9430 flushing nmethod 0x000001cbae19e390
Event: 17.911 Thread 0x000001cbbccf9430 flushing nmethod 0x000001cbae1b1810
Event: 17.911 Thread 0x000001cbbccf9430 flushing nmethod 0x000001cbae1bb190
Event: 17.913 Thread 0x000001cbbccf9430 flushing nmethod 0x000001cba671a610
Event: 17.923 loading class java/util/zip/Deflater
Event: 17.924 loading class java/util/zip/Deflater done
Event: 17.926 loading class java/util/zip/Deflater$DeflaterZStreamRef
Event: 17.926 loading class java/util/zip/Deflater$DeflaterZStreamRef done
Event: 17.939 loading class java/nio/StringCharBuffer
Event: 17.939 loading class java/nio/StringCharBuffer done
Event: 17.976 loading class java/nio/file/StandardCopyOption
Event: 17.976 loading class java/nio/file/StandardCopyOption done
Event: 17.976 loading class sun/nio/fs/WindowsFileCopy
Event: 17.977 loading class sun/nio/fs/WindowsFileCopy done
Event: 18.058 Thread 0x000001cbc0167c90 Thread added: 0x000001cbc0167c90


Dynamic libraries:
0x00007ff6ec030000 - 0x00007ff6ec03a000 	C:\Program Files\Android\Android Studio\jbr\bin\java.exe
0x00007fffeddb0000 - 0x00007fffedfa8000 	C:\WINDOWS\SYSTEM32\ntdll.dll
0x00007fffec680000 - 0x00007fffec73d000 	C:\WINDOWS\System32\KERNEL32.DLL
0x00007fffeb890000 - 0x00007fffebb86000 	C:\WINDOWS\System32\KERNELBASE.dll
0x00007fffeb490000 - 0x00007fffeb590000 	C:\WINDOWS\System32\ucrtbase.dll
0x00007fffb3530000 - 0x00007fffb3547000 	C:\Program Files\Android\Android Studio\jbr\bin\jli.dll
0x00007fffdc1d0000 - 0x00007fffdc1eb000 	C:\Program Files\Android\Android Studio\jbr\bin\VCRUNTIME140.dll
0x00007fffed700000 - 0x00007fffed89e000 	C:\WINDOWS\System32\USER32.dll
0x00007fffebb90000 - 0x00007fffebbb2000 	C:\WINDOWS\System32\win32u.dll
0x00007fffedc10000 - 0x00007fffedc3c000 	C:\WINDOWS\System32\GDI32.dll
0x00007fffebbc0000 - 0x00007fffebcda000 	C:\WINDOWS\System32\gdi32full.dll
0x00007fffeb7f0000 - 0x00007fffeb88d000 	C:\WINDOWS\System32\msvcp_win.dll
0x00007fffd33d0000 - 0x00007fffd366a000 	C:\WINDOWS\WinSxS\amd64_microsoft.windows.common-controls_6595b64144ccf1df_6.0.19041.3636_none_60b6a03d71f818d5\COMCTL32.dll
0x00007fffec420000 - 0x00007fffec4be000 	C:\WINDOWS\System32\msvcrt.dll
0x00007fffebf60000 - 0x00007fffebf90000 	C:\WINDOWS\System32\IMM32.DLL
0x00007fffc8b70000 - 0x00007fffc8b7c000 	C:\Program Files\Android\Android Studio\jbr\bin\vcruntime140_1.dll
0x00007fffc0780000 - 0x00007fffc080d000 	C:\Program Files\Android\Android Studio\jbr\bin\msvcp140.dll
0x00007fff9e1a0000 - 0x00007fff9ee0e000 	C:\Program Files\Android\Android Studio\jbr\bin\server\jvm.dll
0x00007fffed650000 - 0x00007fffed6ff000 	C:\WINDOWS\System32\ADVAPI32.dll
0x00007fffed9e0000 - 0x00007fffeda7c000 	C:\WINDOWS\System32\sechost.dll
0x00007fffebe10000 - 0x00007fffebf36000 	C:\WINDOWS\System32\RPCRT4.dll
0x00007fffe3060000 - 0x00007fffe306a000 	C:\WINDOWS\SYSTEM32\VERSION.dll
0x00007fffe8bb0000 - 0x00007fffe8bb9000 	C:\WINDOWS\SYSTEM32\WSOCK32.dll
0x00007fffe23a0000 - 0x00007fffe23c7000 	C:\WINDOWS\SYSTEM32\WINMM.dll
0x00007fffed8a0000 - 0x00007fffed90b000 	C:\WINDOWS\System32\ws2_32.DLL
0x00007fffe9240000 - 0x00007fffe9252000 	C:\WINDOWS\SYSTEM32\kernel.appcore.dll
0x00007fffc8b60000 - 0x00007fffc8b6a000 	C:\Program Files\Android\Android Studio\jbr\bin\jimage.dll
0x00007fffd6960000 - 0x00007fffd6b44000 	C:\WINDOWS\SYSTEM32\DBGHELP.DLL
0x00007fffd0b10000 - 0x00007fffd0b44000 	C:\WINDOWS\SYSTEM32\dbgcore.DLL
0x00007fffebd80000 - 0x00007fffebe02000 	C:\WINDOWS\System32\bcryptPrimitives.dll
0x00007fffbeb90000 - 0x00007fffbebb5000 	C:\Program Files\Android\Android Studio\jbr\bin\java.dll
0x00007fffb35d0000 - 0x00007fffb35e8000 	C:\Program Files\Android\Android Studio\jbr\bin\zip.dll
0x00007fffecf00000 - 0x00007fffed644000 	C:\WINDOWS\System32\SHELL32.dll
0x00007fffe9550000 - 0x00007fffe9ceb000 	C:\WINDOWS\SYSTEM32\windows.storage.dll
0x00007fffebf90000 - 0x00007fffec2e4000 	C:\WINDOWS\System32\combase.dll
0x00007fffeae00000 - 0x00007fffeae2d000 	C:\WINDOWS\SYSTEM32\Wldp.dll
0x00007fffedb60000 - 0x00007fffedc0d000 	C:\WINDOWS\System32\SHCORE.dll
0x00007fffecea0000 - 0x00007fffecef5000 	C:\WINDOWS\System32\shlwapi.dll
0x00007fffeb3c0000 - 0x00007fffeb3e5000 	C:\WINDOWS\SYSTEM32\profapi.dll
0x00007fffb35b0000 - 0x00007fffb35c9000 	C:\Program Files\Android\Android Studio\jbr\bin\net.dll
0x00007fffe0520000 - 0x00007fffe062a000 	C:\WINDOWS\SYSTEM32\WINHTTP.dll
0x00007fffeab60000 - 0x00007fffeabca000 	C:\WINDOWS\system32\mswsock.dll
0x00007fffb3590000 - 0x00007fffb35a6000 	C:\Program Files\Android\Android Studio\jbr\bin\nio.dll
0x00007fffc8b50000 - 0x00007fffc8b60000 	C:\Program Files\Android\Android Studio\jbr\bin\verify.dll
0x00007fffd2b70000 - 0x00007fffd2b97000 	C:\Users\HP\.gradle\native\68d5fa5c4cc2d200863cafc0d521ce42e7d3e7ee720ec0a83991735586a16f82\windows-amd64\native-platform.dll
0x00007fffa8ed0000 - 0x00007fffa9014000 	C:\Users\HP\.gradle\native\e376f236ea51e6404a007f0833ffe2c6e607c4080706a723a18a27aeea778392\windows-amd64\native-platform-file-events.dll
0x00007fffc8490000 - 0x00007fffc8499000 	C:\Program Files\Android\Android Studio\jbr\bin\management.dll
0x00007fffc3560000 - 0x00007fffc356b000 	C:\Program Files\Android\Android Studio\jbr\bin\management_ext.dll
0x00007fffebf40000 - 0x00007fffebf48000 	C:\WINDOWS\System32\PSAPI.DLL
0x00007fffead50000 - 0x00007fffead68000 	C:\WINDOWS\SYSTEM32\CRYPTSP.dll
0x00007fffea490000 - 0x00007fffea4c4000 	C:\WINDOWS\system32\rsaenh.dll
0x00007fffebd50000 - 0x00007fffebd77000 	C:\WINDOWS\System32\bcrypt.dll
0x00007fffeb380000 - 0x00007fffeb3ae000 	C:\WINDOWS\SYSTEM32\USERENV.dll
0x00007fffead70000 - 0x00007fffead7c000 	C:\WINDOWS\SYSTEM32\CRYPTBASE.dll
0x00007fffea850000 - 0x00007fffea88b000 	C:\WINDOWS\SYSTEM32\IPHLPAPI.DLL
0x00007fffebf50000 - 0x00007fffebf58000 	C:\WINDOWS\System32\NSI.dll
0x00007fffe07b0000 - 0x00007fffe07c7000 	C:\WINDOWS\SYSTEM32\dhcpcsvc6.DLL
0x00007fffe2c90000 - 0x00007fffe2cad000 	C:\WINDOWS\SYSTEM32\dhcpcsvc.DLL
0x00007fffea890000 - 0x00007fffea95a000 	C:\WINDOWS\SYSTEM32\DNSAPI.dll
0x00007fffc3630000 - 0x00007fffc3637000 	C:\WINDOWS\system32\wshunix.dll

dbghelp: loaded successfully - version: 4.0.5 - missing functions: none
symbol engine: initialized successfully - sym options: 0x614 - pdb path: .;C:\Program Files\Android\Android Studio\jbr\bin;C:\WINDOWS\SYSTEM32;C:\WINDOWS\WinSxS\amd64_microsoft.windows.common-controls_6595b64144ccf1df_6.0.19041.3636_none_60b6a03d71f818d5;C:\Program Files\Android\Android Studio\jbr\bin\server;C:\Users\HP\.gradle\native\68d5fa5c4cc2d200863cafc0d521ce42e7d3e7ee720ec0a83991735586a16f82\windows-amd64;C:\Users\HP\.gradle\native\e376f236ea51e6404a007f0833ffe2c6e607c4080706a723a18a27aeea778392\windows-amd64

VM Arguments:
jvm_args: --add-opens=java.base/java.util=ALL-UNNAMED --add-opens=java.base/java.lang=ALL-UNNAMED --add-opens=java.base/java.lang.invoke=ALL-UNNAMED --add-opens=java.prefs/java.util.prefs=ALL-UNNAMED --add-opens=java.base/java.nio.charset=ALL-UNNAMED --add-opens=java.base/java.net=ALL-UNNAMED --add-opens=java.base/java.util.concurrent.atomic=ALL-UNNAMED -Xmx2048m -Dfile.encoding=UTF-8 -Duser.country=US -Duser.language=en -Duser.variant 
java_command: org.gradle.launcher.daemon.bootstrap.GradleDaemon 8.0
java_class_path (initial): C:\Users\HP\.gradle\wrapper\dists\gradle-8.0-bin\ca5e32bp14vu59qr306oxotwh\gradle-8.0\lib\gradle-launcher-8.0.jar
Launcher Type: SUN_STANDARD

[Global flags]
     intx CICompilerCount                          = 3                                         {product} {ergonomic}
     uint ConcGCThreads                            = 1                                         {product} {ergonomic}
     uint G1ConcRefinementThreads                  = 4                                         {product} {ergonomic}
   size_t G1HeapRegionSize                         = 1048576                                   {product} {ergonomic}
    uintx GCDrainStackTargetSize                   = 64                                        {product} {ergonomic}
   size_t InitialHeapSize                          = 58720256                                  {product} {ergonomic}
   size_t MarkStackSize                            = 4194304                                   {product} {ergonomic}
   size_t MaxHeapSize                              = 2147483648                                {product} {command line}
   size_t MaxNewSize                               = 1287651328                                {product} {ergonomic}
   size_t MinHeapDeltaBytes                        = 1048576                                   {product} {ergonomic}
   size_t MinHeapSize                              = 8388608                                   {product} {ergonomic}
    uintx NonNMethodCodeHeapSize                   = 5832780                                {pd product} {ergonomic}
    uintx NonProfiledCodeHeapSize                  = 122912730                              {pd product} {ergonomic}
    uintx ProfiledCodeHeapSize                     = 122912730                              {pd product} {ergonomic}
    uintx ReservedCodeCacheSize                    = 251658240                              {pd product} {ergonomic}
     bool SegmentedCodeCache                       = true                                      {product} {ergonomic}
   size_t SoftMaxHeapSize                          = 2147483648                             {manageable} {ergonomic}
     bool UseCompressedClassPointers               = true                           {product lp64_product} {ergonomic}
     bool UseCompressedOops                        = true                           {product lp64_product} {ergonomic}
     bool UseG1GC                                  = true                                      {product} {ergonomic}
     bool UseLargePagesIndividualAllocation        = false                                  {pd product} {ergonomic}

Logging:
Log output configuration:
 #0: stdout all=warning uptime,level,tags
 #1: stderr all=off uptime,level,tags

Environment Variables:
JAVA_HOME=C:\Program Files\Java\jdk-21
PATH=C:\Program Files\Java\jdk-21\bin;C:\WINDOWS\system32;C:\WINDOWS;C:\WINDOWS\System32\Wbem;C:\WINDOWS\System32\WindowsPowerShell\v1.0\;C:\WINDOWS\System32\OpenSSH\;C:\MinGW\bin;C:\Program Files\PowerShell\7\;C:\Program Files\Git\cmd;C:\Users\HP\AppData\Local\Microsoft\WindowsApps;
USERNAME=HP
OS=Windows_NT
PROCESSOR_IDENTIFIER=AMD64 Family 23 Model 24 Stepping 1, AuthenticAMD
TMP=C:\Users\HP\AppData\Local\Temp
TEMP=C:\Users\HP\AppData\Local\Temp


JNI global refs:
JNI global refs: 26, weak refs: 12

JNI global refs memory usage: 843, weak refs: 841


---------------  S Y S T E M  ---------------

OS:
 Windows 10 , 64 bit Build 19041 (10.0.19041.3636)
OS uptime: 9 days 13:54 hours

CPU: total 4 (initial active 4) (4 cores per cpu, 2 threads per core) family 23 model 24 stepping 1 microcode 0x0, cx8, cmov, fxsr, ht, mmx, 3dnowpref, sse, sse2, sse3, ssse3, sse4a, sse4.1, sse4.2, popcnt, lzcnt, tsc, tscinvbit, avx, avx2, aes, clmul, bmi1, bmi2, adx, sha, fma, vzeroupper, clflush, clflushopt

Memory: 4k page, system-wide physical 3499M (601M free)
TotalPageFile size 8495M (AvailPageFile size 43M)
current process WorkingSet (physical memory assigned to process): 381M, peak: 401M
current process commit charge ("private bytes"): 475M, peak: 561M

vm_info: OpenJDK 64-Bit Server VM (17.0.6+0-b2043.56-10027231) for windows-amd64 JRE (17.0.6+0-b2043.56-10027231), built on Apr 28 2023 00:43:19 by "androidbuild" with MS VC++ 16.10 / 16.11 (VS2019)

END.
