#
# There is insufficient memory for the Java Runtime Environment to continue.
# Native memory allocation (mmap) failed to map 321912832 bytes for G1 virtual space
# Possible reasons:
#   The system is out of physical RAM or swap space
#   The process is running with CompressedOops enabled, and the Java Heap may be blocking the growth of the native heap
# Possible solutions:
#   Reduce memory load on the system
#   Increase physical memory or swap space
#   Check if swap backing store is full
#   Decrease Java heap size (-Xmx/-Xms)
#   Decrease number of Java threads
#   Decrease Java thread stack sizes (-Xss)
#   Set larger code cache with -XX:ReservedCodeCacheSize=
#   JVM is running with Unscaled Compressed Oops mode in which the Java heap is
#     placed in the first 4GB address space. The Java Heap base address is the
#     maximum limit for the native heap growth. Please use -XX:HeapBaseMinAddress
#     to set the Java Heap base and to place the Java Heap above 4GB virtual address.
# This output file may be truncated or incomplete.
#
#  Out of Memory Error (os_windows.cpp:3769), pid=8156, tid=8844
#
# JRE version: OpenJDK Runtime Environment (17.0.6) (build 17.0.6+0-b2043.56-10027231)
# Java VM: OpenJDK 64-Bit Server VM (17.0.6+0-b2043.56-10027231, mixed mode, tiered, compressed oops, compressed class ptrs, g1 gc, windows-amd64)
# No core dump will be written. Minidumps are not enabled by default on client versions of Windows
#

---------------  S U M M A R Y ------------

Command Line: --add-opens=java.base/java.util=ALL-UNNAMED --add-opens=java.base/java.lang=ALL-UNNAMED --add-opens=java.base/java.lang.invoke=ALL-UNNAMED --add-opens=java.prefs/java.util.prefs=ALL-UNNAMED --add-opens=java.base/java.nio.charset=ALL-UNNAMED --add-opens=java.base/java.net=ALL-UNNAMED --add-opens=java.base/java.util.concurrent.atomic=ALL-UNNAMED -Xmx2048m -Dfile.encoding=UTF-8 -Duser.country=US -Duser.language=en -Duser.variant org.gradle.launcher.daemon.bootstrap.GradleDaemon 8.0

Host: AMD Ryzen 3 3250U with Radeon Graphics         , 4 cores, 3G,  Windows 10 , 64 bit Build 19041 (10.0.19041.3636)
Time: Thu Dec 21 14:01:25 2023 SE Asia Standard Time elapsed time: 46.369676 seconds (0d 0h 0m 46s)

---------------  T H R E A D  ---------------

Current thread (0x000001e2fdfbca10):  VMThread "VM Thread" [stack: 0x0000006692a00000,0x0000006692b00000] [id=8844]

Stack: [0x0000006692a00000,0x0000006692b00000]
Native frames: (J=compiled Java code, j=interpreted, Vv=VM code, C=native code)
V  [jvm.dll+0x683c9a]
V  [jvm.dll+0x8427a4]
V  [jvm.dll+0x843f9e]
V  [jvm.dll+0x844603]
V  [jvm.dll+0x249b75]
V  [jvm.dll+0x680b69]
V  [jvm.dll+0x67505a]
V  [jvm.dll+0x309acb]
V  [jvm.dll+0x310f86]
V  [jvm.dll+0x3608ee]
V  [jvm.dll+0x360b1f]
V  [jvm.dll+0x2dfbf8]
V  [jvm.dll+0x2ddec4]
V  [jvm.dll+0x2dd4cc]
V  [jvm.dll+0x321f3b]
V  [jvm.dll+0x848ccb]
V  [jvm.dll+0x849a04]
V  [jvm.dll+0x849f1d]
V  [jvm.dll+0x84a2f4]
V  [jvm.dll+0x84a3c0]
V  [jvm.dll+0x7f274a]
V  [jvm.dll+0x682ad5]
C  [ucrtbase.dll+0x21bb2]
C  [KERNEL32.DLL+0x17344]
C  [ntdll.dll+0x526b1]

VM_Operation (0x0000006698efce90): G1CollectForAllocation, mode: safepoint, requested by thread 0x000001e28612fb70


---------------  P R O C E S S  ---------------

Threads class SMR info:
_java_thread_list=0x000001e286745c90, length=93, elements={
0x000001e2e4a3c9b0, 0x000001e2fdfc4640, 0x000001e2fdfc6cb0, 0x000001e2fe005010,
0x000001e2fe0088f0, 0x000001e2fe0091b0, 0x000001e2fe009a70, 0x000001e2fe00a710,
0x000001e2fe03ea60, 0x000001e2fec3b700, 0x000001e2fed439d0, 0x000001e2fed452e0,
0x000001e2805230a0, 0x000001e2805bb110, 0x000001e280b517c0, 0x000001e280a388b0,
0x000001e280a31f00, 0x000001e280feb040, 0x000001e280febe60, 0x000001e280a55930,
0x000001e280a562d0, 0x000001e280a567a0, 0x000001e280a55e00, 0x000001e280a56c70,
0x000001e280a55460, 0x000001e2800e24e0, 0x000001e2800dd7e0, 0x000001e2800dce40,
0x000001e2800ddcb0, 0x000001e2800e3350, 0x000001e2800dc970, 0x000001e2800e2e80,
0x000001e2800e0800, 0x000001e2800e1670, 0x000001e2800de180, 0x000001e2800deff0,
0x000001e2800e1b40, 0x000001e2800e0cd0, 0x000001e2800e3820, 0x000001e2800e2010,
0x000001e2800de650, 0x000001e2800deb20, 0x000001e2800df4c0, 0x000001e2800df990,
0x000001e2800dfe60, 0x000001e2800e0330, 0x000001e283930f30, 0x000001e283934420,
0x000001e283933a80, 0x000001e2839330e0, 0x000001e2839365d0, 0x000001e2839335b0,
0x000001e283936100, 0x000001e283935c30, 0x000001e283936aa0, 0x000001e283931400,
0x000001e283933f50, 0x000001e2839348f0, 0x000001e283934dc0, 0x000001e283937440,
0x000001e283932c10, 0x000001e283936f70, 0x000001e283937910, 0x000001e283935290,
0x000001e283937de0, 0x000001e283935760, 0x000001e283930590, 0x000001e283930a60,
0x000001e2839318d0, 0x000001e283931da0, 0x000001e283932270, 0x000001e283932740,
0x000001e283925640, 0x000001e283925fe0, 0x000001e283924ca0, 0x000001e283923e30,
0x000001e283928190, 0x000001e283923490, 0x000001e283922af0, 0x000001e283928b30,
0x000001e283922fc0, 0x000001e2839277f0, 0x000001e283925170, 0x000001e283923960,
0x000001e283924300, 0x000001e2839217b0, 0x000001e2839247d0, 0x000001e283922150,
0x000001e283922620, 0x000001e283710990, 0x000001e2837104c0, 0x000001e286130040,
0x000001e28612fb70
}

Java Threads: ( => current thread )
  0x000001e2e4a3c9b0 JavaThread "main" [_thread_blocked, id=6732, stack(0x0000006692400000,0x0000006692500000)]
  0x000001e2fdfc4640 JavaThread "Reference Handler" daemon [_thread_blocked, id=8988, stack(0x0000006692b00000,0x0000006692c00000)]
  0x000001e2fdfc6cb0 JavaThread "Finalizer" daemon [_thread_blocked, id=8148, stack(0x0000006692c00000,0x0000006692d00000)]
  0x000001e2fe005010 JavaThread "Signal Dispatcher" daemon [_thread_blocked, id=6916, stack(0x0000006692d00000,0x0000006692e00000)]
  0x000001e2fe0088f0 JavaThread "Attach Listener" daemon [_thread_blocked, id=8160, stack(0x0000006692e00000,0x0000006692f00000)]
  0x000001e2fe0091b0 JavaThread "Service Thread" daemon [_thread_blocked, id=3196, stack(0x0000006692f00000,0x0000006693000000)]
  0x000001e2fe009a70 JavaThread "Monitor Deflation Thread" daemon [_thread_blocked, id=2092, stack(0x0000006693000000,0x0000006693100000)]
  0x000001e2fe00a710 JavaThread "C2 CompilerThread0" daemon [_thread_blocked, id=7392, stack(0x0000006693100000,0x0000006693200000)]
  0x000001e2fe03ea60 JavaThread "C1 CompilerThread0" daemon [_thread_blocked, id=2224, stack(0x0000006693200000,0x0000006693300000)]
  0x000001e2fec3b700 JavaThread "Sweeper thread" daemon [_thread_blocked, id=8164, stack(0x0000006693300000,0x0000006693400000)]
  0x000001e2fed439d0 JavaThread "Common-Cleaner" daemon [_thread_blocked, id=3284, stack(0x0000006693400000,0x0000006693500000)]
  0x000001e2fed452e0 JavaThread "Notification Thread" daemon [_thread_blocked, id=8512, stack(0x0000006693500000,0x0000006693600000)]
  0x000001e2805230a0 JavaThread "Daemon health stats" [_thread_blocked, id=5640, stack(0x0000006693a00000,0x0000006693b00000)]
  0x000001e2805bb110 JavaThread "Incoming local TCP Connector on port 50337" [_thread_in_native, id=1476, stack(0x0000006693b00000,0x0000006693c00000)]
  0x000001e280b517c0 JavaThread "Daemon periodic checks" [_thread_blocked, id=7012, stack(0x0000006693c00000,0x0000006693d00000)]
  0x000001e280a388b0 JavaThread "Daemon" [_thread_blocked, id=4744, stack(0x0000006693d00000,0x0000006693e00000)]
  0x000001e280a31f00 JavaThread "Handler for socket connection from /127.0.0.1:50337 to /127.0.0.1:50339" [_thread_in_native, id=7308, stack(0x0000006693e00000,0x0000006693f00000)]
  0x000001e280feb040 JavaThread "Cancel handler" [_thread_blocked, id=1076, stack(0x0000006693f00000,0x0000006694000000)]
  0x000001e280febe60 JavaThread "Daemon worker" [_thread_blocked, id=9732, stack(0x0000006694000000,0x0000006694100000)]
  0x000001e280a55930 JavaThread "Asynchronous log dispatcher for DefaultDaemonConnection: socket connection from /127.0.0.1:50337 to /127.0.0.1:50339" [_thread_blocked, id=9872, stack(0x0000006694100000,0x0000006694200000)]
  0x000001e280a562d0 JavaThread "Stdin handler" [_thread_blocked, id=3936, stack(0x0000006694200000,0x0000006694300000)]
  0x000001e280a567a0 JavaThread "Daemon client event forwarder" [_thread_blocked, id=3164, stack(0x0000006694300000,0x0000006694400000)]
  0x000001e280a55e00 JavaThread "Cache worker for journal cache (C:\Users\HP\.gradle\caches\journal-1)" [_thread_blocked, id=5924, stack(0x0000006694400000,0x0000006694500000)]
  0x000001e280a56c70 JavaThread "File lock request listener" [_thread_in_native, id=8312, stack(0x0000006694500000,0x0000006694600000)]
  0x000001e280a55460 JavaThread "Cache worker for file hash cache (C:\Users\HP\.gradle\caches\8.0\fileHashes)" [_thread_blocked, id=8440, stack(0x0000006694600000,0x0000006694700000)]
  0x000001e2800e24e0 JavaThread "File watcher server" daemon [_thread_blocked, id=8172, stack(0x0000006694700000,0x0000006694800000)]
  0x000001e2800dd7e0 JavaThread "File watcher consumer" daemon [_thread_blocked, id=7096, stack(0x0000006694800000,0x0000006694900000)]
  0x000001e2800dce40 JavaThread "Cache worker for checksums cache (C:\Users\HP\AndroidStudioProjects\CatHouse\.gradle\8.0\checksums)" [_thread_blocked, id=9936, stack(0x0000006694900000,0x0000006694a00000)]
  0x000001e2800ddcb0 JavaThread "Cache worker for cache directory md-rule (C:\Users\HP\.gradle\caches\8.0\md-rule)" [_thread_blocked, id=2820, stack(0x0000006694a00000,0x0000006694b00000)]
  0x000001e2800e3350 JavaThread "Cache worker for file content cache (C:\Users\HP\.gradle\caches\8.0\fileContent)" [_thread_blocked, id=2280, stack(0x0000006694b00000,0x0000006694c00000)]
  0x000001e2800dc970 JavaThread "Cache worker for file hash cache (C:\Users\HP\AndroidStudioProjects\CatHouse\.gradle\8.0\fileHashes)" [_thread_blocked, id=10128, stack(0x0000006694c00000,0x0000006694d00000)]
  0x000001e2800e2e80 JavaThread "Cache worker for cache directory md-supplier (C:\Users\HP\.gradle\caches\8.0\md-supplier)" [_thread_blocked, id=5944, stack(0x0000006694d00000,0x0000006694e00000)]
  0x000001e2800e0800 JavaThread "Cache worker for execution history cache (C:\Users\HP\.gradle\caches\8.0\executionHistory)" [_thread_blocked, id=9108, stack(0x0000006694e00000,0x0000006694f00000)]
  0x000001e2800e1670 JavaThread "jar transforms" [_thread_blocked, id=5380, stack(0x0000006694f00000,0x0000006695000000)]
  0x000001e2800de180 JavaThread "jar transforms Thread 2" [_thread_blocked, id=3888, stack(0x0000006695000000,0x0000006695100000)]
  0x000001e2800deff0 JavaThread "Cache worker for kotlin-dsl (C:\Users\HP\.gradle\caches\8.0\kotlin-dsl)" [_thread_blocked, id=7924, stack(0x0000006695100000,0x0000006695200000)]
  0x000001e2800e1b40 JavaThread "jar transforms Thread 3" [_thread_blocked, id=5724, stack(0x0000006695200000,0x0000006695300000)]
  0x000001e2800e0cd0 JavaThread "jar transforms Thread 4" [_thread_blocked, id=9888, stack(0x0000006695300000,0x0000006695400000)]
  0x000001e2800e3820 JavaThread "Cache worker for dependencies-accessors (C:\Users\HP\AndroidStudioProjects\CatHouse\.gradle\8.0\dependencies-accessors)" [_thread_blocked, id=9584, stack(0x0000006695400000,0x0000006695500000)]
  0x000001e2800e2010 JavaThread "Cache worker for Build Output Cleanup Cache (C:\Users\HP\AndroidStudioProjects\CatHouse\.gradle\buildOutputCleanup)" [_thread_blocked, id=2428, stack(0x0000006695500000,0x0000006695600000)]
  0x000001e2800de650 JavaThread "Unconstrained build operations" [_thread_blocked, id=5660, stack(0x0000006695600000,0x0000006695700000)]
  0x000001e2800deb20 JavaThread "Unconstrained build operations Thread 2" [_thread_blocked, id=3732, stack(0x0000006695700000,0x0000006695800000)]
  0x000001e2800df4c0 JavaThread "Unconstrained build operations Thread 3" [_thread_blocked, id=6952, stack(0x0000006695800000,0x0000006695900000)]
  0x000001e2800df990 JavaThread "Unconstrained build operations Thread 4" [_thread_blocked, id=3160, stack(0x0000006695900000,0x0000006695a00000)]
  0x000001e2800dfe60 JavaThread "Unconstrained build operations Thread 5" [_thread_blocked, id=1184, stack(0x0000006695a00000,0x0000006695b00000)]
  0x000001e2800e0330 JavaThread "Unconstrained build operations Thread 6" [_thread_blocked, id=1176, stack(0x0000006695b00000,0x0000006695c00000)]
  0x000001e283930f30 JavaThread "Unconstrained build operations Thread 7" [_thread_blocked, id=9028, stack(0x0000006695c00000,0x0000006695d00000)]
  0x000001e283934420 JavaThread "Unconstrained build operations Thread 8" [_thread_blocked, id=5048, stack(0x0000006695d00000,0x0000006695e00000)]
  0x000001e283933a80 JavaThread "Unconstrained build operations Thread 9" [_thread_blocked, id=6788, stack(0x0000006695e00000,0x0000006695f00000)]
  0x000001e2839330e0 JavaThread "Unconstrained build operations Thread 10" [_thread_blocked, id=8800, stack(0x0000006695f00000,0x0000006696000000)]
  0x000001e2839365d0 JavaThread "Unconstrained build operations Thread 11" [_thread_blocked, id=1872, stack(0x0000006696000000,0x0000006696100000)]
  0x000001e2839335b0 JavaThread "Unconstrained build operations Thread 12" [_thread_blocked, id=8300, stack(0x0000006696100000,0x0000006696200000)]
  0x000001e283936100 JavaThread "Unconstrained build operations Thread 13" [_thread_blocked, id=10120, stack(0x0000006696200000,0x0000006696300000)]
  0x000001e283935c30 JavaThread "Unconstrained build operations Thread 14" [_thread_blocked, id=2104, stack(0x0000006696300000,0x0000006696400000)]
  0x000001e283936aa0 JavaThread "Unconstrained build operations Thread 15" [_thread_blocked, id=6944, stack(0x0000006696400000,0x0000006696500000)]
  0x000001e283931400 JavaThread "Unconstrained build operations Thread 16" [_thread_blocked, id=8492, stack(0x0000006696500000,0x0000006696600000)]
  0x000001e283933f50 JavaThread "Unconstrained build operations Thread 17" [_thread_blocked, id=2168, stack(0x0000006696600000,0x0000006696700000)]
  0x000001e2839348f0 JavaThread "Unconstrained build operations Thread 18" [_thread_blocked, id=9852, stack(0x0000006696700000,0x0000006696800000)]
  0x000001e283934dc0 JavaThread "Unconstrained build operations Thread 19" [_thread_blocked, id=3240, stack(0x0000006696800000,0x0000006696900000)]
  0x000001e283937440 JavaThread "Unconstrained build operations Thread 20" [_thread_blocked, id=3040, stack(0x0000006696900000,0x0000006696a00000)]
  0x000001e283932c10 JavaThread "Unconstrained build operations Thread 21" [_thread_blocked, id=8532, stack(0x0000006696a00000,0x0000006696b00000)]
  0x000001e283936f70 JavaThread "Unconstrained build operations Thread 22" [_thread_blocked, id=3132, stack(0x0000006696b00000,0x0000006696c00000)]
  0x000001e283937910 JavaThread "Unconstrained build operations Thread 23" [_thread_blocked, id=3428, stack(0x0000006696c00000,0x0000006696d00000)]
  0x000001e283935290 JavaThread "Unconstrained build operations Thread 24" [_thread_blocked, id=8896, stack(0x0000006696d00000,0x0000006696e00000)]
  0x000001e283937de0 JavaThread "Unconstrained build operations Thread 25" [_thread_blocked, id=9136, stack(0x0000006696e00000,0x0000006696f00000)]
  0x000001e283935760 JavaThread "Unconstrained build operations Thread 26" [_thread_blocked, id=7920, stack(0x0000006696f00000,0x0000006697000000)]
  0x000001e283930590 JavaThread "Unconstrained build operations Thread 27" [_thread_blocked, id=1104, stack(0x0000006697000000,0x0000006697100000)]
  0x000001e283930a60 JavaThread "Unconstrained build operations Thread 28" [_thread_blocked, id=3988, stack(0x0000006697100000,0x0000006697200000)]
  0x000001e2839318d0 JavaThread "Unconstrained build operations Thread 29" [_thread_blocked, id=8412, stack(0x0000006697200000,0x0000006697300000)]
  0x000001e283931da0 JavaThread "Unconstrained build operations Thread 30" [_thread_blocked, id=2384, stack(0x0000006697300000,0x0000006697400000)]
  0x000001e283932270 JavaThread "Unconstrained build operations Thread 31" [_thread_blocked, id=8960, stack(0x0000006697400000,0x0000006697500000)]
  0x000001e283932740 JavaThread "Unconstrained build operations Thread 32" [_thread_blocked, id=9016, stack(0x0000006697500000,0x0000006697600000)]
  0x000001e283925640 JavaThread "Unconstrained build operations Thread 33" [_thread_blocked, id=8804, stack(0x0000006697600000,0x0000006697700000)]
  0x000001e283925fe0 JavaThread "Unconstrained build operations Thread 34" [_thread_blocked, id=8780, stack(0x0000006697700000,0x0000006697800000)]
  0x000001e283924ca0 JavaThread "Unconstrained build operations Thread 35" [_thread_blocked, id=8556, stack(0x0000006697800000,0x0000006697900000)]
  0x000001e283923e30 JavaThread "Unconstrained build operations Thread 36" [_thread_blocked, id=4540, stack(0x0000006697900000,0x0000006697a00000)]
  0x000001e283928190 JavaThread "Unconstrained build operations Thread 37" [_thread_blocked, id=7932, stack(0x0000006697a00000,0x0000006697b00000)]
  0x000001e283923490 JavaThread "Unconstrained build operations Thread 38" [_thread_blocked, id=6456, stack(0x0000006697b00000,0x0000006697c00000)]
  0x000001e283922af0 JavaThread "Unconstrained build operations Thread 39" [_thread_blocked, id=9000, stack(0x0000006697c00000,0x0000006697d00000)]
  0x000001e283928b30 JavaThread "Unconstrained build operations Thread 40" [_thread_blocked, id=8836, stack(0x0000006697d00000,0x0000006697e00000)]
  0x000001e283922fc0 JavaThread "build event listener" [_thread_blocked, id=8984, stack(0x0000006697e00000,0x0000006697f00000)]
  0x000001e2839277f0 JavaThread "Memory manager" [_thread_blocked, id=4072, stack(0x0000006697f00000,0x0000006698000000)]
  0x000001e283925170 JavaThread "build event listener" [_thread_blocked, id=1480, stack(0x0000006698000000,0x0000006698100000)]
  0x000001e283923960 JavaThread "build event listener" [_thread_blocked, id=2268, stack(0x0000006698100000,0x0000006698200000)]
  0x000001e283924300 JavaThread "included builds" [_thread_blocked, id=7856, stack(0x0000006698200000,0x0000006698300000)]
  0x000001e2839217b0 JavaThread "Execution worker" [_thread_blocked, id=5784, stack(0x0000006698300000,0x0000006698400000)]
  0x000001e2839247d0 JavaThread "Execution worker Thread 2" [_thread_blocked, id=7992, stack(0x0000006698400000,0x0000006698500000)]
  0x000001e283922150 JavaThread "Execution worker Thread 3" [_thread_blocked, id=2972, stack(0x0000006698500000,0x0000006698600000)]
  0x000001e283922620 JavaThread "Cache worker for execution history cache (C:\Users\HP\AndroidStudioProjects\CatHouse\.gradle\8.0\executionHistory)" [_thread_blocked, id=8952, stack(0x0000006698600000,0x0000006698700000)]
  0x000001e283710990 JavaThread "WorkerExecutor Queue" [_thread_blocked, id=3856, stack(0x0000006698700000,0x0000006698800000)]
  0x000001e2837104c0 JavaThread "WorkerExecutor Queue Thread 2" [_thread_blocked, id=10044, stack(0x0000006698c00000,0x0000006698d00000)]
  0x000001e286130040 JavaThread "WorkerExecutor Queue Thread 3" [_thread_blocked, id=8528, stack(0x0000006698d00000,0x0000006698e00000)]
  0x000001e28612fb70 JavaThread "WorkerExecutor Queue Thread 4" [_thread_blocked, id=8268, stack(0x0000006698e00000,0x0000006698f00000)]

Other Threads:
=>0x000001e2fdfbca10 VMThread "VM Thread" [stack: 0x0000006692a00000,0x0000006692b00000] [id=8844]
  0x000001e2fed45bc0 WatcherThread [stack: 0x0000006693600000,0x0000006693700000] [id=9128]
  0x000001e2e4a96f90 GCTaskThread "GC Thread#0" [stack: 0x0000006692500000,0x0000006692600000] [id=7720]
  0x000001e2fef6ee70 GCTaskThread "GC Thread#1" [stack: 0x0000006693700000,0x0000006693800000] [id=9768]
  0x000001e2ff3a9510 GCTaskThread "GC Thread#2" [stack: 0x0000006693800000,0x0000006693900000] [id=5072]
  0x000001e28021ae80 GCTaskThread "GC Thread#3" [stack: 0x0000006693900000,0x0000006693a00000] [id=7224]
  0x000001e2e4aa7de0 ConcurrentGCThread "G1 Main Marker" [stack: 0x0000006692600000,0x0000006692700000] [id=8880]
  0x000001e2e4aa8700 ConcurrentGCThread "G1 Conc#0" [stack: 0x0000006692700000,0x0000006692800000] [id=8116]
  0x000001e2e4ae3a80 ConcurrentGCThread "G1 Refine#0" [stack: 0x0000006692800000,0x0000006692900000] [id=8100]
  0x000001e286826140 ConcurrentGCThread "G1 Refine#1" [stack: 0x0000006698a00000,0x0000006698b00000] [id=3620]
  0x000001e286824d20 ConcurrentGCThread "G1 Refine#2" [stack: 0x0000006698b00000,0x0000006698c00000] [id=9960]
  0x000001e2e4ae53c0 ConcurrentGCThread "G1 Service" [stack: 0x0000006692900000,0x0000006692a00000] [id=8696]

Threads with active compile tasks:
C2 CompilerThread0    46423 13563   !   4       java.io.ObjectInputStream::readSerialData (549 bytes)

VM state: at safepoint (normal execution)

VM Mutex/Monitor currently owned by a thread:  ([mutex/lock_event])
[0x000001e2e4a38a40] Threads_lock - owner thread: 0x000001e2fdfbca10
[0x000001e2e4a39220] Heap_lock - owner thread: 0x000001e28612fb70

Heap address: 0x0000000080000000, size: 2048 MB, Compressed Oops mode: 32-bit

CDS archive(s) not mapped
Compressed class space mapped at: 0x0000000100000000-0x0000000140000000, reserved size: 1073741824
Narrow klass base: 0x0000000000000000, Narrow klass shift: 3, Narrow klass range: 0x140000000

GC Precious Log:
 CPUs: 4 total, 4 available
 Memory: 3499M
 Large Page Support: Disabled
 NUMA Support: Disabled
 Compressed Oops: Enabled (32-bit)
 Heap Region Size: 1M
 Heap Min Capacity: 8M
 Heap Initial Capacity: 56M
 Heap Max Capacity: 2G
 Pre-touch: Disabled
 Parallel Workers: 4
 Concurrent Workers: 1
 Concurrent Refinement Workers: 4
 Periodic GC: Disabled

Heap:
 garbage-first heap   total 220160K, used 132528K [0x0000000080000000, 0x0000000100000000)
  region size 1024K, 4 young (4096K), 4 survivors (4096K)
 Metaspace       used 105933K, committed 106688K, reserved 1146880K
  class space    used 14106K, committed 14464K, reserved 1048576K

Heap Regions: E=young(eden), S=young(survivor), O=old, HS=humongous(starts), HC=humongous(continues), CS=collection set, F=free, OA=open archive, CA=closed archive, TAMS=top-at-mark-start (previous, next)
|   0|0x0000000080000000, 0x0000000080100000, 0x0000000080100000|100%| O|  |TAMS 0x0000000080100000, 0x0000000080000000| Untracked 
|   1|0x0000000080100000, 0x0000000080200000, 0x0000000080200000|100%| O|  |TAMS 0x0000000080200000, 0x0000000080100000| Untracked 
|   2|0x0000000080200000, 0x0000000080300000, 0x0000000080300000|100%|HS|  |TAMS 0x0000000080300000, 0x0000000080200000| Complete 
|   3|0x0000000080300000, 0x0000000080400000, 0x0000000080400000|100%|HC|  |TAMS 0x0000000080400000, 0x0000000080300000| Complete 
|   4|0x0000000080400000, 0x0000000080500000, 0x0000000080500000|100%|HC|  |TAMS 0x0000000080500000, 0x0000000080400000| Complete 
|   5|0x0000000080500000, 0x0000000080600000, 0x0000000080600000|100%|HC|  |TAMS 0x0000000080600000, 0x0000000080500000| Complete 
|   6|0x0000000080600000, 0x0000000080700000, 0x0000000080700000|100%| O|  |TAMS 0x0000000080700000, 0x0000000080600000| Untracked 
|   7|0x0000000080700000, 0x0000000080800000, 0x0000000080800000|100%| O|  |TAMS 0x0000000080800000, 0x0000000080700000| Untracked 
|   8|0x0000000080800000, 0x0000000080900000, 0x0000000080900000|100%| O|  |TAMS 0x0000000080900000, 0x0000000080800000| Untracked 
|   9|0x0000000080900000, 0x0000000080a00000, 0x0000000080a00000|100%| O|  |TAMS 0x0000000080a00000, 0x0000000080900000| Untracked 
|  10|0x0000000080a00000, 0x0000000080b00000, 0x0000000080b00000|100%| O|  |TAMS 0x0000000080b00000, 0x0000000080a00000| Untracked 
|  11|0x0000000080b00000, 0x0000000080c00000, 0x0000000080c00000|100%| O|  |TAMS 0x0000000080c00000, 0x0000000080b00000| Untracked 
|  12|0x0000000080c00000, 0x0000000080d00000, 0x0000000080d00000|100%| O|  |TAMS 0x0000000080d00000, 0x0000000080c00000| Untracked 
|  13|0x0000000080d00000, 0x0000000080e00000, 0x0000000080e00000|100%| O|  |TAMS 0x0000000080e00000, 0x0000000080d00000| Untracked 
|  14|0x0000000080e00000, 0x0000000080f00000, 0x0000000080f00000|100%| O|  |TAMS 0x0000000080f00000, 0x0000000080e00000| Untracked 
|  15|0x0000000080f00000, 0x0000000081000000, 0x0000000081000000|100%| O|  |TAMS 0x0000000081000000, 0x0000000080f00000| Untracked 
|  16|0x0000000081000000, 0x0000000081100000, 0x0000000081100000|100%| O|  |TAMS 0x0000000081100000, 0x0000000081000000| Untracked 
|  17|0x0000000081100000, 0x0000000081200000, 0x0000000081200000|100%| O|  |TAMS 0x0000000081200000, 0x0000000081100000| Untracked 
|  18|0x0000000081200000, 0x0000000081300000, 0x0000000081300000|100%| O|  |TAMS 0x0000000081300000, 0x0000000081200000| Untracked 
|  19|0x0000000081300000, 0x0000000081400000, 0x0000000081400000|100%| O|  |TAMS 0x0000000081400000, 0x0000000081300000| Untracked 
|  20|0x0000000081400000, 0x0000000081500000, 0x0000000081500000|100%| O|  |TAMS 0x0000000081500000, 0x0000000081400000| Untracked 
|  21|0x0000000081500000, 0x0000000081600000, 0x0000000081600000|100%| O|  |TAMS 0x0000000081600000, 0x0000000081500000| Untracked 
|  22|0x0000000081600000, 0x0000000081700000, 0x0000000081700000|100%| O|  |TAMS 0x0000000081700000, 0x0000000081600000| Untracked 
|  23|0x0000000081700000, 0x0000000081800000, 0x0000000081800000|100%| O|  |TAMS 0x0000000081800000, 0x0000000081700000| Untracked 
|  24|0x0000000081800000, 0x0000000081900000, 0x0000000081900000|100%| O|  |TAMS 0x0000000081900000, 0x0000000081800000| Untracked 
|  25|0x0000000081900000, 0x0000000081a00000, 0x0000000081a00000|100%| O|  |TAMS 0x0000000081a00000, 0x0000000081900000| Untracked 
|  26|0x0000000081a00000, 0x0000000081b00000, 0x0000000081b00000|100%| O|  |TAMS 0x0000000081b00000, 0x0000000081a00000| Untracked 
|  27|0x0000000081b00000, 0x0000000081c00000, 0x0000000081c00000|100%| O|  |TAMS 0x0000000081b00000, 0x0000000081b00000| Untracked 
|  28|0x0000000081c00000, 0x0000000081d00000, 0x0000000081d00000|100%| O|  |TAMS 0x0000000081d00000, 0x0000000081c00000| Untracked 
|  29|0x0000000081d00000, 0x0000000081e00000, 0x0000000081e00000|100%| O|  |TAMS 0x0000000081e00000, 0x0000000081d00000| Untracked 
|  30|0x0000000081e00000, 0x0000000081f00000, 0x0000000081f00000|100%| O|  |TAMS 0x0000000081f00000, 0x0000000081e00000| Untracked 
|  31|0x0000000081f00000, 0x0000000082000000, 0x0000000082000000|100%| O|  |TAMS 0x0000000082000000, 0x0000000081f00000| Untracked 
|  32|0x0000000082000000, 0x0000000082100000, 0x0000000082100000|100%| O|  |TAMS 0x0000000082100000, 0x0000000082000000| Untracked 
|  33|0x0000000082100000, 0x0000000082200000, 0x0000000082200000|100%| O|  |TAMS 0x0000000082200000, 0x0000000082100000| Untracked 
|  34|0x0000000082200000, 0x0000000082300000, 0x0000000082300000|100%| O|  |TAMS 0x0000000082300000, 0x0000000082200000| Untracked 
|  35|0x0000000082300000, 0x0000000082400000, 0x0000000082400000|100%|HS|  |TAMS 0x0000000082400000, 0x0000000082300000| Complete 
|  36|0x0000000082400000, 0x0000000082500000, 0x0000000082500000|100%|HS|  |TAMS 0x0000000082500000, 0x0000000082400000| Complete 
|  37|0x0000000082500000, 0x0000000082600000, 0x0000000082600000|100%|HS|  |TAMS 0x0000000082600000, 0x0000000082500000| Complete 
|  38|0x0000000082600000, 0x0000000082700000, 0x0000000082700000|100%|HC|  |TAMS 0x0000000082700000, 0x0000000082600000| Complete 
|  39|0x0000000082700000, 0x0000000082800000, 0x0000000082800000|100%|HS|  |TAMS 0x0000000082800000, 0x0000000082700000| Complete 
|  40|0x0000000082800000, 0x0000000082900000, 0x0000000082900000|100%|HS|  |TAMS 0x0000000082900000, 0x0000000082800000| Complete 
|  41|0x0000000082900000, 0x0000000082a00000, 0x0000000082a00000|100%|HC|  |TAMS 0x0000000082a00000, 0x0000000082900000| Complete 
|  42|0x0000000082a00000, 0x0000000082b00000, 0x0000000082b00000|100%|HC|  |TAMS 0x0000000082b00000, 0x0000000082a00000| Complete 
|  43|0x0000000082b00000, 0x0000000082c00000, 0x0000000082c00000|100%|HC|  |TAMS 0x0000000082c00000, 0x0000000082b00000| Complete 
|  44|0x0000000082c00000, 0x0000000082d00000, 0x0000000082d00000|100%| O|  |TAMS 0x0000000082d00000, 0x0000000082c00000| Untracked 
|  45|0x0000000082d00000, 0x0000000082e00000, 0x0000000082e00000|100%| O|  |TAMS 0x0000000082e00000, 0x0000000082d00000| Untracked 
|  46|0x0000000082e00000, 0x0000000082f00000, 0x0000000082f00000|100%| O|  |TAMS 0x0000000082f00000, 0x0000000082e00000| Untracked 
|  47|0x0000000082f00000, 0x0000000083000000, 0x0000000083000000|100%| O|  |TAMS 0x0000000083000000, 0x0000000082f00000| Untracked 
|  48|0x0000000083000000, 0x0000000083100000, 0x0000000083100000|100%| O|  |TAMS 0x0000000083100000, 0x0000000083000000| Untracked 
|  49|0x0000000083100000, 0x0000000083200000, 0x0000000083200000|100%| O|  |TAMS 0x0000000083200000, 0x0000000083100000| Untracked 
|  50|0x0000000083200000, 0x0000000083300000, 0x0000000083300000|100%| O|  |TAMS 0x0000000083300000, 0x0000000083200000| Untracked 
|  51|0x0000000083300000, 0x0000000083400000, 0x0000000083400000|100%| O|  |TAMS 0x0000000083400000, 0x0000000083300000| Untracked 
|  52|0x0000000083400000, 0x0000000083500000, 0x0000000083500000|100%| O|  |TAMS 0x0000000083500000, 0x0000000083400000| Untracked 
|  53|0x0000000083500000, 0x0000000083600000, 0x0000000083600000|100%| O|  |TAMS 0x0000000083600000, 0x0000000083500000| Untracked 
|  54|0x0000000083600000, 0x0000000083700000, 0x0000000083700000|100%| O|  |TAMS 0x0000000083700000, 0x0000000083600000| Untracked 
|  55|0x0000000083700000, 0x0000000083800000, 0x0000000083800000|100%| O|  |TAMS 0x0000000083800000, 0x0000000083700000| Untracked 
|  56|0x0000000083800000, 0x0000000083900000, 0x0000000083900000|100%| O|  |TAMS 0x0000000083900000, 0x0000000083800000| Untracked 
|  57|0x0000000083900000, 0x0000000083a00000, 0x0000000083a00000|100%| O|  |TAMS 0x0000000083a00000, 0x0000000083900000| Untracked 
|  58|0x0000000083a00000, 0x0000000083b00000, 0x0000000083b00000|100%| O|  |TAMS 0x0000000083b00000, 0x0000000083a00000| Untracked 
|  59|0x0000000083b00000, 0x0000000083c00000, 0x0000000083c00000|100%| O|  |TAMS 0x0000000083c00000, 0x0000000083b00000| Untracked 
|  60|0x0000000083c00000, 0x0000000083d00000, 0x0000000083d00000|100%| O|  |TAMS 0x0000000083d00000, 0x0000000083c00000| Untracked 
|  61|0x0000000083d00000, 0x0000000083e00000, 0x0000000083e00000|100%| O|  |TAMS 0x0000000083e00000, 0x0000000083d00000| Untracked 
|  62|0x0000000083e00000, 0x0000000083f00000, 0x0000000083f00000|100%| O|  |TAMS 0x0000000083f00000, 0x0000000083e00000| Untracked 
|  63|0x0000000083f00000, 0x0000000084000000, 0x0000000084000000|100%| O|  |TAMS 0x0000000084000000, 0x0000000083f00000| Untracked 
|  64|0x0000000084000000, 0x0000000084100000, 0x0000000084100000|100%| O|  |TAMS 0x0000000084100000, 0x0000000084000000| Untracked 
|  65|0x0000000084100000, 0x0000000084200000, 0x0000000084200000|100%| O|  |TAMS 0x0000000084200000, 0x0000000084100000| Untracked 
|  66|0x0000000084200000, 0x0000000084300000, 0x0000000084300000|100%| O|  |TAMS 0x0000000084300000, 0x0000000084200000| Untracked 
|  67|0x0000000084300000, 0x0000000084400000, 0x0000000084400000|100%| O|  |TAMS 0x0000000084400000, 0x0000000084300000| Untracked 
|  68|0x0000000084400000, 0x0000000084500000, 0x0000000084500000|100%| O|  |TAMS 0x0000000084500000, 0x0000000084400000| Untracked 
|  69|0x0000000084500000, 0x0000000084600000, 0x0000000084600000|100%| O|  |TAMS 0x0000000084600000, 0x0000000084500000| Untracked 
|  70|0x0000000084600000, 0x0000000084700000, 0x0000000084700000|100%| O|  |TAMS 0x0000000084700000, 0x0000000084600000| Untracked 
|  71|0x0000000084700000, 0x0000000084800000, 0x0000000084800000|100%| O|  |TAMS 0x0000000084800000, 0x0000000084700000| Untracked 
|  72|0x0000000084800000, 0x0000000084900000, 0x0000000084900000|100%| O|  |TAMS 0x0000000084900000, 0x0000000084800000| Untracked 
|  73|0x0000000084900000, 0x0000000084a00000, 0x0000000084a00000|100%| O|  |TAMS 0x0000000084a00000, 0x0000000084900000| Untracked 
|  74|0x0000000084a00000, 0x0000000084b00000, 0x0000000084b00000|100%| O|  |TAMS 0x0000000084b00000, 0x0000000084a00000| Untracked 
|  75|0x0000000084b00000, 0x0000000084c00000, 0x0000000084c00000|100%| O|  |TAMS 0x0000000084c00000, 0x0000000084b00000| Untracked 
|  76|0x0000000084c00000, 0x0000000084d00000, 0x0000000084d00000|100%| O|  |TAMS 0x0000000084d00000, 0x0000000084c00000| Untracked 
|  77|0x0000000084d00000, 0x0000000084e00000, 0x0000000084e00000|100%| O|  |TAMS 0x0000000084e00000, 0x0000000084d00000| Untracked 
|  78|0x0000000084e00000, 0x0000000084f00000, 0x0000000084f00000|100%| O|  |TAMS 0x0000000084f00000, 0x0000000084e00000| Untracked 
|  79|0x0000000084f00000, 0x0000000085000000, 0x0000000085000000|100%| O|  |TAMS 0x0000000085000000, 0x0000000084f00000| Untracked 
|  80|0x0000000085000000, 0x0000000085100000, 0x0000000085100000|100%| O|  |TAMS 0x0000000085100000, 0x0000000085000000| Untracked 
|  81|0x0000000085100000, 0x0000000085200000, 0x0000000085200000|100%| O|  |TAMS 0x0000000085200000, 0x0000000085100000| Untracked 
|  82|0x0000000085200000, 0x0000000085300000, 0x0000000085300000|100%| O|  |TAMS 0x0000000085300000, 0x0000000085200000| Untracked 
|  83|0x0000000085300000, 0x0000000085400000, 0x0000000085400000|100%| O|  |TAMS 0x0000000085400000, 0x0000000085300000| Untracked 
|  84|0x0000000085400000, 0x0000000085500000, 0x0000000085500000|100%| O|  |TAMS 0x0000000085500000, 0x0000000085400000| Untracked 
|  85|0x0000000085500000, 0x0000000085600000, 0x0000000085600000|100%| O|  |TAMS 0x0000000085600000, 0x0000000085500000| Untracked 
|  86|0x0000000085600000, 0x0000000085700000, 0x0000000085700000|100%| O|  |TAMS 0x0000000085700000, 0x0000000085600000| Untracked 
|  87|0x0000000085700000, 0x0000000085800000, 0x0000000085800000|100%| O|  |TAMS 0x0000000085800000, 0x0000000085700000| Untracked 
|  88|0x0000000085800000, 0x0000000085900000, 0x0000000085900000|100%| O|  |TAMS 0x0000000085900000, 0x0000000085800000| Untracked 
|  89|0x0000000085900000, 0x0000000085a00000, 0x0000000085a00000|100%| O|  |TAMS 0x0000000085a00000, 0x0000000085900000| Untracked 
|  90|0x0000000085a00000, 0x0000000085b00000, 0x0000000085b00000|100%| O|  |TAMS 0x0000000085b00000, 0x0000000085a00000| Untracked 
|  91|0x0000000085b00000, 0x0000000085c00000, 0x0000000085c00000|100%| O|  |TAMS 0x0000000085c00000, 0x0000000085b00000| Untracked 
|  92|0x0000000085c00000, 0x0000000085d00000, 0x0000000085d00000|100%| O|  |TAMS 0x0000000085d00000, 0x0000000085c00000| Untracked 
|  93|0x0000000085d00000, 0x0000000085e00000, 0x0000000085e00000|100%|HS|  |TAMS 0x0000000085e00000, 0x0000000085d00000| Complete 
|  94|0x0000000085e00000, 0x0000000085f00000, 0x0000000085f00000|100%|HC|  |TAMS 0x0000000085f00000, 0x0000000085e00000| Complete 
|  95|0x0000000085f00000, 0x0000000086000000, 0x0000000086000000|100%| O|  |TAMS 0x0000000086000000, 0x0000000085f00000| Untracked 
|  96|0x0000000086000000, 0x0000000086100000, 0x0000000086100000|100%| O|  |TAMS 0x0000000086100000, 0x0000000086000000| Untracked 
|  97|0x0000000086100000, 0x0000000086200000, 0x0000000086200000|100%| O|  |TAMS 0x0000000086200000, 0x0000000086100000| Untracked 
|  98|0x0000000086200000, 0x0000000086300000, 0x0000000086300000|100%| O|  |TAMS 0x0000000086300000, 0x0000000086200000| Untracked 
|  99|0x0000000086300000, 0x0000000086400000, 0x0000000086400000|100%| O|  |TAMS 0x0000000086400000, 0x0000000086300000| Untracked 
| 100|0x0000000086400000, 0x0000000086500000, 0x0000000086500000|100%| O|  |TAMS 0x0000000086480000, 0x0000000086400000| Untracked 
| 101|0x0000000086500000, 0x0000000086600000, 0x0000000086600000|100%| O|  |TAMS 0x0000000086500000, 0x0000000086500000| Untracked 
| 102|0x0000000086600000, 0x0000000086700000, 0x0000000086700000|100%| O|  |TAMS 0x0000000086600000, 0x0000000086600000| Untracked 
| 103|0x0000000086700000, 0x0000000086800000, 0x0000000086800000|100%| O|  |TAMS 0x0000000086800000, 0x0000000086700000| Untracked 
| 104|0x0000000086800000, 0x0000000086900000, 0x0000000086900000|100%| O|  |TAMS 0x0000000086900000, 0x0000000086800000| Untracked 
| 105|0x0000000086900000, 0x0000000086a00000, 0x0000000086a00000|100%| O|  |TAMS 0x0000000086a00000, 0x0000000086900000| Untracked 
| 106|0x0000000086a00000, 0x0000000086b00000, 0x0000000086b00000|100%| O|  |TAMS 0x0000000086b00000, 0x0000000086a00000| Untracked 
| 107|0x0000000086b00000, 0x0000000086c00000, 0x0000000086c00000|100%| O|  |TAMS 0x0000000086b00000, 0x0000000086b00000| Untracked 
| 108|0x0000000086c00000, 0x0000000086d00000, 0x0000000086d00000|100%| O|  |TAMS 0x0000000086c00000, 0x0000000086c00000| Untracked 
| 109|0x0000000086d00000, 0x0000000086e00000, 0x0000000086e00000|100%| O|  |TAMS 0x0000000086d00000, 0x0000000086d00000| Untracked 
| 110|0x0000000086e00000, 0x0000000086f00000, 0x0000000086f00000|100%| O|  |TAMS 0x0000000086e00000, 0x0000000086e00000| Untracked 
| 111|0x0000000086f00000, 0x0000000087000000, 0x0000000087000000|100%| O|  |TAMS 0x0000000087000000, 0x0000000086f00000| Untracked 
| 112|0x0000000087000000, 0x0000000087100000, 0x0000000087100000|100%| O|  |TAMS 0x0000000087100000, 0x0000000087000000| Untracked 
| 113|0x0000000087100000, 0x0000000087100000, 0x0000000087200000|  0%| F|  |TAMS 0x0000000087100000, 0x0000000087100000| Untracked 
| 114|0x0000000087200000, 0x0000000087300000, 0x0000000087300000|100%| O|  |TAMS 0x0000000087300000, 0x0000000087200000| Untracked 
| 115|0x0000000087300000, 0x0000000087300000, 0x0000000087400000|  0%| F|  |TAMS 0x0000000087300000, 0x0000000087300000| Untracked 
| 116|0x0000000087400000, 0x0000000087500000, 0x0000000087500000|100%| O|  |TAMS 0x0000000087400000, 0x0000000087400000| Untracked 
| 117|0x0000000087500000, 0x0000000087600000, 0x0000000087600000|100%| O|  |TAMS 0x0000000087500000, 0x0000000087500000| Untracked 
| 118|0x0000000087600000, 0x0000000087700000, 0x0000000087700000|100%| O|  |TAMS 0x0000000087600000, 0x0000000087600000| Untracked 
| 119|0x0000000087700000, 0x0000000087800000, 0x0000000087800000|100%| O|  |TAMS 0x0000000087700000, 0x0000000087700000| Untracked 
| 120|0x0000000087800000, 0x0000000087900000, 0x0000000087900000|100%| O|  |TAMS 0x0000000087800000, 0x0000000087800000| Untracked 
| 121|0x0000000087900000, 0x0000000087a00000, 0x0000000087a00000|100%| O|  |TAMS 0x0000000087900000, 0x0000000087900000| Untracked 
| 122|0x0000000087a00000, 0x0000000087b00000, 0x0000000087b00000|100%| O|  |TAMS 0x0000000087a00000, 0x0000000087a00000| Untracked 
| 123|0x0000000087b00000, 0x0000000087b00000, 0x0000000087c00000|  0%| F|  |TAMS 0x0000000087b00000, 0x0000000087b00000| Untracked 
| 124|0x0000000087c00000, 0x0000000087c82000, 0x0000000087d00000| 50%| O|  |TAMS 0x0000000087c00000, 0x0000000087c00000| Untracked 
| 125|0x0000000087d00000, 0x0000000087d00000, 0x0000000087e00000|  0%| F|  |TAMS 0x0000000087d00000, 0x0000000087d00000| Untracked 
| 126|0x0000000087e00000, 0x0000000087e00000, 0x0000000087f00000|  0%| F|  |TAMS 0x0000000087e00000, 0x0000000087e00000| Untracked 
| 127|0x0000000087f00000, 0x0000000087f00000, 0x0000000088000000|  0%| F|  |TAMS 0x0000000087f00000, 0x0000000087f00000| Untracked 
| 128|0x0000000088000000, 0x0000000088000000, 0x0000000088100000|  0%| F|  |TAMS 0x0000000088000000, 0x0000000088000000| Untracked 
| 129|0x0000000088100000, 0x0000000088100000, 0x0000000088200000|  0%| F|  |TAMS 0x0000000088100000, 0x0000000088100000| Untracked 
| 130|0x0000000088200000, 0x0000000088200000, 0x0000000088300000|  0%| F|  |TAMS 0x0000000088200000, 0x0000000088200000| Untracked 
| 131|0x0000000088300000, 0x0000000088300000, 0x0000000088400000|  0%| F|  |TAMS 0x0000000088300000, 0x0000000088300000| Untracked 
| 132|0x0000000088400000, 0x0000000088400000, 0x0000000088500000|  0%| F|  |TAMS 0x0000000088400000, 0x0000000088400000| Untracked 
| 133|0x0000000088500000, 0x0000000088500000, 0x0000000088600000|  0%| F|  |TAMS 0x0000000088500000, 0x0000000088500000| Untracked 
| 134|0x0000000088600000, 0x0000000088600000, 0x0000000088700000|  0%| F|  |TAMS 0x0000000088600000, 0x0000000088600000| Untracked 
| 135|0x0000000088700000, 0x0000000088700000, 0x0000000088800000|  0%| F|  |TAMS 0x0000000088700000, 0x0000000088700000| Untracked 
| 136|0x0000000088800000, 0x0000000088800000, 0x0000000088900000|  0%| F|  |TAMS 0x0000000088800000, 0x0000000088800000| Untracked 
| 137|0x0000000088900000, 0x0000000088900000, 0x0000000088a00000|  0%| F|  |TAMS 0x0000000088900000, 0x0000000088900000| Untracked 
| 138|0x0000000088a00000, 0x0000000088a00000, 0x0000000088b00000|  0%| F|  |TAMS 0x0000000088a00000, 0x0000000088a00000| Untracked 
| 139|0x0000000088b00000, 0x0000000088b00000, 0x0000000088c00000|  0%| F|  |TAMS 0x0000000088b00000, 0x0000000088b00000| Untracked 
| 140|0x0000000088c00000, 0x0000000088c00000, 0x0000000088d00000|  0%| F|  |TAMS 0x0000000088c00000, 0x0000000088c00000| Untracked 
| 141|0x0000000088d00000, 0x0000000088d00000, 0x0000000088e00000|  0%| F|  |TAMS 0x0000000088d00000, 0x0000000088d00000| Untracked 
| 142|0x0000000088e00000, 0x0000000088e00000, 0x0000000088f00000|  0%| F|  |TAMS 0x0000000088e00000, 0x0000000088e00000| Untracked 
| 143|0x0000000088f00000, 0x0000000088f00000, 0x0000000089000000|  0%| F|  |TAMS 0x0000000088f00000, 0x0000000088f00000| Untracked 
| 144|0x0000000089000000, 0x0000000089000000, 0x0000000089100000|  0%| F|  |TAMS 0x0000000089000000, 0x0000000089000000| Untracked 
| 145|0x0000000089100000, 0x0000000089100000, 0x0000000089200000|  0%| F|  |TAMS 0x0000000089100000, 0x0000000089100000| Untracked 
| 146|0x0000000089200000, 0x0000000089200000, 0x0000000089300000|  0%| F|  |TAMS 0x0000000089200000, 0x0000000089200000| Untracked 
| 147|0x0000000089300000, 0x0000000089300000, 0x0000000089400000|  0%| F|  |TAMS 0x0000000089300000, 0x0000000089300000| Untracked 
| 148|0x0000000089400000, 0x0000000089400000, 0x0000000089500000|  0%| F|  |TAMS 0x0000000089400000, 0x0000000089400000| Untracked 
| 149|0x0000000089500000, 0x0000000089500000, 0x0000000089600000|  0%| F|  |TAMS 0x0000000089500000, 0x0000000089500000| Untracked 
| 150|0x0000000089600000, 0x0000000089600000, 0x0000000089700000|  0%| F|  |TAMS 0x0000000089600000, 0x0000000089600000| Untracked 
| 151|0x0000000089700000, 0x0000000089700000, 0x0000000089800000|  0%| F|  |TAMS 0x0000000089700000, 0x0000000089700000| Untracked 
| 152|0x0000000089800000, 0x0000000089800000, 0x0000000089900000|  0%| F|  |TAMS 0x0000000089800000, 0x0000000089800000| Untracked 
| 153|0x0000000089900000, 0x0000000089900000, 0x0000000089a00000|  0%| F|  |TAMS 0x0000000089900000, 0x0000000089900000| Untracked 
| 154|0x0000000089a00000, 0x0000000089a00000, 0x0000000089b00000|  0%| F|  |TAMS 0x0000000089a00000, 0x0000000089a00000| Untracked 
| 155|0x0000000089b00000, 0x0000000089b00000, 0x0000000089c00000|  0%| F|  |TAMS 0x0000000089b00000, 0x0000000089b00000| Untracked 
| 156|0x0000000089c00000, 0x0000000089c00000, 0x0000000089d00000|  0%| F|  |TAMS 0x0000000089c00000, 0x0000000089c00000| Untracked 
| 157|0x0000000089d00000, 0x0000000089d00000, 0x0000000089e00000|  0%| F|  |TAMS 0x0000000089d00000, 0x0000000089d00000| Untracked 
| 158|0x0000000089e00000, 0x0000000089e00000, 0x0000000089f00000|  0%| F|  |TAMS 0x0000000089e00000, 0x0000000089e00000| Untracked 
| 159|0x0000000089f00000, 0x0000000089fea300, 0x000000008a000000| 91%| S|CS|TAMS 0x0000000089f00000, 0x0000000089f00000| Complete 
| 160|0x000000008a000000, 0x000000008a100000, 0x000000008a100000|100%| S|CS|TAMS 0x000000008a000000, 0x000000008a000000| Complete 
| 161|0x000000008a100000, 0x000000008a200000, 0x000000008a200000|100%| S|CS|TAMS 0x000000008a100000, 0x000000008a100000| Complete 
| 162|0x000000008a200000, 0x000000008a300000, 0x000000008a300000|100%| S|CS|TAMS 0x000000008a200000, 0x000000008a200000| Complete 
| 163|0x000000008a300000, 0x000000008a300000, 0x000000008a400000|  0%| F|  |TAMS 0x000000008a300000, 0x000000008a300000| Untracked 
| 164|0x000000008a400000, 0x000000008a400000, 0x000000008a500000|  0%| F|  |TAMS 0x000000008a400000, 0x000000008a400000| Untracked 
| 165|0x000000008a500000, 0x000000008a500000, 0x000000008a600000|  0%| F|  |TAMS 0x000000008a500000, 0x000000008a500000| Untracked 
| 166|0x000000008a600000, 0x000000008a600000, 0x000000008a700000|  0%| F|  |TAMS 0x000000008a600000, 0x000000008a600000| Untracked 
| 167|0x000000008a700000, 0x000000008a700000, 0x000000008a800000|  0%| F|  |TAMS 0x000000008a700000, 0x000000008a700000| Untracked 
| 168|0x000000008a800000, 0x000000008a800000, 0x000000008a900000|  0%| F|  |TAMS 0x000000008a800000, 0x000000008a800000| Untracked 
| 169|0x000000008a900000, 0x000000008a900000, 0x000000008aa00000|  0%| F|  |TAMS 0x000000008a900000, 0x000000008a900000| Untracked 
| 170|0x000000008aa00000, 0x000000008aa00000, 0x000000008ab00000|  0%| F|  |TAMS 0x000000008aa00000, 0x000000008aa00000| Untracked 
| 171|0x000000008ab00000, 0x000000008ab00000, 0x000000008ac00000|  0%| F|  |TAMS 0x000000008ab00000, 0x000000008ab00000| Untracked 
| 172|0x000000008ac00000, 0x000000008ac00000, 0x000000008ad00000|  0%| F|  |TAMS 0x000000008ac00000, 0x000000008ac00000| Untracked 
| 173|0x000000008ad00000, 0x000000008ad00000, 0x000000008ae00000|  0%| F|  |TAMS 0x000000008ad00000, 0x000000008ad00000| Untracked 
| 174|0x000000008ae00000, 0x000000008ae00000, 0x000000008af00000|  0%| F|  |TAMS 0x000000008ae00000, 0x000000008ae00000| Untracked 
| 175|0x000000008af00000, 0x000000008af00000, 0x000000008b000000|  0%| F|  |TAMS 0x000000008af00000, 0x000000008af00000| Untracked 
| 176|0x000000008b000000, 0x000000008b000000, 0x000000008b100000|  0%| F|  |TAMS 0x000000008b000000, 0x000000008b000000| Untracked 
| 177|0x000000008b100000, 0x000000008b100000, 0x000000008b200000|  0%| F|  |TAMS 0x000000008b100000, 0x000000008b100000| Untracked 
| 178|0x000000008b200000, 0x000000008b200000, 0x000000008b300000|  0%| F|  |TAMS 0x000000008b200000, 0x000000008b200000| Untracked 
| 179|0x000000008b300000, 0x000000008b300000, 0x000000008b400000|  0%| F|  |TAMS 0x000000008b300000, 0x000000008b300000| Untracked 
| 180|0x000000008b400000, 0x000000008b400000, 0x000000008b500000|  0%| F|  |TAMS 0x000000008b400000, 0x000000008b400000| Untracked 
| 181|0x000000008b500000, 0x000000008b500000, 0x000000008b600000|  0%| F|  |TAMS 0x000000008b500000, 0x000000008b500000| Untracked 
| 182|0x000000008b600000, 0x000000008b600000, 0x000000008b700000|  0%| F|  |TAMS 0x000000008b600000, 0x000000008b600000| Untracked 
| 183|0x000000008b700000, 0x000000008b700000, 0x000000008b800000|  0%| F|  |TAMS 0x000000008b700000, 0x000000008b700000| Untracked 
| 184|0x000000008b800000, 0x000000008b800000, 0x000000008b900000|  0%| F|  |TAMS 0x000000008b800000, 0x000000008b800000| Untracked 
| 185|0x000000008b900000, 0x000000008b900000, 0x000000008ba00000|  0%| F|  |TAMS 0x000000008b900000, 0x000000008b900000| Untracked 
| 186|0x000000008ba00000, 0x000000008ba00000, 0x000000008bb00000|  0%| F|  |TAMS 0x000000008ba00000, 0x000000008ba00000| Untracked 
| 187|0x000000008bb00000, 0x000000008bb00000, 0x000000008bc00000|  0%| F|  |TAMS 0x000000008bb00000, 0x000000008bb00000| Untracked 
| 188|0x000000008bc00000, 0x000000008bc00000, 0x000000008bd00000|  0%| F|  |TAMS 0x000000008bc00000, 0x000000008bc00000| Untracked 
| 189|0x000000008bd00000, 0x000000008bd00000, 0x000000008be00000|  0%| F|  |TAMS 0x000000008bd00000, 0x000000008bd00000| Untracked 
| 190|0x000000008be00000, 0x000000008be00000, 0x000000008bf00000|  0%| F|  |TAMS 0x000000008be00000, 0x000000008be00000| Untracked 
| 191|0x000000008bf00000, 0x000000008bf00000, 0x000000008c000000|  0%| F|  |TAMS 0x000000008bf00000, 0x000000008bf00000| Untracked 
| 192|0x000000008c000000, 0x000000008c000000, 0x000000008c100000|  0%| F|  |TAMS 0x000000008c000000, 0x000000008c000000| Untracked 
| 193|0x000000008c100000, 0x000000008c100000, 0x000000008c200000|  0%| F|  |TAMS 0x000000008c100000, 0x000000008c100000| Untracked 
| 194|0x000000008c200000, 0x000000008c200000, 0x000000008c300000|  0%| F|  |TAMS 0x000000008c200000, 0x000000008c200000| Untracked 
| 195|0x000000008c300000, 0x000000008c300000, 0x000000008c400000|  0%| F|  |TAMS 0x000000008c300000, 0x000000008c300000| Untracked 
| 196|0x000000008c400000, 0x000000008c400000, 0x000000008c500000|  0%| F|  |TAMS 0x000000008c400000, 0x000000008c400000| Untracked 
| 197|0x000000008c500000, 0x000000008c500000, 0x000000008c600000|  0%| F|  |TAMS 0x000000008c500000, 0x000000008c500000| Untracked 
| 198|0x000000008c600000, 0x000000008c600000, 0x000000008c700000|  0%| F|  |TAMS 0x000000008c600000, 0x000000008c600000| Untracked 
| 199|0x000000008c700000, 0x000000008c700000, 0x000000008c800000|  0%| F|  |TAMS 0x000000008c700000, 0x000000008c700000| Untracked 
| 200|0x000000008c800000, 0x000000008c800000, 0x000000008c900000|  0%| F|  |TAMS 0x000000008c800000, 0x000000008c800000| Untracked 
| 201|0x000000008c900000, 0x000000008c900000, 0x000000008ca00000|  0%| F|  |TAMS 0x000000008c900000, 0x000000008c900000| Untracked 
| 202|0x000000008ca00000, 0x000000008ca00000, 0x000000008cb00000|  0%| F|  |TAMS 0x000000008ca00000, 0x000000008ca00000| Untracked 
| 203|0x000000008cb00000, 0x000000008cb00000, 0x000000008cc00000|  0%| F|  |TAMS 0x000000008cb00000, 0x000000008cb00000| Untracked 
| 204|0x000000008cc00000, 0x000000008cc00000, 0x000000008cd00000|  0%| F|  |TAMS 0x000000008cc00000, 0x000000008cc00000| Untracked 
| 205|0x000000008cd00000, 0x000000008cd00000, 0x000000008ce00000|  0%| F|  |TAMS 0x000000008cd00000, 0x000000008cd00000| Untracked 
| 206|0x000000008ce00000, 0x000000008ce00000, 0x000000008cf00000|  0%| F|  |TAMS 0x000000008ce00000, 0x000000008ce00000| Untracked 
| 207|0x000000008cf00000, 0x000000008cf00000, 0x000000008d000000|  0%| F|  |TAMS 0x000000008cf00000, 0x000000008cf00000| Untracked 
| 208|0x000000008d000000, 0x000000008d000000, 0x000000008d100000|  0%| F|  |TAMS 0x000000008d000000, 0x000000008d000000| Untracked 
| 209|0x000000008d100000, 0x000000008d100000, 0x000000008d200000|  0%| F|  |TAMS 0x000000008d100000, 0x000000008d100000| Untracked 
|2043|0x00000000ffb00000, 0x00000000ffc00000, 0x00000000ffc00000|100%| O|  |TAMS 0x00000000ffc00000, 0x00000000ffb00000| Untracked 
|2044|0x00000000ffc00000, 0x00000000ffc00000, 0x00000000ffd00000|  0%| F|  |TAMS 0x00000000ffc00000, 0x00000000ffc00000| Untracked 
|2045|0x00000000ffd00000, 0x00000000ffe00000, 0x00000000ffe00000|100%| O|  |TAMS 0x00000000ffe00000, 0x00000000ffd00000| Untracked 
|2046|0x00000000ffe00000, 0x00000000fff00000, 0x00000000fff00000|100%| O|  |TAMS 0x00000000fff00000, 0x00000000ffe00000| Untracked 
|2047|0x00000000fff00000, 0x0000000100000000, 0x0000000100000000|100%| O|  |TAMS 0x0000000100000000, 0x00000000fff00000| Untracked 

Card table byte_map: [0x000001e2f7310000,0x000001e2f7710000] _byte_map_base: 0x000001e2f6f10000

Marking Bits (Prev, Next): (CMBitMap*) 0x000001e2e4a974b0, (CMBitMap*) 0x000001e2e4a974f0
 Prev Bits: [0x000001e2f7b10000, 0x000001e2f9b10000)
 Next Bits: [0x000001e2f9b10000, 0x000001e2fbb10000)

Polling page: 0x000001e2e2990000

Metaspace:

Usage:
  Non-class:     89.68 MB used.
      Class:     13.78 MB used.
       Both:    103.45 MB used.

Virtual space:
  Non-class space:       96.00 MB reserved,      90.06 MB ( 94%) committed,  12 nodes.
      Class space:        1.00 GB reserved,      14.12 MB (  1%) committed,  1 nodes.
             Both:        1.09 GB reserved,     104.19 MB (  9%) committed. 

Chunk freelists:
   Non-Class:  1.04 MB
       Class:  1.90 MB
        Both:  2.93 MB

MaxMetaspaceSize: unlimited
CompressedClassSpaceSize: 1.00 GB
Initial GC threshold: 21.00 MB
Current GC threshold: 169.50 MB
CDS: off
MetaspaceReclaimPolicy: balanced
 - commit_granule_bytes: 65536.
 - commit_granule_words: 8192.
 - virtual_space_node_default_size: 1048576.
 - enlarge_chunks_in_place: 1.
 - new_chunks_are_fully_committed: 0.
 - uncommit_free_chunks: 1.
 - use_allocation_guard: 0.
 - handle_deallocations: 1.


Internal statistics:

num_allocs_failed_limit: 9.
num_arena_births: 1202.
num_arena_deaths: 6.
num_vsnodes_births: 13.
num_vsnodes_deaths: 0.
num_space_committed: 1665.
num_space_uncommitted: 0.
num_chunks_returned_to_freelist: 17.
num_chunks_taken_from_freelist: 5184.
num_chunk_merges: 9.
num_chunk_splits: 3441.
num_chunks_enlarged: 2312.
num_purges: 2.
num_inconsistent_stats: 0.

CodeHeap 'non-profiled nmethods': size=120000Kb used=5658Kb max_used=5658Kb free=114341Kb
 bounds [0x000001e2ef9e0000, 0x000001e2eff70000, 0x000001e2f6f10000]
CodeHeap 'profiled nmethods': size=120000Kb used=22904Kb max_used=22904Kb free=97096Kb
 bounds [0x000001e2e7f10000, 0x000001e2e9570000, 0x000001e2ef440000]
CodeHeap 'non-nmethods': size=5760Kb used=2408Kb max_used=2454Kb free=3351Kb
 bounds [0x000001e2ef440000, 0x000001e2ef6c0000, 0x000001e2ef9e0000]
 total_blobs=12624 nmethods=11674 adapters=862
 compilation: enabled
              stopped_count=0, restarted_count=0
 full_count=0

Compilation events (20 events):
Event: 46.336 Thread 0x000001e2fe03ea60 13568   !   2       jdk.internal.reflect.GeneratedSerializationConstructorAccessor80::newInstance (49 bytes)
Event: 46.337 Thread 0x000001e2fe03ea60 nmethod 13568 0x000001e2e9567b90 code [0x000001e2e9567d60, 0x000001e2e9568068]
Event: 46.337 Thread 0x000001e2fe03ea60 13569       2       java.util.LinkedHashMap::reinitialize (15 bytes)
Event: 46.337 Thread 0x000001e2fe03ea60 nmethod 13569 0x000001e2e9568290 code [0x000001e2e9568420, 0x000001e2e95685a8]
Event: 46.337 Thread 0x000001e2fe03ea60 13571       2       java.lang.Math::max (46 bytes)
Event: 46.337 Thread 0x000001e2fe03ea60 nmethod 13571 0x000001e2e9568690 code [0x000001e2e9568820, 0x000001e2e9568a38]
Event: 46.337 Thread 0x000001e2fe03ea60 13572       2       java.util.HashMap$UnsafeHolder::putLoadFactor (12 bytes)
Event: 46.337 Thread 0x000001e2fe03ea60 nmethod 13572 0x000001e2e9568b10 code [0x000001e2e9568ca0, 0x000001e2e9568d98]
Event: 46.338 Thread 0x000001e2fe03ea60 13573       2       java.io.ObjectInputStream::checkArray (37 bytes)
Event: 46.338 Thread 0x000001e2fe03ea60 nmethod 13573 0x000001e2e9568e10 code [0x000001e2e9568fe0, 0x000001e2e9569258]
Event: 46.339 Thread 0x000001e2fe03ea60 13574 %     3       java.util.HashMap::readObject @ 244 (286 bytes)
Event: 46.342 Thread 0x000001e2fe03ea60 nmethod 13574% 0x000001e2e9569410 code [0x000001e2e9569920, 0x000001e2e956bbe8]
Event: 46.344 Thread 0x000001e2fe03ea60 13575   !   2       jdk.internal.reflect.GeneratedMethodAccessor41::invoke (66 bytes)
Event: 46.345 Thread 0x000001e2fe03ea60 nmethod 13575 0x000001e2e956ca10 code [0x000001e2e956cc20, 0x000001e2e956d0f8]
Event: 46.347 Thread 0x000001e2fe03ea60 13576       2       com.sun.org.apache.xerces.internal.util.XMLResourceIdentifierImpl::<init> (5 bytes)
Event: 46.348 Thread 0x000001e2fe03ea60 nmethod 13576 0x000001e2e956d490 code [0x000001e2e956d620, 0x000001e2e956d718]
Event: 46.348 Thread 0x000001e2fe03ea60 13577       2       com.sun.org.apache.xerces.internal.utils.XMLSecurityPropertyManager$Property::values (10 bytes)
Event: 46.348 Thread 0x000001e2fe03ea60 nmethod 13577 0x000001e2e956d790 code [0x000001e2e956d940, 0x000001e2e956da88]
Event: 46.348 Thread 0x000001e2fe03ea60 13578       2       com.sun.org.apache.xerces.internal.util.XMLResourceIdentifierImpl::setValues (28 bytes)
Event: 46.349 Thread 0x000001e2fe03ea60 nmethod 13578 0x000001e2e956db10 code [0x000001e2e956dcc0, 0x000001e2e956df98]

GC Heap History (20 events):
Event: 27.973 GC heap after
{Heap after GC invocations=39 (full 0):
 garbage-first heap   total 175104K, used 71865K [0x0000000080000000, 0x0000000100000000)
  region size 1024K, 6 young (6144K), 6 survivors (6144K)
 Metaspace       used 85352K, committed 85952K, reserved 1130496K
  class space    used 11626K, committed 11904K, reserved 1048576K
}
Event: 29.978 GC heap before
{Heap before GC invocations=39 (full 0):
 garbage-first heap   total 175104K, used 138425K [0x0000000080000000, 0x0000000100000000)
  region size 1024K, 71 young (72704K), 6 survivors (6144K)
 Metaspace       used 92591K, committed 93184K, reserved 1130496K
  class space    used 12642K, committed 12928K, reserved 1048576K
}
Event: 30.005 GC heap after
{Heap after GC invocations=40 (full 0):
 garbage-first heap   total 175104K, used 76786K [0x0000000080000000, 0x0000000100000000)
  region size 1024K, 9 young (9216K), 9 survivors (9216K)
 Metaspace       used 92591K, committed 93184K, reserved 1130496K
  class space    used 12642K, committed 12928K, reserved 1048576K
}
Event: 31.260 GC heap before
{Heap before GC invocations=40 (full 0):
 garbage-first heap   total 175104K, used 141298K [0x0000000080000000, 0x0000000100000000)
  region size 1024K, 72 young (73728K), 9 survivors (9216K)
 Metaspace       used 94260K, committed 94912K, reserved 1138688K
  class space    used 12897K, committed 13184K, reserved 1048576K
}
Event: 31.308 GC heap after
{Heap after GC invocations=41 (full 0):
 garbage-first heap   total 175104K, used 86160K [0x0000000080000000, 0x0000000100000000)
  region size 1024K, 9 young (9216K), 9 survivors (9216K)
 Metaspace       used 94260K, committed 94912K, reserved 1138688K
  class space    used 12897K, committed 13184K, reserved 1048576K
}
Event: 33.392 GC heap before
{Heap before GC invocations=41 (full 0):
 garbage-first heap   total 175104K, used 139408K [0x0000000080000000, 0x0000000100000000)
  region size 1024K, 61 young (62464K), 9 survivors (9216K)
 Metaspace       used 96568K, committed 97280K, reserved 1138688K
  class space    used 13183K, committed 13504K, reserved 1048576K
}
Event: 33.441 GC heap after
{Heap after GC invocations=42 (full 0):
 garbage-first heap   total 175104K, used 90959K [0x0000000080000000, 0x0000000100000000)
  region size 1024K, 5 young (5120K), 5 survivors (5120K)
 Metaspace       used 96568K, committed 97280K, reserved 1138688K
  class space    used 13183K, committed 13504K, reserved 1048576K
}
Event: 37.605 GC heap before
{Heap before GC invocations=42 (full 0):
 garbage-first heap   total 175104K, used 141135K [0x0000000080000000, 0x0000000100000000)
  region size 1024K, 55 young (56320K), 5 survivors (5120K)
 Metaspace       used 99871K, committed 100736K, reserved 1138688K
  class space    used 13583K, committed 14016K, reserved 1048576K
}
Event: 37.643 GC heap after
{Heap after GC invocations=43 (full 0):
 garbage-first heap   total 218112K, used 96148K [0x0000000080000000, 0x0000000100000000)
  region size 1024K, 6 young (6144K), 6 survivors (6144K)
 Metaspace       used 99871K, committed 100736K, reserved 1138688K
  class space    used 13583K, committed 14016K, reserved 1048576K
}
Event: 42.226 GC heap before
{Heap before GC invocations=44 (full 0):
 garbage-first heap   total 218112K, used 189332K [0x0000000080000000, 0x0000000100000000)
  region size 1024K, 81 young (82944K), 6 survivors (6144K)
 Metaspace       used 100671K, committed 101440K, reserved 1138688K
  class space    used 13650K, committed 14016K, reserved 1048576K
}
Event: 42.290 GC heap after
{Heap after GC invocations=45 (full 0):
 garbage-first heap   total 220160K, used 121815K [0x0000000080000000, 0x0000000100000000)
  region size 1024K, 11 young (11264K), 11 survivors (11264K)
 Metaspace       used 100671K, committed 101440K, reserved 1138688K
  class space    used 13650K, committed 14016K, reserved 1048576K
}
Event: 42.333 GC heap before
{Heap before GC invocations=45 (full 0):
 garbage-first heap   total 220160K, used 122839K [0x0000000080000000, 0x0000000100000000)
  region size 1024K, 12 young (12288K), 11 survivors (11264K)
 Metaspace       used 100674K, committed 101440K, reserved 1138688K
  class space    used 13650K, committed 14016K, reserved 1048576K
}
Event: 42.365 GC heap after
{Heap after GC invocations=46 (full 0):
 garbage-first heap   total 220160K, used 123392K [0x0000000080000000, 0x0000000100000000)
  region size 1024K, 1 young (1024K), 1 survivors (1024K)
 Metaspace       used 100674K, committed 101440K, reserved 1138688K
  class space    used 13650K, committed 14016K, reserved 1048576K
}
Event: 43.660 GC heap before
{Heap before GC invocations=46 (full 0):
 garbage-first heap   total 220160K, used 192000K [0x0000000080000000, 0x0000000100000000)
  region size 1024K, 52 young (53248K), 1 survivors (1024K)
 Metaspace       used 102702K, committed 103488K, reserved 1138688K
  class space    used 13816K, committed 14208K, reserved 1048576K
}
Event: 43.687 GC heap after
{Heap after GC invocations=47 (full 0):
 garbage-first heap   total 220160K, used 128747K [0x0000000080000000, 0x0000000100000000)
  region size 1024K, 7 young (7168K), 7 survivors (7168K)
 Metaspace       used 102702K, committed 103488K, reserved 1138688K
  class space    used 13816K, committed 14208K, reserved 1048576K
}
Event: 45.720 GC heap before
{Heap before GC invocations=48 (full 0):
 garbage-first heap   total 220160K, used 170731K [0x0000000080000000, 0x0000000100000000)
  region size 1024K, 54 young (55296K), 7 survivors (7168K)
 Metaspace       used 105237K, committed 106048K, reserved 1146880K
  class space    used 14038K, committed 14400K, reserved 1048576K
}
Event: 45.751 GC heap after
{Heap after GC invocations=49 (full 0):
 garbage-first heap   total 220160K, used 131533K [0x0000000080000000, 0x0000000100000000)
  region size 1024K, 7 young (7168K), 7 survivors (7168K)
 Metaspace       used 105237K, committed 106048K, reserved 1146880K
  class space    used 14038K, committed 14400K, reserved 1048576K
}
Event: 45.784 GC heap before
{Heap before GC invocations=49 (full 0):
 garbage-first heap   total 220160K, used 134605K [0x0000000080000000, 0x0000000100000000)
  region size 1024K, 10 young (10240K), 7 survivors (7168K)
 Metaspace       used 105276K, committed 106048K, reserved 1146880K
  class space    used 14041K, committed 14400K, reserved 1048576K
}
Event: 45.799 GC heap after
{Heap after GC invocations=50 (full 0):
 garbage-first heap   total 220160K, used 130522K [0x0000000080000000, 0x0000000100000000)
  region size 1024K, 2 young (2048K), 2 survivors (2048K)
 Metaspace       used 105276K, committed 106048K, reserved 1146880K
  class space    used 14041K, committed 14400K, reserved 1048576K
}
Event: 46.350 GC heap before
{Heap before GC invocations=50 (full 0):
 garbage-first heap   total 220160K, used 176602K [0x0000000080000000, 0x0000000100000000)
  region size 1024K, 48 young (49152K), 2 survivors (2048K)
 Metaspace       used 105933K, committed 106688K, reserved 1146880K
  class space    used 14106K, committed 14464K, reserved 1048576K
}

Dll operation events (2 events):
Event: 0.057 Loaded shared library C:\Program Files\Android\Android Studio\jbr\bin\java.dll
Event: 1.774 Loaded shared library C:\Program Files\Android\Android Studio\jbr\bin\verify.dll

Deoptimization events (20 events):
Event: 46.279 Thread 0x000001e2837104c0 DEOPT PACKING pc=0x000001e2eff53848 sp=0x0000006698cfd4c0
Event: 46.279 Thread 0x000001e2837104c0 DEOPT UNPACKING pc=0x000001e2ef4969a3 sp=0x0000006698cfd3d8 mode 2
Event: 46.298 Thread 0x000001e2837104c0 DEOPT PACKING pc=0x000001e2e91aa9d9 sp=0x0000006698cfc620
Event: 46.298 Thread 0x000001e2837104c0 DEOPT UNPACKING pc=0x000001e2ef497143 sp=0x0000006698cfbb10 mode 0
Event: 46.298 Thread 0x000001e2837104c0 DEOPT PACKING pc=0x000001e2e85343ce sp=0x0000006698cfc650
Event: 46.298 Thread 0x000001e2837104c0 DEOPT UNPACKING pc=0x000001e2ef497143 sp=0x0000006698cfbb18 mode 0
Event: 46.298 Thread 0x000001e2837104c0 Uncommon trap: trap_request=0xffffff45 fr.pc=0x000001e2efa9bd20 relative=0x00000000000000a0
Event: 46.299 Thread 0x000001e2837104c0 Uncommon trap: reason=unstable_if action=reinterpret pc=0x000001e2efa9bd20 method=java.nio.Buffer.position(I)Ljava/nio/Buffer; @ 37 c2
Event: 46.299 Thread 0x000001e2837104c0 DEOPT PACKING pc=0x000001e2efa9bd20 sp=0x0000006698cfc340
Event: 46.299 Thread 0x000001e2837104c0 DEOPT UNPACKING pc=0x000001e2ef4969a3 sp=0x0000006698cfc2c8 mode 2
Event: 46.299 Thread 0x000001e2837104c0 DEOPT PACKING pc=0x000001e2e91aa9d9 sp=0x0000006698cfc620
Event: 46.299 Thread 0x000001e2837104c0 DEOPT UNPACKING pc=0x000001e2ef497143 sp=0x0000006698cfbb10 mode 0
Event: 46.299 Thread 0x000001e2837104c0 DEOPT PACKING pc=0x000001e2e85343ce sp=0x0000006698cfc650
Event: 46.299 Thread 0x000001e2837104c0 DEOPT UNPACKING pc=0x000001e2ef497143 sp=0x0000006698cfbb18 mode 0
Event: 46.299 Thread 0x000001e2837104c0 DEOPT PACKING pc=0x000001e2e91aa9d9 sp=0x0000006698cfc620
Event: 46.299 Thread 0x000001e2837104c0 DEOPT UNPACKING pc=0x000001e2ef497143 sp=0x0000006698cfbb10 mode 0
Event: 46.300 Thread 0x000001e286130040 Uncommon trap: trap_request=0xffffff45 fr.pc=0x000001e2efb3272c relative=0x000000000000040c
Event: 46.300 Thread 0x000001e286130040 Uncommon trap: reason=unstable_if action=reinterpret pc=0x000001e2efb3272c method=com.sun.org.apache.xerces.internal.util.SymbolTable.addSymbol([CII)Ljava/lang/String; @ 64 c2
Event: 46.300 Thread 0x000001e286130040 DEOPT PACKING pc=0x000001e2efb3272c sp=0x0000006698dfd3a0
Event: 46.300 Thread 0x000001e286130040 DEOPT UNPACKING pc=0x000001e2ef4969a3 sp=0x0000006698dfd318 mode 2

Classes unloaded (3 events):
Event: 44.408 Thread 0x000001e2fdfbca10 Unloading class 0x0000000100d1c800 'java/lang/invoke/LambdaForm$DMH+0x0000000100d1c800'
Event: 44.408 Thread 0x000001e2fdfbca10 Unloading class 0x0000000100d1cc00 'java/lang/invoke/LambdaForm$DMH+0x0000000100d1cc00'
Event: 44.408 Thread 0x000001e2fdfbca10 Unloading class 0x0000000100d1c400 'java/lang/invoke/LambdaForm$DMH+0x0000000100d1c400'

Classes redefined (0 events):
No events

Internal exceptions (20 events):
Event: 45.958 Thread 0x000001e2839247d0 Exception <a 'sun/nio/fs/WindowsException'{0x000000008c6bb690}> (0x000000008c6bb690) 
thrown [s\src\hotspot\share\prims\jni.cpp, line 517]
Event: 45.973 Thread 0x000001e2839247d0 Exception <a 'sun/nio/fs/WindowsException'{0x000000008c6bc748}> (0x000000008c6bc748) 
thrown [s\src\hotspot\share\prims\jni.cpp, line 517]
Event: 46.003 Thread 0x000001e2839247d0 Exception <a 'sun/nio/fs/WindowsException'{0x000000008c6bd878}> (0x000000008c6bd878) 
thrown [s\src\hotspot\share\prims\jni.cpp, line 517]
Event: 46.026 Thread 0x000001e2839247d0 Exception <a 'sun/nio/fs/WindowsException'{0x000000008bb89cb0}> (0x000000008bb89cb0) 
thrown [s\src\hotspot\share\prims\jni.cpp, line 517]
Event: 46.048 Thread 0x000001e2839247d0 Exception <a 'sun/nio/fs/WindowsException'{0x000000008bb8ae70}> (0x000000008bb8ae70) 
thrown [s\src\hotspot\share\prims\jni.cpp, line 517]
Event: 46.051 Thread 0x000001e2839247d0 Exception <a 'sun/nio/fs/WindowsException'{0x000000008bb8bfb0}> (0x000000008bb8bfb0) 
thrown [s\src\hotspot\share\prims\jni.cpp, line 517]
Event: 46.070 Thread 0x000001e2839247d0 Exception <a 'sun/nio/fs/WindowsException'{0x000000008bb8d150}> (0x000000008bb8d150) 
thrown [s\src\hotspot\share\prims\jni.cpp, line 517]
Event: 46.138 Thread 0x000001e2839247d0 Exception <a 'sun/nio/fs/WindowsException'{0x000000008bb8e2a0}> (0x000000008bb8e2a0) 
thrown [s\src\hotspot\share\prims\jni.cpp, line 517]
Event: 46.157 Thread 0x000001e2839247d0 Exception <a 'sun/nio/fs/WindowsException'{0x000000008af014c8}> (0x000000008af014c8) 
thrown [s\src\hotspot\share\prims\jni.cpp, line 517]
Event: 46.179 Thread 0x000001e2839247d0 Exception <a 'sun/nio/fs/WindowsException'{0x000000008af02810}> (0x000000008af02810) 
thrown [s\src\hotspot\share\prims\jni.cpp, line 517]
Event: 46.183 Thread 0x000001e2839247d0 Exception <a 'sun/nio/fs/WindowsException'{0x000000008af03a80}> (0x000000008af03a80) 
thrown [s\src\hotspot\share\prims\jni.cpp, line 517]
Event: 46.186 Thread 0x000001e2839247d0 Exception <a 'sun/nio/fs/WindowsException'{0x000000008af04c58}> (0x000000008af04c58) 
thrown [s\src\hotspot\share\prims\jni.cpp, line 517]
Event: 46.207 Thread 0x000001e2839247d0 Exception <a 'sun/nio/fs/WindowsException'{0x000000008ac12590}> (0x000000008ac12590) 
thrown [s\src\hotspot\share\prims\jni.cpp, line 517]
Event: 46.212 Thread 0x000001e2839247d0 Exception <a 'sun/nio/fs/WindowsException'{0x000000008ac13748}> (0x000000008ac13748) 
thrown [s\src\hotspot\share\prims\jni.cpp, line 517]
Event: 46.223 Thread 0x000001e2839247d0 Exception <a 'sun/nio/fs/WindowsException'{0x000000008ac148e8}> (0x000000008ac148e8) 
thrown [s\src\hotspot\share\prims\jni.cpp, line 517]
Event: 46.226 Thread 0x000001e2839247d0 Exception <a 'sun/nio/fs/WindowsException'{0x000000008ac15a10}> (0x000000008ac15a10) 
thrown [s\src\hotspot\share\prims\jni.cpp, line 517]
Event: 46.254 Thread 0x000001e2839247d0 Exception <a 'sun/nio/fs/WindowsException'{0x000000008ac16c10}> (0x000000008ac16c10) 
thrown [s\src\hotspot\share\prims\jni.cpp, line 517]
Event: 46.286 Thread 0x000001e2837104c0 Exception <a 'java/lang/ClassNotFoundException'{0x000000008a943ed0}: com/sun/org/apache/xerces/internal/impl/msg/spi/XMLMessagesProvider> (0x000000008a943ed0) 
thrown [s\src\hotspot\share\classfile\systemDictionary.cpp, line 256]
Event: 46.309 Thread 0x000001e2839247d0 Exception <a 'sun/nio/fs/WindowsException'{0x000000008a8a8c78}> (0x000000008a8a8c78) 
thrown [s\src\hotspot\share\prims\jni.cpp, line 517]
Event: 46.338 Thread 0x000001e2839247d0 Exception <a 'sun/nio/fs/WindowsException'{0x000000008a8a9e18}> (0x000000008a8a9e18) 
thrown [s\src\hotspot\share\prims\jni.cpp, line 517]

VM Operations (20 events):
Event: 41.606 Executing VM operation: Cleanup done
Event: 42.226 Executing VM operation: G1CollectForAllocation
Event: 42.290 Executing VM operation: G1CollectForAllocation done
Event: 42.332 Executing VM operation: G1CollectForAllocation
Event: 42.365 Executing VM operation: G1CollectForAllocation done
Event: 43.365 Executing VM operation: Cleanup
Event: 43.367 Executing VM operation: Cleanup done
Event: 43.659 Executing VM operation: G1CollectForAllocation
Event: 43.727 Executing VM operation: G1CollectForAllocation done
Event: 44.388 Executing VM operation: G1Concurrent
Event: 44.765 Executing VM operation: G1Concurrent done
Event: 44.919 Executing VM operation: G1Concurrent
Event: 44.971 Executing VM operation: G1Concurrent done
Event: 45.719 Executing VM operation: G1CollectForAllocation
Event: 45.755 Executing VM operation: G1CollectForAllocation done
Event: 45.784 Executing VM operation: G1CollectForAllocation
Event: 45.799 Executing VM operation: G1CollectForAllocation done
Event: 46.258 Executing VM operation: HandshakeAllThreads
Event: 46.258 Executing VM operation: HandshakeAllThreads done
Event: 46.350 Executing VM operation: G1CollectForAllocation

Events (20 events):
Event: 46.287 loading class com/sun/org/apache/xerces/internal/impl/msg/XMLMessages
Event: 46.287 loading class com/sun/org/apache/xerces/internal/impl/msg/XMLMessages done
Event: 46.291 loading class java/util/PropertyResourceBundle
Event: 46.292 loading class java/util/PropertyResourceBundle done
Event: 46.292 loading class sun/util/PropertyResourceBundleCharset
Event: 46.296 loading class sun/util/PropertyResourceBundleCharset done
Event: 46.296 loading class sun/util/PropertyResourceBundleCharset$PropertiesFileDecoder
Event: 46.297 loading class sun/util/PropertyResourceBundleCharset$PropertiesFileDecoder done
Event: 46.300 loading class java/util/ResourceBundle$BundleReference
Event: 46.301 loading class java/util/ResourceBundle$BundleReference done
Event: 46.301 loading class com/sun/org/apache/xerces/internal/impl/msg/XMLMessages_en
Event: 46.307 loading class com/sun/org/apache/xerces/internal/impl/msg/XMLMessages_en done
Event: 46.307 loading class com/sun/org/apache/xerces/internal/impl/msg/XMLMessages_en
Event: 46.307 loading class com/sun/org/apache/xerces/internal/impl/msg/XMLMessages_en done
Event: 46.307 loading class com/sun/org/apache/xerces/internal/impl/msg/XMLMessages_en_US
Event: 46.307 loading class com/sun/org/apache/xerces/internal/impl/msg/XMLMessages_en_US done
Event: 46.307 loading class com/sun/org/apache/xerces/internal/impl/msg/XMLMessages_en_US
Event: 46.307 loading class com/sun/org/apache/xerces/internal/impl/msg/XMLMessages_en_US done
Event: 46.308 loading class com/sun/org/apache/xerces/internal/xni/XNIException
Event: 46.309 loading class com/sun/org/apache/xerces/internal/xni/XNIException done


Dynamic libraries:
0x00007ff60ace0000 - 0x00007ff60acea000 	C:\Program Files\Android\Android Studio\jbr\bin\java.exe
0x00007ffdd40d0000 - 0x00007ffdd42c8000 	C:\WINDOWS\SYSTEM32\ntdll.dll
0x00007ffdd2fa0000 - 0x00007ffdd305d000 	C:\WINDOWS\System32\KERNEL32.DLL
0x00007ffdd1af0000 - 0x00007ffdd1de6000 	C:\WINDOWS\System32\KERNELBASE.dll
0x00007ffdd19a0000 - 0x00007ffdd1aa0000 	C:\WINDOWS\System32\ucrtbase.dll
0x00007ffdbbf30000 - 0x00007ffdbbf47000 	C:\Program Files\Android\Android Studio\jbr\bin\jli.dll
0x00007ffdc75f0000 - 0x00007ffdc760b000 	C:\Program Files\Android\Android Studio\jbr\bin\VCRUNTIME140.dll
0x00007ffdd3c30000 - 0x00007ffdd3dce000 	C:\WINDOWS\System32\USER32.dll
0x00007ffdd17b0000 - 0x00007ffdd17d2000 	C:\WINDOWS\System32\win32u.dll
0x00007ffdd31a0000 - 0x00007ffdd31cc000 	C:\WINDOWS\System32\GDI32.dll
0x00007ffdd2010000 - 0x00007ffdd212a000 	C:\WINDOWS\System32\gdi32full.dll
0x00007ffdd1850000 - 0x00007ffdd18ed000 	C:\WINDOWS\System32\msvcp_win.dll
0x00007ffdbd240000 - 0x00007ffdbd4da000 	C:\WINDOWS\WinSxS\amd64_microsoft.windows.common-controls_6595b64144ccf1df_6.0.19041.3636_none_60b6a03d71f818d5\COMCTL32.dll
0x00007ffdd2ee0000 - 0x00007ffdd2f7e000 	C:\WINDOWS\System32\msvcrt.dll
0x00007ffdd25f0000 - 0x00007ffdd2620000 	C:\WINDOWS\System32\IMM32.DLL
0x00007ffdcbc30000 - 0x00007ffdcbc3c000 	C:\Program Files\Android\Android Studio\jbr\bin\vcruntime140_1.dll
0x00007ffd9f8d0000 - 0x00007ffd9f95d000 	C:\Program Files\Android\Android Studio\jbr\bin\msvcp140.dll
0x00007ffd9b730000 - 0x00007ffd9c39e000 	C:\Program Files\Android\Android Studio\jbr\bin\server\jvm.dll
0x00007ffdd3550000 - 0x00007ffdd35ff000 	C:\WINDOWS\System32\ADVAPI32.dll
0x00007ffdd3600000 - 0x00007ffdd369c000 	C:\WINDOWS\System32\sechost.dll
0x00007ffdd3e30000 - 0x00007ffdd3f56000 	C:\WINDOWS\System32\RPCRT4.dll
0x00007ffdc94a0000 - 0x00007ffdc94aa000 	C:\WINDOWS\SYSTEM32\VERSION.dll
0x00007ffdc9470000 - 0x00007ffdc9497000 	C:\WINDOWS\SYSTEM32\WINMM.dll
0x00007ffdcbcf0000 - 0x00007ffdcbcf9000 	C:\WINDOWS\SYSTEM32\WSOCK32.dll
0x00007ffdd3130000 - 0x00007ffdd319b000 	C:\WINDOWS\System32\ws2_32.DLL
0x00007ffdcf670000 - 0x00007ffdcf682000 	C:\WINDOWS\SYSTEM32\kernel.appcore.dll
0x00007ffdcbb10000 - 0x00007ffdcbb1a000 	C:\Program Files\Android\Android Studio\jbr\bin\jimage.dll
0x00007ffdbb140000 - 0x00007ffdbb324000 	C:\WINDOWS\SYSTEM32\DBGHELP.DLL
0x00007ffdb78c0000 - 0x00007ffdb78f4000 	C:\WINDOWS\SYSTEM32\dbgcore.DLL
0x00007ffdd1e20000 - 0x00007ffdd1ea2000 	C:\WINDOWS\System32\bcryptPrimitives.dll
0x00007ffdcb680000 - 0x00007ffdcb6a5000 	C:\Program Files\Android\Android Studio\jbr\bin\java.dll
0x00007ffdcb660000 - 0x00007ffdcb678000 	C:\Program Files\Android\Android Studio\jbr\bin\zip.dll
0x00007ffdd2790000 - 0x00007ffdd2ed4000 	C:\WINDOWS\System32\SHELL32.dll
0x00007ffdcf870000 - 0x00007ffdd000b000 	C:\WINDOWS\SYSTEM32\windows.storage.dll
0x00007ffdd2140000 - 0x00007ffdd2494000 	C:\WINDOWS\System32\combase.dll
0x00007ffdd1120000 - 0x00007ffdd114d000 	C:\WINDOWS\SYSTEM32\Wldp.dll
0x00007ffdd26e0000 - 0x00007ffdd278d000 	C:\WINDOWS\System32\SHCORE.dll
0x00007ffdd30d0000 - 0x00007ffdd3125000 	C:\WINDOWS\System32\shlwapi.dll
0x00007ffdd16e0000 - 0x00007ffdd1705000 	C:\WINDOWS\SYSTEM32\profapi.dll
0x00007ffdca570000 - 0x00007ffdca589000 	C:\Program Files\Android\Android Studio\jbr\bin\net.dll
0x00007ffdc8af0000 - 0x00007ffdc8bfa000 	C:\WINDOWS\SYSTEM32\WINHTTP.dll
0x00007ffdd0e80000 - 0x00007ffdd0eea000 	C:\WINDOWS\system32\mswsock.dll
0x00007ffdca4c0000 - 0x00007ffdca4d6000 	C:\Program Files\Android\Android Studio\jbr\bin\nio.dll
0x00007ffdcb6e0000 - 0x00007ffdcb6f0000 	C:\Program Files\Android\Android Studio\jbr\bin\verify.dll
0x00007ffdcbb30000 - 0x00007ffdcbb57000 	C:\Users\HP\.gradle\native\68d5fa5c4cc2d200863cafc0d521ce42e7d3e7ee720ec0a83991735586a16f82\windows-amd64\native-platform.dll
0x00007ffd9f780000 - 0x00007ffd9f8c4000 	C:\Users\HP\.gradle\native\e376f236ea51e6404a007f0833ffe2c6e607c4080706a723a18a27aeea778392\windows-amd64\native-platform-file-events.dll
0x00007ffdcb650000 - 0x00007ffdcb659000 	C:\Program Files\Android\Android Studio\jbr\bin\management.dll
0x00007ffdca5d0000 - 0x00007ffdca5db000 	C:\Program Files\Android\Android Studio\jbr\bin\management_ext.dll
0x00007ffdd3060000 - 0x00007ffdd3068000 	C:\WINDOWS\System32\PSAPI.DLL
0x00007ffdd1070000 - 0x00007ffdd1088000 	C:\WINDOWS\SYSTEM32\CRYPTSP.dll
0x00007ffdd07b0000 - 0x00007ffdd07e4000 	C:\WINDOWS\system32\rsaenh.dll
0x00007ffdd1df0000 - 0x00007ffdd1e17000 	C:\WINDOWS\System32\bcrypt.dll
0x00007ffdd1660000 - 0x00007ffdd168e000 	C:\WINDOWS\SYSTEM32\USERENV.dll
0x00007ffdd1090000 - 0x00007ffdd109c000 	C:\WINDOWS\SYSTEM32\CRYPTBASE.dll
0x00007ffdd0b70000 - 0x00007ffdd0bab000 	C:\WINDOWS\SYSTEM32\IPHLPAPI.DLL
0x00007ffdd26d0000 - 0x00007ffdd26d8000 	C:\WINDOWS\System32\NSI.dll
0x00007ffdc94d0000 - 0x00007ffdc94e7000 	C:\WINDOWS\SYSTEM32\dhcpcsvc6.DLL
0x00007ffdc7000000 - 0x00007ffdc701d000 	C:\WINDOWS\SYSTEM32\dhcpcsvc.DLL
0x00007ffdd0bb0000 - 0x00007ffdd0c7a000 	C:\WINDOWS\SYSTEM32\DNSAPI.dll
0x00007ffdca2d0000 - 0x00007ffdca2d7000 	C:\WINDOWS\system32\wshunix.dll
0x00007ffdb5030000 - 0x00007ffdb5047000 	C:\WINDOWS\system32\napinsp.dll
0x00007ffdb5010000 - 0x00007ffdb502b000 	C:\WINDOWS\system32\pnrpnsp.dll
0x00007ffdb4ff0000 - 0x00007ffdb5005000 	C:\WINDOWS\system32\wshbth.dll
0x00007ffdcd150000 - 0x00007ffdcd16d000 	C:\WINDOWS\system32\NLAapi.dll
0x00007ffdb4230000 - 0x00007ffdb4242000 	C:\WINDOWS\System32\winrnr.dll
0x00007ffdb8ce0000 - 0x00007ffdb8cea000 	C:\Windows\System32\rasadhlp.dll
0x00007ffdb9b70000 - 0x00007ffdb9bf0000 	C:\WINDOWS\System32\fwpuclnt.dll
0x00007ffdd08d0000 - 0x00007ffdd0903000 	C:\WINDOWS\SYSTEM32\ntmarta.dll

dbghelp: loaded successfully - version: 4.0.5 - missing functions: none
symbol engine: initialized successfully - sym options: 0x614 - pdb path: .;C:\Program Files\Android\Android Studio\jbr\bin;C:\WINDOWS\SYSTEM32;C:\WINDOWS\WinSxS\amd64_microsoft.windows.common-controls_6595b64144ccf1df_6.0.19041.3636_none_60b6a03d71f818d5;C:\Program Files\Android\Android Studio\jbr\bin\server;C:\Users\HP\.gradle\native\68d5fa5c4cc2d200863cafc0d521ce42e7d3e7ee720ec0a83991735586a16f82\windows-amd64;C:\Users\HP\.gradle\native\e376f236ea51e6404a007f0833ffe2c6e607c4080706a723a18a27aeea778392\windows-amd64

VM Arguments:
jvm_args: --add-opens=java.base/java.util=ALL-UNNAMED --add-opens=java.base/java.lang=ALL-UNNAMED --add-opens=java.base/java.lang.invoke=ALL-UNNAMED --add-opens=java.prefs/java.util.prefs=ALL-UNNAMED --add-opens=java.base/java.nio.charset=ALL-UNNAMED --add-opens=java.base/java.net=ALL-UNNAMED --add-opens=java.base/java.util.concurrent.atomic=ALL-UNNAMED -Xmx2048m -Dfile.encoding=UTF-8 -Duser.country=US -Duser.language=en -Duser.variant 
java_command: org.gradle.launcher.daemon.bootstrap.GradleDaemon 8.0
java_class_path (initial): C:\Users\HP\.gradle\wrapper\dists\gradle-8.0-bin\ca5e32bp14vu59qr306oxotwh\gradle-8.0\lib\gradle-launcher-8.0.jar
Launcher Type: SUN_STANDARD

[Global flags]
     intx CICompilerCount                          = 3                                         {product} {ergonomic}
     uint ConcGCThreads                            = 1                                         {product} {ergonomic}
     uint G1ConcRefinementThreads                  = 4                                         {product} {ergonomic}
   size_t G1HeapRegionSize                         = 1048576                                   {product} {ergonomic}
    uintx GCDrainStackTargetSize                   = 64                                        {product} {ergonomic}
   size_t InitialHeapSize                          = 58720256                                  {product} {ergonomic}
   size_t MarkStackSize                            = 4194304                                   {product} {ergonomic}
   size_t MaxHeapSize                              = 2147483648                                {product} {command line}
   size_t MaxNewSize                               = 1287651328                                {product} {ergonomic}
   size_t MinHeapDeltaBytes                        = 1048576                                   {product} {ergonomic}
   size_t MinHeapSize                              = 8388608                                   {product} {ergonomic}
    uintx NonNMethodCodeHeapSize                   = 5832780                                {pd product} {ergonomic}
    uintx NonProfiledCodeHeapSize                  = 122912730                              {pd product} {ergonomic}
    uintx ProfiledCodeHeapSize                     = 122912730                              {pd product} {ergonomic}
    uintx ReservedCodeCacheSize                    = 251658240                              {pd product} {ergonomic}
     bool SegmentedCodeCache                       = true                                      {product} {ergonomic}
   size_t SoftMaxHeapSize                          = 2147483648                             {manageable} {ergonomic}
     bool UseCompressedClassPointers               = true                           {product lp64_product} {ergonomic}
     bool UseCompressedOops                        = true                           {product lp64_product} {ergonomic}
     bool UseG1GC                                  = true                                      {product} {ergonomic}
     bool UseLargePagesIndividualAllocation        = false                                  {pd product} {ergonomic}

Logging:
Log output configuration:
 #0: stdout all=warning uptime,level,tags
 #1: stderr all=off uptime,level,tags

Environment Variables:
JAVA_HOME=C:\Program Files\Java\jdk-21
PATH=C:\Program Files\Java\jdk-21\bin;C:\WINDOWS\system32;C:\WINDOWS;C:\WINDOWS\System32\Wbem;C:\WINDOWS\System32\WindowsPowerShell\v1.0\;C:\WINDOWS\System32\OpenSSH\;C:\MinGW\bin;C:\Program Files\PowerShell\7\;C:\Program Files\Git\cmd;C:\Users\HP\AppData\Local\Microsoft\WindowsApps;
USERNAME=HP
OS=Windows_NT
PROCESSOR_IDENTIFIER=AMD64 Family 23 Model 24 Stepping 1, AuthenticAMD
TMP=C:\Users\HP\AppData\Local\Temp
TEMP=C:\Users\HP\AppData\Local\Temp


JNI global refs:
JNI global refs: 24, weak refs: 13

JNI global refs memory usage: 843, weak refs: 841


---------------  S Y S T E M  ---------------

OS:
 Windows 10 , 64 bit Build 19041 (10.0.19041.3636)
OS uptime: 0 days 0:55 hours

CPU: total 4 (initial active 4) (4 cores per cpu, 2 threads per core) family 23 model 24 stepping 1 microcode 0x0, cx8, cmov, fxsr, ht, mmx, 3dnowpref, sse, sse2, sse3, ssse3, sse4a, sse4.1, sse4.2, popcnt, lzcnt, tsc, tscinvbit, avx, avx2, aes, clmul, bmi1, bmi2, adx, sha, fma, vzeroupper, clflush, clflushopt

Memory: 4k page, system-wide physical 3499M (182M free)
TotalPageFile size 8495M (AvailPageFile size 299M)
current process WorkingSet (physical memory assigned to process): 363M, peak: 364M
current process commit charge ("private bytes"): 504M, peak: 811M

vm_info: OpenJDK 64-Bit Server VM (17.0.6+0-b2043.56-10027231) for windows-amd64 JRE (17.0.6+0-b2043.56-10027231), built on Apr 28 2023 00:43:19 by "androidbuild" with MS VC++ 16.10 / 16.11 (VS2019)

END.
