#
# There is insufficient memory for the Java Runtime Environment to continue.
# Native memory allocation (malloc) failed to allocate 1089456 bytes for Chunk::new
# Possible reasons:
#   The system is out of physical RAM or swap space
#   The process is running with CompressedOops enabled, and the Java Heap may be blocking the growth of the native heap
# Possible solutions:
#   Reduce memory load on the system
#   Increase physical memory or swap space
#   Check if swap backing store is full
#   Decrease Java heap size (-Xmx/-Xms)
#   Decrease number of Java threads
#   Decrease Java thread stack sizes (-Xss)
#   Set larger code cache with -XX:ReservedCodeCacheSize=
#   JVM is running with Unscaled Compressed Oops mode in which the Java heap is
#     placed in the first 4GB address space. The Java Heap base address is the
#     maximum limit for the native heap growth. Please use -XX:HeapBaseMinAddress
#     to set the Java Heap base and to place the Java Heap above 4GB virtual address.
# This output file may be truncated or incomplete.
#
#  Out of Memory Error (arena.cpp:189), pid=12104, tid=14092
#
# JRE version: OpenJDK Runtime Environment (17.0.6) (build 17.0.6+0-b2043.56-10027231)
# Java VM: OpenJDK 64-Bit Server VM (17.0.6+0-b2043.56-10027231, mixed mode, tiered, compressed oops, compressed class ptrs, g1 gc, windows-amd64)
# No core dump will be written. Minidumps are not enabled by default on client versions of Windows
#

---------------  S U M M A R Y ------------

Command Line: org.jetbrains.kotlin.cli.jvm.K2JVMCompiler @C:\Users\HP\Desktop\CatHouse\app\build\20231225_4949204877099331913.compiler.options

Host: AMD Ryzen 3 3250U with Radeon Graphics         , 4 cores, 3G,  Windows 10 , 64 bit Build 19041 (10.0.19041.3636)
Time: Mon Dec 25 13:44:01 2023 SE Asia Standard Time elapsed time: 3.662232 seconds (0d 0h 0m 3s)

---------------  T H R E A D  ---------------

Current thread (0x00000226ffbc1e60):  JavaThread "C2 CompilerThread0" daemon [_thread_in_native, id=14092, stack(0x00000078e9600000,0x00000078e9700000)]


Current CompileTask:
C2:   3662 1943   !   4       java.net.URL::<init> (543 bytes)

Stack: [0x00000078e9600000,0x00000078e9700000]
Native frames: (J=compiled Java code, j=interpreted, Vv=VM code, C=native code)
V  [jvm.dll+0x683c9a]
V  [jvm.dll+0x8427a4]
V  [jvm.dll+0x843f9e]
V  [jvm.dll+0x844603]
V  [jvm.dll+0x249b75]
V  [jvm.dll+0xabcac]
V  [jvm.dll+0xac27c]
V  [jvm.dll+0x368857]
V  [jvm.dll+0x332f31]
V  [jvm.dll+0x3323da]
V  [jvm.dll+0x21c201]
V  [jvm.dll+0x21b621]
V  [jvm.dll+0x1a4fdd]
V  [jvm.dll+0x22b098]
V  [jvm.dll+0x229159]
V  [jvm.dll+0x7f81ec]
V  [jvm.dll+0x7f274a]
V  [jvm.dll+0x682ad5]
C  [ucrtbase.dll+0x21bb2]
C  [KERNEL32.DLL+0x17344]
C  [ntdll.dll+0x526b1]


---------------  P R O C E S S  ---------------

Threads class SMR info:
_java_thread_list=0x0000022694e2ca70, length=12, elements={
0x00000226fd5e8c20, 0x00000226ffb23a00, 0x00000226ffb49c90, 0x00000226ffb8f380,
0x00000226ffb90f40, 0x00000226ffb93900, 0x00000226ffb94a50, 0x00000226ffbc1e60,
0x00000226ffbc6860, 0x00000226ffbd1a30, 0x0000022694c80010, 0x00000226fd6b5940
}

Java Threads: ( => current thread )
  0x00000226fd5e8c20 JavaThread "main" [_thread_in_native, id=12652, stack(0x00000078e8900000,0x00000078e8a00000)]
  0x00000226ffb23a00 JavaThread "Reference Handler" daemon [_thread_blocked, id=5040, stack(0x00000078e9000000,0x00000078e9100000)]
  0x00000226ffb49c90 JavaThread "Finalizer" daemon [_thread_blocked, id=14080, stack(0x00000078e9100000,0x00000078e9200000)]
  0x00000226ffb8f380 JavaThread "Signal Dispatcher" daemon [_thread_blocked, id=13060, stack(0x00000078e9200000,0x00000078e9300000)]
  0x00000226ffb90f40 JavaThread "Attach Listener" daemon [_thread_blocked, id=9904, stack(0x00000078e9300000,0x00000078e9400000)]
  0x00000226ffb93900 JavaThread "Service Thread" daemon [_thread_blocked, id=12488, stack(0x00000078e9400000,0x00000078e9500000)]
  0x00000226ffb94a50 JavaThread "Monitor Deflation Thread" daemon [_thread_blocked, id=1056, stack(0x00000078e9500000,0x00000078e9600000)]
=>0x00000226ffbc1e60 JavaThread "C2 CompilerThread0" daemon [_thread_in_native, id=14092, stack(0x00000078e9600000,0x00000078e9700000)]
  0x00000226ffbc6860 JavaThread "C1 CompilerThread0" daemon [_thread_blocked, id=12048, stack(0x00000078e9700000,0x00000078e9800000)]
  0x00000226ffbd1a30 JavaThread "Sweeper thread" daemon [_thread_blocked, id=12176, stack(0x00000078e9800000,0x00000078e9900000)]
  0x0000022694c80010 JavaThread "Notification Thread" daemon [_thread_blocked, id=13428, stack(0x00000078e9900000,0x00000078e9a00000)]
  0x00000226fd6b5940 JavaThread "Common-Cleaner" daemon [_thread_blocked, id=10764, stack(0x00000078e9b00000,0x00000078e9c00000)]

Other Threads:
  0x00000226ffb40060 VMThread "VM Thread" [stack: 0x00000078e8f00000,0x00000078e9000000] [id=11760]
  0x00000226fd6b56b0 WatcherThread [stack: 0x00000078e9a00000,0x00000078e9b00000] [id=3308]
  0x00000226fd61f500 GCTaskThread "GC Thread#0" [stack: 0x00000078e8a00000,0x00000078e8b00000] [id=7108]
  0x00000226951a3eb0 GCTaskThread "GC Thread#1" [stack: 0x00000078e9c00000,0x00000078e9d00000] [id=13856]
  0x00000226951ec2e0 GCTaskThread "GC Thread#2" [stack: 0x00000078e9d00000,0x00000078e9e00000] [id=11648]
  0x00000226951ec590 GCTaskThread "GC Thread#3" [stack: 0x00000078e9e00000,0x00000078e9f00000] [id=10336]
  0x00000226fd6271c0 ConcurrentGCThread "G1 Main Marker" [stack: 0x00000078e8b00000,0x00000078e8c00000] [id=13664]
  0x00000226fd627bd0 ConcurrentGCThread "G1 Conc#0" [stack: 0x00000078e8c00000,0x00000078e8d00000] [id=9560]
  0x00000226fd663af0 ConcurrentGCThread "G1 Refine#0" [stack: 0x00000078e8d00000,0x00000078e8e00000] [id=7288]
  0x00000226fd664510 ConcurrentGCThread "G1 Service" [stack: 0x00000078e8e00000,0x00000078e8f00000] [id=9320]

Threads with active compile tasks:
C2 CompilerThread0     3680 1943   !   4       java.net.URL::<init> (543 bytes)

VM state: not at safepoint (normal execution)

VM Mutex/Monitor currently owned by a thread: None

Heap address: 0x00000000c9400000, size: 876 MB, Compressed Oops mode: 32-bit

CDS archive(s) not mapped
Compressed class space mapped at: 0x0000000100000000-0x0000000140000000, reserved size: 1073741824
Narrow klass base: 0x0000000000000000, Narrow klass shift: 3, Narrow klass range: 0x140000000

GC Precious Log:
 CPUs: 4 total, 4 available
 Memory: 3499M
 Large Page Support: Disabled
 NUMA Support: Disabled
 Compressed Oops: Enabled (32-bit)
 Heap Region Size: 1M
 Heap Min Capacity: 8M
 Heap Initial Capacity: 56M
 Heap Max Capacity: 876M
 Pre-touch: Disabled
 Parallel Workers: 4
 Concurrent Workers: 1
 Concurrent Refinement Workers: 4
 Periodic GC: Disabled

Heap:
 garbage-first heap   total 40960K, used 29110K [0x00000000c9400000, 0x0000000100000000)
  region size 1024K, 18 young (18432K), 2 survivors (2048K)
 Metaspace       used 30181K, committed 30336K, reserved 1081344K
  class space    used 3899K, committed 3968K, reserved 1048576K

Heap Regions: E=young(eden), S=young(survivor), O=old, HS=humongous(starts), HC=humongous(continues), CS=collection set, F=free, OA=open archive, CA=closed archive, TAMS=top-at-mark-start (previous, next)
|   0|0x00000000c9400000, 0x00000000c9500000, 0x00000000c9500000|100%|HS|  |TAMS 0x00000000c9500000, 0x00000000c9400000| Complete 
|   1|0x00000000c9500000, 0x00000000c9600000, 0x00000000c9600000|100%|HC|  |TAMS 0x00000000c9600000, 0x00000000c9500000| Complete 
|   2|0x00000000c9600000, 0x00000000c9700000, 0x00000000c9700000|100%|HC|  |TAMS 0x00000000c9700000, 0x00000000c9600000| Complete 
|   3|0x00000000c9700000, 0x00000000c9800000, 0x00000000c9800000|100%|HC|  |TAMS 0x00000000c9800000, 0x00000000c9700000| Complete 
|   4|0x00000000c9800000, 0x00000000c9900000, 0x00000000c9900000|100%| O|  |TAMS 0x00000000c9900000, 0x00000000c9800000| Untracked 
|   5|0x00000000c9900000, 0x00000000c99f6a00, 0x00000000c9a00000| 96%| O|  |TAMS 0x00000000c99f6a00, 0x00000000c9900000| Untracked 
|   6|0x00000000c9a00000, 0x00000000c9b00000, 0x00000000c9b00000|100%| O|  |TAMS 0x00000000c9a00000, 0x00000000c9a00000| Untracked 
|   7|0x00000000c9b00000, 0x00000000c9c00000, 0x00000000c9c00000|100%| O|  |TAMS 0x00000000c9b00000, 0x00000000c9b00000| Untracked 
|   8|0x00000000c9c00000, 0x00000000c9d00000, 0x00000000c9d00000|100%| O|  |TAMS 0x00000000c9c00000, 0x00000000c9c00000| Untracked 
|   9|0x00000000c9d00000, 0x00000000c9dcbe00, 0x00000000c9e00000| 79%| O|  |TAMS 0x00000000c9d00000, 0x00000000c9d00000| Untracked 
|  10|0x00000000c9e00000, 0x00000000c9e00000, 0x00000000c9f00000|  0%| F|  |TAMS 0x00000000c9e00000, 0x00000000c9e00000| Untracked 
|  11|0x00000000c9f00000, 0x00000000c9fab2f0, 0x00000000ca000000| 66%| S|CS|TAMS 0x00000000c9f00000, 0x00000000c9f00000| Complete 
|  12|0x00000000ca000000, 0x00000000ca100000, 0x00000000ca100000|100%| S|CS|TAMS 0x00000000ca000000, 0x00000000ca000000| Complete 
|  13|0x00000000ca100000, 0x00000000ca200000, 0x00000000ca200000|100%|HS|  |TAMS 0x00000000ca100000, 0x00000000ca100000| Complete 
|  14|0x00000000ca200000, 0x00000000ca300000, 0x00000000ca300000|100%|HC|  |TAMS 0x00000000ca200000, 0x00000000ca200000| Complete 
|  15|0x00000000ca300000, 0x00000000ca300000, 0x00000000ca400000|  0%| F|  |TAMS 0x00000000ca300000, 0x00000000ca300000| Untracked 
|  16|0x00000000ca400000, 0x00000000ca400000, 0x00000000ca500000|  0%| F|  |TAMS 0x00000000ca400000, 0x00000000ca400000| Untracked 
|  17|0x00000000ca500000, 0x00000000ca500000, 0x00000000ca600000|  0%| F|  |TAMS 0x00000000ca500000, 0x00000000ca500000| Untracked 
|  18|0x00000000ca600000, 0x00000000ca600000, 0x00000000ca700000|  0%| F|  |TAMS 0x00000000ca600000, 0x00000000ca600000| Untracked 
|  19|0x00000000ca700000, 0x00000000ca700000, 0x00000000ca800000|  0%| F|  |TAMS 0x00000000ca700000, 0x00000000ca700000| Untracked 
|  20|0x00000000ca800000, 0x00000000ca800000, 0x00000000ca900000|  0%| F|  |TAMS 0x00000000ca800000, 0x00000000ca800000| Untracked 
|  21|0x00000000ca900000, 0x00000000ca900000, 0x00000000caa00000|  0%| F|  |TAMS 0x00000000ca900000, 0x00000000ca900000| Untracked 
|  22|0x00000000caa00000, 0x00000000caa00000, 0x00000000cab00000|  0%| F|  |TAMS 0x00000000caa00000, 0x00000000caa00000| Untracked 
|  23|0x00000000cab00000, 0x00000000cab00000, 0x00000000cac00000|  0%| F|  |TAMS 0x00000000cab00000, 0x00000000cab00000| Untracked 
|  24|0x00000000cac00000, 0x00000000cacb4038, 0x00000000cad00000| 70%| E|  |TAMS 0x00000000cac00000, 0x00000000cac00000| Complete 
|  25|0x00000000cad00000, 0x00000000cae00000, 0x00000000cae00000|100%| E|CS|TAMS 0x00000000cad00000, 0x00000000cad00000| Complete 
|  26|0x00000000cae00000, 0x00000000caf00000, 0x00000000caf00000|100%| E|CS|TAMS 0x00000000cae00000, 0x00000000cae00000| Complete 
|  27|0x00000000caf00000, 0x00000000cb000000, 0x00000000cb000000|100%| E|CS|TAMS 0x00000000caf00000, 0x00000000caf00000| Complete 
|  28|0x00000000cb000000, 0x00000000cb100000, 0x00000000cb100000|100%| E|CS|TAMS 0x00000000cb000000, 0x00000000cb000000| Complete 
|  29|0x00000000cb100000, 0x00000000cb200000, 0x00000000cb200000|100%| E|CS|TAMS 0x00000000cb100000, 0x00000000cb100000| Complete 
|  30|0x00000000cb200000, 0x00000000cb300000, 0x00000000cb300000|100%| E|CS|TAMS 0x00000000cb200000, 0x00000000cb200000| Complete 
|  31|0x00000000cb300000, 0x00000000cb400000, 0x00000000cb400000|100%| E|CS|TAMS 0x00000000cb300000, 0x00000000cb300000| Complete 
|  32|0x00000000cb400000, 0x00000000cb500000, 0x00000000cb500000|100%| E|CS|TAMS 0x00000000cb400000, 0x00000000cb400000| Complete 
|  33|0x00000000cb500000, 0x00000000cb600000, 0x00000000cb600000|100%| E|CS|TAMS 0x00000000cb500000, 0x00000000cb500000| Complete 
|  34|0x00000000cb600000, 0x00000000cb700000, 0x00000000cb700000|100%| E|CS|TAMS 0x00000000cb600000, 0x00000000cb600000| Complete 
|  35|0x00000000cb700000, 0x00000000cb800000, 0x00000000cb800000|100%| E|CS|TAMS 0x00000000cb700000, 0x00000000cb700000| Complete 
|  36|0x00000000cb800000, 0x00000000cb900000, 0x00000000cb900000|100%| E|CS|TAMS 0x00000000cb800000, 0x00000000cb800000| Complete 
|  37|0x00000000cb900000, 0x00000000cba00000, 0x00000000cba00000|100%| E|CS|TAMS 0x00000000cb900000, 0x00000000cb900000| Complete 
|  38|0x00000000cba00000, 0x00000000cbb00000, 0x00000000cbb00000|100%| E|CS|TAMS 0x00000000cba00000, 0x00000000cba00000| Complete 
|  55|0x00000000ccb00000, 0x00000000ccc00000, 0x00000000ccc00000|100%| E|CS|TAMS 0x00000000ccb00000, 0x00000000ccb00000| Complete 

Card table byte_map: [0x00000226fd6c0000,0x00000226fd880000] _byte_map_base: 0x00000226fd076000

Marking Bits (Prev, Next): (CMBitMap*) 0x00000226fd61fb50, (CMBitMap*) 0x00000226fd61fb10
 Prev Bits: [0x00000226fe7f0000, 0x00000226ff5a0000)
 Next Bits: [0x00000226fda40000, 0x00000226fe7f0000)

Polling page: 0x00000226fb4f0000

Metaspace:

Usage:
  Non-class:     25.67 MB used.
      Class:      3.81 MB used.
       Both:     29.48 MB used.

Virtual space:
  Non-class space:       32.00 MB reserved,      25.75 MB ( 80%) committed,  4 nodes.
      Class space:        1.00 GB reserved,       3.88 MB ( <1%) committed,  1 nodes.
             Both:        1.03 GB reserved,      29.62 MB (  3%) committed. 

Chunk freelists:
   Non-Class:  2.20 MB
       Class:  16.00 KB
        Both:  2.22 MB

MaxMetaspaceSize: unlimited
CompressedClassSpaceSize: 1.00 GB
Initial GC threshold: 21.00 MB
Current GC threshold: 35.25 MB
CDS: off
MetaspaceReclaimPolicy: balanced
 - commit_granule_bytes: 65536.
 - commit_granule_words: 8192.
 - virtual_space_node_default_size: 1048576.
 - enlarge_chunks_in_place: 1.
 - new_chunks_are_fully_committed: 0.
 - uncommit_free_chunks: 1.
 - use_allocation_guard: 0.
 - handle_deallocations: 1.


Internal statistics:

num_allocs_failed_limit: 3.
num_arena_births: 140.
num_arena_deaths: 0.
num_vsnodes_births: 5.
num_vsnodes_deaths: 0.
num_space_committed: 473.
num_space_uncommitted: 0.
num_chunks_returned_to_freelist: 3.
num_chunks_taken_from_freelist: 906.
num_chunk_merges: 3.
num_chunk_splits: 734.
num_chunks_enlarged: 657.
num_purges: 0.
num_inconsistent_stats: 0.

CodeHeap 'non-profiled nmethods': size=120000Kb used=760Kb max_used=760Kb free=119239Kb
 bounds [0x000002268aed0000, 0x000002268b140000, 0x0000022692400000]
CodeHeap 'profiled nmethods': size=120000Kb used=3512Kb max_used=3512Kb free=116487Kb
 bounds [0x0000022683400000, 0x0000022683770000, 0x000002268a930000]
CodeHeap 'non-nmethods': size=5760Kb used=1225Kb max_used=1267Kb free=4534Kb
 bounds [0x000002268a930000, 0x000002268aba0000, 0x000002268aed0000]
 total_blobs=2461 nmethods=1931 adapters=443
 compilation: enabled
              stopped_count=0, restarted_count=0
 full_count=0

Compilation events (20 events):
Event: 3.476 Thread 0x00000226ffbc1e60 nmethod 1935 0x000002268af8d090 code [0x000002268af8d200, 0x000002268af8d298]
Event: 3.492 Thread 0x00000226ffbc1e60 1937       4       java.util.WeakHashMap::remove (131 bytes)
Event: 3.495 Thread 0x00000226ffbc6860 1938       3       java.nio.Buffer::limit (65 bytes)
Event: 3.496 Thread 0x00000226ffbc6860 nmethod 1938 0x0000022683767210 code [0x00000226837673c0, 0x0000022683767688]
Event: 3.502 Thread 0x00000226ffbc1e60 nmethod 1937 0x000002268af8d390 code [0x000002268af8d520, 0x000002268af8db88]
Event: 3.505 Thread 0x00000226ffbc6860 1939       3       org.jetbrains.kotlin.com.intellij.util.containers.FastUtilCaseInsensitiveStringHashingStrategy::equals (13 bytes)
Event: 3.505 Thread 0x00000226ffbc6860 nmethod 1939 0x0000022683767790 code [0x0000022683767960, 0x0000022683767da8]
Event: 3.505 Thread 0x00000226ffbc6860 1940       3       org.jetbrains.kotlin.com.intellij.util.containers.FastUtilCaseInsensitiveStringHashingStrategy::equals (23 bytes)
Event: 3.506 Thread 0x00000226ffbc6860 nmethod 1940 0x0000022683767f10 code [0x00000226837680c0, 0x00000226837682e8]
Event: 3.512 Thread 0x00000226ffbc6860 1941       3       java.nio.Buffer::<init> (105 bytes)
Event: 3.513 Thread 0x00000226ffbc6860 nmethod 1941 0x0000022683768390 code [0x0000022683768640, 0x0000022683769198]
Event: 3.531 Thread 0x00000226ffbc6860 1942       1       org.jetbrains.kotlin.com.intellij.psi.tree.IElementType::getIndex (5 bytes)
Event: 3.531 Thread 0x00000226ffbc6860 nmethod 1942 0x000002268af8df10 code [0x000002268af8e0a0, 0x000002268af8e178]
Event: 3.535 Thread 0x00000226ffbc1e60 1943   !   4       java.net.URL::<init> (543 bytes)
Event: 3.562 Thread 0x00000226ffbc6860 1944       3       java.lang.Class::arrayContentsEq (70 bytes)
Event: 3.563 Thread 0x00000226ffbc6860 nmethod 1944 0x0000022683769590 code [0x0000022683769760, 0x0000022683769bd8]
Event: 3.574 Thread 0x00000226ffbc6860 1945   !   3       org.jetbrains.kotlin.com.intellij.psi.tree.IElementType::<init> (284 bytes)
Event: 3.577 Thread 0x00000226ffbc6860 nmethod 1945 0x0000022683769d10 code [0x000002268376a1e0, 0x000002268376c578]
Event: 3.577 Thread 0x00000226ffbc6860 1946       3       org.jetbrains.kotlin.com.intellij.psi.tree.IElementType::<init> (29 bytes)
Event: 3.578 Thread 0x00000226ffbc6860 nmethod 1946 0x000002268376d610 code [0x000002268376d7e0, 0x000002268376db08]

GC Heap History (8 events):
Event: 0.643 GC heap before
{Heap before GC invocations=0 (full 0):
 garbage-first heap   total 57344K, used 17408K [0x00000000c9400000, 0x0000000100000000)
  region size 1024K, 13 young (13312K), 0 survivors (0K)
 Metaspace       used 10505K, committed 10688K, reserved 1064960K
  class space    used 909K, committed 1024K, reserved 1048576K
}
Event: 0.646 GC heap after
{Heap after GC invocations=1 (full 0):
 garbage-first heap   total 57344K, used 6131K [0x00000000c9400000, 0x0000000100000000)
  region size 1024K, 2 young (2048K), 2 survivors (2048K)
 Metaspace       used 10505K, committed 10688K, reserved 1064960K
  class space    used 909K, committed 1024K, reserved 1048576K
}
Event: 1.008 GC heap before
{Heap before GC invocations=1 (full 0):
 garbage-first heap   total 57344K, used 23539K [0x00000000c9400000, 0x0000000100000000)
  region size 1024K, 19 young (19456K), 2 survivors (2048K)
 Metaspace       used 14645K, committed 14784K, reserved 1064960K
  class space    used 1460K, committed 1536K, reserved 1048576K
}
Event: 1.015 GC heap after
{Heap after GC invocations=2 (full 0):
 garbage-first heap   total 57344K, used 7844K [0x00000000c9400000, 0x0000000100000000)
  region size 1024K, 2 young (2048K), 2 survivors (2048K)
 Metaspace       used 14645K, committed 14784K, reserved 1064960K
  class space    used 1460K, committed 1536K, reserved 1048576K
}
Event: 1.996 GC heap before
{Heap before GC invocations=2 (full 0):
 garbage-first heap   total 57344K, used 32420K [0x00000000c9400000, 0x0000000100000000)
  region size 1024K, 27 young (27648K), 2 survivors (2048K)
 Metaspace       used 21327K, committed 21504K, reserved 1073152K
  class space    used 2324K, committed 2432K, reserved 1048576K
}
Event: 2.007 GC heap after
{Heap after GC invocations=3 (full 0):
 garbage-first heap   total 57344K, used 10356K [0x00000000c9400000, 0x0000000100000000)
  region size 1024K, 5 young (5120K), 5 survivors (5120K)
 Metaspace       used 21327K, committed 21504K, reserved 1073152K
  class space    used 2324K, committed 2432K, reserved 1048576K
}
Event: 3.043 GC heap before
{Heap before GC invocations=4 (full 0):
 garbage-first heap   total 40960K, used 31860K [0x00000000c9400000, 0x0000000100000000)
  region size 1024K, 27 young (27648K), 5 survivors (5120K)
 Metaspace       used 28795K, committed 29056K, reserved 1081344K
  class space    used 3548K, committed 3648K, reserved 1048576K
}
Event: 3.056 GC heap after
{Heap after GC invocations=5 (full 0):
 garbage-first heap   total 40960K, used 11702K [0x00000000c9400000, 0x0000000100000000)
  region size 1024K, 2 young (2048K), 2 survivors (2048K)
 Metaspace       used 28795K, committed 29056K, reserved 1081344K
  class space    used 3548K, committed 3648K, reserved 1048576K
}

Dll operation events (2 events):
Event: 0.017 Loaded shared library C:\Program Files\Android\Android Studio\jbr\bin\java.dll
Event: 2.443 Loaded shared library C:\Program Files\Android\Android Studio\jbr\bin\verify.dll

Deoptimization events (20 events):
Event: 2.427 Thread 0x00000226fd5e8c20 Uncommon trap: trap_request=0xffffff45 fr.pc=0x000002268af483d4 relative=0x0000000000000234
Event: 2.427 Thread 0x00000226fd5e8c20 Uncommon trap: reason=unstable_if action=reinterpret pc=0x000002268af483d4 method=java.lang.String.startsWith(Ljava/lang/String;I)Z @ 1 c2
Event: 2.427 Thread 0x00000226fd5e8c20 DEOPT PACKING pc=0x000002268af483d4 sp=0x00000078e89fe070
Event: 2.427 Thread 0x00000226fd5e8c20 DEOPT UNPACKING pc=0x000002268a9869a3 sp=0x00000078e89fdff0 mode 2
Event: 3.064 Thread 0x00000226fd5e8c20 DEOPT PACKING pc=0x0000022683732652 sp=0x00000078e89fe460
Event: 3.064 Thread 0x00000226fd5e8c20 DEOPT UNPACKING pc=0x000002268a987143 sp=0x00000078e89fd960 mode 0
Event: 3.064 Thread 0x00000226fd5e8c20 DEOPT PACKING pc=0x0000022683732652 sp=0x00000078e89fe460
Event: 3.064 Thread 0x00000226fd5e8c20 DEOPT UNPACKING pc=0x000002268a987143 sp=0x00000078e89fd960 mode 0
Event: 3.066 Thread 0x00000226fd5e8c20 DEOPT PACKING pc=0x0000022683732652 sp=0x00000078e89fe460
Event: 3.066 Thread 0x00000226fd5e8c20 DEOPT UNPACKING pc=0x000002268a987143 sp=0x00000078e89fd960 mode 0
Event: 3.071 Thread 0x00000226fd5e8c20 DEOPT PACKING pc=0x0000022683732652 sp=0x00000078e89fe460
Event: 3.071 Thread 0x00000226fd5e8c20 DEOPT UNPACKING pc=0x000002268a987143 sp=0x00000078e89fd960 mode 0
Event: 3.138 Thread 0x00000226fd5e8c20 Uncommon trap: trap_request=0xffffff45 fr.pc=0x000002268af77bcc relative=0x000000000000046c
Event: 3.138 Thread 0x00000226fd5e8c20 Uncommon trap: reason=unstable_if action=reinterpret pc=0x000002268af77bcc method=org.jetbrains.kotlin.com.intellij.openapi.vfs.impl.ZipEntryMap.isTheOne(Lorg/jetbrains/kotlin/com/intellij/openapi/vfs/impl/ArchiveHandler$EntryInfo;Ljava/lang/CharSequence;
Event: 3.138 Thread 0x00000226fd5e8c20 DEOPT PACKING pc=0x000002268af77bcc sp=0x00000078e89fe3f0
Event: 3.138 Thread 0x00000226fd5e8c20 DEOPT UNPACKING pc=0x000002268a9869a3 sp=0x00000078e89fe3a0 mode 2
Event: 3.171 Thread 0x00000226fd5e8c20 Uncommon trap: trap_request=0xffffff45 fr.pc=0x000002268af7a7f0 relative=0x0000000000000770
Event: 3.171 Thread 0x00000226fd5e8c20 Uncommon trap: reason=unstable_if action=reinterpret pc=0x000002268af7a7f0 method=org.jetbrains.kotlin.com.intellij.openapi.vfs.impl.ZipEntryMap.isTheOne(Lorg/jetbrains/kotlin/com/intellij/openapi/vfs/impl/ArchiveHandler$EntryInfo;Ljava/lang/CharSequence;
Event: 3.171 Thread 0x00000226fd5e8c20 DEOPT PACKING pc=0x000002268af7a7f0 sp=0x00000078e89fe450
Event: 3.171 Thread 0x00000226fd5e8c20 DEOPT UNPACKING pc=0x000002268a9869a3 sp=0x00000078e89fe398 mode 2

Classes unloaded (0 events):
No events

Classes redefined (0 events):
No events

Internal exceptions (20 events):
Event: 1.966 Thread 0x00000226fd5e8c20 Exception <a 'java/lang/NoSuchMethodError'{0x00000000cb214ad0}: 'long java.lang.invoke.DirectMethodHandle$Holder.invokeStaticInit(java.lang.Object)'> (0x00000000cb214ad0) 
thrown [s\src\hotspot\share\interpreter\linkResolver.cpp, line 771]
Event: 2.024 Thread 0x00000226fd5e8c20 Exception <a 'java/lang/NoSuchMethodError'{0x00000000ccb60258}: 'int java.lang.invoke.DirectMethodHandle$Holder.invokeStaticInit(java.lang.Object, java.lang.Object, java.lang.Object, java.lang.Object)'> (0x00000000ccb60258) 
thrown [s\src\hotspot\share\interpreter\linkResolver.cpp, line 771]
Event: 2.055 Thread 0x00000226fd5e8c20 Exception <a 'java/lang/NoSuchMethodError'{0x00000000cb91b238}: 'long java.lang.invoke.Invokers$Holder.invoke_MT(java.lang.Object, java.lang.Object, java.lang.Object, java.lang.Object)'> (0x00000000cb91b238) 
thrown [s\src\hotspot\share\interpreter\linkResolver.cpp, line 771]
Event: 2.057 Thread 0x00000226fd5e8c20 Exception <a 'java/lang/NoSuchMethodError'{0x00000000cb926908}: 'int java.lang.invoke.DirectMethodHandle$Holder.invokeSpecial(java.lang.Object, java.lang.Object, java.lang.Object)'> (0x00000000cb926908) 
thrown [s\src\hotspot\share\interpreter\linkResolver.cpp, line 771]
Event: 2.058 Thread 0x00000226fd5e8c20 Exception <a 'java/lang/NoSuchMethodError'{0x00000000cb92a5f8}: 'int java.lang.invoke.DirectMethodHandle$Holder.invokeSpecial(java.lang.Object, java.lang.Object, java.lang.Object, java.lang.Object)'> (0x00000000cb92a5f8) 
thrown [s\src\hotspot\share\interpreter\linkResolver.cpp, line 771]
Event: 2.059 Thread 0x00000226fd5e8c20 Exception <a 'java/lang/NoSuchMethodError'{0x00000000cb92dc60}: 'int java.lang.invoke.Invokers$Holder.invoke_MT(java.lang.Object, java.lang.Object, java.lang.Object, java.lang.Object)'> (0x00000000cb92dc60) 
thrown [s\src\hotspot\share\interpreter\linkResolver.cpp, line 771]
Event: 2.062 Thread 0x00000226fd5e8c20 Exception <a 'java/lang/NoSuchMethodError'{0x00000000cb93d1e8}: 'void java.lang.invoke.DelegatingMethodHandle$Holder.reinvoke_L(java.lang.Object, java.lang.Object, java.lang.Object, long, java.lang.Object)'> (0x00000000cb93d1e8) 
thrown [s\src\hotspot\share\interpreter\linkResolver.cpp, line 771]
Event: 2.063 Thread 0x00000226fd5e8c20 Exception <a 'java/lang/NoSuchMethodError'{0x00000000cb944e20}: 'java.lang.Object java.lang.invoke.DirectMethodHandle$Holder.invokeSpecial(java.lang.Object, java.lang.Object, java.lang.Object, java.lang.Object, long)'> (0x00000000cb944e20) 
thrown [s\src\hotspot\share\interpreter\linkResolver.cpp, line 771]
Event: 2.066 Thread 0x00000226fd5e8c20 Exception <a 'java/lang/NoSuchMethodError'{0x00000000cb9541e0}: 'int java.lang.invoke.DelegatingMethodHandle$Holder.reinvoke_L(java.lang.Object, java.lang.Object, java.lang.Object, long, java.lang.Object, java.lang.Object)'> (0x00000000cb9541e0) 
thrown [s\src\hotspot\share\interpreter\linkResolver.cpp, line 771]
Event: 2.070 Thread 0x00000226fd5e8c20 Exception <a 'java/lang/NoSuchMethodError'{0x00000000cb962e98}: 'int java.lang.invoke.DelegatingMethodHandle$Holder.reinvoke_L(java.lang.Object, java.lang.Object, java.lang.Object, long, int, int)'> (0x00000000cb962e98) 
thrown [s\src\hotspot\share\interpreter\linkResolver.cpp, line 771]
Event: 2.072 Thread 0x00000226fd5e8c20 Exception <a 'java/lang/NoSuchMethodError'{0x00000000cb9717d0}: 'int java.lang.invoke.DelegatingMethodHandle$Holder.reinvoke_L(java.lang.Object, java.lang.Object, java.lang.Object, long, long, long)'> (0x00000000cb9717d0) 
thrown [s\src\hotspot\share\interpreter\linkResolver.cpp, line 771]
Event: 2.074 Thread 0x00000226fd5e8c20 Exception <a 'java/lang/NoSuchMethodError'{0x00000000cb97fde8}: 'int java.lang.invoke.DelegatingMethodHandle$Holder.reinvoke_L(java.lang.Object, java.lang.Object, java.lang.Object, long, int)'> (0x00000000cb97fde8) 
thrown [s\src\hotspot\share\interpreter\linkResolver.cpp, line 771]
Event: 2.108 Thread 0x00000226fd5e8c20 Exception <a 'java/lang/NoSuchMethodError'{0x00000000cb827978}: 'int java.lang.invoke.DirectMethodHandle$Holder.invokeStaticInit(java.lang.Object, java.lang.Object, java.lang.Object)'> (0x00000000cb827978) 
thrown [s\src\hotspot\share\interpreter\linkResolver.cpp, line 771]
Event: 2.116 Thread 0x00000226fd5e8c20 Exception <a 'java/lang/NoSuchMethodError'{0x00000000cb850ef0}: 'int java.lang.invoke.DirectMethodHandle$Holder.invokeStaticInit(java.lang.Object, java.lang.Object)'> (0x00000000cb850ef0) 
thrown [s\src\hotspot\share\interpreter\linkResolver.cpp, line 771]
Event: 2.143 Thread 0x00000226fd5e8c20 Exception <a 'java/lang/NoSuchMethodError'{0x00000000cb72ef38}: 'void java.lang.invoke.DirectMethodHandle$Holder.invokeSpecial(java.lang.Object, java.lang.Object, java.lang.Object)'> (0x00000000cb72ef38) 
thrown [s\src\hotspot\share\interpreter\linkResolver.cpp, line 771]
Event: 2.270 Thread 0x00000226fd5e8c20 Exception <a 'java/lang/NoSuchMethodError'{0x00000000cb453418}: 'void java.lang.invoke.DirectMethodHandle$Holder.invokeStatic(java.lang.Object, java.lang.Object, java.lang.Object, java.lang.Object)'> (0x00000000cb453418) 
thrown [s\src\hotspot\share\interpreter\linkResolver.cpp, line 771]
Event: 2.389 Thread 0x00000226fd5e8c20 Exception <a 'java/lang/NoSuchMethodError'{0x00000000cab10ff0}: 'void java.lang.invoke.DirectMethodHandle$Holder.invokeStaticInit(java.lang.Object, java.lang.Object)'> (0x00000000cab10ff0) 
thrown [s\src\hotspot\share\interpreter\linkResolver.cpp, line 771]
Event: 2.560 Thread 0x00000226fd5e8c20 Exception <a 'java/lang/NoSuchMethodError'{0x00000000ca789d58}: 'void java.lang.invoke.DirectMethodHandle$Holder.invokeVirtual(java.lang.Object, java.lang.Object)'> (0x00000000ca789d58) 
thrown [s\src\hotspot\share\interpreter\linkResolver.cpp, line 771]
Event: 2.574 Thread 0x00000226fd5e8c20 Exception <a 'java/lang/NoSuchMethodError'{0x00000000ca603900}: 'int java.lang.invoke.DirectMethodHandle$Holder.invokeVirtual(java.lang.Object, java.lang.Object)'> (0x00000000ca603900) 
thrown [s\src\hotspot\share\interpreter\linkResolver.cpp, line 771]
Event: 2.607 Thread 0x00000226fd5e8c20 Exception <a 'java/lang/NoSuchMethodError'{0x00000000ca69b848}: 'java.lang.Object java.lang.invoke.Invokers$Holder.invokeExact_MT(java.lang.Object, java.lang.Object, java.lang.Object, java.lang.Object, java.lang.Object, java.lang.Object)'> (0x00000000ca69b848) 
thrown [s\src\hotspot\share\interpreter\linkResolver.cpp, line 771]

VM Operations (20 events):
Event: 1.368 Executing VM operation: HandshakeAllThreads
Event: 1.368 Executing VM operation: HandshakeAllThreads done
Event: 1.622 Executing VM operation: HandshakeAllThreads
Event: 1.622 Executing VM operation: HandshakeAllThreads done
Event: 1.916 Executing VM operation: HandshakeAllThreads
Event: 1.916 Executing VM operation: HandshakeAllThreads done
Event: 1.996 Executing VM operation: CollectForMetadataAllocation
Event: 2.007 Executing VM operation: CollectForMetadataAllocation done
Event: 2.014 Executing VM operation: G1Concurrent
Event: 2.016 Executing VM operation: G1Concurrent done
Event: 2.016 Executing VM operation: G1Concurrent
Event: 2.018 Executing VM operation: G1Concurrent done
Event: 3.034 Executing VM operation: Cleanup
Event: 3.037 Executing VM operation: Cleanup done
Event: 3.043 Executing VM operation: G1CollectForAllocation
Event: 3.056 Executing VM operation: G1CollectForAllocation done
Event: 3.429 Executing VM operation: HandshakeAllThreads
Event: 3.429 Executing VM operation: HandshakeAllThreads done
Event: 3.430 Executing VM operation: HandshakeAllThreads
Event: 3.430 Executing VM operation: HandshakeAllThreads done

Events (20 events):
Event: 3.467 loading class sun/nio/cs/UTF_32LE
Event: 3.467 loading class sun/nio/cs/UTF_32LE done
Event: 3.468 loading class sun/nio/cs/MS1251
Event: 3.468 loading class sun/nio/cs/MS1251 done
Event: 3.471 loading class sun/nio/cs/ThreadLocalCoders
Event: 3.471 loading class sun/nio/cs/ThreadLocalCoders done
Event: 3.471 loading class sun/nio/cs/ThreadLocalCoders$1
Event: 3.472 loading class sun/nio/cs/ThreadLocalCoders$Cache
Event: 3.472 loading class sun/nio/cs/ThreadLocalCoders$Cache done
Event: 3.472 loading class sun/nio/cs/ThreadLocalCoders$1 done
Event: 3.472 loading class sun/nio/cs/ThreadLocalCoders$2
Event: 3.472 loading class sun/nio/cs/ThreadLocalCoders$2 done
Event: 3.487 loading class java/beans/PropertyChangeSupport
Event: 3.488 loading class java/beans/PropertyChangeSupport done
Event: 3.488 loading class java/beans/PropertyChangeSupport$PropertyChangeListenerMap
Event: 3.488 loading class java/beans/ChangeListenerMap
Event: 3.489 loading class java/beans/ChangeListenerMap done
Event: 3.489 loading class java/beans/PropertyChangeSupport$PropertyChangeListenerMap done
Event: 3.489 loading class java/beans/PropertyChangeListener
Event: 3.489 loading class java/beans/PropertyChangeListener done


Dynamic libraries:
0x00007ff6b6dd0000 - 0x00007ff6b6dda000 	C:\Program Files\Android\Android Studio\jbr\bin\java.exe
0x00007ff83bcd0000 - 0x00007ff83bec8000 	C:\WINDOWS\SYSTEM32\ntdll.dll
0x00007ff83bac0000 - 0x00007ff83bb7d000 	C:\WINDOWS\System32\KERNEL32.DLL
0x00007ff8396c0000 - 0x00007ff8399b6000 	C:\WINDOWS\System32\KERNELBASE.dll
0x00007ff82ee00000 - 0x00007ff82ee17000 	C:\Program Files\Android\Android Studio\jbr\bin\jli.dll
0x00007ff82e920000 - 0x00007ff82e93b000 	C:\Program Files\Android\Android Studio\jbr\bin\VCRUNTIME140.dll
0x00007ff839c30000 - 0x00007ff839d30000 	C:\WINDOWS\System32\ucrtbase.dll
0x00007ff83a210000 - 0x00007ff83a3ae000 	C:\WINDOWS\System32\USER32.dll
0x00007ff824e80000 - 0x00007ff82511a000 	C:\WINDOWS\WinSxS\amd64_microsoft.windows.common-controls_6595b64144ccf1df_6.0.19041.3636_none_60b6a03d71f818d5\COMCTL32.dll
0x00007ff839e50000 - 0x00007ff839eee000 	C:\WINDOWS\System32\msvcrt.dll
0x00007ff839b50000 - 0x00007ff839b72000 	C:\WINDOWS\System32\win32u.dll
0x00007ff83bb80000 - 0x00007ff83bbac000 	C:\WINDOWS\System32\GDI32.dll
0x00007ff839a30000 - 0x00007ff839b4a000 	C:\WINDOWS\System32\gdi32full.dll
0x00007ff839540000 - 0x00007ff8395dd000 	C:\WINDOWS\System32\msvcp_win.dll
0x00007ff83b9f0000 - 0x00007ff83ba20000 	C:\WINDOWS\System32\IMM32.DLL
0x00007ff830010000 - 0x00007ff83001c000 	C:\Program Files\Android\Android Studio\jbr\bin\vcruntime140_1.dll
0x00007ff825f40000 - 0x00007ff825fcd000 	C:\Program Files\Android\Android Studio\jbr\bin\msvcp140.dll
0x00007ff803080000 - 0x00007ff803cee000 	C:\Program Files\Android\Android Studio\jbr\bin\server\jvm.dll
0x00007ff83afe0000 - 0x00007ff83b08f000 	C:\WINDOWS\System32\ADVAPI32.dll
0x00007ff83ba20000 - 0x00007ff83babc000 	C:\WINDOWS\System32\sechost.dll
0x00007ff83b8c0000 - 0x00007ff83b9e6000 	C:\WINDOWS\System32\RPCRT4.dll
0x00007ff830020000 - 0x00007ff830029000 	C:\WINDOWS\SYSTEM32\WSOCK32.dll
0x00007ff83ae30000 - 0x00007ff83ae9b000 	C:\WINDOWS\System32\WS2_32.dll
0x00007ff833770000 - 0x00007ff833797000 	C:\WINDOWS\SYSTEM32\WINMM.dll
0x00007ff8337a0000 - 0x00007ff8337aa000 	C:\WINDOWS\SYSTEM32\VERSION.dll
0x00007ff837270000 - 0x00007ff837282000 	C:\WINDOWS\SYSTEM32\kernel.appcore.dll
0x00007ff830000000 - 0x00007ff83000a000 	C:\Program Files\Android\Android Studio\jbr\bin\jimage.dll
0x00007ff834860000 - 0x00007ff834a44000 	C:\WINDOWS\SYSTEM32\DBGHELP.DLL
0x00007ff834be0000 - 0x00007ff834c14000 	C:\WINDOWS\SYSTEM32\dbgcore.DLL
0x00007ff839630000 - 0x00007ff8396b2000 	C:\WINDOWS\System32\bcryptPrimitives.dll
0x00007ff82fcd0000 - 0x00007ff82fcf5000 	C:\Program Files\Android\Android Studio\jbr\bin\java.dll
0x00007ff82ffe0000 - 0x00007ff82fff8000 	C:\Program Files\Android\Android Studio\jbr\bin\zip.dll
0x00007ff83b090000 - 0x00007ff83b7d4000 	C:\WINDOWS\System32\SHELL32.dll
0x00007ff837470000 - 0x00007ff837c0b000 	C:\WINDOWS\SYSTEM32\windows.storage.dll
0x00007ff83a500000 - 0x00007ff83a854000 	C:\WINDOWS\System32\combase.dll
0x00007ff838d20000 - 0x00007ff838d4d000 	C:\WINDOWS\SYSTEM32\Wldp.dll
0x00007ff83aea0000 - 0x00007ff83af4d000 	C:\WINDOWS\System32\SHCORE.dll
0x00007ff83b860000 - 0x00007ff83b8b5000 	C:\WINDOWS\System32\shlwapi.dll
0x00007ff8392e0000 - 0x00007ff839305000 	C:\WINDOWS\SYSTEM32\profapi.dll
0x00007ff82fcb0000 - 0x00007ff82fcc9000 	C:\Program Files\Android\Android Studio\jbr\bin\net.dll
0x00007ff82e620000 - 0x00007ff82e72a000 	C:\WINDOWS\SYSTEM32\WINHTTP.dll
0x00007ff838a80000 - 0x00007ff838aea000 	C:\WINDOWS\system32\mswsock.dll
0x00007ff82fc90000 - 0x00007ff82fca6000 	C:\Program Files\Android\Android Studio\jbr\bin\nio.dll
0x00007ff82fc80000 - 0x00007ff82fc90000 	C:\Program Files\Android\Android Studio\jbr\bin\verify.dll

dbghelp: loaded successfully - version: 4.0.5 - missing functions: none
symbol engine: initialized successfully - sym options: 0x614 - pdb path: .;C:\Program Files\Android\Android Studio\jbr\bin;C:\WINDOWS\SYSTEM32;C:\WINDOWS\WinSxS\amd64_microsoft.windows.common-controls_6595b64144ccf1df_6.0.19041.3636_none_60b6a03d71f818d5;C:\Program Files\Android\Android Studio\jbr\bin\server

VM Arguments:
java_command: org.jetbrains.kotlin.cli.jvm.K2JVMCompiler @C:\Users\HP\Desktop\CatHouse\app\build\20231225_4949204877099331913.compiler.options
java_class_path (initial): C:\Users\HP\.gradle\caches\modules-2\files-2.1\org.jetbrains.kotlin\kotlin-compiler-embeddable\1.9.0\2c8c3a7402becca891f12739b3e9fd2dc2adbd7a\kotlin-compiler-embeddable-1.9.0.jar;C:\Users\HP\.gradle\caches\modules-2\files-2.1\org.jetbrains.kotlin\kotlin-stdlib\1.9.0\8ee15ef0c67dc83d874f412d84378d7f0eb50b63\kotlin-stdlib-1.9.0.jar;C:\Users\HP\.gradle\caches\modules-2\files-2.1\org.jetbrains.kotlin\kotlin-script-runtime\1.9.0\4b3102cbbb7e1b58d9d1adf89563f00069ffa7d1\kotlin-script-runtime-1.9.0.jar;C:\Users\HP\.gradle\caches\modules-2\files-2.1\org.jetbrains.kotlin\kotlin-reflect\1.6.10\1cbe9c92c12a94eea200d23c2bbaedaf3daf5132\kotlin-reflect-1.6.10.jar;C:\Users\HP\.gradle\caches\modules-2\files-2.1\org.jetbrains.kotlin\kotlin-daemon-embeddable\1.9.0\186543f5e28cf8d9a0290fecc2cf34301c40a65c\kotlin-daemon-embeddable-1.9.0.jar;C:\Users\HP\.gradle\caches\modules-2\files-2.1\org.jetbrains.intellij.deps\trove4j\1.0.20200330\3afb14d5f9ceb459d724e907a21145e8ff394f02\trove4j-1.0.20200330.jar;C:\Users\HP\.gradle\caches\modules-2\files-2.1\org.jetbrains.kotlin\kotlin-stdlib-common\1.9.0\cd65c21cfd1eec4d44ef09f9f52b6d9f8a720636\kotlin-stdlib-common-1.9.0.jar;C:\Users\HP\.gradle\caches\modules-2\files-2.1\org.jetbrains\annotations\13.0\919f0dfe192fb4e063e7dacadee7f8bb9a2672a9\annotations-13.0.jar
Launcher Type: SUN_STANDARD

[Global flags]
     intx CICompilerCount                          = 3                                         {product} {ergonomic}
     uint ConcGCThreads                            = 1                                         {product} {ergonomic}
     uint G1ConcRefinementThreads                  = 4                                         {product} {ergonomic}
   size_t G1HeapRegionSize                         = 1048576                                   {product} {ergonomic}
    uintx GCDrainStackTargetSize                   = 64                                        {product} {ergonomic}
   size_t InitialHeapSize                          = 58720256                                  {product} {ergonomic}
   size_t MarkStackSize                            = 4194304                                   {product} {ergonomic}
   size_t MaxHeapSize                              = 918552576                                 {product} {ergonomic}
   size_t MaxNewSize                               = 550502400                                 {product} {ergonomic}
   size_t MinHeapDeltaBytes                        = 1048576                                   {product} {ergonomic}
   size_t MinHeapSize                              = 8388608                                   {product} {ergonomic}
    uintx NonNMethodCodeHeapSize                   = 5832780                                {pd product} {ergonomic}
    uintx NonProfiledCodeHeapSize                  = 122912730                              {pd product} {ergonomic}
    uintx ProfiledCodeHeapSize                     = 122912730                              {pd product} {ergonomic}
    uintx ReservedCodeCacheSize                    = 251658240                              {pd product} {ergonomic}
     bool SegmentedCodeCache                       = true                                      {product} {ergonomic}
   size_t SoftMaxHeapSize                          = 918552576                              {manageable} {ergonomic}
     bool UseCompressedClassPointers               = true                           {product lp64_product} {ergonomic}
     bool UseCompressedOops                        = true                           {product lp64_product} {ergonomic}
     bool UseG1GC                                  = true                                      {product} {ergonomic}
     bool UseLargePagesIndividualAllocation        = false                                  {pd product} {ergonomic}

Logging:
Log output configuration:
 #0: stdout all=warning uptime,level,tags
 #1: stderr all=off uptime,level,tags

Environment Variables:
JAVA_HOME=C:\Program Files\Java\jdk-21
PATH=C:\Program Files\Java\jdk-21\bin;C:\WINDOWS\system32;C:\WINDOWS;C:\WINDOWS\System32\Wbem;C:\WINDOWS\System32\WindowsPowerShell\v1.0\;C:\WINDOWS\System32\OpenSSH\;C:\MinGW\bin;C:\Program Files\PowerShell\7\;C:\Program Files\Git\cmd;C:\Users\HP\AppData\Local\Microsoft\WindowsApps;
USERNAME=HP
OS=Windows_NT
PROCESSOR_IDENTIFIER=AMD64 Family 23 Model 24 Stepping 1, AuthenticAMD
TMP=C:\Users\HP\AppData\Local\Temp
TEMP=C:\Users\HP\AppData\Local\Temp


JNI global refs:
JNI global refs: 7, weak refs: 0

JNI global refs memory usage: 843, weak refs: 841


---------------  S Y S T E M  ---------------

OS:
 Windows 10 , 64 bit Build 19041 (10.0.19041.3636)
OS uptime: 2 days 16:07 hours

CPU: total 4 (initial active 4) (4 cores per cpu, 2 threads per core) family 23 model 24 stepping 1 microcode 0x0, cx8, cmov, fxsr, ht, mmx, 3dnowpref, sse, sse2, sse3, ssse3, sse4a, sse4.1, sse4.2, popcnt, lzcnt, tsc, tscinvbit, avx, avx2, aes, clmul, bmi1, bmi2, adx, sha, fma, vzeroupper, clflush, clflushopt

Memory: 4k page, system-wide physical 3499M (244M free)
TotalPageFile size 8495M (AvailPageFile size 3M)
current process WorkingSet (physical memory assigned to process): 131M, peak: 131M
current process commit charge ("private bytes"): 164M, peak: 166M

vm_info: OpenJDK 64-Bit Server VM (17.0.6+0-b2043.56-10027231) for windows-amd64 JRE (17.0.6+0-b2043.56-10027231), built on Apr 28 2023 00:43:19 by "androidbuild" with MS VC++ 16.10 / 16.11 (VS2019)

END.
