#
# There is insufficient memory for the Java Runtime Environment to continue.
# Native memory allocation (mmap) failed to map 72351744 bytes for G1 virtual space
# Possible reasons:
#   The system is out of physical RAM or swap space
#   The process is running with CompressedOops enabled, and the Java Heap may be blocking the growth of the native heap
# Possible solutions:
#   Reduce memory load on the system
#   Increase physical memory or swap space
#   Check if swap backing store is full
#   Decrease Java heap size (-Xmx/-Xms)
#   Decrease number of Java threads
#   Decrease Java thread stack sizes (-Xss)
#   Set larger code cache with -XX:ReservedCodeCacheSize=
#   JVM is running with Unscaled Compressed Oops mode in which the Java heap is
#     placed in the first 4GB address space. The Java Heap base address is the
#     maximum limit for the native heap growth. Please use -XX:HeapBaseMinAddress
#     to set the Java Heap base and to place the Java Heap above 4GB virtual address.
# This output file may be truncated or incomplete.
#
#  Out of Memory Error (os_windows.cpp:3769), pid=5088, tid=6348
#
# JRE version: OpenJDK Runtime Environment (17.0.6) (build 17.0.6+0-b2043.56-10027231)
# Java VM: OpenJDK 64-Bit Server VM (17.0.6+0-b2043.56-10027231, mixed mode, tiered, compressed oops, compressed class ptrs, g1 gc, windows-amd64)
# No core dump will be written. Minidumps are not enabled by default on client versions of Windows
#

---------------  S U M M A R Y ------------

Command Line: org.jetbrains.kotlin.cli.jvm.K2JVMCompiler @C:\Users\HP\Desktop\CatHouse\app\build\20231225_13202498452402962226.compiler.options

Host: AMD Ryzen 3 3250U with Radeon Graphics         , 4 cores, 3G,  Windows 10 , 64 bit Build 19041 (10.0.19041.3636)
Time: Mon Dec 25 13:43:31 2023 SE Asia Standard Time elapsed time: 15.369837 seconds (0d 0h 0m 15s)

---------------  T H R E A D  ---------------

Current thread (0x0000019cb7f8f060):  VMThread "VM Thread" [stack: 0x0000006ba6200000,0x0000006ba6300000] [id=6348]

Stack: [0x0000006ba6200000,0x0000006ba6300000]
Native frames: (J=compiled Java code, j=interpreted, Vv=VM code, C=native code)
V  [jvm.dll+0x683c9a]
V  [jvm.dll+0x8427a4]
V  [jvm.dll+0x843f9e]
V  [jvm.dll+0x844603]
V  [jvm.dll+0x249b75]
V  [jvm.dll+0x680b69]
V  [jvm.dll+0x67505a]
V  [jvm.dll+0x309acb]
V  [jvm.dll+0x310f86]
V  [jvm.dll+0x3608ee]
V  [jvm.dll+0x360b1f]
V  [jvm.dll+0x2dfbf8]
V  [jvm.dll+0x2ddec4]
V  [jvm.dll+0x2dd4cc]
V  [jvm.dll+0x321f3b]
V  [jvm.dll+0x848ccb]
V  [jvm.dll+0x849a04]
V  [jvm.dll+0x849f1d]
V  [jvm.dll+0x84a2f4]
V  [jvm.dll+0x84a3c0]
V  [jvm.dll+0x7f274a]
V  [jvm.dll+0x682ad5]
C  [ucrtbase.dll+0x21bb2]
C  [KERNEL32.DLL+0x17344]
C  [ntdll.dll+0x526b1]

VM_Operation (0x0000006ba5cfdcc0): G1CollectForAllocation, mode: safepoint, requested by thread 0x0000019ca1618ae0


---------------  P R O C E S S  ---------------

Threads class SMR info:
_java_thread_list=0x0000019cb8d16260, length=12, elements={
0x0000019ca1618ae0, 0x0000019cb7fb1620, 0x0000019cb7fb2d70, 0x0000019cb7fdebe0,
0x0000019cb7fe07a0, 0x0000019cb7fe3900, 0x0000019cb7fe42b0, 0x0000019cb7fe57e0,
0x0000019cb8002140, 0x0000019cb80105b0, 0x0000019cb8d149c0, 0x0000019cb8d1d000
}

Java Threads: ( => current thread )
  0x0000019ca1618ae0 JavaThread "main" [_thread_blocked, id=5912, stack(0x0000006ba5c00000,0x0000006ba5d00000)]
  0x0000019cb7fb1620 JavaThread "Reference Handler" daemon [_thread_blocked, id=13968, stack(0x0000006ba6300000,0x0000006ba6400000)]
  0x0000019cb7fb2d70 JavaThread "Finalizer" daemon [_thread_blocked, id=1316, stack(0x0000006ba6400000,0x0000006ba6500000)]
  0x0000019cb7fdebe0 JavaThread "Signal Dispatcher" daemon [_thread_blocked, id=5820, stack(0x0000006ba6500000,0x0000006ba6600000)]
  0x0000019cb7fe07a0 JavaThread "Attach Listener" daemon [_thread_blocked, id=7816, stack(0x0000006ba6600000,0x0000006ba6700000)]
  0x0000019cb7fe3900 JavaThread "Service Thread" daemon [_thread_blocked, id=3352, stack(0x0000006ba6700000,0x0000006ba6800000)]
  0x0000019cb7fe42b0 JavaThread "Monitor Deflation Thread" daemon [_thread_blocked, id=12844, stack(0x0000006ba6800000,0x0000006ba6900000)]
  0x0000019cb7fe57e0 JavaThread "C2 CompilerThread0" daemon [_thread_blocked, id=2164, stack(0x0000006ba6900000,0x0000006ba6a00000)]
  0x0000019cb8002140 JavaThread "C1 CompilerThread0" daemon [_thread_blocked, id=13440, stack(0x0000006ba6a00000,0x0000006ba6b00000)]
  0x0000019cb80105b0 JavaThread "Sweeper thread" daemon [_thread_blocked, id=3096, stack(0x0000006ba6b00000,0x0000006ba6c00000)]
  0x0000019cb8d149c0 JavaThread "Notification Thread" daemon [_thread_blocked, id=13096, stack(0x0000006ba6c00000,0x0000006ba6d00000)]
  0x0000019cb8d1d000 JavaThread "Common-Cleaner" daemon [_thread_blocked, id=396, stack(0x0000006ba6e00000,0x0000006ba6f00000)]

Other Threads:
=>0x0000019cb7f8f060 VMThread "VM Thread" [stack: 0x0000006ba6200000,0x0000006ba6300000] [id=6348]
  0x0000019cb8d152a0 WatcherThread [stack: 0x0000006ba6d00000,0x0000006ba6e00000] [id=6372]
  0x0000019ca164f3e0 GCTaskThread "GC Thread#0" [stack: 0x0000006ba5d00000,0x0000006ba5e00000] [id=8860]
  0x0000019cb9112ea0 GCTaskThread "GC Thread#1" [stack: 0x0000006ba6f00000,0x0000006ba7000000] [id=7220]
  0x0000019cb9157040 GCTaskThread "GC Thread#2" [stack: 0x0000006ba7000000,0x0000006ba7100000] [id=4132]
  0x0000019cb91572f0 GCTaskThread "GC Thread#3" [stack: 0x0000006ba7100000,0x0000006ba7200000] [id=8308]
  0x0000019ca16570a0 ConcurrentGCThread "G1 Main Marker" [stack: 0x0000006ba5e00000,0x0000006ba5f00000] [id=4536]
  0x0000019ca1657ab0 ConcurrentGCThread "G1 Conc#0" [stack: 0x0000006ba5f00000,0x0000006ba6000000] [id=1080]
  0x0000019ca1694910 ConcurrentGCThread "G1 Refine#0" [stack: 0x0000006ba6000000,0x0000006ba6100000] [id=10720]
  0x0000019cba9d8940 ConcurrentGCThread "G1 Refine#1" [stack: 0x0000006ba7200000,0x0000006ba7300000] [id=6624]
  0x0000019cbad35c20 ConcurrentGCThread "G1 Refine#2" [stack: 0x0000006ba7300000,0x0000006ba7400000] [id=7744]
  0x0000019cbad35f00 ConcurrentGCThread "G1 Refine#3" [stack: 0x0000006ba7400000,0x0000006ba7500000] [id=12384]
  0x0000019ca1695330 ConcurrentGCThread "G1 Service" [stack: 0x0000006ba6100000,0x0000006ba6200000] [id=7588]

Threads with active compile tasks:
C2 CompilerThread0    15396 9075       4       sun.net.util.URLUtil::urlNoFragString (114 bytes)
C1 CompilerThread0    15396 9218       2       org.jetbrains.kotlin.psi.KtProperty::hasDelegate (32 bytes)

VM state: at safepoint (normal execution)

VM Mutex/Monitor currently owned by a thread:  ([mutex/lock_event])
[0x0000019ca16149c0] Threads_lock - owner thread: 0x0000019cb7f8f060
[0x0000019ca1615860] Heap_lock - owner thread: 0x0000019ca1618ae0

Heap address: 0x00000000c9400000, size: 876 MB, Compressed Oops mode: 32-bit

CDS archive(s) not mapped
Compressed class space mapped at: 0x0000000100000000-0x0000000140000000, reserved size: 1073741824
Narrow klass base: 0x0000000000000000, Narrow klass shift: 3, Narrow klass range: 0x140000000

GC Precious Log:
 CPUs: 4 total, 4 available
 Memory: 3499M
 Large Page Support: Disabled
 NUMA Support: Disabled
 Compressed Oops: Enabled (32-bit)
 Heap Region Size: 1M
 Heap Min Capacity: 8M
 Heap Initial Capacity: 56M
 Heap Max Capacity: 876M
 Pre-touch: Disabled
 Parallel Workers: 4
 Concurrent Workers: 1
 Concurrent Refinement Workers: 4
 Periodic GC: Disabled

Heap:
 garbage-first heap   total 91136K, used 49838K [0x00000000c9400000, 0x0000000100000000)
  region size 1024K, 2 young (2048K), 2 survivors (2048K)
 Metaspace       used 60913K, committed 61184K, reserved 1105920K
  class space    used 6904K, committed 7040K, reserved 1048576K

Heap Regions: E=young(eden), S=young(survivor), O=old, HS=humongous(starts), HC=humongous(continues), CS=collection set, F=free, OA=open archive, CA=closed archive, TAMS=top-at-mark-start (previous, next)
|   0|0x00000000c9400000, 0x00000000c9500000, 0x00000000c9500000|100%|HS|  |TAMS 0x00000000c9500000, 0x00000000c9500000| Complete 
|   1|0x00000000c9500000, 0x00000000c9600000, 0x00000000c9600000|100%|HC|  |TAMS 0x00000000c9600000, 0x00000000c9600000| Complete 
|   2|0x00000000c9600000, 0x00000000c9700000, 0x00000000c9700000|100%|HC|  |TAMS 0x00000000c9700000, 0x00000000c9700000| Complete 
|   3|0x00000000c9700000, 0x00000000c9800000, 0x00000000c9800000|100%|HC|  |TAMS 0x00000000c9800000, 0x00000000c9800000| Complete 
|   4|0x00000000c9800000, 0x00000000c98ef400, 0x00000000c9900000| 93%| O|  |TAMS 0x00000000c98ef400, 0x00000000c98ef400| Untracked 
|   5|0x00000000c9900000, 0x00000000c9a00000, 0x00000000c9a00000|100%| O|  |TAMS 0x00000000c9a00000, 0x00000000c9a00000| Untracked 
|   6|0x00000000c9a00000, 0x00000000c9b00000, 0x00000000c9b00000|100%| O|  |TAMS 0x00000000c9b00000, 0x00000000c9b00000| Untracked 
|   7|0x00000000c9b00000, 0x00000000c9c00000, 0x00000000c9c00000|100%| O|  |TAMS 0x00000000c9c00000, 0x00000000c9c00000| Untracked 
|   8|0x00000000c9c00000, 0x00000000c9d00000, 0x00000000c9d00000|100%| O|  |TAMS 0x00000000c9d00000, 0x00000000c9d00000| Untracked 
|   9|0x00000000c9d00000, 0x00000000c9d00000, 0x00000000c9e00000|  0%| F|  |TAMS 0x00000000c9d00000, 0x00000000c9d00000| Untracked 
|  10|0x00000000c9e00000, 0x00000000c9f00000, 0x00000000c9f00000|100%| O|  |TAMS 0x00000000c9f00000, 0x00000000c9f00000| Untracked 
|  11|0x00000000c9f00000, 0x00000000ca000000, 0x00000000ca000000|100%| O|  |TAMS 0x00000000ca000000, 0x00000000ca000000| Untracked 
|  12|0x00000000ca000000, 0x00000000ca100000, 0x00000000ca100000|100%| O|  |TAMS 0x00000000ca100000, 0x00000000ca100000| Untracked 
|  13|0x00000000ca100000, 0x00000000ca200000, 0x00000000ca200000|100%| O|  |TAMS 0x00000000ca200000, 0x00000000ca200000| Untracked 
|  14|0x00000000ca200000, 0x00000000ca300000, 0x00000000ca300000|100%| O|  |TAMS 0x00000000ca300000, 0x00000000ca300000| Untracked 
|  15|0x00000000ca300000, 0x00000000ca400000, 0x00000000ca400000|100%| O|  |TAMS 0x00000000ca400000, 0x00000000ca400000| Untracked 
|  16|0x00000000ca400000, 0x00000000ca500000, 0x00000000ca500000|100%| O|  |TAMS 0x00000000ca500000, 0x00000000ca500000| Untracked 
|  17|0x00000000ca500000, 0x00000000ca600000, 0x00000000ca600000|100%| O|  |TAMS 0x00000000ca600000, 0x00000000ca600000| Untracked 
|  18|0x00000000ca600000, 0x00000000ca700000, 0x00000000ca700000|100%| O|  |TAMS 0x00000000ca700000, 0x00000000ca700000| Untracked 
|  19|0x00000000ca700000, 0x00000000ca800000, 0x00000000ca800000|100%|HS|  |TAMS 0x00000000ca800000, 0x00000000ca800000| Complete 
|  20|0x00000000ca800000, 0x00000000ca900000, 0x00000000ca900000|100%|HC|  |TAMS 0x00000000ca900000, 0x00000000ca900000| Complete 
|  21|0x00000000ca900000, 0x00000000caa00000, 0x00000000caa00000|100%| O|  |TAMS 0x00000000caa00000, 0x00000000caa00000| Untracked 
|  22|0x00000000caa00000, 0x00000000cab00000, 0x00000000cab00000|100%| O|  |TAMS 0x00000000cab00000, 0x00000000cab00000| Untracked 
|  23|0x00000000cab00000, 0x00000000cac00000, 0x00000000cac00000|100%| O|  |TAMS 0x00000000cac00000, 0x00000000cac00000| Untracked 
|  24|0x00000000cac00000, 0x00000000cad00000, 0x00000000cad00000|100%| O|  |TAMS 0x00000000cad00000, 0x00000000cad00000| Untracked 
|  25|0x00000000cad00000, 0x00000000cae00000, 0x00000000cae00000|100%| O|  |TAMS 0x00000000cae00000, 0x00000000cae00000| Untracked 
|  26|0x00000000cae00000, 0x00000000caf00000, 0x00000000caf00000|100%| O|  |TAMS 0x00000000caf00000, 0x00000000caf00000| Untracked 
|  27|0x00000000caf00000, 0x00000000cb000000, 0x00000000cb000000|100%| O|  |TAMS 0x00000000cb000000, 0x00000000cb000000| Untracked 
|  28|0x00000000cb000000, 0x00000000cb100000, 0x00000000cb100000|100%| O|  |TAMS 0x00000000cb100000, 0x00000000cb100000| Untracked 
|  29|0x00000000cb100000, 0x00000000cb200000, 0x00000000cb200000|100%| O|  |TAMS 0x00000000cb200000, 0x00000000cb200000| Untracked 
|  30|0x00000000cb200000, 0x00000000cb300000, 0x00000000cb300000|100%| O|  |TAMS 0x00000000cb300000, 0x00000000cb300000| Untracked 
|  31|0x00000000cb300000, 0x00000000cb400000, 0x00000000cb400000|100%| O|  |TAMS 0x00000000cb400000, 0x00000000cb400000| Untracked 
|  32|0x00000000cb400000, 0x00000000cb500000, 0x00000000cb500000|100%| O|  |TAMS 0x00000000cb500000, 0x00000000cb500000| Untracked 
|  33|0x00000000cb500000, 0x00000000cb600000, 0x00000000cb600000|100%| O|  |TAMS 0x00000000cb600000, 0x00000000cb600000| Untracked 
|  34|0x00000000cb600000, 0x00000000cb700000, 0x00000000cb700000|100%| O|  |TAMS 0x00000000cb700000, 0x00000000cb700000| Untracked 
|  35|0x00000000cb700000, 0x00000000cb800000, 0x00000000cb800000|100%| O|  |TAMS 0x00000000cb800000, 0x00000000cb800000| Untracked 
|  36|0x00000000cb800000, 0x00000000cb900000, 0x00000000cb900000|100%| O|  |TAMS 0x00000000cb900000, 0x00000000cb900000| Untracked 
|  37|0x00000000cb900000, 0x00000000cba00000, 0x00000000cba00000|100%| O|  |TAMS 0x00000000cba00000, 0x00000000cba00000| Untracked 
|  38|0x00000000cba00000, 0x00000000cbb00000, 0x00000000cbb00000|100%| O|  |TAMS 0x00000000cba00000, 0x00000000cbb00000| Untracked 
|  39|0x00000000cbb00000, 0x00000000cbc00000, 0x00000000cbc00000|100%| O|  |TAMS 0x00000000cbc00000, 0x00000000cbc00000| Untracked 
|  40|0x00000000cbc00000, 0x00000000cbd00000, 0x00000000cbd00000|100%| O|  |TAMS 0x00000000cbd00000, 0x00000000cbd00000| Untracked 
|  41|0x00000000cbd00000, 0x00000000cbe00000, 0x00000000cbe00000|100%| O|  |TAMS 0x00000000cbe00000, 0x00000000cbe00000| Untracked 
|  42|0x00000000cbe00000, 0x00000000cbf00000, 0x00000000cbf00000|100%| O|  |TAMS 0x00000000cbe51a00, 0x00000000cbf00000| Untracked 
|  43|0x00000000cbf00000, 0x00000000cc000000, 0x00000000cc000000|100%| O|  |TAMS 0x00000000cbf00000, 0x00000000cc000000| Untracked 
|  44|0x00000000cc000000, 0x00000000cc100000, 0x00000000cc100000|100%| O|  |TAMS 0x00000000cc000000, 0x00000000cc100000| Untracked 
|  45|0x00000000cc100000, 0x00000000cc200000, 0x00000000cc200000|100%| O|  |TAMS 0x00000000cc100000, 0x00000000cc200000| Untracked 
|  46|0x00000000cc200000, 0x00000000cc300000, 0x00000000cc300000|100%| O|  |TAMS 0x00000000cc200000, 0x00000000cc300000| Untracked 
|  47|0x00000000cc300000, 0x00000000cc400000, 0x00000000cc400000|100%| O|  |TAMS 0x00000000cc300000, 0x00000000cc400000| Untracked 
|  48|0x00000000cc400000, 0x00000000cc485000, 0x00000000cc500000| 51%| O|  |TAMS 0x00000000cc400000, 0x00000000cc485000| Untracked 
|  49|0x00000000cc500000, 0x00000000cc500000, 0x00000000cc600000|  0%| F|  |TAMS 0x00000000cc500000, 0x00000000cc500000| Untracked 
|  50|0x00000000cc600000, 0x00000000cc600000, 0x00000000cc700000|  0%| F|  |TAMS 0x00000000cc600000, 0x00000000cc600000| Untracked 
|  51|0x00000000cc700000, 0x00000000cc700000, 0x00000000cc800000|  0%| F|  |TAMS 0x00000000cc700000, 0x00000000cc700000| Untracked 
|  52|0x00000000cc800000, 0x00000000cc800000, 0x00000000cc900000|  0%| F|  |TAMS 0x00000000cc800000, 0x00000000cc800000| Untracked 
|  53|0x00000000cc900000, 0x00000000cc900000, 0x00000000cca00000|  0%| F|  |TAMS 0x00000000cc900000, 0x00000000cc900000| Untracked 
|  54|0x00000000cca00000, 0x00000000cca00000, 0x00000000ccb00000|  0%| F|  |TAMS 0x00000000cca00000, 0x00000000cca00000| Untracked 
|  55|0x00000000ccb00000, 0x00000000ccb00000, 0x00000000ccc00000|  0%| F|  |TAMS 0x00000000ccb00000, 0x00000000ccb00000| Untracked 
|  56|0x00000000ccc00000, 0x00000000ccc00000, 0x00000000ccd00000|  0%| F|  |TAMS 0x00000000ccc00000, 0x00000000ccc00000| Untracked 
|  57|0x00000000ccd00000, 0x00000000ccd00000, 0x00000000cce00000|  0%| F|  |TAMS 0x00000000ccd00000, 0x00000000ccd00000| Untracked 
|  58|0x00000000cce00000, 0x00000000cce00000, 0x00000000ccf00000|  0%| F|  |TAMS 0x00000000cce00000, 0x00000000cce00000| Untracked 
|  59|0x00000000ccf00000, 0x00000000ccf00000, 0x00000000cd000000|  0%| F|  |TAMS 0x00000000ccf00000, 0x00000000ccf00000| Untracked 
|  60|0x00000000cd000000, 0x00000000cd000000, 0x00000000cd100000|  0%| F|  |TAMS 0x00000000cd000000, 0x00000000cd000000| Untracked 
|  61|0x00000000cd100000, 0x00000000cd100000, 0x00000000cd200000|  0%| F|  |TAMS 0x00000000cd100000, 0x00000000cd100000| Untracked 
|  62|0x00000000cd200000, 0x00000000cd200000, 0x00000000cd300000|  0%| F|  |TAMS 0x00000000cd200000, 0x00000000cd200000| Untracked 
|  63|0x00000000cd300000, 0x00000000cd3374b8, 0x00000000cd400000| 21%| S|CS|TAMS 0x00000000cd300000, 0x00000000cd300000| Complete 
|  64|0x00000000cd400000, 0x00000000cd500000, 0x00000000cd500000|100%| S|CS|TAMS 0x00000000cd400000, 0x00000000cd400000| Complete 
|  65|0x00000000cd500000, 0x00000000cd500000, 0x00000000cd600000|  0%| F|  |TAMS 0x00000000cd500000, 0x00000000cd500000| Untracked 
|  66|0x00000000cd600000, 0x00000000cd600000, 0x00000000cd700000|  0%| F|  |TAMS 0x00000000cd600000, 0x00000000cd600000| Untracked 
|  67|0x00000000cd700000, 0x00000000cd700000, 0x00000000cd800000|  0%| F|  |TAMS 0x00000000cd700000, 0x00000000cd700000| Untracked 
|  68|0x00000000cd800000, 0x00000000cd800000, 0x00000000cd900000|  0%| F|  |TAMS 0x00000000cd800000, 0x00000000cd800000| Untracked 
|  69|0x00000000cd900000, 0x00000000cd900000, 0x00000000cda00000|  0%| F|  |TAMS 0x00000000cd900000, 0x00000000cd900000| Untracked 
|  70|0x00000000cda00000, 0x00000000cda00000, 0x00000000cdb00000|  0%| F|  |TAMS 0x00000000cda00000, 0x00000000cda00000| Untracked 
|  71|0x00000000cdb00000, 0x00000000cdb00000, 0x00000000cdc00000|  0%| F|  |TAMS 0x00000000cdb00000, 0x00000000cdb00000| Untracked 
|  72|0x00000000cdc00000, 0x00000000cdc00000, 0x00000000cdd00000|  0%| F|  |TAMS 0x00000000cdc00000, 0x00000000cdc00000| Untracked 
|  73|0x00000000cdd00000, 0x00000000cdd00000, 0x00000000cde00000|  0%| F|  |TAMS 0x00000000cdd00000, 0x00000000cdd00000| Untracked 
|  74|0x00000000cde00000, 0x00000000cde00000, 0x00000000cdf00000|  0%| F|  |TAMS 0x00000000cde00000, 0x00000000cde00000| Untracked 
|  75|0x00000000cdf00000, 0x00000000cdf00000, 0x00000000ce000000|  0%| F|  |TAMS 0x00000000cdf00000, 0x00000000cdf00000| Untracked 
|  76|0x00000000ce000000, 0x00000000ce000000, 0x00000000ce100000|  0%| F|  |TAMS 0x00000000ce000000, 0x00000000ce000000| Untracked 
|  77|0x00000000ce100000, 0x00000000ce100000, 0x00000000ce200000|  0%| F|  |TAMS 0x00000000ce100000, 0x00000000ce100000| Untracked 
|  78|0x00000000ce200000, 0x00000000ce200000, 0x00000000ce300000|  0%| F|  |TAMS 0x00000000ce200000, 0x00000000ce200000| Untracked 
|  79|0x00000000ce300000, 0x00000000ce300000, 0x00000000ce400000|  0%| F|  |TAMS 0x00000000ce300000, 0x00000000ce300000| Untracked 
|  80|0x00000000ce400000, 0x00000000ce400000, 0x00000000ce500000|  0%| F|  |TAMS 0x00000000ce400000, 0x00000000ce400000| Untracked 
|  81|0x00000000ce500000, 0x00000000ce500000, 0x00000000ce600000|  0%| F|  |TAMS 0x00000000ce500000, 0x00000000ce500000| Untracked 
|  82|0x00000000ce600000, 0x00000000ce600000, 0x00000000ce700000|  0%| F|  |TAMS 0x00000000ce600000, 0x00000000ce600000| Untracked 
|  83|0x00000000ce700000, 0x00000000ce700000, 0x00000000ce800000|  0%| F|  |TAMS 0x00000000ce700000, 0x00000000ce700000| Untracked 
|  84|0x00000000ce800000, 0x00000000ce800000, 0x00000000ce900000|  0%| F|  |TAMS 0x00000000ce800000, 0x00000000ce800000| Untracked 
|  85|0x00000000ce900000, 0x00000000ce900000, 0x00000000cea00000|  0%| F|  |TAMS 0x00000000ce900000, 0x00000000ce900000| Untracked 
|  86|0x00000000cea00000, 0x00000000cea00000, 0x00000000ceb00000|  0%| F|  |TAMS 0x00000000cea00000, 0x00000000cea00000| Untracked 
|  87|0x00000000ceb00000, 0x00000000ceb00000, 0x00000000cec00000|  0%| F|  |TAMS 0x00000000ceb00000, 0x00000000ceb00000| Untracked 
|  88|0x00000000cec00000, 0x00000000cec00000, 0x00000000ced00000|  0%| F|  |TAMS 0x00000000cec00000, 0x00000000cec00000| Untracked 

Card table byte_map: [0x0000019cb3af0000,0x0000019cb3cb0000] _byte_map_base: 0x0000019cb34a6000

Marking Bits (Prev, Next): (CMBitMap*) 0x0000019ca164fa30, (CMBitMap*) 0x0000019ca164f9f0
 Prev Bits: [0x0000019cb4c20000, 0x0000019cb59d0000)
 Next Bits: [0x0000019cb3e70000, 0x0000019cb4c20000)

Polling page: 0x0000019c9f500000

Metaspace:

Usage:
  Non-class:     52.74 MB used.
      Class:      6.74 MB used.
       Both:     59.49 MB used.

Virtual space:
  Non-class space:       56.00 MB reserved,      52.88 MB ( 94%) committed,  7 nodes.
      Class space:        1.00 GB reserved,       6.88 MB ( <1%) committed,  1 nodes.
             Both:        1.05 GB reserved,      59.75 MB (  6%) committed. 

Chunk freelists:
   Non-Class:  2.91 MB
       Class:  1.11 MB
        Both:  4.02 MB

MaxMetaspaceSize: unlimited
CompressedClassSpaceSize: 1.00 GB
Initial GC threshold: 21.00 MB
Current GC threshold: 95.94 MB
CDS: off
MetaspaceReclaimPolicy: balanced
 - commit_granule_bytes: 65536.
 - commit_granule_words: 8192.
 - virtual_space_node_default_size: 1048576.
 - enlarge_chunks_in_place: 1.
 - new_chunks_are_fully_committed: 0.
 - uncommit_free_chunks: 1.
 - use_allocation_guard: 0.
 - handle_deallocations: 1.


Internal statistics:

num_allocs_failed_limit: 6.
num_arena_births: 268.
num_arena_deaths: 0.
num_vsnodes_births: 8.
num_vsnodes_deaths: 0.
num_space_committed: 954.
num_space_uncommitted: 0.
num_chunks_returned_to_freelist: 6.
num_chunks_taken_from_freelist: 2158.
num_chunk_merges: 6.
num_chunk_splits: 1760.
num_chunks_enlarged: 1557.
num_purges: 0.
num_inconsistent_stats: 0.

CodeHeap 'non-profiled nmethods': size=120000Kb used=2736Kb max_used=2823Kb free=117263Kb
 bounds [0x0000019cac5c0000, 0x0000019cac890000, 0x0000019cb3af0000]
CodeHeap 'profiled nmethods': size=120000Kb used=20057Kb max_used=20057Kb free=99942Kb
 bounds [0x0000019ca4af0000, 0x0000019ca5e90000, 0x0000019cac020000]
CodeHeap 'non-nmethods': size=5760Kb used=1293Kb max_used=1345Kb free=4466Kb
 bounds [0x0000019cac020000, 0x0000019cac290000, 0x0000019cac5c0000]
 total_blobs=8872 nmethods=8272 adapters=510
 compilation: enabled
              stopped_count=0, restarted_count=0
 full_count=0

Compilation events (20 events):
Event: 15.349 Thread 0x0000019cb8002140 nmethod 9208 0x0000019ca5e82090 code [0x0000019ca5e822c0, 0x0000019ca5e82898]
Event: 15.349 Thread 0x0000019cb8002140 9209       2       org.jetbrains.kotlin.com.intellij.psi.util.PsiUtilCore::toPsiElementArray (44 bytes)
Event: 15.349 Thread 0x0000019cb8002140 nmethod 9209 0x0000019ca5e82c90 code [0x0000019ca5e82e60, 0x0000019ca5e83078]
Event: 15.349 Thread 0x0000019cb8002140 9211       2       org.jetbrains.kotlin.resolve.jvm.checkers.BadInheritedJavaSignaturesChecker::check (239 bytes)
Event: 15.351 Thread 0x0000019cb8002140 nmethod 9211 0x0000019ca5e83190 code [0x0000019ca5e835c0, 0x0000019ca5e845e8]
Event: 15.351 Thread 0x0000019cb8002140 9212       2       org.jetbrains.kotlin.psi.psiUtil.KtPsiUtilKt::collectAnnotationEntriesFromPsi (155 bytes)
Event: 15.352 Thread 0x0000019cb8002140 nmethod 9212 0x0000019ca5e85090 code [0x0000019ca5e852e0, 0x0000019ca5e85a68]
Event: 15.352 Thread 0x0000019cb8002140 9213       2       org.jetbrains.kotlin.descriptors.impl.PropertyAccessorDescriptorImpl::getVisibility (14 bytes)
Event: 15.352 Thread 0x0000019cb8002140 nmethod 9213 0x0000019ca5e85e90 code [0x0000019ca5e86020, 0x0000019ca5e86168]
Event: 15.353 Thread 0x0000019cb8002140 9210       2       org.jetbrains.kotlin.resolve.checkers.KotlinVersionStringAnnotationValueChecker::check (185 bytes)
Event: 15.354 Thread 0x0000019cb8002140 nmethod 9210 0x0000019ca5e86210 code [0x0000019ca5e865a0, 0x0000019ca5e87278]
Event: 15.354 Thread 0x0000019cb8002140 9216       2       org.jetbrains.kotlin.psi.KtProperty::getTypeReference (102 bytes)
Event: 15.354 Thread 0x0000019cb8002140 nmethod 9216 0x0000019ca5e87a90 code [0x0000019ca5e87c40, 0x0000019ca5e87db8]
Event: 15.354 Thread 0x0000019cb8002140 9215       2       org.jetbrains.kotlin.types.typeUtil.TypeUtilsKt::isNothing (11 bytes)
Event: 15.355 Thread 0x0000019cb8002140 nmethod 9215 0x0000019ca5e87f10 code [0x0000019ca5e88120, 0x0000019ca5e884b8]
Event: 15.355 Thread 0x0000019cb8002140 9214       1       org.jetbrains.kotlin.descriptors.impl.PropertyAccessorDescriptorImpl::isExternal (5 bytes)
Event: 15.355 Thread 0x0000019cb8002140 nmethod 9214 0x0000019cac774310 code [0x0000019cac7744a0, 0x0000019cac774578]
Event: 15.355 Thread 0x0000019cb8002140 9217       1       org.jetbrains.kotlin.resolve.lazy.descriptors.LazyClassDescriptor::isFun (5 bytes)
Event: 15.355 Thread 0x0000019cb8002140 nmethod 9217 0x0000019cac774010 code [0x0000019cac7741a0, 0x0000019cac774278]
Event: 15.355 Thread 0x0000019cb8002140 9218       2       org.jetbrains.kotlin.psi.KtProperty::hasDelegate (32 bytes)

GC Heap History (20 events):
Event: 8.705 GC heap after
{Heap after GC invocations=16 (full 0):
 garbage-first heap   total 68608K, used 27229K [0x00000000c9400000, 0x0000000100000000)
  region size 1024K, 3 young (3072K), 3 survivors (3072K)
 Metaspace       used 46884K, committed 47168K, reserved 1097728K
  class space    used 5678K, committed 5824K, reserved 1048576K
}
Event: 9.558 GC heap before
{Heap before GC invocations=16 (full 0):
 garbage-first heap   total 68608K, used 48733K [0x00000000c9400000, 0x0000000100000000)
  region size 1024K, 25 young (25600K), 3 survivors (3072K)
 Metaspace       used 51458K, committed 51712K, reserved 1097728K
  class space    used 6182K, committed 6272K, reserved 1048576K
}
Event: 9.570 GC heap after
{Heap after GC invocations=17 (full 0):
 garbage-first heap   total 68608K, used 30322K [0x00000000c9400000, 0x0000000100000000)
  region size 1024K, 4 young (4096K), 4 survivors (4096K)
 Metaspace       used 51458K, committed 51712K, reserved 1097728K
  class space    used 6182K, committed 6272K, reserved 1048576K
}
Event: 10.273 GC heap before
{Heap before GC invocations=17 (full 0):
 garbage-first heap   total 68608K, used 51826K [0x00000000c9400000, 0x0000000100000000)
  region size 1024K, 25 young (25600K), 4 survivors (4096K)
 Metaspace       used 52384K, committed 52608K, reserved 1097728K
  class space    used 6206K, committed 6336K, reserved 1048576K
}
Event: 10.295 GC heap after
{Heap after GC invocations=18 (full 0):
 garbage-first heap   total 68608K, used 34314K [0x00000000c9400000, 0x0000000100000000)
  region size 1024K, 4 young (4096K), 4 survivors (4096K)
 Metaspace       used 52384K, committed 52608K, reserved 1097728K
  class space    used 6206K, committed 6336K, reserved 1048576K
}
Event: 10.732 GC heap before
{Heap before GC invocations=18 (full 0):
 garbage-first heap   total 68608K, used 52746K [0x00000000c9400000, 0x0000000100000000)
  region size 1024K, 22 young (22528K), 4 survivors (4096K)
 Metaspace       used 52855K, committed 53120K, reserved 1097728K
  class space    used 6231K, committed 6336K, reserved 1048576K
}
Event: 10.751 GC heap after
{Heap after GC invocations=19 (full 0):
 garbage-first heap   total 89088K, used 37675K [0x00000000c9400000, 0x0000000100000000)
  region size 1024K, 3 young (3072K), 3 survivors (3072K)
 Metaspace       used 52855K, committed 53120K, reserved 1097728K
  class space    used 6231K, committed 6336K, reserved 1048576K
}
Event: 11.039 GC heap before
{Heap before GC invocations=19 (full 0):
 garbage-first heap   total 89088K, used 66347K [0x00000000c9400000, 0x0000000100000000)
  region size 1024K, 31 young (31744K), 3 survivors (3072K)
 Metaspace       used 53070K, committed 53312K, reserved 1097728K
  class space    used 6251K, committed 6336K, reserved 1048576K
}
Event: 11.051 GC heap after
{Heap after GC invocations=20 (full 0):
 garbage-first heap   total 89088K, used 39553K [0x00000000c9400000, 0x0000000100000000)
  region size 1024K, 2 young (2048K), 2 survivors (2048K)
 Metaspace       used 53070K, committed 53312K, reserved 1097728K
  class space    used 6251K, committed 6336K, reserved 1048576K
}
Event: 11.605 GC heap before
{Heap before GC invocations=20 (full 0):
 garbage-first heap   total 89088K, used 66177K [0x00000000c9400000, 0x0000000100000000)
  region size 1024K, 28 young (28672K), 2 survivors (2048K)
 Metaspace       used 54511K, committed 54720K, reserved 1097728K
  class space    used 6441K, committed 6528K, reserved 1048576K
}
Event: 11.614 GC heap after
{Heap after GC invocations=21 (full 0):
 garbage-first heap   total 89088K, used 42302K [0x00000000c9400000, 0x0000000100000000)
  region size 1024K, 4 young (4096K), 4 survivors (4096K)
 Metaspace       used 54511K, committed 54720K, reserved 1097728K
  class space    used 6441K, committed 6528K, reserved 1048576K
}
Event: 12.443 GC heap before
{Heap before GC invocations=21 (full 0):
 garbage-first heap   total 89088K, used 68926K [0x00000000c9400000, 0x0000000100000000)
  region size 1024K, 29 young (29696K), 4 survivors (4096K)
 Metaspace       used 57003K, committed 57216K, reserved 1105920K
  class space    used 6693K, committed 6784K, reserved 1048576K
}
Event: 12.464 GC heap after
{Heap after GC invocations=22 (full 0):
 garbage-first heap   total 89088K, used 46326K [0x00000000c9400000, 0x0000000100000000)
  region size 1024K, 4 young (4096K), 4 survivors (4096K)
 Metaspace       used 57003K, committed 57216K, reserved 1105920K
  class space    used 6693K, committed 6784K, reserved 1048576K
}
Event: 13.132 GC heap before
{Heap before GC invocations=22 (full 0):
 garbage-first heap   total 89088K, used 59638K [0x00000000c9400000, 0x0000000100000000)
  region size 1024K, 18 young (18432K), 4 survivors (4096K)
 Metaspace       used 58606K, committed 58816K, reserved 1105920K
  class space    used 6825K, committed 6912K, reserved 1048576K
}
Event: 13.144 GC heap after
{Heap after GC invocations=23 (full 0):
 garbage-first heap   total 89088K, used 47758K [0x00000000c9400000, 0x0000000100000000)
  region size 1024K, 2 young (2048K), 2 survivors (2048K)
 Metaspace       used 58606K, committed 58816K, reserved 1105920K
  class space    used 6825K, committed 6912K, reserved 1048576K
}
Event: 14.347 GC heap before
{Heap before GC invocations=24 (full 0):
 garbage-first heap   total 91136K, used 71310K [0x00000000c9400000, 0x0000000100000000)
  region size 1024K, 25 young (25600K), 2 survivors (2048K)
 Metaspace       used 59707K, committed 59968K, reserved 1105920K
  class space    used 6857K, committed 6976K, reserved 1048576K
}
Event: 14.356 GC heap after
{Heap after GC invocations=25 (full 0):
 garbage-first heap   total 91136K, used 49261K [0x00000000c9400000, 0x0000000100000000)
  region size 1024K, 4 young (4096K), 4 survivors (4096K)
 Metaspace       used 59707K, committed 59968K, reserved 1105920K
  class space    used 6857K, committed 6976K, reserved 1048576K
}
Event: 14.410 GC heap before
{Heap before GC invocations=25 (full 0):
 garbage-first heap   total 91136K, used 50285K [0x00000000c9400000, 0x0000000100000000)
  region size 1024K, 5 young (5120K), 4 survivors (4096K)
 Metaspace       used 59766K, committed 60032K, reserved 1105920K
  class space    used 6857K, committed 6976K, reserved 1048576K
}
Event: 14.423 GC heap after
{Heap after GC invocations=26 (full 0):
 garbage-first heap   total 91136K, used 49132K [0x00000000c9400000, 0x0000000100000000)
  region size 1024K, 1 young (1024K), 1 survivors (1024K)
 Metaspace       used 59766K, committed 60032K, reserved 1105920K
  class space    used 6857K, committed 6976K, reserved 1048576K
}
Event: 15.355 GC heap before
{Heap before GC invocations=26 (full 0):
 garbage-first heap   total 91136K, used 72684K [0x00000000c9400000, 0x0000000100000000)
  region size 1024K, 24 young (24576K), 1 survivors (1024K)
 Metaspace       used 60913K, committed 61184K, reserved 1105920K
  class space    used 6904K, committed 7040K, reserved 1048576K
}

Dll operation events (2 events):
Event: 0.024 Loaded shared library C:\Program Files\Android\Android Studio\jbr\bin\java.dll
Event: 4.891 Loaded shared library C:\Program Files\Android\Android Studio\jbr\bin\verify.dll

Deoptimization events (20 events):
Event: 15.211 Thread 0x0000019ca1618ae0 DEOPT PACKING pc=0x0000019cac87dea0 sp=0x0000006ba5cfd610
Event: 15.211 Thread 0x0000019ca1618ae0 DEOPT UNPACKING pc=0x0000019cac0769a3 sp=0x0000006ba5cfd588 mode 2
Event: 15.212 Thread 0x0000019ca1618ae0 Uncommon trap: trap_request=0xffffffc6 fr.pc=0x0000019cac83ba90 relative=0x00000000000009f0
Event: 15.212 Thread 0x0000019ca1618ae0 Uncommon trap: reason=bimorphic_or_optimized_type_check action=maybe_recompile pc=0x0000019cac83ba90 method=kotlin.collections.CollectionsKt__MutableCollectionsKt.addAll(Ljava/util/Collection;Ljava/lang/Iterable;)Z @ 59 c2
Event: 15.212 Thread 0x0000019ca1618ae0 DEOPT PACKING pc=0x0000019cac83ba90 sp=0x0000006ba5cfdad0
Event: 15.212 Thread 0x0000019ca1618ae0 DEOPT UNPACKING pc=0x0000019cac0769a3 sp=0x0000006ba5cfdad0 mode 2
Event: 15.216 Thread 0x0000019ca1618ae0 Uncommon trap: trap_request=0xffffffc6 fr.pc=0x0000019cac83ba90 relative=0x00000000000009f0
Event: 15.216 Thread 0x0000019ca1618ae0 Uncommon trap: reason=bimorphic_or_optimized_type_check action=maybe_recompile pc=0x0000019cac83ba90 method=kotlin.collections.CollectionsKt__MutableCollectionsKt.addAll(Ljava/util/Collection;Ljava/lang/Iterable;)Z @ 59 c2
Event: 15.216 Thread 0x0000019ca1618ae0 DEOPT PACKING pc=0x0000019cac83ba90 sp=0x0000006ba5cfdad0
Event: 15.216 Thread 0x0000019ca1618ae0 DEOPT UNPACKING pc=0x0000019cac0769a3 sp=0x0000006ba5cfdad0 mode 2
Event: 15.218 Thread 0x0000019ca1618ae0 Uncommon trap: trap_request=0xffffffc6 fr.pc=0x0000019cac83ba90 relative=0x00000000000009f0
Event: 15.218 Thread 0x0000019ca1618ae0 Uncommon trap: reason=bimorphic_or_optimized_type_check action=maybe_recompile pc=0x0000019cac83ba90 method=kotlin.collections.CollectionsKt__MutableCollectionsKt.addAll(Ljava/util/Collection;Ljava/lang/Iterable;)Z @ 59 c2
Event: 15.218 Thread 0x0000019ca1618ae0 DEOPT PACKING pc=0x0000019cac83ba90 sp=0x0000006ba5cfdad0
Event: 15.218 Thread 0x0000019ca1618ae0 DEOPT UNPACKING pc=0x0000019cac0769a3 sp=0x0000006ba5cfdad0 mode 2
Event: 15.291 Thread 0x0000019ca1618ae0 DEOPT PACKING pc=0x0000019ca5a16b20 sp=0x0000006ba5cfbde0
Event: 15.291 Thread 0x0000019ca1618ae0 DEOPT UNPACKING pc=0x0000019cac077143 sp=0x0000006ba5cfb2b0 mode 0
Event: 15.331 Thread 0x0000019ca1618ae0 Uncommon trap: trap_request=0xffffff54 fr.pc=0x0000019cac780700 relative=0x0000000000000f20
Event: 15.331 Thread 0x0000019ca1618ae0 Uncommon trap: reason=speculate_null_assert action=make_not_entrant pc=0x0000019cac780700 method=org.jetbrains.kotlin.load.java.components.JavaAnnotationMapper.findMappedJavaAnnotation(Lorg/jetbrains/kotlin/name/FqName;Lorg/jetbrains/kotlin/load/java/stru
Event: 15.331 Thread 0x0000019ca1618ae0 DEOPT PACKING pc=0x0000019cac780700 sp=0x0000006ba5cfdd80
Event: 15.331 Thread 0x0000019ca1618ae0 DEOPT UNPACKING pc=0x0000019cac0769a3 sp=0x0000006ba5cfdd20 mode 2

Classes unloaded (0 events):
No events

Classes redefined (0 events):
No events

Internal exceptions (20 events):
Event: 7.750 Thread 0x0000019ca1618ae0 Exception <a 'java/lang/NoSuchMethodError'{0x00000000cb77b6a8}: 'java.lang.Object java.lang.invoke.DirectMethodHandle$Holder.newInvokeSpecial(java.lang.Object, java.lang.Object, int)'> (0x00000000cb77b6a8) 
thrown [s\src\hotspot\share\interpreter\linkResolver.cpp, line 771]
Event: 7.906 Thread 0x0000019ca1618ae0 Exception <a 'java/lang/NoSuchMethodError'{0x00000000cb4ceb60}: 'java.lang.Object java.lang.invoke.DirectMethodHandle$Holder.newInvokeSpecial(java.lang.Object, java.lang.Object, java.lang.Object, int)'> (0x00000000cb4ceb60) 
thrown [s\src\hotspot\share\interpreter\linkResolver.cpp, line 771]
Event: 7.906 Thread 0x0000019ca1618ae0 Exception <a 'java/lang/NoSuchMethodError'{0x00000000cb4d31e8}: 'java.lang.Object java.lang.invoke.DirectMethodHandle$Holder.invokeSpecial(java.lang.Object, java.lang.Object, java.lang.Object, java.lang.Object, int)'> (0x00000000cb4d31e8) 
thrown [s\src\hotspot\share\interpreter\linkResolver.cpp, line 771]
Event: 7.906 Thread 0x0000019ca1618ae0 Exception <a 'java/lang/NoSuchMethodError'{0x00000000cb4d7058}: 'java.lang.Object java.lang.invoke.Invokers$Holder.linkToTargetMethod(java.lang.Object, java.lang.Object, int, java.lang.Object)'> (0x00000000cb4d7058) 
thrown [s\src\hotspot\share\interpreter\linkResolver.cpp, line 771]
Event: 9.382 Thread 0x0000019ca1618ae0 Exception <a 'java/lang/NoSuchMethodError'{0x00000000cc55a410}: 'java.lang.Object java.lang.invoke.DirectMethodHandle$Holder.newInvokeSpecial(java.lang.Object, java.lang.Object, java.lang.Object, java.lang.Object, java.lang.Object, java.lang.Object)'> (0x00000000cc55a410) 
thrown [s\src\hotspot\share\interpreter\linkResolver.cpp, line 771]
Event: 9.532 Thread 0x0000019ca1618ae0 Exception <a 'java/lang/NoSuchMethodError'{0x00000000cc152800}: 'java.lang.Object java.lang.invoke.DirectMethodHandle$Holder.invokeStaticInit(java.lang.Object, java.lang.Object, java.lang.Object)'> (0x00000000cc152800) 
thrown [s\src\hotspot\share\interpreter\linkResolver.cpp, line 771]
Event: 10.303 Thread 0x0000019ca1618ae0 Implicit null exception at 0x0000019cac607cec to 0x0000019cac607ec0
Event: 10.303 Thread 0x0000019ca1618ae0 Implicit null exception at 0x0000019cac61410f to 0x0000019cac614185
Event: 10.446 Thread 0x0000019ca1618ae0 Exception <a 'java/lang/NoSuchMethodError'{0x00000000ccfab360}: 'java.lang.Object java.lang.invoke.DirectMethodHandle$Holder.newInvokeSpecial(java.lang.Object, int, java.lang.Object)'> (0x00000000ccfab360) 
thrown [s\src\hotspot\share\interpreter\linkResolver.cpp, line 771]
Event: 10.448 Thread 0x0000019ca1618ae0 Exception <a 'java/lang/NoSuchMethodError'{0x00000000ccfb19b0}: 'int java.lang.invoke.DirectMethodHandle$Holder.invokeInterface(java.lang.Object, java.lang.Object)'> (0x00000000ccfb19b0) 
thrown [s\src\hotspot\share\interpreter\linkResolver.cpp, line 771]
Event: 11.251 Thread 0x0000019ca1618ae0 Exception <a 'java/lang/NoSuchMethodError'{0x00000000ce496510}: 'java.lang.Object java.lang.invoke.DirectMethodHandle$Holder.newInvokeSpecial(java.lang.Object, java.lang.Object, java.lang.Object, java.lang.Object, java.lang.Object, java.lang.Object, java.lang.Object)'> (0x00000000ce496510) 
thrown [s\src\hotspot\share\interpreter\linkResolver.cpp, line 771]
Event: 11.251 Thread 0x0000019ca1618ae0 Exception <a 'java/lang/NoSuchMethodError'{0x00000000ce49ae20}: 'java.lang.Object java.lang.invoke.Invokers$Holder.linkToTargetMethod(java.lang.Object, java.lang.Object, java.lang.Object, java.lang.Object, java.lang.Object, java.lang.Object, java.lang.Object)'> (0x00000000ce49ae20) 
thrown [s\src\hotspot\share\interpreter\linkResolver.cpp, line 771]
Event: 11.292 Thread 0x0000019ca1618ae0 Implicit null exception at 0x0000019cac6a3309 to 0x0000019cac6a33f0
Event: 11.293 Thread 0x0000019ca1618ae0 Implicit null exception at 0x0000019cac620258 to 0x0000019cac6202ea
Event: 11.580 Thread 0x0000019ca1618ae0 Exception <a 'java/lang/NoSuchMethodError'{0x00000000cd141fa0}: 'java.lang.Object java.lang.invoke.DirectMethodHandle$Holder.newInvokeSpecial(java.lang.Object, int, java.lang.Object, java.lang.Object)'> (0x00000000cd141fa0) 
thrown [s\src\hotspot\share\interpreter\linkResolver.cpp, line 771]
Event: 11.635 Thread 0x0000019ca1618ae0 Implicit null exception at 0x0000019cac6ca24c to 0x0000019cac6ca328
Event: 12.118 Thread 0x0000019ca1618ae0 Exception <a 'java/lang/NoSuchMethodError'{0x00000000cdf9bb40}: 'java.lang.Object java.lang.invoke.DirectMethodHandle$Holder.invokeInterface(java.lang.Object, java.lang.Object, java.lang.Object)'> (0x00000000cdf9bb40) 
thrown [s\src\hotspot\share\interpreter\linkResolver.cpp, line 771]
Event: 12.118 Thread 0x0000019ca1618ae0 Exception <a 'java/lang/IncompatibleClassChangeError'{0x00000000cdf9f4b0}: Found class java.lang.Object, but interface was expected> (0x00000000cdf9f4b0) 
thrown [s\src\hotspot\share\interpreter\linkResolver.cpp, line 838]
Event: 13.294 Thread 0x0000019ca1618ae0 Exception <a 'java/lang/NoSuchMethodError'{0x00000000ce5c4ed0}: 'int java.lang.invoke.DirectMethodHandle$Holder.invokeStaticInit(java.lang.Object, int)'> (0x00000000ce5c4ed0) 
thrown [s\src\hotspot\share\interpreter\linkResolver.cpp, line 771]
Event: 13.775 Thread 0x0000019ca1618ae0 Implicit null exception at 0x0000019cac86b55d to 0x0000019cac86b764

VM Operations (20 events):
Event: 14.270 Executing VM operation: ICBufferFull done
Event: 14.332 Executing VM operation: ICBufferFull
Event: 14.332 Executing VM operation: ICBufferFull done
Event: 14.347 Executing VM operation: G1CollectForAllocation
Event: 14.356 Executing VM operation: G1CollectForAllocation done
Event: 14.410 Executing VM operation: G1CollectForAllocation
Event: 14.423 Executing VM operation: G1CollectForAllocation done
Event: 14.708 Executing VM operation: ICBufferFull
Event: 14.709 Executing VM operation: ICBufferFull done
Event: 14.938 Executing VM operation: ICBufferFull
Event: 14.938 Executing VM operation: ICBufferFull done
Event: 15.094 Executing VM operation: ICBufferFull
Event: 15.094 Executing VM operation: ICBufferFull done
Event: 15.230 Executing VM operation: HandshakeAllThreads
Event: 15.230 Executing VM operation: HandshakeAllThreads done
Event: 15.233 Executing VM operation: HandshakeAllThreads
Event: 15.233 Executing VM operation: HandshakeAllThreads done
Event: 15.262 Executing VM operation: ICBufferFull
Event: 15.262 Executing VM operation: ICBufferFull done
Event: 15.355 Executing VM operation: G1CollectForAllocation

Events (20 events):
Event: 14.172 Thread 0x0000019cb80105b0 flushing nmethod 0x0000019ca57dd610
Event: 14.172 Thread 0x0000019cb80105b0 flushing nmethod 0x0000019ca57dd990
Event: 14.172 Thread 0x0000019cb80105b0 flushing nmethod 0x0000019ca57f8610
Event: 14.172 Thread 0x0000019cb80105b0 flushing nmethod 0x0000019ca5821b90
Event: 14.172 Thread 0x0000019cb80105b0 flushing nmethod 0x0000019ca582b310
Event: 14.172 Thread 0x0000019cb80105b0 flushing nmethod 0x0000019ca5831190
Event: 14.172 Thread 0x0000019cb80105b0 flushing nmethod 0x0000019ca5831590
Event: 14.172 Thread 0x0000019cb80105b0 flushing nmethod 0x0000019ca5831f10
Event: 14.172 Thread 0x0000019cb80105b0 flushing nmethod 0x0000019ca5832490
Event: 14.172 Thread 0x0000019cb80105b0 flushing nmethod 0x0000019ca583cd10
Event: 14.173 Thread 0x0000019cb80105b0 flushing nmethod 0x0000019ca584b690
Event: 14.173 Thread 0x0000019cb80105b0 flushing nmethod 0x0000019ca589a390
Event: 14.173 Thread 0x0000019cb80105b0 flushing nmethod 0x0000019ca58e1610
Event: 14.173 Thread 0x0000019cb80105b0 flushing nmethod 0x0000019ca590a990
Event: 14.174 Thread 0x0000019cb80105b0 flushing nmethod 0x0000019ca5982f90
Event: 14.175 Thread 0x0000019cb80105b0 flushing nmethod 0x0000019ca5a0de10
Event: 14.176 Thread 0x0000019cb80105b0 flushing nmethod 0x0000019ca5b40690
Event: 14.177 Thread 0x0000019cb80105b0 flushing nmethod 0x0000019ca5c09010
Event: 15.127 loading class java/util/concurrent/locks/AbstractQueuedSynchronizer$Node
Event: 15.128 loading class java/util/concurrent/locks/AbstractQueuedSynchronizer$Node done


Dynamic libraries:
0x00007ff6b6dd0000 - 0x00007ff6b6dda000 	C:\Program Files\Android\Android Studio\jbr\bin\java.exe
0x00007ff83bcd0000 - 0x00007ff83bec8000 	C:\WINDOWS\SYSTEM32\ntdll.dll
0x00007ff83bac0000 - 0x00007ff83bb7d000 	C:\WINDOWS\System32\KERNEL32.DLL
0x00007ff8396c0000 - 0x00007ff8399b6000 	C:\WINDOWS\System32\KERNELBASE.dll
0x00007ff839c30000 - 0x00007ff839d30000 	C:\WINDOWS\System32\ucrtbase.dll
0x00007ff82ee00000 - 0x00007ff82ee17000 	C:\Program Files\Android\Android Studio\jbr\bin\jli.dll
0x00007ff83a210000 - 0x00007ff83a3ae000 	C:\WINDOWS\System32\USER32.dll
0x00007ff839b50000 - 0x00007ff839b72000 	C:\WINDOWS\System32\win32u.dll
0x00007ff83bb80000 - 0x00007ff83bbac000 	C:\WINDOWS\System32\GDI32.dll
0x00007ff82e920000 - 0x00007ff82e93b000 	C:\Program Files\Android\Android Studio\jbr\bin\VCRUNTIME140.dll
0x00007ff839a30000 - 0x00007ff839b4a000 	C:\WINDOWS\System32\gdi32full.dll
0x00007ff839540000 - 0x00007ff8395dd000 	C:\WINDOWS\System32\msvcp_win.dll
0x00007ff824e80000 - 0x00007ff82511a000 	C:\WINDOWS\WinSxS\amd64_microsoft.windows.common-controls_6595b64144ccf1df_6.0.19041.3636_none_60b6a03d71f818d5\COMCTL32.dll
0x00007ff839e50000 - 0x00007ff839eee000 	C:\WINDOWS\System32\msvcrt.dll
0x00007ff83b9f0000 - 0x00007ff83ba20000 	C:\WINDOWS\System32\IMM32.DLL
0x00007ff830010000 - 0x00007ff83001c000 	C:\Program Files\Android\Android Studio\jbr\bin\vcruntime140_1.dll
0x00007ff825f40000 - 0x00007ff825fcd000 	C:\Program Files\Android\Android Studio\jbr\bin\msvcp140.dll
0x00007ff803080000 - 0x00007ff803cee000 	C:\Program Files\Android\Android Studio\jbr\bin\server\jvm.dll
0x00007ff83afe0000 - 0x00007ff83b08f000 	C:\WINDOWS\System32\ADVAPI32.dll
0x00007ff83ba20000 - 0x00007ff83babc000 	C:\WINDOWS\System32\sechost.dll
0x00007ff83b8c0000 - 0x00007ff83b9e6000 	C:\WINDOWS\System32\RPCRT4.dll
0x00007ff8337a0000 - 0x00007ff8337aa000 	C:\WINDOWS\SYSTEM32\VERSION.dll
0x00007ff833770000 - 0x00007ff833797000 	C:\WINDOWS\SYSTEM32\WINMM.dll
0x00007ff830020000 - 0x00007ff830029000 	C:\WINDOWS\SYSTEM32\WSOCK32.dll
0x00007ff83ae30000 - 0x00007ff83ae9b000 	C:\WINDOWS\System32\WS2_32.dll
0x00007ff837270000 - 0x00007ff837282000 	C:\WINDOWS\SYSTEM32\kernel.appcore.dll
0x00007ff830000000 - 0x00007ff83000a000 	C:\Program Files\Android\Android Studio\jbr\bin\jimage.dll
0x00007ff834860000 - 0x00007ff834a44000 	C:\WINDOWS\SYSTEM32\DBGHELP.DLL
0x00007ff834be0000 - 0x00007ff834c14000 	C:\WINDOWS\SYSTEM32\dbgcore.DLL
0x00007ff839630000 - 0x00007ff8396b2000 	C:\WINDOWS\System32\bcryptPrimitives.dll
0x00007ff82fcd0000 - 0x00007ff82fcf5000 	C:\Program Files\Android\Android Studio\jbr\bin\java.dll
0x00007ff82ffe0000 - 0x00007ff82fff8000 	C:\Program Files\Android\Android Studio\jbr\bin\zip.dll
0x00007ff83b090000 - 0x00007ff83b7d4000 	C:\WINDOWS\System32\SHELL32.dll
0x00007ff837470000 - 0x00007ff837c0b000 	C:\WINDOWS\SYSTEM32\windows.storage.dll
0x00007ff83a500000 - 0x00007ff83a854000 	C:\WINDOWS\System32\combase.dll
0x00007ff838d20000 - 0x00007ff838d4d000 	C:\WINDOWS\SYSTEM32\Wldp.dll
0x00007ff83aea0000 - 0x00007ff83af4d000 	C:\WINDOWS\System32\SHCORE.dll
0x00007ff83b860000 - 0x00007ff83b8b5000 	C:\WINDOWS\System32\shlwapi.dll
0x00007ff8392e0000 - 0x00007ff839305000 	C:\WINDOWS\SYSTEM32\profapi.dll
0x00007ff82fcb0000 - 0x00007ff82fcc9000 	C:\Program Files\Android\Android Studio\jbr\bin\net.dll
0x00007ff82e620000 - 0x00007ff82e72a000 	C:\WINDOWS\SYSTEM32\WINHTTP.dll
0x00007ff838a80000 - 0x00007ff838aea000 	C:\WINDOWS\system32\mswsock.dll
0x00007ff82fc90000 - 0x00007ff82fca6000 	C:\Program Files\Android\Android Studio\jbr\bin\nio.dll
0x00007ff82fc80000 - 0x00007ff82fc90000 	C:\Program Files\Android\Android Studio\jbr\bin\verify.dll

dbghelp: loaded successfully - version: 4.0.5 - missing functions: none
symbol engine: initialized successfully - sym options: 0x614 - pdb path: .;C:\Program Files\Android\Android Studio\jbr\bin;C:\WINDOWS\SYSTEM32;C:\WINDOWS\WinSxS\amd64_microsoft.windows.common-controls_6595b64144ccf1df_6.0.19041.3636_none_60b6a03d71f818d5;C:\Program Files\Android\Android Studio\jbr\bin\server

VM Arguments:
java_command: org.jetbrains.kotlin.cli.jvm.K2JVMCompiler @C:\Users\HP\Desktop\CatHouse\app\build\20231225_13202498452402962226.compiler.options
java_class_path (initial): C:\Users\HP\.gradle\caches\modules-2\files-2.1\org.jetbrains.kotlin\kotlin-compiler-embeddable\1.9.0\2c8c3a7402becca891f12739b3e9fd2dc2adbd7a\kotlin-compiler-embeddable-1.9.0.jar;C:\Users\HP\.gradle\caches\modules-2\files-2.1\org.jetbrains.kotlin\kotlin-stdlib\1.9.0\8ee15ef0c67dc83d874f412d84378d7f0eb50b63\kotlin-stdlib-1.9.0.jar;C:\Users\HP\.gradle\caches\modules-2\files-2.1\org.jetbrains.kotlin\kotlin-script-runtime\1.9.0\4b3102cbbb7e1b58d9d1adf89563f00069ffa7d1\kotlin-script-runtime-1.9.0.jar;C:\Users\HP\.gradle\caches\modules-2\files-2.1\org.jetbrains.kotlin\kotlin-reflect\1.6.10\1cbe9c92c12a94eea200d23c2bbaedaf3daf5132\kotlin-reflect-1.6.10.jar;C:\Users\HP\.gradle\caches\modules-2\files-2.1\org.jetbrains.kotlin\kotlin-daemon-embeddable\1.9.0\186543f5e28cf8d9a0290fecc2cf34301c40a65c\kotlin-daemon-embeddable-1.9.0.jar;C:\Users\HP\.gradle\caches\modules-2\files-2.1\org.jetbrains.intellij.deps\trove4j\1.0.20200330\3afb14d5f9ceb459d724e907a21145e8ff394f02\trove4j-1.0.20200330.jar;C:\Users\HP\.gradle\caches\modules-2\files-2.1\org.jetbrains.kotlin\kotlin-stdlib-common\1.9.0\cd65c21cfd1eec4d44ef09f9f52b6d9f8a720636\kotlin-stdlib-common-1.9.0.jar;C:\Users\HP\.gradle\caches\modules-2\files-2.1\org.jetbrains\annotations\13.0\919f0dfe192fb4e063e7dacadee7f8bb9a2672a9\annotations-13.0.jar
Launcher Type: SUN_STANDARD

[Global flags]
     intx CICompilerCount                          = 3                                         {product} {ergonomic}
     uint ConcGCThreads                            = 1                                         {product} {ergonomic}
     uint G1ConcRefinementThreads                  = 4                                         {product} {ergonomic}
   size_t G1HeapRegionSize                         = 1048576                                   {product} {ergonomic}
    uintx GCDrainStackTargetSize                   = 64                                        {product} {ergonomic}
   size_t InitialHeapSize                          = 58720256                                  {product} {ergonomic}
   size_t MarkStackSize                            = 4194304                                   {product} {ergonomic}
   size_t MaxHeapSize                              = 918552576                                 {product} {ergonomic}
   size_t MaxNewSize                               = 550502400                                 {product} {ergonomic}
   size_t MinHeapDeltaBytes                        = 1048576                                   {product} {ergonomic}
   size_t MinHeapSize                              = 8388608                                   {product} {ergonomic}
    uintx NonNMethodCodeHeapSize                   = 5832780                                {pd product} {ergonomic}
    uintx NonProfiledCodeHeapSize                  = 122912730                              {pd product} {ergonomic}
    uintx ProfiledCodeHeapSize                     = 122912730                              {pd product} {ergonomic}
    uintx ReservedCodeCacheSize                    = 251658240                              {pd product} {ergonomic}
     bool SegmentedCodeCache                       = true                                      {product} {ergonomic}
   size_t SoftMaxHeapSize                          = 918552576                              {manageable} {ergonomic}
     bool UseCompressedClassPointers               = true                           {product lp64_product} {ergonomic}
     bool UseCompressedOops                        = true                           {product lp64_product} {ergonomic}
     bool UseG1GC                                  = true                                      {product} {ergonomic}
     bool UseLargePagesIndividualAllocation        = false                                  {pd product} {ergonomic}

Logging:
Log output configuration:
 #0: stdout all=warning uptime,level,tags
 #1: stderr all=off uptime,level,tags

Environment Variables:
JAVA_HOME=C:\Program Files\Java\jdk-21
PATH=C:\Program Files\Java\jdk-21\bin;C:\WINDOWS\system32;C:\WINDOWS;C:\WINDOWS\System32\Wbem;C:\WINDOWS\System32\WindowsPowerShell\v1.0\;C:\WINDOWS\System32\OpenSSH\;C:\MinGW\bin;C:\Program Files\PowerShell\7\;C:\Program Files\Git\cmd;C:\Users\HP\AppData\Local\Microsoft\WindowsApps;
USERNAME=HP
OS=Windows_NT
PROCESSOR_IDENTIFIER=AMD64 Family 23 Model 24 Stepping 1, AuthenticAMD
TMP=C:\Users\HP\AppData\Local\Temp
TEMP=C:\Users\HP\AppData\Local\Temp


JNI global refs:
JNI global refs: 8, weak refs: 8

JNI global refs memory usage: 843, weak refs: 841


---------------  S Y S T E M  ---------------

OS:
 Windows 10 , 64 bit Build 19041 (10.0.19041.3636)
OS uptime: 2 days 16:07 hours

CPU: total 4 (initial active 4) (4 cores per cpu, 2 threads per core) family 23 model 24 stepping 1 microcode 0x0, cx8, cmov, fxsr, ht, mmx, 3dnowpref, sse, sse2, sse3, ssse3, sse4a, sse4.1, sse4.2, popcnt, lzcnt, tsc, tscinvbit, avx, avx2, aes, clmul, bmi1, bmi2, adx, sha, fma, vzeroupper, clflush, clflushopt

Memory: 4k page, system-wide physical 3499M (241M free)
TotalPageFile size 8495M (AvailPageFile size 24M)
current process WorkingSet (physical memory assigned to process): 249M, peak: 249M
current process commit charge ("private bytes"): 277M, peak: 346M

vm_info: OpenJDK 64-Bit Server VM (17.0.6+0-b2043.56-10027231) for windows-amd64 JRE (17.0.6+0-b2043.56-10027231), built on Apr 28 2023 00:43:19 by "androidbuild" with MS VC++ 16.10 / 16.11 (VS2019)

END.
