#
# There is insufficient memory for the Java Runtime Environment to continue.
# Native memory allocation (mmap) failed to map 185597952 bytes for G1 virtual space
# Possible reasons:
#   The system is out of physical RAM or swap space
#   The process is running with CompressedOops enabled, and the Java Heap may be blocking the growth of the native heap
# Possible solutions:
#   Reduce memory load on the system
#   Increase physical memory or swap space
#   Check if swap backing store is full
#   Decrease Java heap size (-Xmx/-Xms)
#   Decrease number of Java threads
#   Decrease Java thread stack sizes (-Xss)
#   Set larger code cache with -XX:ReservedCodeCacheSize=
#   JVM is running with Unscaled Compressed Oops mode in which the Java heap is
#     placed in the first 4GB address space. The Java Heap base address is the
#     maximum limit for the native heap growth. Please use -XX:HeapBaseMinAddress
#     to set the Java Heap base and to place the Java Heap above 4GB virtual address.
# This output file may be truncated or incomplete.
#
#  Out of Memory Error (os_windows.cpp:3769), pid=2740, tid=9952
#
# JRE version: OpenJDK Runtime Environment (17.0.6) (build 17.0.6+0-b2043.56-10027231)
# Java VM: OpenJDK 64-Bit Server VM (17.0.6+0-b2043.56-10027231, mixed mode, tiered, compressed oops, compressed class ptrs, g1 gc, windows-amd64)
# No core dump will be written. Minidumps are not enabled by default on client versions of Windows
#

---------------  S U M M A R Y ------------

Command Line: --add-opens=java.base/java.util=ALL-UNNAMED --add-opens=java.base/java.lang=ALL-UNNAMED --add-opens=java.base/java.lang.invoke=ALL-UNNAMED --add-opens=java.prefs/java.util.prefs=ALL-UNNAMED --add-opens=java.base/java.nio.charset=ALL-UNNAMED --add-opens=java.base/java.net=ALL-UNNAMED --add-opens=java.base/java.util.concurrent.atomic=ALL-UNNAMED -Xmx2048m -Dfile.encoding=UTF-8 -Duser.country=US -Duser.language=en -Duser.variant org.gradle.launcher.daemon.bootstrap.GradleDaemon 8.0

Host: AMD Ryzen 3 3250U with Radeon Graphics         , 4 cores, 3G,  Windows 10 , 64 bit Build 19041 (10.0.19041.3636)
Time: Tue Dec 19 21:30:43 2023 SE Asia Standard Time elapsed time: 19.554326 seconds (0d 0h 0m 19s)

---------------  T H R E A D  ---------------

Current thread (0x000001fe6c6de7c0):  VMThread "VM Thread" [stack: 0x000000cbcb100000,0x000000cbcb200000] [id=9952]

Stack: [0x000000cbcb100000,0x000000cbcb200000]
Native frames: (J=compiled Java code, j=interpreted, Vv=VM code, C=native code)
V  [jvm.dll+0x683c9a]
V  [jvm.dll+0x8427a4]
V  [jvm.dll+0x843f9e]
V  [jvm.dll+0x844603]
V  [jvm.dll+0x249b75]
V  [jvm.dll+0x680b69]
V  [jvm.dll+0x67505a]
V  [jvm.dll+0x309acb]
V  [jvm.dll+0x310f86]
V  [jvm.dll+0x3608ee]
V  [jvm.dll+0x360b1f]
V  [jvm.dll+0x2dfbf8]
V  [jvm.dll+0x2ddec4]
V  [jvm.dll+0x2dd4cc]
V  [jvm.dll+0x321f3b]
V  [jvm.dll+0x848ccb]
V  [jvm.dll+0x849a04]
V  [jvm.dll+0x849f1d]
V  [jvm.dll+0x84a2f4]
V  [jvm.dll+0x84a3c0]
V  [jvm.dll+0x7f274a]
V  [jvm.dll+0x682ad5]
C  [ucrtbase.dll+0x21bb2]
C  [KERNEL32.DLL+0x17344]
C  [ntdll.dll+0x526b1]

VM_Operation (0x000000cbcc7f3800): G1CollectForAllocation, mode: safepoint, requested by thread 0x000001fe6e7c9c70


---------------  P R O C E S S  ---------------

Threads class SMR info:
_java_thread_list=0x000001fe71823690, length=38, elements={
0x000001fe5315b950, 0x000001fe6c704260, 0x000001fe6c705ff0, 0x000001fe6c70b7d0,
0x000001fe6c6f03b0, 0x000001fe6c72a010, 0x000001fe6c7338f0, 0x000001fe6c73fa00,
0x000001fe6c740300, 0x000001fe6c742c10, 0x000001fe6d271440, 0x000001fe6d273d30,
0x000001fe6eb17410, 0x000001fe6eb05370, 0x000001fe6e2f1440, 0x000001fe6d6a2870,
0x000001fe6e92b000, 0x000001fe6d4bc870, 0x000001fe6e7c9c70, 0x000001fe6da5bff0,
0x000001fe6da5a310, 0x000001fe6da5bb20, 0x000001fe6da5b650, 0x000001fe6da58b00,
0x000001fe6da594a0, 0x000001fe6da59e40, 0x000001fe6da5a7e0, 0x000001fe6da5acb0,
0x000001fe6da5b180, 0x000001fe7009ad40, 0x000001fe7009e700, 0x000001fe70099a00,
0x000001fe700a03e0, 0x000001fe7009b6e0, 0x000001fe7009f0a0, 0x000001fe7009ebd0,
0x000001fe7009f570, 0x000001fe7009c080
}

Java Threads: ( => current thread )
  0x000001fe5315b950 JavaThread "main" [_thread_blocked, id=11580, stack(0x000000cbcab00000,0x000000cbcac00000)]
  0x000001fe6c704260 JavaThread "Reference Handler" daemon [_thread_blocked, id=3424, stack(0x000000cbcb200000,0x000000cbcb300000)]
  0x000001fe6c705ff0 JavaThread "Finalizer" daemon [_thread_blocked, id=10260, stack(0x000000cbcb300000,0x000000cbcb400000)]
  0x000001fe6c70b7d0 JavaThread "Signal Dispatcher" daemon [_thread_blocked, id=8708, stack(0x000000cbcb400000,0x000000cbcb500000)]
  0x000001fe6c6f03b0 JavaThread "Attach Listener" daemon [_thread_blocked, id=6972, stack(0x000000cbcb500000,0x000000cbcb600000)]
  0x000001fe6c72a010 JavaThread "Service Thread" daemon [_thread_blocked, id=12728, stack(0x000000cbcb600000,0x000000cbcb700000)]
  0x000001fe6c7338f0 JavaThread "Monitor Deflation Thread" daemon [_thread_blocked, id=11252, stack(0x000000cbcb700000,0x000000cbcb800000)]
  0x000001fe6c73fa00 JavaThread "C2 CompilerThread0" daemon [_thread_blocked, id=7884, stack(0x000000cbcb800000,0x000000cbcb900000)]
  0x000001fe6c740300 JavaThread "C1 CompilerThread0" daemon [_thread_blocked, id=5316, stack(0x000000cbcb900000,0x000000cbcba00000)]
  0x000001fe6c742c10 JavaThread "Sweeper thread" daemon [_thread_blocked, id=1828, stack(0x000000cbcba00000,0x000000cbcbb00000)]
  0x000001fe6d271440 JavaThread "Common-Cleaner" daemon [_thread_blocked, id=11988, stack(0x000000cbcbb00000,0x000000cbcbc00000)]
  0x000001fe6d273d30 JavaThread "Notification Thread" daemon [_thread_blocked, id=7560, stack(0x000000cbcbc00000,0x000000cbcbd00000)]
  0x000001fe6eb17410 JavaThread "Daemon health stats" [_thread_blocked, id=2420, stack(0x000000cbcc100000,0x000000cbcc200000)]
  0x000001fe6eb05370 JavaThread "Incoming local TCP Connector on port 59408" [_thread_in_native, id=13884, stack(0x000000cbcc200000,0x000000cbcc300000)]
  0x000001fe6e2f1440 JavaThread "Daemon periodic checks" [_thread_blocked, id=11908, stack(0x000000cbcc300000,0x000000cbcc400000)]
  0x000001fe6d6a2870 JavaThread "Daemon" [_thread_blocked, id=8036, stack(0x000000cbcc400000,0x000000cbcc500000)]
  0x000001fe6e92b000 JavaThread "Handler for socket connection from /127.0.0.1:59408 to /127.0.0.1:59409" [_thread_in_native, id=11808, stack(0x000000cbcc500000,0x000000cbcc600000)]
  0x000001fe6d4bc870 JavaThread "Cancel handler" [_thread_blocked, id=3888, stack(0x000000cbcc600000,0x000000cbcc700000)]
  0x000001fe6e7c9c70 JavaThread "Daemon worker" [_thread_blocked, id=10492, stack(0x000000cbcc700000,0x000000cbcc800000)]
  0x000001fe6da5bff0 JavaThread "Asynchronous log dispatcher for DefaultDaemonConnection: socket connection from /127.0.0.1:59408 to /127.0.0.1:59409" [_thread_blocked, id=5240, stack(0x000000cbcc800000,0x000000cbcc900000)]
  0x000001fe6da5a310 JavaThread "Stdin handler" [_thread_blocked, id=8040, stack(0x000000cbcc900000,0x000000cbcca00000)]
  0x000001fe6da5bb20 JavaThread "Daemon client event forwarder" [_thread_blocked, id=12496, stack(0x000000cbcca00000,0x000000cbccb00000)]
  0x000001fe6da5b650 JavaThread "Cache worker for journal cache (C:\Users\HP\.gradle\caches\journal-1)" [_thread_blocked, id=10508, stack(0x000000cbccb00000,0x000000cbccc00000)]
  0x000001fe6da58b00 JavaThread "File lock request listener" [_thread_in_native, id=9860, stack(0x000000cbccc00000,0x000000cbccd00000)]
  0x000001fe6da594a0 JavaThread "Cache worker for file hash cache (C:\Users\HP\.gradle\caches\8.0\fileHashes)" [_thread_blocked, id=2716, stack(0x000000cbcce00000,0x000000cbccf00000)]
  0x000001fe6da59e40 JavaThread "File watcher server" daemon [_thread_in_native, id=10652, stack(0x000000cbccf00000,0x000000cbcd000000)]
  0x000001fe6da5a7e0 JavaThread "File watcher consumer" daemon [_thread_blocked, id=1352, stack(0x000000cbcd000000,0x000000cbcd100000)]
  0x000001fe6da5acb0 JavaThread "jar transforms" [_thread_blocked, id=3480, stack(0x000000cbcd100000,0x000000cbcd200000)]
  0x000001fe6da5b180 JavaThread "jar transforms Thread 2" [_thread_blocked, id=12016, stack(0x000000cbcd200000,0x000000cbcd300000)]
  0x000001fe7009ad40 JavaThread "jar transforms Thread 3" [_thread_blocked, id=5568, stack(0x000000cbcd300000,0x000000cbcd400000)]
  0x000001fe7009e700 JavaThread "jar transforms Thread 4" [_thread_blocked, id=6800, stack(0x000000cbcd400000,0x000000cbcd500000)]
  0x000001fe70099a00 JavaThread "Cache worker for checksums cache (C:\Users\HP\AndroidStudioProjects\CatHouse\.gradle\8.0\checksums)" [_thread_blocked, id=4628, stack(0x000000cbcd500000,0x000000cbcd600000)]
  0x000001fe700a03e0 JavaThread "Cache worker for cache directory md-rule (C:\Users\HP\.gradle\caches\8.0\md-rule)" [_thread_blocked, id=9044, stack(0x000000cbcd600000,0x000000cbcd700000)]
  0x000001fe7009b6e0 JavaThread "Cache worker for file content cache (C:\Users\HP\.gradle\caches\8.0\fileContent)" [_thread_blocked, id=11116, stack(0x000000cbcd700000,0x000000cbcd800000)]
  0x000001fe7009f0a0 JavaThread "Cache worker for file hash cache (C:\Users\HP\AndroidStudioProjects\CatHouse\.gradle\8.0\fileHashes)" [_thread_blocked, id=9552, stack(0x000000cbccd00000,0x000000cbcce00000)]
  0x000001fe7009ebd0 JavaThread "Cache worker for cache directory md-supplier (C:\Users\HP\.gradle\caches\8.0\md-supplier)" [_thread_blocked, id=2824, stack(0x000000cbcd800000,0x000000cbcd900000)]
  0x000001fe7009f570 JavaThread "Cache worker for execution history cache (C:\Users\HP\.gradle\caches\8.0\executionHistory)" [_thread_blocked, id=6724, stack(0x000000cbcd900000,0x000000cbcda00000)]
  0x000001fe7009c080 JavaThread "Cache worker for kotlin-dsl (C:\Users\HP\.gradle\caches\8.0\kotlin-dsl)" [_thread_blocked, id=12000, stack(0x000000cbcda00000,0x000000cbcdb00000)]

Other Threads:
=>0x000001fe6c6de7c0 VMThread "VM Thread" [stack: 0x000000cbcb100000,0x000000cbcb200000] [id=9952]
  0x000001fe6d27a220 WatcherThread [stack: 0x000000cbcbd00000,0x000000cbcbe00000] [id=11180]
  0x000001fe531b5e40 GCTaskThread "GC Thread#0" [stack: 0x000000cbcac00000,0x000000cbcad00000] [id=8180]
  0x000001fe6d997260 GCTaskThread "GC Thread#1" [stack: 0x000000cbcbe00000,0x000000cbcbf00000] [id=6704]
  0x000001fe6d996240 GCTaskThread "GC Thread#2" [stack: 0x000000cbcbf00000,0x000000cbcc000000] [id=4368]
  0x000001fe6d9967a0 GCTaskThread "GC Thread#3" [stack: 0x000000cbcc000000,0x000000cbcc100000] [id=13676]
  0x000001fe531c6c90 ConcurrentGCThread "G1 Main Marker" [stack: 0x000000cbcad00000,0x000000cbcae00000] [id=9644]
  0x000001fe531c75b0 ConcurrentGCThread "G1 Conc#0" [stack: 0x000000cbcae00000,0x000000cbcaf00000] [id=10824]
  0x000001fe532037f0 ConcurrentGCThread "G1 Refine#0" [stack: 0x000000cbcaf00000,0x000000cbcb000000] [id=6332]
  0x000001fe6e031a60 ConcurrentGCThread "G1 Refine#1" [stack: 0x000000cbcdb00000,0x000000cbcdc00000] [id=10000]
  0x000001fe6e0314a0 ConcurrentGCThread "G1 Refine#2" [stack: 0x000000cbcdc00000,0x000000cbcdd00000] [id=2208]
  0x000001fe6e032020 ConcurrentGCThread "G1 Refine#3" [stack: 0x000000cbcdd00000,0x000000cbcde00000] [id=4760]
  0x000001fe53205130 ConcurrentGCThread "G1 Service" [stack: 0x000000cbcb000000,0x000000cbcb100000] [id=536]

Threads with active compile tasks:
C2 CompilerThread0    19588 6771   !   4       org.jetbrains.kotlin.storage.LockBasedStorageManager$MapBasedMemoizedFunction::invoke (356 bytes)
C1 CompilerThread0    19588 6906       3       org.jetbrains.kotlin.metadata.jvm.JvmProtoBuf$JvmPropertySignature::getSerializedSize (140 bytes)

VM state: at safepoint (normal execution)

VM Mutex/Monitor currently owned by a thread:  ([mutex/lock_event])
[0x000001fe53157e10] Threads_lock - owner thread: 0x000001fe6c6de7c0
[0x000001fe53156790] Heap_lock - owner thread: 0x000001fe6e7c9c70

Heap address: 0x0000000080000000, size: 2048 MB, Compressed Oops mode: 32-bit

CDS archive(s) not mapped
Compressed class space mapped at: 0x0000000100000000-0x0000000140000000, reserved size: 1073741824
Narrow klass base: 0x0000000000000000, Narrow klass shift: 3, Narrow klass range: 0x140000000

GC Precious Log:
 CPUs: 4 total, 4 available
 Memory: 3499M
 Large Page Support: Disabled
 NUMA Support: Disabled
 Compressed Oops: Enabled (32-bit)
 Heap Region Size: 1M
 Heap Min Capacity: 8M
 Heap Initial Capacity: 56M
 Heap Max Capacity: 2G
 Pre-touch: Disabled
 Parallel Workers: 4
 Concurrent Workers: 1
 Concurrent Refinement Workers: 4
 Periodic GC: Disabled

Heap:
 garbage-first heap   total 181248K, used 106734K [0x0000000080000000, 0x0000000100000000)
  region size 1024K, 4 young (4096K), 4 survivors (4096K)
 Metaspace       used 89201K, committed 89856K, reserved 1130496K
  class space    used 11790K, committed 12096K, reserved 1048576K

Heap Regions: E=young(eden), S=young(survivor), O=old, HS=humongous(starts), HC=humongous(continues), CS=collection set, F=free, OA=open archive, CA=closed archive, TAMS=top-at-mark-start (previous, next)
|   0|0x0000000080000000, 0x0000000080100000, 0x0000000080100000|100%| O|  |TAMS 0x0000000080100000, 0x0000000080100000| Untracked 
|   1|0x0000000080100000, 0x0000000080200000, 0x0000000080200000|100%| O|  |TAMS 0x0000000080200000, 0x0000000080200000| Untracked 
|   2|0x0000000080200000, 0x0000000080300000, 0x0000000080300000|100%| O|  |TAMS 0x0000000080300000, 0x0000000080300000| Untracked 
|   3|0x0000000080300000, 0x0000000080400000, 0x0000000080400000|100%|HS|  |TAMS 0x0000000080400000, 0x0000000080400000| Complete 
|   4|0x0000000080400000, 0x0000000080500000, 0x0000000080500000|100%|HC|  |TAMS 0x0000000080500000, 0x0000000080500000| Complete 
|   5|0x0000000080500000, 0x0000000080600000, 0x0000000080600000|100%|HC|  |TAMS 0x0000000080600000, 0x0000000080600000| Complete 
|   6|0x0000000080600000, 0x0000000080700000, 0x0000000080700000|100%|HC|  |TAMS 0x0000000080700000, 0x0000000080700000| Complete 
|   7|0x0000000080700000, 0x0000000080800000, 0x0000000080800000|100%| O|  |TAMS 0x0000000080800000, 0x0000000080800000| Untracked 
|   8|0x0000000080800000, 0x0000000080900000, 0x0000000080900000|100%| O|  |TAMS 0x0000000080900000, 0x0000000080900000| Untracked 
|   9|0x0000000080900000, 0x0000000080a00000, 0x0000000080a00000|100%| O|  |TAMS 0x0000000080a00000, 0x0000000080a00000| Untracked 
|  10|0x0000000080a00000, 0x0000000080b00000, 0x0000000080b00000|100%| O|  |TAMS 0x0000000080b00000, 0x0000000080b00000| Untracked 
|  11|0x0000000080b00000, 0x0000000080c00000, 0x0000000080c00000|100%| O|  |TAMS 0x0000000080c00000, 0x0000000080c00000| Untracked 
|  12|0x0000000080c00000, 0x0000000080d00000, 0x0000000080d00000|100%| O|  |TAMS 0x0000000080d00000, 0x0000000080d00000| Untracked 
|  13|0x0000000080d00000, 0x0000000080e00000, 0x0000000080e00000|100%| O|  |TAMS 0x0000000080e00000, 0x0000000080e00000| Untracked 
|  14|0x0000000080e00000, 0x0000000080f00000, 0x0000000080f00000|100%| O|  |TAMS 0x0000000080f00000, 0x0000000080f00000| Untracked 
|  15|0x0000000080f00000, 0x0000000081000000, 0x0000000081000000|100%| O|  |TAMS 0x0000000081000000, 0x0000000081000000| Untracked 
|  16|0x0000000081000000, 0x0000000081100000, 0x0000000081100000|100%| O|  |TAMS 0x0000000081100000, 0x0000000081100000| Untracked 
|  17|0x0000000081100000, 0x0000000081200000, 0x0000000081200000|100%| O|  |TAMS 0x0000000081200000, 0x0000000081200000| Untracked 
|  18|0x0000000081200000, 0x0000000081300000, 0x0000000081300000|100%| O|  |TAMS 0x0000000081300000, 0x0000000081300000| Untracked 
|  19|0x0000000081300000, 0x0000000081400000, 0x0000000081400000|100%|HS|  |TAMS 0x0000000081400000, 0x0000000081400000| Complete 
|  20|0x0000000081400000, 0x0000000081500000, 0x0000000081500000|100%|HC|  |TAMS 0x0000000081500000, 0x0000000081500000| Complete 
|  21|0x0000000081500000, 0x0000000081600000, 0x0000000081600000|100%|HS|  |TAMS 0x0000000081600000, 0x0000000081600000| Complete 
|  22|0x0000000081600000, 0x0000000081700000, 0x0000000081700000|100%|HC|  |TAMS 0x0000000081700000, 0x0000000081700000| Complete 
|  23|0x0000000081700000, 0x0000000081800000, 0x0000000081800000|100%|HC|  |TAMS 0x0000000081800000, 0x0000000081800000| Complete 
|  24|0x0000000081800000, 0x0000000081900000, 0x0000000081900000|100%| O|  |TAMS 0x0000000081900000, 0x0000000081900000| Untracked 
|  25|0x0000000081900000, 0x0000000081a00000, 0x0000000081a00000|100%| O|  |TAMS 0x0000000081a00000, 0x0000000081a00000| Untracked 
|  26|0x0000000081a00000, 0x0000000081b00000, 0x0000000081b00000|100%|HS|  |TAMS 0x0000000081b00000, 0x0000000081b00000| Complete 
|  27|0x0000000081b00000, 0x0000000081c00000, 0x0000000081c00000|100%|HC|  |TAMS 0x0000000081c00000, 0x0000000081c00000| Complete 
|  28|0x0000000081c00000, 0x0000000081d00000, 0x0000000081d00000|100%|HC|  |TAMS 0x0000000081d00000, 0x0000000081d00000| Complete 
|  29|0x0000000081d00000, 0x0000000081e00000, 0x0000000081e00000|100%| O|  |TAMS 0x0000000081e00000, 0x0000000081e00000| Untracked 
|  30|0x0000000081e00000, 0x0000000081f00000, 0x0000000081f00000|100%| O|  |TAMS 0x0000000081f00000, 0x0000000081f00000| Untracked 
|  31|0x0000000081f00000, 0x0000000082000000, 0x0000000082000000|100%| O|  |TAMS 0x0000000082000000, 0x0000000082000000| Untracked 
|  32|0x0000000082000000, 0x0000000082100000, 0x0000000082100000|100%|HS|  |TAMS 0x0000000082100000, 0x0000000082100000| Complete 
|  33|0x0000000082100000, 0x0000000082200000, 0x0000000082200000|100%|HC|  |TAMS 0x0000000082200000, 0x0000000082200000| Complete 
|  34|0x0000000082200000, 0x0000000082300000, 0x0000000082300000|100%|HC|  |TAMS 0x0000000082300000, 0x0000000082300000| Complete 
|  35|0x0000000082300000, 0x0000000082400000, 0x0000000082400000|100%|HC|  |TAMS 0x0000000082400000, 0x0000000082400000| Complete 
|  36|0x0000000082400000, 0x0000000082500000, 0x0000000082500000|100%|HC|  |TAMS 0x0000000082500000, 0x0000000082500000| Complete 
|  37|0x0000000082500000, 0x0000000082600000, 0x0000000082600000|100%|HC|  |TAMS 0x0000000082600000, 0x0000000082600000| Complete 
|  38|0x0000000082600000, 0x0000000082700000, 0x0000000082700000|100%|HC|  |TAMS 0x0000000082700000, 0x0000000082700000| Complete 
|  39|0x0000000082700000, 0x0000000082800000, 0x0000000082800000|100%|HC|  |TAMS 0x0000000082800000, 0x0000000082800000| Complete 
|  40|0x0000000082800000, 0x0000000082900000, 0x0000000082900000|100%|HC|  |TAMS 0x0000000082900000, 0x0000000082900000| Complete 
|  41|0x0000000082900000, 0x0000000082a00000, 0x0000000082a00000|100%|HC|  |TAMS 0x0000000082a00000, 0x0000000082a00000| Complete 
|  42|0x0000000082a00000, 0x0000000082b00000, 0x0000000082b00000|100%|HC|  |TAMS 0x0000000082b00000, 0x0000000082b00000| Complete 
|  43|0x0000000082b00000, 0x0000000082c00000, 0x0000000082c00000|100%|HC|  |TAMS 0x0000000082c00000, 0x0000000082c00000| Complete 
|  44|0x0000000082c00000, 0x0000000082d00000, 0x0000000082d00000|100%|HS|  |TAMS 0x0000000082d00000, 0x0000000082d00000| Complete 
|  45|0x0000000082d00000, 0x0000000082e00000, 0x0000000082e00000|100%|HC|  |TAMS 0x0000000082e00000, 0x0000000082e00000| Complete 
|  46|0x0000000082e00000, 0x0000000082e00000, 0x0000000082f00000|  0%| F|  |TAMS 0x0000000082e00000, 0x0000000082e00000| Untracked 
|  47|0x0000000082f00000, 0x0000000083000000, 0x0000000083000000|100%| O|  |TAMS 0x0000000083000000, 0x0000000083000000| Untracked 
|  48|0x0000000083000000, 0x0000000083100000, 0x0000000083100000|100%| O|  |TAMS 0x0000000083100000, 0x0000000083100000| Untracked 
|  49|0x0000000083100000, 0x0000000083200000, 0x0000000083200000|100%| O|  |TAMS 0x0000000083200000, 0x0000000083200000| Untracked 
|  50|0x0000000083200000, 0x0000000083300000, 0x0000000083300000|100%| O|  |TAMS 0x0000000083300000, 0x0000000083300000| Untracked 
|  51|0x0000000083300000, 0x0000000083400000, 0x0000000083400000|100%| O|  |TAMS 0x0000000083400000, 0x0000000083400000| Untracked 
|  52|0x0000000083400000, 0x0000000083500000, 0x0000000083500000|100%| O|  |TAMS 0x0000000083500000, 0x0000000083500000| Untracked 
|  53|0x0000000083500000, 0x0000000083600000, 0x0000000083600000|100%| O|  |TAMS 0x0000000083600000, 0x0000000083600000| Untracked 
|  54|0x0000000083600000, 0x0000000083700000, 0x0000000083700000|100%| O|  |TAMS 0x0000000083700000, 0x0000000083700000| Untracked 
|  55|0x0000000083700000, 0x0000000083800000, 0x0000000083800000|100%| O|  |TAMS 0x0000000083800000, 0x0000000083800000| Untracked 
|  56|0x0000000083800000, 0x0000000083900000, 0x0000000083900000|100%|HS|  |TAMS 0x0000000083900000, 0x0000000083900000| Complete 
|  57|0x0000000083900000, 0x0000000083a00000, 0x0000000083a00000|100%|HC|  |TAMS 0x0000000083a00000, 0x0000000083a00000| Complete 
|  58|0x0000000083a00000, 0x0000000083b00000, 0x0000000083b00000|100%|HC|  |TAMS 0x0000000083b00000, 0x0000000083b00000| Complete 
|  59|0x0000000083b00000, 0x0000000083c00000, 0x0000000083c00000|100%|HS|  |TAMS 0x0000000083c00000, 0x0000000083c00000| Complete 
|  60|0x0000000083c00000, 0x0000000083d00000, 0x0000000083d00000|100%|HC|  |TAMS 0x0000000083d00000, 0x0000000083d00000| Complete 
|  61|0x0000000083d00000, 0x0000000083e00000, 0x0000000083e00000|100%|HC|  |TAMS 0x0000000083e00000, 0x0000000083e00000| Complete 
|  62|0x0000000083e00000, 0x0000000083f00000, 0x0000000083f00000|100%| O|  |TAMS 0x0000000083f00000, 0x0000000083f00000| Untracked 
|  63|0x0000000083f00000, 0x0000000084000000, 0x0000000084000000|100%| O|  |TAMS 0x0000000084000000, 0x0000000084000000| Untracked 
|  64|0x0000000084000000, 0x0000000084100000, 0x0000000084100000|100%| O|  |TAMS 0x0000000084100000, 0x0000000084100000| Untracked 
|  65|0x0000000084100000, 0x0000000084200000, 0x0000000084200000|100%| O|  |TAMS 0x0000000084200000, 0x0000000084200000| Untracked 
|  66|0x0000000084200000, 0x0000000084300000, 0x0000000084300000|100%| O|  |TAMS 0x0000000084300000, 0x0000000084300000| Untracked 
|  67|0x0000000084300000, 0x0000000084400000, 0x0000000084400000|100%| O|  |TAMS 0x0000000084400000, 0x0000000084400000| Untracked 
|  68|0x0000000084400000, 0x0000000084500000, 0x0000000084500000|100%| O|  |TAMS 0x0000000084500000, 0x0000000084500000| Untracked 
|  69|0x0000000084500000, 0x0000000084600000, 0x0000000084600000|100%|HS|  |TAMS 0x0000000084600000, 0x0000000084600000| Complete 
|  70|0x0000000084600000, 0x0000000084700000, 0x0000000084700000|100%|HC|  |TAMS 0x0000000084700000, 0x0000000084700000| Complete 
|  71|0x0000000084700000, 0x0000000084800000, 0x0000000084800000|100%|HC|  |TAMS 0x0000000084800000, 0x0000000084800000| Complete 
|  72|0x0000000084800000, 0x0000000084900000, 0x0000000084900000|100%|HC|  |TAMS 0x0000000084900000, 0x0000000084900000| Complete 
|  73|0x0000000084900000, 0x0000000084a00000, 0x0000000084a00000|100%| O|  |TAMS 0x0000000084a00000, 0x0000000084a00000| Untracked 
|  74|0x0000000084a00000, 0x0000000084b00000, 0x0000000084b00000|100%| O|  |TAMS 0x0000000084b00000, 0x0000000084b00000| Untracked 
|  75|0x0000000084b00000, 0x0000000084c00000, 0x0000000084c00000|100%| O|  |TAMS 0x0000000084c00000, 0x0000000084c00000| Untracked 
|  76|0x0000000084c00000, 0x0000000084d00000, 0x0000000084d00000|100%| O|  |TAMS 0x0000000084d00000, 0x0000000084d00000| Untracked 
|  77|0x0000000084d00000, 0x0000000084e00000, 0x0000000084e00000|100%| O|  |TAMS 0x0000000084e00000, 0x0000000084e00000| Untracked 
|  78|0x0000000084e00000, 0x0000000084f00000, 0x0000000084f00000|100%| O|  |TAMS 0x0000000084f00000, 0x0000000084f00000| Untracked 
|  79|0x0000000084f00000, 0x0000000085000000, 0x0000000085000000|100%| O|  |TAMS 0x0000000085000000, 0x0000000085000000| Untracked 
|  80|0x0000000085000000, 0x0000000085100000, 0x0000000085100000|100%| O|  |TAMS 0x0000000085100000, 0x0000000085100000| Untracked 
|  81|0x0000000085100000, 0x0000000085200000, 0x0000000085200000|100%| O|  |TAMS 0x0000000085200000, 0x0000000085200000| Untracked 
|  82|0x0000000085200000, 0x0000000085300000, 0x0000000085300000|100%| O|  |TAMS 0x0000000085300000, 0x0000000085300000| Untracked 
|  83|0x0000000085300000, 0x0000000085400000, 0x0000000085400000|100%| O|  |TAMS 0x0000000085400000, 0x0000000085400000| Untracked 
|  84|0x0000000085400000, 0x0000000085500000, 0x0000000085500000|100%| O|  |TAMS 0x0000000085500000, 0x0000000085500000| Untracked 
|  85|0x0000000085500000, 0x0000000085600000, 0x0000000085600000|100%| O|  |TAMS 0x0000000085600000, 0x0000000085600000| Untracked 
|  86|0x0000000085600000, 0x0000000085700000, 0x0000000085700000|100%| O|  |TAMS 0x000000008565a400, 0x0000000085700000| Untracked 
|  87|0x0000000085700000, 0x0000000085800000, 0x0000000085800000|100%|HS|  |TAMS 0x0000000085800000, 0x0000000085800000| Complete 
|  88|0x0000000085800000, 0x0000000085900000, 0x0000000085900000|100%|HC|  |TAMS 0x0000000085900000, 0x0000000085900000| Complete 
|  89|0x0000000085900000, 0x0000000085a00000, 0x0000000085a00000|100%|HC|  |TAMS 0x0000000085a00000, 0x0000000085a00000| Complete 
|  90|0x0000000085a00000, 0x0000000085b00000, 0x0000000085b00000|100%|HC|  |TAMS 0x0000000085b00000, 0x0000000085b00000| Complete 
|  91|0x0000000085b00000, 0x0000000085c00000, 0x0000000085c00000|100%|HC|  |TAMS 0x0000000085c00000, 0x0000000085c00000| Complete 
|  92|0x0000000085c00000, 0x0000000085d00000, 0x0000000085d00000|100%|HC|  |TAMS 0x0000000085d00000, 0x0000000085d00000| Complete 
|  93|0x0000000085d00000, 0x0000000085e00000, 0x0000000085e00000|100%| O|  |TAMS 0x0000000085d00000, 0x0000000085e00000| Untracked 
|  94|0x0000000085e00000, 0x0000000085f00000, 0x0000000085f00000|100%| O|  |TAMS 0x0000000085e00000, 0x0000000085f00000| Untracked 
|  95|0x0000000085f00000, 0x0000000086000000, 0x0000000086000000|100%| O|  |TAMS 0x0000000085f00000, 0x0000000086000000| Untracked 
|  96|0x0000000086000000, 0x0000000086100000, 0x0000000086100000|100%| O|  |TAMS 0x0000000086000000, 0x0000000086100000| Untracked 
|  97|0x0000000086100000, 0x0000000086200000, 0x0000000086200000|100%| O|  |TAMS 0x0000000086100000, 0x0000000086200000| Untracked 
|  98|0x0000000086200000, 0x0000000086300000, 0x0000000086300000|100%| O|  |TAMS 0x0000000086200000, 0x0000000086300000| Untracked 
|  99|0x0000000086300000, 0x0000000086400000, 0x0000000086400000|100%| O|  |TAMS 0x0000000086300000, 0x0000000086400000| Untracked 
| 100|0x0000000086400000, 0x0000000086500000, 0x0000000086500000|100%| O|  |TAMS 0x0000000086400000, 0x0000000086500000| Untracked 
| 101|0x0000000086500000, 0x0000000086552c00, 0x0000000086600000| 32%| O|  |TAMS 0x0000000086500000, 0x0000000086552c00| Untracked 
| 102|0x0000000086600000, 0x0000000086600000, 0x0000000086700000|  0%| F|  |TAMS 0x0000000086600000, 0x0000000086600000| Untracked 
| 103|0x0000000086700000, 0x0000000086700000, 0x0000000086800000|  0%| F|  |TAMS 0x0000000086700000, 0x0000000086700000| Untracked 
| 104|0x0000000086800000, 0x0000000086800000, 0x0000000086900000|  0%| F|  |TAMS 0x0000000086800000, 0x0000000086800000| Untracked 
| 105|0x0000000086900000, 0x0000000086900000, 0x0000000086a00000|  0%| F|  |TAMS 0x0000000086900000, 0x0000000086900000| Untracked 
| 106|0x0000000086a00000, 0x0000000086a00000, 0x0000000086b00000|  0%| F|  |TAMS 0x0000000086a00000, 0x0000000086a00000| Untracked 
| 107|0x0000000086b00000, 0x0000000086b00000, 0x0000000086c00000|  0%| F|  |TAMS 0x0000000086b00000, 0x0000000086b00000| Untracked 
| 108|0x0000000086c00000, 0x0000000086c00000, 0x0000000086d00000|  0%| F|  |TAMS 0x0000000086c00000, 0x0000000086c00000| Untracked 
| 109|0x0000000086d00000, 0x0000000086d00000, 0x0000000086e00000|  0%| F|  |TAMS 0x0000000086d00000, 0x0000000086d00000| Untracked 
| 110|0x0000000086e00000, 0x0000000086e00000, 0x0000000086f00000|  0%| F|  |TAMS 0x0000000086e00000, 0x0000000086e00000| Untracked 
| 111|0x0000000086f00000, 0x0000000086f00000, 0x0000000087000000|  0%| F|  |TAMS 0x0000000086f00000, 0x0000000086f00000| Untracked 
| 112|0x0000000087000000, 0x0000000087000000, 0x0000000087100000|  0%| F|  |TAMS 0x0000000087000000, 0x0000000087000000| Untracked 
| 113|0x0000000087100000, 0x0000000087100000, 0x0000000087200000|  0%| F|  |TAMS 0x0000000087100000, 0x0000000087100000| Untracked 
| 114|0x0000000087200000, 0x0000000087200000, 0x0000000087300000|  0%| F|  |TAMS 0x0000000087200000, 0x0000000087200000| Untracked 
| 115|0x0000000087300000, 0x0000000087300000, 0x0000000087400000|  0%| F|  |TAMS 0x0000000087300000, 0x0000000087300000| Untracked 
| 116|0x0000000087400000, 0x0000000087400000, 0x0000000087500000|  0%| F|  |TAMS 0x0000000087400000, 0x0000000087400000| Untracked 
| 117|0x0000000087500000, 0x0000000087500000, 0x0000000087600000|  0%| F|  |TAMS 0x0000000087500000, 0x0000000087500000| Untracked 
| 118|0x0000000087600000, 0x0000000087600000, 0x0000000087700000|  0%| F|  |TAMS 0x0000000087600000, 0x0000000087600000| Untracked 
| 119|0x0000000087700000, 0x0000000087700000, 0x0000000087800000|  0%| F|  |TAMS 0x0000000087700000, 0x0000000087700000| Untracked 
| 120|0x0000000087800000, 0x0000000087800000, 0x0000000087900000|  0%| F|  |TAMS 0x0000000087800000, 0x0000000087800000| Untracked 
| 121|0x0000000087900000, 0x0000000087900000, 0x0000000087a00000|  0%| F|  |TAMS 0x0000000087900000, 0x0000000087900000| Untracked 
| 122|0x0000000087a00000, 0x0000000087a00000, 0x0000000087b00000|  0%| F|  |TAMS 0x0000000087a00000, 0x0000000087a00000| Untracked 
| 123|0x0000000087b00000, 0x0000000087b00000, 0x0000000087c00000|  0%| F|  |TAMS 0x0000000087b00000, 0x0000000087b00000| Untracked 
| 124|0x0000000087c00000, 0x0000000087c00000, 0x0000000087d00000|  0%| F|  |TAMS 0x0000000087c00000, 0x0000000087c00000| Untracked 
| 125|0x0000000087d00000, 0x0000000087d00000, 0x0000000087e00000|  0%| F|  |TAMS 0x0000000087d00000, 0x0000000087d00000| Untracked 
| 126|0x0000000087e00000, 0x0000000087e00000, 0x0000000087f00000|  0%| F|  |TAMS 0x0000000087e00000, 0x0000000087e00000| Untracked 
| 127|0x0000000087f00000, 0x0000000087f00000, 0x0000000088000000|  0%| F|  |TAMS 0x0000000087f00000, 0x0000000087f00000| Untracked 
| 128|0x0000000088000000, 0x0000000088000000, 0x0000000088100000|  0%| F|  |TAMS 0x0000000088000000, 0x0000000088000000| Untracked 
| 129|0x0000000088100000, 0x00000000881e8ce0, 0x0000000088200000| 90%| S|CS|TAMS 0x0000000088100000, 0x0000000088100000| Complete 
| 130|0x0000000088200000, 0x0000000088300000, 0x0000000088300000|100%| S|CS|TAMS 0x0000000088200000, 0x0000000088200000| Complete 
| 131|0x0000000088300000, 0x0000000088400000, 0x0000000088400000|100%| S|CS|TAMS 0x0000000088300000, 0x0000000088300000| Complete 
| 132|0x0000000088400000, 0x0000000088500000, 0x0000000088500000|100%| S|CS|TAMS 0x0000000088400000, 0x0000000088400000| Complete 
| 133|0x0000000088500000, 0x0000000088500000, 0x0000000088600000|  0%| F|  |TAMS 0x0000000088500000, 0x0000000088500000| Untracked 
| 134|0x0000000088600000, 0x0000000088600000, 0x0000000088700000|  0%| F|  |TAMS 0x0000000088600000, 0x0000000088600000| Untracked 
| 135|0x0000000088700000, 0x0000000088700000, 0x0000000088800000|  0%| F|  |TAMS 0x0000000088700000, 0x0000000088700000| Untracked 
| 136|0x0000000088800000, 0x0000000088800000, 0x0000000088900000|  0%| F|  |TAMS 0x0000000088800000, 0x0000000088800000| Untracked 
| 137|0x0000000088900000, 0x0000000088900000, 0x0000000088a00000|  0%| F|  |TAMS 0x0000000088900000, 0x0000000088900000| Untracked 
| 138|0x0000000088a00000, 0x0000000088a00000, 0x0000000088b00000|  0%| F|  |TAMS 0x0000000088a00000, 0x0000000088a00000| Untracked 
| 139|0x0000000088b00000, 0x0000000088b00000, 0x0000000088c00000|  0%| F|  |TAMS 0x0000000088b00000, 0x0000000088b00000| Untracked 
| 140|0x0000000088c00000, 0x0000000088c00000, 0x0000000088d00000|  0%| F|  |TAMS 0x0000000088c00000, 0x0000000088c00000| Untracked 
| 141|0x0000000088d00000, 0x0000000088d00000, 0x0000000088e00000|  0%| F|  |TAMS 0x0000000088d00000, 0x0000000088d00000| Untracked 
| 142|0x0000000088e00000, 0x0000000088e00000, 0x0000000088f00000|  0%| F|  |TAMS 0x0000000088e00000, 0x0000000088e00000| Untracked 
| 143|0x0000000088f00000, 0x0000000088f00000, 0x0000000089000000|  0%| F|  |TAMS 0x0000000088f00000, 0x0000000088f00000| Untracked 
| 144|0x0000000089000000, 0x0000000089000000, 0x0000000089100000|  0%| F|  |TAMS 0x0000000089000000, 0x0000000089000000| Untracked 
| 145|0x0000000089100000, 0x0000000089100000, 0x0000000089200000|  0%| F|  |TAMS 0x0000000089100000, 0x0000000089100000| Untracked 
| 146|0x0000000089200000, 0x0000000089200000, 0x0000000089300000|  0%| F|  |TAMS 0x0000000089200000, 0x0000000089200000| Untracked 
| 147|0x0000000089300000, 0x0000000089300000, 0x0000000089400000|  0%| F|  |TAMS 0x0000000089300000, 0x0000000089300000| Untracked 
| 148|0x0000000089400000, 0x0000000089400000, 0x0000000089500000|  0%| F|  |TAMS 0x0000000089400000, 0x0000000089400000| Untracked 
| 149|0x0000000089500000, 0x0000000089500000, 0x0000000089600000|  0%| F|  |TAMS 0x0000000089500000, 0x0000000089500000| Untracked 
| 150|0x0000000089600000, 0x0000000089600000, 0x0000000089700000|  0%| F|  |TAMS 0x0000000089600000, 0x0000000089600000| Untracked 
| 151|0x0000000089700000, 0x0000000089700000, 0x0000000089800000|  0%| F|  |TAMS 0x0000000089700000, 0x0000000089700000| Untracked 
| 152|0x0000000089800000, 0x0000000089800000, 0x0000000089900000|  0%| F|  |TAMS 0x0000000089800000, 0x0000000089800000| Untracked 
| 153|0x0000000089900000, 0x0000000089900000, 0x0000000089a00000|  0%| F|  |TAMS 0x0000000089900000, 0x0000000089900000| Untracked 
| 154|0x0000000089a00000, 0x0000000089a00000, 0x0000000089b00000|  0%| F|  |TAMS 0x0000000089a00000, 0x0000000089a00000| Untracked 
| 155|0x0000000089b00000, 0x0000000089b00000, 0x0000000089c00000|  0%| F|  |TAMS 0x0000000089b00000, 0x0000000089b00000| Untracked 
| 156|0x0000000089c00000, 0x0000000089c00000, 0x0000000089d00000|  0%| F|  |TAMS 0x0000000089c00000, 0x0000000089c00000| Untracked 
| 157|0x0000000089d00000, 0x0000000089d00000, 0x0000000089e00000|  0%| F|  |TAMS 0x0000000089d00000, 0x0000000089d00000| Untracked 
| 158|0x0000000089e00000, 0x0000000089e00000, 0x0000000089f00000|  0%| F|  |TAMS 0x0000000089e00000, 0x0000000089e00000| Untracked 
| 159|0x0000000089f00000, 0x0000000089f00000, 0x000000008a000000|  0%| F|  |TAMS 0x0000000089f00000, 0x0000000089f00000| Untracked 
| 160|0x000000008a000000, 0x000000008a000000, 0x000000008a100000|  0%| F|  |TAMS 0x000000008a000000, 0x000000008a000000| Untracked 
| 161|0x000000008a100000, 0x000000008a100000, 0x000000008a200000|  0%| F|  |TAMS 0x000000008a100000, 0x000000008a100000| Untracked 
| 162|0x000000008a200000, 0x000000008a200000, 0x000000008a300000|  0%| F|  |TAMS 0x000000008a200000, 0x000000008a200000| Untracked 
| 163|0x000000008a300000, 0x000000008a300000, 0x000000008a400000|  0%| F|  |TAMS 0x000000008a300000, 0x000000008a300000| Untracked 
| 164|0x000000008a400000, 0x000000008a400000, 0x000000008a500000|  0%| F|  |TAMS 0x000000008a400000, 0x000000008a400000| Untracked 
| 165|0x000000008a500000, 0x000000008a500000, 0x000000008a600000|  0%| F|  |TAMS 0x000000008a500000, 0x000000008a500000| Untracked 
| 166|0x000000008a600000, 0x000000008a600000, 0x000000008a700000|  0%| F|  |TAMS 0x000000008a600000, 0x000000008a600000| Untracked 
| 167|0x000000008a700000, 0x000000008a700000, 0x000000008a800000|  0%| F|  |TAMS 0x000000008a700000, 0x000000008a700000| Untracked 
| 168|0x000000008a800000, 0x000000008a800000, 0x000000008a900000|  0%| F|  |TAMS 0x000000008a800000, 0x000000008a800000| Untracked 
| 169|0x000000008a900000, 0x000000008a900000, 0x000000008aa00000|  0%| F|  |TAMS 0x000000008a900000, 0x000000008a900000| Untracked 
| 170|0x000000008aa00000, 0x000000008aa00000, 0x000000008ab00000|  0%| F|  |TAMS 0x000000008aa00000, 0x000000008aa00000| Untracked 
| 171|0x000000008ab00000, 0x000000008ab00000, 0x000000008ac00000|  0%| F|  |TAMS 0x000000008ab00000, 0x000000008ab00000| Untracked 
| 172|0x000000008ac00000, 0x000000008ac00000, 0x000000008ad00000|  0%| F|  |TAMS 0x000000008ac00000, 0x000000008ac00000| Untracked 
| 173|0x000000008ad00000, 0x000000008ad00000, 0x000000008ae00000|  0%| F|  |TAMS 0x000000008ad00000, 0x000000008ad00000| Untracked 
| 174|0x000000008ae00000, 0x000000008ae00000, 0x000000008af00000|  0%| F|  |TAMS 0x000000008ae00000, 0x000000008ae00000| Untracked 
| 175|0x000000008af00000, 0x000000008af00000, 0x000000008b000000|  0%| F|  |TAMS 0x000000008af00000, 0x000000008af00000| Untracked 
| 176|0x000000008b000000, 0x000000008b000000, 0x000000008b100000|  0%| F|  |TAMS 0x000000008b000000, 0x000000008b000000| Untracked 

Card table byte_map: [0x000001fe65a30000,0x000001fe65e30000] _byte_map_base: 0x000001fe65630000

Marking Bits (Prev, Next): (CMBitMap*) 0x000001fe531b6360, (CMBitMap*) 0x000001fe531b63a0
 Prev Bits: [0x000001fe66230000, 0x000001fe68230000)
 Next Bits: [0x000001fe68230000, 0x000001fe6a230000)

Polling page: 0x000001fe51120000

Metaspace:

Usage:
  Non-class:     75.60 MB used.
      Class:     11.51 MB used.
       Both:     87.11 MB used.

Virtual space:
  Non-class space:       80.00 MB reserved,      75.94 MB ( 95%) committed,  10 nodes.
      Class space:        1.00 GB reserved,      11.81 MB (  1%) committed,  1 nodes.
             Both:        1.08 GB reserved,      87.75 MB (  8%) committed. 

Chunk freelists:
   Non-Class:  80.00 KB
       Class:  176.00 KB
        Both:  256.00 KB

MaxMetaspaceSize: unlimited
CompressedClassSpaceSize: 1.00 GB
Initial GC threshold: 21.00 MB
Current GC threshold: 137.81 MB
CDS: off
MetaspaceReclaimPolicy: balanced
 - commit_granule_bytes: 65536.
 - commit_granule_words: 8192.
 - virtual_space_node_default_size: 1048576.
 - enlarge_chunks_in_place: 1.
 - new_chunks_are_fully_committed: 0.
 - uncommit_free_chunks: 1.
 - use_allocation_guard: 0.
 - handle_deallocations: 1.


Internal statistics:

num_allocs_failed_limit: 3.
num_arena_births: 716.
num_arena_deaths: 0.
num_vsnodes_births: 11.
num_vsnodes_deaths: 0.
num_space_committed: 1402.
num_space_uncommitted: 0.
num_chunks_returned_to_freelist: 3.
num_chunks_taken_from_freelist: 3595.
num_chunk_merges: 3.
num_chunk_splits: 2701.
num_chunks_enlarged: 2156.
num_purges: 0.
num_inconsistent_stats: 0.

CodeHeap 'non-profiled nmethods': size=120000Kb used=2959Kb max_used=3011Kb free=117040Kb
 bounds [0x000001fe5e100000, 0x000001fe5e400000, 0x000001fe65630000]
CodeHeap 'profiled nmethods': size=120000Kb used=12184Kb max_used=12184Kb free=107815Kb
 bounds [0x000001fe56630000, 0x000001fe57220000, 0x000001fe5db60000]
CodeHeap 'non-nmethods': size=5760Kb used=2387Kb max_used=2418Kb free=3372Kb
 bounds [0x000001fe5db60000, 0x000001fe5ddd0000, 0x000001fe5e100000]
 total_blobs=7018 nmethods=6096 adapters=833
 compilation: enabled
              stopped_count=0, restarted_count=0
 full_count=0

Compilation events (20 events):
Event: 19.530 Thread 0x000001fe6c73fa00 nmethod 6767 0x000001fe5e1a0b90 code [0x000001fe5e1a0d00, 0x000001fe5e1a0db8]
Event: 19.530 Thread 0x000001fe6c73fa00 6793       4       org.jetbrains.kotlin.metadata.ProtoBuf$Type$1::parsePartialFrom (11 bytes)
Event: 19.530 Thread 0x000001fe6c740300 nmethod 6901 0x000001fe57209090 code [0x000001fe57209240, 0x000001fe572093a8]
Event: 19.530 Thread 0x000001fe6c740300 6902       3       org.jetbrains.kotlin.load.kotlin.KotlinBinaryClassCache$Companion::getKotlinBinaryClassOrClassFileContent (135 bytes)
Event: 19.532 Thread 0x000001fe6c73fa00 nmethod 6793 0x000001fe5e1a0790 code [0x000001fe5e1a0920, 0x000001fe5e1a0a88]
Event: 19.532 Thread 0x000001fe6c73fa00 6836       4       org.jetbrains.kotlin.protobuf.SmallSortedMap$Entry::getKey (5 bytes)
Event: 19.532 Thread 0x000001fe6c73fa00 nmethod 6836 0x000001fe5e1a0490 code [0x000001fe5e1a0600, 0x000001fe5e1a0678]
Event: 19.532 Thread 0x000001fe6c73fa00 6809       4       org.jetbrains.kotlin.protobuf.CodedOutputStream::writeRawByte (43 bytes)
Event: 19.533 Thread 0x000001fe6c740300 nmethod 6902 0x000001fe57209490 code [0x000001fe57209980, 0x000001fe5720c078]
Event: 19.534 Thread 0x000001fe6c73fa00 nmethod 6809 0x000001fe5e1a0110 code [0x000001fe5e1a0280, 0x000001fe5e1a0378]
Event: 19.534 Thread 0x000001fe6c740300 6903       3       org.jetbrains.kotlin.load.kotlin.KotlinBinaryClassCache$Companion$$Lambda$772/0x0000000100ae2920::<init> (15 bytes)
Event: 19.534 Thread 0x000001fe6c73fa00 6779       4       java.util.HashMap::<init> (98 bytes)
Event: 19.534 Thread 0x000001fe6c740300 nmethod 6903 0x000001fe5720cc10 code [0x000001fe5720cdc0, 0x000001fe5720cfd8]
Event: 19.534 Thread 0x000001fe6c740300 6904       3       org.jetbrains.kotlin.cli.jvm.compiler.CliVirtualFileFinder::findBinaryOrSigClass (35 bytes)
Event: 19.534 Thread 0x000001fe6c740300 nmethod 6904 0x000001fe5720d090 code [0x000001fe5720d2c0, 0x000001fe5720d898]
Event: 19.535 Thread 0x000001fe6c73fa00 nmethod 6779 0x000001fe5e19fd10 code [0x000001fe5e19fe80, 0x000001fe5e19fff8]
Event: 19.535 Thread 0x000001fe6c73fa00 6771   !   4       org.jetbrains.kotlin.storage.LockBasedStorageManager$MapBasedMemoizedFunction::invoke (356 bytes)
Event: 19.536 Thread 0x000001fe6c740300 6905   !   3       org.jetbrains.kotlin.metadata.jvm.JvmProtoBuf$StringTableTypes$Record::<init> (759 bytes)
Event: 19.541 Thread 0x000001fe6c740300 nmethod 6905 0x000001fe5720db10 code [0x000001fe5720e320, 0x000001fe57213cb8]
Event: 19.541 Thread 0x000001fe6c740300 6906       3       org.jetbrains.kotlin.metadata.jvm.JvmProtoBuf$JvmPropertySignature::getSerializedSize (140 bytes)

GC Heap History (20 events):
Event: 14.624 GC heap after
{Heap after GC invocations=31 (full 0):
 garbage-first heap   total 124928K, used 72093K [0x0000000080000000, 0x0000000100000000)
  region size 1024K, 3 young (3072K), 3 survivors (3072K)
 Metaspace       used 58658K, committed 59200K, reserved 1105920K
  class space    used 7757K, committed 8000K, reserved 1048576K
}
Event: 14.763 GC heap before
{Heap before GC invocations=32 (full 0):
 garbage-first heap   total 128000K, used 76189K [0x0000000080000000, 0x0000000100000000)
  region size 1024K, 8 young (8192K), 3 survivors (3072K)
 Metaspace       used 59565K, committed 60224K, reserved 1105920K
  class space    used 7875K, committed 8192K, reserved 1048576K
}
Event: 14.767 GC heap after
{Heap after GC invocations=33 (full 0):
 garbage-first heap   total 128000K, used 72184K [0x0000000080000000, 0x0000000100000000)
  region size 1024K, 3 young (3072K), 3 survivors (3072K)
 Metaspace       used 59565K, committed 60224K, reserved 1105920K
  class space    used 7875K, committed 8192K, reserved 1048576K
}
Event: 15.499 GC heap before
{Heap before GC invocations=34 (full 0):
 garbage-first heap   total 135168K, used 108024K [0x0000000080000000, 0x0000000100000000)
  region size 1024K, 34 young (34816K), 3 survivors (3072K)
 Metaspace       used 65204K, committed 65856K, reserved 1105920K
  class space    used 8859K, committed 9152K, reserved 1048576K
}
Event: 15.504 GC heap after
{Heap after GC invocations=35 (full 0):
 garbage-first heap   total 135168K, used 77095K [0x0000000080000000, 0x0000000100000000)
  region size 1024K, 3 young (3072K), 3 survivors (3072K)
 Metaspace       used 65204K, committed 65856K, reserved 1105920K
  class space    used 8859K, committed 9152K, reserved 1048576K
}
Event: 15.764 GC heap before
{Heap before GC invocations=35 (full 0):
 garbage-first heap   total 135168K, used 91431K [0x0000000080000000, 0x0000000100000000)
  region size 1024K, 18 young (18432K), 3 survivors (3072K)
 Metaspace       used 68232K, committed 68864K, reserved 1114112K
  class space    used 9440K, committed 9728K, reserved 1048576K
}
Event: 15.771 GC heap after
{Heap after GC invocations=36 (full 0):
 garbage-first heap   total 162816K, used 77723K [0x0000000080000000, 0x0000000100000000)
  region size 1024K, 3 young (3072K), 3 survivors (3072K)
 Metaspace       used 68232K, committed 68864K, reserved 1114112K
  class space    used 9440K, committed 9728K, reserved 1048576K
}
Event: 16.724 GC heap before
{Heap before GC invocations=37 (full 0):
 garbage-first heap   total 162816K, used 144283K [0x0000000080000000, 0x0000000100000000)
  region size 1024K, 62 young (63488K), 3 survivors (3072K)
 Metaspace       used 71706K, committed 72256K, reserved 1114112K
  class space    used 9846K, committed 10112K, reserved 1048576K
}
Event: 16.746 GC heap after
{Heap after GC invocations=38 (full 0):
 garbage-first heap   total 162816K, used 88064K [0x0000000080000000, 0x0000000100000000)
  region size 1024K, 8 young (8192K), 8 survivors (8192K)
 Metaspace       used 71706K, committed 72256K, reserved 1114112K
  class space    used 9846K, committed 10112K, reserved 1048576K
}
Event: 16.928 GC heap before
{Heap before GC invocations=38 (full 0):
 garbage-first heap   total 162816K, used 96256K [0x0000000080000000, 0x0000000100000000)
  region size 1024K, 17 young (17408K), 8 survivors (8192K)
 Metaspace       used 72663K, committed 73216K, reserved 1114112K
  class space    used 9964K, committed 10240K, reserved 1048576K
}
Event: 16.940 GC heap after
{Heap after GC invocations=39 (full 0):
 garbage-first heap   total 162816K, used 90079K [0x0000000080000000, 0x0000000100000000)
  region size 1024K, 2 young (2048K), 2 survivors (2048K)
 Metaspace       used 72663K, committed 73216K, reserved 1114112K
  class space    used 9964K, committed 10240K, reserved 1048576K
}
Event: 17.553 GC heap before
{Heap before GC invocations=40 (full 0):
 garbage-first heap   total 171008K, used 136159K [0x0000000080000000, 0x0000000100000000)
  region size 1024K, 41 young (41984K), 2 survivors (2048K)
 Metaspace       used 77986K, committed 78592K, reserved 1122304K
  class space    used 10457K, committed 10752K, reserved 1048576K
}
Event: 17.559 GC heap after
{Heap after GC invocations=41 (full 0):
 garbage-first heap   total 171008K, used 99539K [0x0000000080000000, 0x0000000100000000)
  region size 1024K, 5 young (5120K), 5 survivors (5120K)
 Metaspace       used 77986K, committed 78592K, reserved 1122304K
  class space    used 10457K, committed 10752K, reserved 1048576K
}
Event: 18.297 GC heap before
{Heap before GC invocations=41 (full 0):
 garbage-first heap   total 171008K, used 138451K [0x0000000080000000, 0x0000000100000000)
  region size 1024K, 43 young (44032K), 5 survivors (5120K)
 Metaspace       used 83141K, committed 83776K, reserved 1122304K
  class space    used 11053K, committed 11328K, reserved 1048576K
}
Event: 18.306 GC heap after
{Heap after GC invocations=42 (full 0):
 garbage-first heap   total 171008K, used 101701K [0x0000000080000000, 0x0000000100000000)
  region size 1024K, 3 young (3072K), 3 survivors (3072K)
 Metaspace       used 83141K, committed 83776K, reserved 1122304K
  class space    used 11053K, committed 11328K, reserved 1048576K
}
Event: 18.834 GC heap before
{Heap before GC invocations=43 (full 0):
 garbage-first heap   total 181248K, used 141637K [0x0000000080000000, 0x0000000100000000)
  region size 1024K, 41 young (41984K), 3 survivors (3072K)
 Metaspace       used 86768K, committed 87360K, reserved 1130496K
  class space    used 11525K, committed 11776K, reserved 1048576K
}
Event: 18.841 GC heap after
{Heap after GC invocations=44 (full 0):
 garbage-first heap   total 181248K, used 103928K [0x0000000080000000, 0x0000000100000000)
  region size 1024K, 5 young (5120K), 5 survivors (5120K)
 Metaspace       used 86768K, committed 87360K, reserved 1130496K
  class space    used 11525K, committed 11776K, reserved 1048576K
}
Event: 18.852 GC heap before
{Heap before GC invocations=44 (full 0):
 garbage-first heap   total 181248K, used 107000K [0x0000000080000000, 0x0000000100000000)
  region size 1024K, 8 young (8192K), 5 survivors (5120K)
 Metaspace       used 86769K, committed 87360K, reserved 1130496K
  class space    used 11525K, committed 11776K, reserved 1048576K
}
Event: 18.858 GC heap after
{Heap after GC invocations=45 (full 0):
 garbage-first heap   total 181248K, used 103525K [0x0000000080000000, 0x0000000100000000)
  region size 1024K, 1 young (1024K), 1 survivors (1024K)
 Metaspace       used 86769K, committed 87360K, reserved 1130496K
  class space    used 11525K, committed 11776K, reserved 1048576K
}
Event: 19.542 GC heap before
{Heap before GC invocations=45 (full 0):
 garbage-first heap   total 181248K, used 147557K [0x0000000080000000, 0x0000000100000000)
  region size 1024K, 44 young (45056K), 1 survivors (1024K)
 Metaspace       used 89201K, committed 89856K, reserved 1130496K
  class space    used 11790K, committed 12096K, reserved 1048576K
}

Dll operation events (2 events):
Event: 0.034 Loaded shared library C:\Program Files\Android\Android Studio\jbr\bin\java.dll
Event: 1.275 Loaded shared library C:\Program Files\Android\Android Studio\jbr\bin\verify.dll

Deoptimization events (20 events):
Event: 19.079 Thread 0x000001fe6e7c9c70 DEOPT PACKING pc=0x000001fe5e3d374c sp=0x000000cbcc7f51a0
Event: 19.079 Thread 0x000001fe6e7c9c70 DEOPT UNPACKING pc=0x000001fe5dbb69a3 sp=0x000000cbcc7f5100 mode 2
Event: 19.093 Thread 0x000001fe6e7c9c70 Uncommon trap: trap_request=0xffffffde fr.pc=0x000001fe5e3d374c relative=0x000000000000012c
Event: 19.093 Thread 0x000001fe6e7c9c70 Uncommon trap: reason=class_check action=maybe_recompile pc=0x000001fe5e3d374c method=java.util.ArrayList.hashCodeRange(II)I @ 53 c2
Event: 19.093 Thread 0x000001fe6e7c9c70 DEOPT PACKING pc=0x000001fe5e3d374c sp=0x000000cbcc7f4f20
Event: 19.093 Thread 0x000001fe6e7c9c70 DEOPT UNPACKING pc=0x000001fe5dbb69a3 sp=0x000000cbcc7f4e80 mode 2
Event: 19.117 Thread 0x000001fe6e7c9c70 Uncommon trap: trap_request=0xffffffc6 fr.pc=0x000001fe5e15d098 relative=0x0000000000000078
Event: 19.117 Thread 0x000001fe6e7c9c70 Uncommon trap: reason=bimorphic_or_optimized_type_check action=maybe_recompile pc=0x000001fe5e15d098 method=java.util.Collections$UnmodifiableCollection.size()I @ 4 c2
Event: 19.117 Thread 0x000001fe6e7c9c70 DEOPT PACKING pc=0x000001fe5e15d098 sp=0x000000cbcc7f41e0
Event: 19.117 Thread 0x000001fe6e7c9c70 DEOPT UNPACKING pc=0x000001fe5dbb69a3 sp=0x000000cbcc7f4168 mode 2
Event: 19.117 Thread 0x000001fe6e7c9c70 Uncommon trap: trap_request=0xffffffc6 fr.pc=0x000001fe5e15d098 relative=0x0000000000000078
Event: 19.117 Thread 0x000001fe6e7c9c70 Uncommon trap: reason=bimorphic_or_optimized_type_check action=maybe_recompile pc=0x000001fe5e15d098 method=java.util.Collections$UnmodifiableCollection.size()I @ 4 c2
Event: 19.117 Thread 0x000001fe6e7c9c70 DEOPT PACKING pc=0x000001fe5e15d098 sp=0x000000cbcc7f45c0
Event: 19.117 Thread 0x000001fe6e7c9c70 DEOPT UNPACKING pc=0x000001fe5dbb69a3 sp=0x000000cbcc7f4550 mode 2
Event: 19.459 Thread 0x000001fe6e7c9c70 DEOPT PACKING pc=0x000001fe56a464d4 sp=0x000000cbcc7f3450
Event: 19.459 Thread 0x000001fe6e7c9c70 DEOPT UNPACKING pc=0x000001fe5dbb7143 sp=0x000000cbcc7f29a8 mode 0
Event: 19.497 Thread 0x000001fe6e7c9c70 DEOPT PACKING pc=0x000001fe57116221 sp=0x000000cbcc7f4250
Event: 19.497 Thread 0x000001fe6e7c9c70 DEOPT UNPACKING pc=0x000001fe5dbb7143 sp=0x000000cbcc7f3758 mode 0
Event: 19.519 Thread 0x000001fe6e7c9c70 DEOPT PACKING pc=0x000001fe56a464d4 sp=0x000000cbcc7f3490
Event: 19.519 Thread 0x000001fe6e7c9c70 DEOPT UNPACKING pc=0x000001fe5dbb7143 sp=0x000000cbcc7f29e8 mode 0

Classes unloaded (0 events):
No events

Classes redefined (0 events):
No events

Internal exceptions (20 events):
Event: 13.396 Thread 0x000001fe6e7c9c70 Exception <a 'java/lang/IncompatibleClassChangeError'{0x0000000086313aa0}: Found class java.lang.Object, but interface was expected> (0x0000000086313aa0) 
thrown [s\src\hotspot\share\interpreter\linkResolver.cpp, line 838]
Event: 14.198 Thread 0x000001fe6e7c9c70 Exception <a 'java/lang/NoSuchMethodError'{0x0000000087114518}: 'int java.lang.invoke.DelegatingMethodHandle$Holder.reinvoke_L(java.lang.Object, java.lang.Object, java.lang.Object, long, int, int)'> (0x0000000087114518) 
thrown [s\src\hotspot\share\interpreter\linkResolver.cpp, line 771]
Event: 14.199 Thread 0x000001fe6e7c9c70 Exception <a 'java/lang/NoSuchMethodError'{0x00000000871240e8}: 'int java.lang.invoke.DelegatingMethodHandle$Holder.reinvoke_L(java.lang.Object, java.lang.Object, java.lang.Object, long, long, long)'> (0x00000000871240e8) 
thrown [s\src\hotspot\share\interpreter\linkResolver.cpp, line 771]
Event: 14.200 Thread 0x000001fe6e7c9c70 Exception <a 'java/lang/NoSuchMethodError'{0x0000000087133fc0}: 'int java.lang.invoke.DelegatingMethodHandle$Holder.reinvoke_L(java.lang.Object, java.lang.Object, java.lang.Object, long, java.lang.Object, java.lang.Object)'> (0x0000000087133fc0) 
thrown [s\src\hotspot\share\interpreter\linkResolver.cpp, line 771]
Event: 14.201 Thread 0x000001fe6e7c9c70 Exception <a 'java/lang/NoSuchMethodError'{0x0000000087143ce0}: 'void java.lang.invoke.DelegatingMethodHandle$Holder.reinvoke_L(java.lang.Object, java.lang.Object, java.lang.Object, long, java.lang.Object)'> (0x0000000087143ce0) 
thrown [s\src\hotspot\share\interpreter\linkResolver.cpp, line 771]
Event: 14.202 Thread 0x000001fe6e7c9c70 Exception <a 'java/lang/NoSuchMethodError'{0x000000008714c368}: 'java.lang.Object java.lang.invoke.DirectMethodHandle$Holder.invokeSpecial(java.lang.Object, java.lang.Object, java.lang.Object, java.lang.Object, long)'> (0x000000008714c368) 
thrown [s\src\hotspot\share\interpreter\linkResolver.cpp, line 771]
Event: 14.205 Thread 0x000001fe6e7c9c70 Exception <a 'java/lang/NoSuchMethodError'{0x0000000087170ad8}: 'long java.lang.invoke.Invokers$Holder.invoke_MT(java.lang.Object, java.lang.Object, java.lang.Object, java.lang.Object)'> (0x0000000087170ad8) 
thrown [s\src\hotspot\share\interpreter\linkResolver.cpp, line 771]
Event: 14.206 Thread 0x000001fe6e7c9c70 Exception <a 'java/lang/NoSuchMethodError'{0x0000000087179bd8}: 'int java.lang.invoke.Invokers$Holder.invoke_MT(java.lang.Object, java.lang.Object, java.lang.Object, java.lang.Object)'> (0x0000000087179bd8) 
thrown [s\src\hotspot\share\interpreter\linkResolver.cpp, line 771]
Event: 14.207 Thread 0x000001fe6e7c9c70 Exception <a 'java/lang/NoSuchMethodError'{0x000000008718ae68}: 'int java.lang.invoke.DelegatingMethodHandle$Holder.reinvoke_L(java.lang.Object, java.lang.Object, java.lang.Object, long, int)'> (0x000000008718ae68) 
thrown [s\src\hotspot\share\interpreter\linkResolver.cpp, line 771]
Event: 14.209 Thread 0x000001fe6e7c9c70 Exception <a 'java/lang/NoSuchMethodError'{0x000000008719e170}: 'java.lang.Object java.lang.invoke.Invokers$Holder.invokeExact_MT(java.lang.Object, java.lang.Object, long, java.lang.Object)'> (0x000000008719e170) 
thrown [s\src\hotspot\share\interpreter\linkResolver.cpp, line 771]
Event: 14.398 Thread 0x000001fe6e7c9c70 Exception <a 'java/lang/NoSuchMethodError'{0x000000008696a990}: 'java.lang.Object java.lang.invoke.DirectMethodHandle$Holder.invokeStaticInit(java.lang.Object, int)'> (0x000000008696a990) 
thrown [s\src\hotspot\share\interpreter\linkResolver.cpp, line 771]
Event: 14.457 Thread 0x000001fe6e7c9c70 Exception <a 'java/lang/NoSuchMethodError'{0x00000000866419a0}: 'long java.lang.invoke.DirectMethodHandle$Holder.invokeStatic(java.lang.Object)'> (0x00000000866419a0) 
thrown [s\src\hotspot\share\interpreter\linkResolver.cpp, line 771]
Event: 14.458 Thread 0x000001fe6e7c9c70 Exception <a 'java/lang/NoSuchMethodError'{0x0000000086646588}: 'long java.lang.invoke.DirectMethodHandle$Holder.invokeStaticInit(java.lang.Object)'> (0x0000000086646588) 
thrown [s\src\hotspot\share\interpreter\linkResolver.cpp, line 771]
Event: 14.760 Thread 0x000001fe6e7c9c70 Implicit null exception at 0x000001fe5e2de08c to 0x000001fe5e2de1c2
Event: 15.284 Thread 0x000001fe6e7c9c70 Exception <a 'java/lang/NoSuchMethodError'{0x0000000086bb4c50}: 'void java.lang.invoke.DirectMethodHandle$Holder.invokeVirtual(java.lang.Object, java.lang.Object)'> (0x0000000086bb4c50) 
thrown [s\src\hotspot\share\interpreter\linkResolver.cpp, line 771]
Event: 15.736 Thread 0x000001fe6e7c9c70 Exception <a 'java/lang/NoSuchMethodError'{0x00000000876157e8}: 'java.lang.Object java.lang.invoke.Invokers$Holder.invoke_MT(java.lang.Object, java.lang.Object, java.lang.Object)'> (0x00000000876157e8) 
thrown [s\src\hotspot\share\interpreter\linkResolver.cpp, line 771]
Event: 18.540 Thread 0x000001fe6e7c9c70 Exception <a 'java/lang/NoSuchMethodError'{0x000000008ab35e88}: 'java.lang.Object java.lang.invoke.DirectMethodHandle$Holder.invokeStatic(java.lang.Object, java.lang.Object, java.lang.Object, java.lang.Object, int)'> (0x000000008ab35e88) 
thrown [s\src\hotspot\share\interpreter\linkResolver.cpp, line 771]
Event: 18.541 Thread 0x000001fe6e7c9c70 Exception <a 'java/lang/NoSuchMethodError'{0x000000008ab40d10}: 'java.lang.Object java.lang.invoke.DirectMethodHandle$Holder.newInvokeSpecial(java.lang.Object, java.lang.Object, java.lang.Object, java.lang.Object, int)'> (0x000000008ab40d10) 
thrown [s\src\hotspot\share\interpreter\linkResolver.cpp, line 771]
Event: 18.542 Thread 0x000001fe6e7c9c70 Exception <a 'java/lang/NoSuchMethodError'{0x000000008ab46ad8}: 'java.lang.Object java.lang.invoke.DirectMethodHandle$Holder.invokeSpecial(java.lang.Object, java.lang.Object, java.lang.Object, java.lang.Object, java.lang.Object, int)'> (0x000000008ab46ad8) 
thrown [s\src\hotspot\share\interpreter\linkResolver.cpp, line 771]
Event: 18.542 Thread 0x000001fe6e7c9c70 Exception <a 'java/lang/NoSuchMethodError'{0x000000008ab4c250}: 'java.lang.Object java.lang.invoke.Invokers$Holder.linkToTargetMethod(java.lang.Object, java.lang.Object, java.lang.Object, int, java.lang.Object)'> (0x000000008ab4c250) 
thrown [s\src\hotspot\share\interpreter\linkResolver.cpp, line 771]

VM Operations (20 events):
Event: 17.977 Executing VM operation: HandshakeAllThreads done
Event: 18.296 Executing VM operation: G1CollectForAllocation
Event: 18.306 Executing VM operation: G1CollectForAllocation done
Event: 18.413 Executing VM operation: G1Concurrent
Event: 18.417 Executing VM operation: G1Concurrent done
Event: 18.458 Executing VM operation: G1Concurrent
Event: 18.458 Executing VM operation: G1Concurrent done
Event: 18.511 Executing VM operation: HandshakeAllThreads
Event: 18.511 Executing VM operation: HandshakeAllThreads done
Event: 18.515 Executing VM operation: HandshakeAllThreads
Event: 18.515 Executing VM operation: HandshakeAllThreads done
Event: 18.619 Executing VM operation: HandshakeAllThreads
Event: 18.619 Executing VM operation: HandshakeAllThreads done
Event: 18.833 Executing VM operation: G1CollectForAllocation
Event: 18.841 Executing VM operation: G1CollectForAllocation done
Event: 18.852 Executing VM operation: G1CollectForAllocation
Event: 18.858 Executing VM operation: G1CollectForAllocation done
Event: 19.411 Executing VM operation: ICBufferFull
Event: 19.411 Executing VM operation: ICBufferFull done
Event: 19.542 Executing VM operation: G1CollectForAllocation

Events (20 events):
Event: 16.636 Thread 0x000001fe6c742c10 flushing nmethod 0x000001fe57050c90
Event: 16.636 Thread 0x000001fe6c742c10 flushing nmethod 0x000001fe57052490
Event: 16.636 Thread 0x000001fe6c742c10 flushing nmethod 0x000001fe5705ae90
Event: 16.636 Thread 0x000001fe6c742c10 flushing nmethod 0x000001fe57068110
Event: 17.846 loading class java/util/ArrayList$ListItr
Event: 17.846 loading class java/util/ArrayList$ListItr done
Event: 18.042 loading class java/text/StringCharacterIterator
Event: 18.042 loading class java/text/CharacterIterator
Event: 18.042 loading class java/text/CharacterIterator done
Event: 18.042 loading class java/text/StringCharacterIterator done
Event: 18.101 loading class java/io/NotSerializableException
Event: 18.101 loading class java/io/NotSerializableException done
Event: 18.468 loading class java/util/function/IntUnaryOperator
Event: 18.468 loading class java/util/function/IntUnaryOperator done
Event: 18.514 loading class java/util/AbstractList$SubList
Event: 18.514 loading class java/util/AbstractList$SubList done
Event: 18.514 loading class java/util/AbstractList$SubList$1
Event: 18.514 loading class java/util/AbstractList$SubList$1 done
Event: 18.514 loading class java/util/AbstractList$ListItr
Event: 18.515 loading class java/util/AbstractList$ListItr done


Dynamic libraries:
0x00007ff6d2280000 - 0x00007ff6d228a000 	C:\Program Files\Android\Android Studio\jbr\bin\java.exe
0x00007fffeddb0000 - 0x00007fffedfa8000 	C:\WINDOWS\SYSTEM32\ntdll.dll
0x00007fffec680000 - 0x00007fffec73d000 	C:\WINDOWS\System32\KERNEL32.DLL
0x00007fffeb890000 - 0x00007fffebb86000 	C:\WINDOWS\System32\KERNELBASE.dll
0x00007fffeb490000 - 0x00007fffeb590000 	C:\WINDOWS\System32\ucrtbase.dll
0x00007fffe5bd0000 - 0x00007fffe5beb000 	C:\Program Files\Android\Android Studio\jbr\bin\VCRUNTIME140.dll
0x00007fffb3530000 - 0x00007fffb3547000 	C:\Program Files\Android\Android Studio\jbr\bin\jli.dll
0x00007fffed700000 - 0x00007fffed89e000 	C:\WINDOWS\System32\USER32.dll
0x00007fffebb90000 - 0x00007fffebbb2000 	C:\WINDOWS\System32\win32u.dll
0x00007fffd33d0000 - 0x00007fffd366a000 	C:\WINDOWS\WinSxS\amd64_microsoft.windows.common-controls_6595b64144ccf1df_6.0.19041.3636_none_60b6a03d71f818d5\COMCTL32.dll
0x00007fffedc10000 - 0x00007fffedc3c000 	C:\WINDOWS\System32\GDI32.dll
0x00007fffebbc0000 - 0x00007fffebcda000 	C:\WINDOWS\System32\gdi32full.dll
0x00007fffeb7f0000 - 0x00007fffeb88d000 	C:\WINDOWS\System32\msvcp_win.dll
0x00007fffec420000 - 0x00007fffec4be000 	C:\WINDOWS\System32\msvcrt.dll
0x00007fffebf60000 - 0x00007fffebf90000 	C:\WINDOWS\System32\IMM32.DLL
0x00007fffc8b70000 - 0x00007fffc8b7c000 	C:\Program Files\Android\Android Studio\jbr\bin\vcruntime140_1.dll
0x00007fffc29d0000 - 0x00007fffc2a5d000 	C:\Program Files\Android\Android Studio\jbr\bin\msvcp140.dll
0x00007fff9e1a0000 - 0x00007fff9ee0e000 	C:\Program Files\Android\Android Studio\jbr\bin\server\jvm.dll
0x00007fffed650000 - 0x00007fffed6ff000 	C:\WINDOWS\System32\ADVAPI32.dll
0x00007fffed9e0000 - 0x00007fffeda7c000 	C:\WINDOWS\System32\sechost.dll
0x00007fffebe10000 - 0x00007fffebf36000 	C:\WINDOWS\System32\RPCRT4.dll
0x00007fffe23a0000 - 0x00007fffe23c7000 	C:\WINDOWS\SYSTEM32\WINMM.dll
0x00007fffe3060000 - 0x00007fffe306a000 	C:\WINDOWS\SYSTEM32\VERSION.dll
0x00007fffe8bb0000 - 0x00007fffe8bb9000 	C:\WINDOWS\SYSTEM32\WSOCK32.dll
0x00007fffed8a0000 - 0x00007fffed90b000 	C:\WINDOWS\System32\ws2_32.DLL
0x00007fffe9240000 - 0x00007fffe9252000 	C:\WINDOWS\SYSTEM32\kernel.appcore.dll
0x00007fffc8b60000 - 0x00007fffc8b6a000 	C:\Program Files\Android\Android Studio\jbr\bin\jimage.dll
0x00007fffd6960000 - 0x00007fffd6b44000 	C:\WINDOWS\SYSTEM32\DBGHELP.DLL
0x00007fffd0b10000 - 0x00007fffd0b44000 	C:\WINDOWS\SYSTEM32\dbgcore.DLL
0x00007fffebd80000 - 0x00007fffebe02000 	C:\WINDOWS\System32\bcryptPrimitives.dll
0x00007fffbeb90000 - 0x00007fffbebb5000 	C:\Program Files\Android\Android Studio\jbr\bin\java.dll
0x00007fffb35d0000 - 0x00007fffb35e8000 	C:\Program Files\Android\Android Studio\jbr\bin\zip.dll
0x00007fffecf00000 - 0x00007fffed644000 	C:\WINDOWS\System32\SHELL32.dll
0x00007fffe9550000 - 0x00007fffe9ceb000 	C:\WINDOWS\SYSTEM32\windows.storage.dll
0x00007fffebf90000 - 0x00007fffec2e4000 	C:\WINDOWS\System32\combase.dll
0x00007fffeae00000 - 0x00007fffeae2d000 	C:\WINDOWS\SYSTEM32\Wldp.dll
0x00007fffedb60000 - 0x00007fffedc0d000 	C:\WINDOWS\System32\SHCORE.dll
0x00007fffecea0000 - 0x00007fffecef5000 	C:\WINDOWS\System32\shlwapi.dll
0x00007fffeb3c0000 - 0x00007fffeb3e5000 	C:\WINDOWS\SYSTEM32\profapi.dll
0x00007fffb35b0000 - 0x00007fffb35c9000 	C:\Program Files\Android\Android Studio\jbr\bin\net.dll
0x00007fffe0520000 - 0x00007fffe062a000 	C:\WINDOWS\SYSTEM32\WINHTTP.dll
0x00007fffeab60000 - 0x00007fffeabca000 	C:\WINDOWS\system32\mswsock.dll
0x00007fffb3590000 - 0x00007fffb35a6000 	C:\Program Files\Android\Android Studio\jbr\bin\nio.dll
0x00007fffc8b50000 - 0x00007fffc8b60000 	C:\Program Files\Android\Android Studio\jbr\bin\verify.dll
0x00007fffd2b70000 - 0x00007fffd2b97000 	C:\Users\HP\.gradle\native\68d5fa5c4cc2d200863cafc0d521ce42e7d3e7ee720ec0a83991735586a16f82\windows-amd64\native-platform.dll
0x00007fffad9f0000 - 0x00007fffadb34000 	C:\Users\HP\.gradle\native\e376f236ea51e6404a007f0833ffe2c6e607c4080706a723a18a27aeea778392\windows-amd64\native-platform-file-events.dll
0x00007fffc8490000 - 0x00007fffc8499000 	C:\Program Files\Android\Android Studio\jbr\bin\management.dll
0x00007fffc3560000 - 0x00007fffc356b000 	C:\Program Files\Android\Android Studio\jbr\bin\management_ext.dll
0x00007fffebf40000 - 0x00007fffebf48000 	C:\WINDOWS\System32\PSAPI.DLL
0x00007fffead50000 - 0x00007fffead68000 	C:\WINDOWS\SYSTEM32\CRYPTSP.dll
0x00007fffea490000 - 0x00007fffea4c4000 	C:\WINDOWS\system32\rsaenh.dll
0x00007fffebd50000 - 0x00007fffebd77000 	C:\WINDOWS\System32\bcrypt.dll
0x00007fffeb380000 - 0x00007fffeb3ae000 	C:\WINDOWS\SYSTEM32\USERENV.dll
0x00007fffead70000 - 0x00007fffead7c000 	C:\WINDOWS\SYSTEM32\CRYPTBASE.dll
0x00007fffea850000 - 0x00007fffea88b000 	C:\WINDOWS\SYSTEM32\IPHLPAPI.DLL
0x00007fffebf50000 - 0x00007fffebf58000 	C:\WINDOWS\System32\NSI.dll
0x00007fffe07b0000 - 0x00007fffe07c7000 	C:\WINDOWS\SYSTEM32\dhcpcsvc6.DLL
0x00007fffe2c90000 - 0x00007fffe2cad000 	C:\WINDOWS\SYSTEM32\dhcpcsvc.DLL
0x00007fffea890000 - 0x00007fffea95a000 	C:\WINDOWS\SYSTEM32\DNSAPI.dll
0x00007fffc3630000 - 0x00007fffc3637000 	C:\WINDOWS\system32\wshunix.dll

dbghelp: loaded successfully - version: 4.0.5 - missing functions: none
symbol engine: initialized successfully - sym options: 0x614 - pdb path: .;C:\Program Files\Android\Android Studio\jbr\bin;C:\WINDOWS\SYSTEM32;C:\WINDOWS\WinSxS\amd64_microsoft.windows.common-controls_6595b64144ccf1df_6.0.19041.3636_none_60b6a03d71f818d5;C:\Program Files\Android\Android Studio\jbr\bin\server;C:\Users\HP\.gradle\native\68d5fa5c4cc2d200863cafc0d521ce42e7d3e7ee720ec0a83991735586a16f82\windows-amd64;C:\Users\HP\.gradle\native\e376f236ea51e6404a007f0833ffe2c6e607c4080706a723a18a27aeea778392\windows-amd64

VM Arguments:
jvm_args: --add-opens=java.base/java.util=ALL-UNNAMED --add-opens=java.base/java.lang=ALL-UNNAMED --add-opens=java.base/java.lang.invoke=ALL-UNNAMED --add-opens=java.prefs/java.util.prefs=ALL-UNNAMED --add-opens=java.base/java.nio.charset=ALL-UNNAMED --add-opens=java.base/java.net=ALL-UNNAMED --add-opens=java.base/java.util.concurrent.atomic=ALL-UNNAMED -Xmx2048m -Dfile.encoding=UTF-8 -Duser.country=US -Duser.language=en -Duser.variant 
java_command: org.gradle.launcher.daemon.bootstrap.GradleDaemon 8.0
java_class_path (initial): C:\Users\HP\.gradle\wrapper\dists\gradle-8.0-bin\ca5e32bp14vu59qr306oxotwh\gradle-8.0\lib\gradle-launcher-8.0.jar
Launcher Type: SUN_STANDARD

[Global flags]
     intx CICompilerCount                          = 3                                         {product} {ergonomic}
     uint ConcGCThreads                            = 1                                         {product} {ergonomic}
     uint G1ConcRefinementThreads                  = 4                                         {product} {ergonomic}
   size_t G1HeapRegionSize                         = 1048576                                   {product} {ergonomic}
    uintx GCDrainStackTargetSize                   = 64                                        {product} {ergonomic}
   size_t InitialHeapSize                          = 58720256                                  {product} {ergonomic}
   size_t MarkStackSize                            = 4194304                                   {product} {ergonomic}
   size_t MaxHeapSize                              = 2147483648                                {product} {command line}
   size_t MaxNewSize                               = 1287651328                                {product} {ergonomic}
   size_t MinHeapDeltaBytes                        = 1048576                                   {product} {ergonomic}
   size_t MinHeapSize                              = 8388608                                   {product} {ergonomic}
    uintx NonNMethodCodeHeapSize                   = 5832780                                {pd product} {ergonomic}
    uintx NonProfiledCodeHeapSize                  = 122912730                              {pd product} {ergonomic}
    uintx ProfiledCodeHeapSize                     = 122912730                              {pd product} {ergonomic}
    uintx ReservedCodeCacheSize                    = 251658240                              {pd product} {ergonomic}
     bool SegmentedCodeCache                       = true                                      {product} {ergonomic}
   size_t SoftMaxHeapSize                          = 2147483648                             {manageable} {ergonomic}
     bool UseCompressedClassPointers               = true                           {product lp64_product} {ergonomic}
     bool UseCompressedOops                        = true                           {product lp64_product} {ergonomic}
     bool UseG1GC                                  = true                                      {product} {ergonomic}
     bool UseLargePagesIndividualAllocation        = false                                  {pd product} {ergonomic}

Logging:
Log output configuration:
 #0: stdout all=warning uptime,level,tags
 #1: stderr all=off uptime,level,tags

Environment Variables:
JAVA_HOME=C:\Program Files\Java\jdk-21
PATH=C:\Program Files\Java\jdk-21\bin;C:\WINDOWS\system32;C:\WINDOWS;C:\WINDOWS\System32\Wbem;C:\WINDOWS\System32\WindowsPowerShell\v1.0\;C:\WINDOWS\System32\OpenSSH\;C:\MinGW\bin;C:\Program Files\PowerShell\7\;C:\Program Files\Git\cmd;C:\Users\HP\AppData\Local\Microsoft\WindowsApps;
USERNAME=HP
OS=Windows_NT
PROCESSOR_IDENTIFIER=AMD64 Family 23 Model 24 Stepping 1, AuthenticAMD
TMP=C:\Users\HP\AppData\Local\Temp
TEMP=C:\Users\HP\AppData\Local\Temp


JNI global refs:
JNI global refs: 25, weak refs: 20

JNI global refs memory usage: 843, weak refs: 841


---------------  S Y S T E M  ---------------

OS:
 Windows 10 , 64 bit Build 19041 (10.0.19041.3636)
OS uptime: 9 days 13:55 hours

CPU: total 4 (initial active 4) (4 cores per cpu, 2 threads per core) family 23 model 24 stepping 1 microcode 0x0, cx8, cmov, fxsr, ht, mmx, 3dnowpref, sse, sse2, sse3, ssse3, sse4a, sse4.1, sse4.2, popcnt, lzcnt, tsc, tscinvbit, avx, avx2, aes, clmul, bmi1, bmi2, adx, sha, fma, vzeroupper, clflush, clflushopt

Memory: 4k page, system-wide physical 3499M (200M free)
TotalPageFile size 8495M (AvailPageFile size 74M)
current process WorkingSet (physical memory assigned to process): 348M, peak: 365M
current process commit charge ("private bytes"): 412M, peak: 588M

vm_info: OpenJDK 64-Bit Server VM (17.0.6+0-b2043.56-10027231) for windows-amd64 JRE (17.0.6+0-b2043.56-10027231), built on Apr 28 2023 00:43:19 by "androidbuild" with MS VC++ 16.10 / 16.11 (VS2019)

END.
