#
# There is insufficient memory for the Java Runtime Environment to continue.
# Native memory allocation (mmap) failed to map 297795584 bytes for G1 virtual space
# Possible reasons:
#   The system is out of physical RAM or swap space
#   The process is running with CompressedOops enabled, and the Java Heap may be blocking the growth of the native heap
# Possible solutions:
#   Reduce memory load on the system
#   Increase physical memory or swap space
#   Check if swap backing store is full
#   Decrease Java heap size (-Xmx/-Xms)
#   Decrease number of Java threads
#   Decrease Java thread stack sizes (-Xss)
#   Set larger code cache with -XX:ReservedCodeCacheSize=
#   JVM is running with Unscaled Compressed Oops mode in which the Java heap is
#     placed in the first 4GB address space. The Java Heap base address is the
#     maximum limit for the native heap growth. Please use -XX:HeapBaseMinAddress
#     to set the Java Heap base and to place the Java Heap above 4GB virtual address.
# This output file may be truncated or incomplete.
#
#  Out of Memory Error (os_windows.cpp:3769), pid=2904, tid=7132
#
# JRE version: OpenJDK Runtime Environment (17.0.6) (build 17.0.6+0-b2043.56-10027231)
# Java VM: OpenJDK 64-Bit Server VM (17.0.6+0-b2043.56-10027231, mixed mode, tiered, compressed oops, compressed class ptrs, g1 gc, windows-amd64)
# No core dump will be written. Minidumps are not enabled by default on client versions of Windows
#

---------------  S U M M A R Y ------------

Command Line: --add-opens=java.base/java.util=ALL-UNNAMED --add-opens=java.base/java.lang=ALL-UNNAMED --add-opens=java.base/java.lang.invoke=ALL-UNNAMED --add-opens=java.prefs/java.util.prefs=ALL-UNNAMED --add-opens=java.base/java.nio.charset=ALL-UNNAMED --add-opens=java.base/java.net=ALL-UNNAMED --add-opens=java.base/java.util.concurrent.atomic=ALL-UNNAMED -Xmx2048m -Dfile.encoding=UTF-8 -Duser.country=US -Duser.language=en -Duser.variant org.gradle.launcher.daemon.bootstrap.GradleDaemon 8.0

Host: AMD Ryzen 3 3250U with Radeon Graphics         , 4 cores, 3G,  Windows 10 , 64 bit Build 19041 (10.0.19041.3636)
Time: Thu Dec 21 14:56:38 2023 SE Asia Standard Time elapsed time: 47.956085 seconds (0d 0h 0m 47s)

---------------  T H R E A D  ---------------

Current thread (0x000001eee48debe0):  VMThread "VM Thread" [stack: 0x0000009beb100000,0x0000009beb200000] [id=7132]

Stack: [0x0000009beb100000,0x0000009beb200000]
Native frames: (J=compiled Java code, j=interpreted, Vv=VM code, C=native code)
V  [jvm.dll+0x683c9a]
V  [jvm.dll+0x8427a4]
V  [jvm.dll+0x843f9e]
V  [jvm.dll+0x844603]
V  [jvm.dll+0x249b75]
V  [jvm.dll+0x680b69]
V  [jvm.dll+0x67505a]
V  [jvm.dll+0x309acb]
V  [jvm.dll+0x310f86]
V  [jvm.dll+0x3608ee]
V  [jvm.dll+0x360b1f]
V  [jvm.dll+0x2dfbf8]
V  [jvm.dll+0x2ddec4]
V  [jvm.dll+0x2dd4cc]
V  [jvm.dll+0x321f3b]
V  [jvm.dll+0x848ccb]
V  [jvm.dll+0x849a04]
V  [jvm.dll+0x849f1d]
V  [jvm.dll+0x84a2f4]
V  [jvm.dll+0x84a3c0]
V  [jvm.dll+0x7f274a]
V  [jvm.dll+0x682ad5]
C  [ucrtbase.dll+0x21bb2]
C  [KERNEL32.DLL+0x17344]
C  [ntdll.dll+0x526b1]

VM_Operation (0x0000009bf0cf9110): G1CollectForAllocation, mode: safepoint, requested by thread 0x000001eee78d10b0


---------------  P R O C E S S  ---------------

Threads class SMR info:
_java_thread_list=0x000001eeec2ff9d0, length=100, elements={
0x000001eecb3598b0, 0x000001eee48e3d30, 0x000001eee48e82d0, 0x000001eee492c1e0,
0x000001eee540c080, 0x000001eee540d950, 0x000001eee5410220, 0x000001eee5410ae0,
0x000001eee5447fe0, 0x000001eee496e2c0, 0x000001eee5570840, 0x000001eee5571120,
0x000001eee6c60170, 0x000001eee6dad950, 0x000001eee6d7c850, 0x000001eee6a997b0,
0x000001eee6c7eda0, 0x000001eee6c7fa10, 0x000001eee6632650, 0x000001eee6ac04c0,
0x000001eee6ac0990, 0x000001eee6ac1cd0, 0x000001eee6ac0e60, 0x000001eee6ac1330,
0x000001eee6ac1800, 0x000001eee945b620, 0x000001eee9458130, 0x000001eee9458fa0,
0x000001eee9459940, 0x000001eee9459e10, 0x000001eee9458600, 0x000001eee945a2e0,
0x000001eee945b150, 0x000001eee945baf0, 0x000001eee9458ad0, 0x000001eee87ae9b0,
0x000001eee87aee80, 0x000001eee87b1030, 0x000001eee87b19d0, 0x000001eee87afcf0,
0x000001eee87b1ea0, 0x000001eee87ae4e0, 0x000001eee87b01c0, 0x000001eee87b2370,
0x000001eee87b0690, 0x000001eee87af350, 0x000001eee87b2840, 0x000001eee87b36b0,
0x000001eee87af820, 0x000001eee87ac330, 0x000001eee87ac800, 0x000001eee87adb40,
0x000001eee87b0b60, 0x000001eee87b2d10, 0x000001eee87b31e0, 0x000001eee87accd0,
0x000001eee87abe60, 0x000001eee87ad1a0, 0x000001eee9f3a530, 0x000001eee9f3aa00,
0x000001eee9f400a0, 0x000001eee9f3ed60, 0x000001eee9f3b3a0, 0x000001eee9f3b870,
0x000001eee9f3fbd0, 0x000001eee9f3aed0, 0x000001eee9f40570, 0x000001eee9f3f700,
0x000001eee9f40a40, 0x000001eee9f3d550, 0x000001eee9f3c6e0, 0x000001eee9f40f10,
0x000001eee9f3e3c0, 0x000001eee9f413e0, 0x000001eee9f3bd40, 0x000001eee9f3def0,
0x000001eee9f3c210, 0x000001eee9f418b0, 0x000001eee9f3cbb0, 0x000001eee9f3e890,
0x000001eee9f3d080, 0x000001eee9f3a060, 0x000001eee9f3f230, 0x000001eee9f3da20,
0x000001eee78cb070, 0x000001eee78cd6f0, 0x000001eee78d10b0, 0x000001eee78d0be0,
0x000001eee78d1580, 0x000001eee78d23f0, 0x000001eee78d1f20, 0x000001eee78cdbc0,
0x000001eee78cc3b0, 0x000001eee78d0710, 0x000001eee78cc880, 0x000001eee78cef00,
0x000001eee78ccd50, 0x000001eee78ce090, 0x000001eeef4f3320, 0x000001eeef4f24b0
}

Java Threads: ( => current thread )
  0x000001eecb3598b0 JavaThread "main" [_thread_blocked, id=1200, stack(0x0000009beab00000,0x0000009beac00000)]
  0x000001eee48e3d30 JavaThread "Reference Handler" daemon [_thread_blocked, id=4620, stack(0x0000009beb200000,0x0000009beb300000)]
  0x000001eee48e82d0 JavaThread "Finalizer" daemon [_thread_blocked, id=5552, stack(0x0000009beb300000,0x0000009beb400000)]
  0x000001eee492c1e0 JavaThread "Signal Dispatcher" daemon [_thread_blocked, id=7860, stack(0x0000009beb400000,0x0000009beb500000)]
  0x000001eee540c080 JavaThread "Attach Listener" daemon [_thread_blocked, id=5380, stack(0x0000009beb500000,0x0000009beb600000)]
  0x000001eee540d950 JavaThread "Service Thread" daemon [_thread_blocked, id=3208, stack(0x0000009beb600000,0x0000009beb700000)]
  0x000001eee5410220 JavaThread "Monitor Deflation Thread" daemon [_thread_blocked, id=8464, stack(0x0000009beb700000,0x0000009beb800000)]
  0x000001eee5410ae0 JavaThread "C2 CompilerThread0" daemon [_thread_blocked, id=8952, stack(0x0000009beb800000,0x0000009beb900000)]
  0x000001eee5447fe0 JavaThread "C1 CompilerThread0" daemon [_thread_blocked, id=10132, stack(0x0000009beb900000,0x0000009beba00000)]
  0x000001eee496e2c0 JavaThread "Sweeper thread" daemon [_thread_blocked, id=3564, stack(0x0000009beba00000,0x0000009bebb00000)]
  0x000001eee5570840 JavaThread "Common-Cleaner" daemon [_thread_blocked, id=5448, stack(0x0000009bebb00000,0x0000009bebc00000)]
  0x000001eee5571120 JavaThread "Notification Thread" daemon [_thread_blocked, id=6992, stack(0x0000009bebc00000,0x0000009bebd00000)]
  0x000001eee6c60170 JavaThread "Daemon health stats" [_thread_blocked, id=4400, stack(0x0000009bec100000,0x0000009bec200000)]
  0x000001eee6dad950 JavaThread "Incoming local TCP Connector on port 50525" [_thread_in_native, id=9752, stack(0x0000009bec200000,0x0000009bec300000)]
  0x000001eee6d7c850 JavaThread "Daemon periodic checks" [_thread_blocked, id=2872, stack(0x0000009bec300000,0x0000009bec400000)]
  0x000001eee6a997b0 JavaThread "Daemon" [_thread_blocked, id=2760, stack(0x0000009bec400000,0x0000009bec500000)]
  0x000001eee6c7eda0 JavaThread "Handler for socket connection from /127.0.0.1:50525 to /127.0.0.1:50526" [_thread_in_native, id=9300, stack(0x0000009bec500000,0x0000009bec600000)]
  0x000001eee6c7fa10 JavaThread "Cancel handler" [_thread_blocked, id=8604, stack(0x0000009bec600000,0x0000009bec700000)]
  0x000001eee6632650 JavaThread "Daemon worker" [_thread_blocked, id=7460, stack(0x0000009bec700000,0x0000009bec800000)]
  0x000001eee6ac04c0 JavaThread "Asynchronous log dispatcher for DefaultDaemonConnection: socket connection from /127.0.0.1:50525 to /127.0.0.1:50526" [_thread_blocked, id=9920, stack(0x0000009bec800000,0x0000009bec900000)]
  0x000001eee6ac0990 JavaThread "Stdin handler" [_thread_blocked, id=4376, stack(0x0000009bec900000,0x0000009beca00000)]
  0x000001eee6ac1cd0 JavaThread "Daemon client event forwarder" [_thread_blocked, id=4560, stack(0x0000009beca00000,0x0000009becb00000)]
  0x000001eee6ac0e60 JavaThread "Cache worker for journal cache (C:\Users\HP\.gradle\caches\journal-1)" [_thread_blocked, id=3308, stack(0x0000009becb00000,0x0000009becc00000)]
  0x000001eee6ac1330 JavaThread "File lock request listener" [_thread_in_native, id=7556, stack(0x0000009becc00000,0x0000009becd00000)]
  0x000001eee6ac1800 JavaThread "Cache worker for file hash cache (C:\Users\HP\.gradle\caches\8.0\fileHashes)" [_thread_blocked, id=3728, stack(0x0000009becd00000,0x0000009bece00000)]
  0x000001eee945b620 JavaThread "File watcher server" daemon [_thread_blocked, id=664, stack(0x0000009bece00000,0x0000009becf00000)]
  0x000001eee9458130 JavaThread "File watcher consumer" daemon [_thread_blocked, id=3980, stack(0x0000009becf00000,0x0000009bed000000)]
  0x000001eee9458fa0 JavaThread "Cache worker for checksums cache (C:\Users\HP\AndroidStudioProjects\CatHouse\.gradle\8.0\checksums)" [_thread_blocked, id=9892, stack(0x0000009bed000000,0x0000009bed100000)]
  0x000001eee9459940 JavaThread "Cache worker for cache directory md-rule (C:\Users\HP\.gradle\caches\8.0\md-rule)" [_thread_blocked, id=4244, stack(0x0000009bed100000,0x0000009bed200000)]
  0x000001eee9459e10 JavaThread "Cache worker for file content cache (C:\Users\HP\.gradle\caches\8.0\fileContent)" [_thread_blocked, id=10036, stack(0x0000009bed200000,0x0000009bed300000)]
  0x000001eee9458600 JavaThread "Cache worker for file hash cache (C:\Users\HP\AndroidStudioProjects\CatHouse\.gradle\8.0\fileHashes)" [_thread_blocked, id=932, stack(0x0000009bed300000,0x0000009bed400000)]
  0x000001eee945a2e0 JavaThread "Cache worker for cache directory md-supplier (C:\Users\HP\.gradle\caches\8.0\md-supplier)" [_thread_blocked, id=3912, stack(0x0000009bed400000,0x0000009bed500000)]
  0x000001eee945b150 JavaThread "Cache worker for execution history cache (C:\Users\HP\.gradle\caches\8.0\executionHistory)" [_thread_blocked, id=5852, stack(0x0000009bed500000,0x0000009bed600000)]
  0x000001eee945baf0 JavaThread "jar transforms" [_thread_blocked, id=5196, stack(0x0000009bed600000,0x0000009bed700000)]
  0x000001eee9458ad0 JavaThread "jar transforms Thread 2" [_thread_blocked, id=9988, stack(0x0000009bed700000,0x0000009bed800000)]
  0x000001eee87ae9b0 JavaThread "Cache worker for kotlin-dsl (C:\Users\HP\.gradle\caches\8.0\kotlin-dsl)" [_thread_blocked, id=6632, stack(0x0000009bed800000,0x0000009bed900000)]
  0x000001eee87aee80 JavaThread "jar transforms Thread 3" [_thread_blocked, id=4468, stack(0x0000009bed900000,0x0000009beda00000)]
  0x000001eee87b1030 JavaThread "jar transforms Thread 4" [_thread_blocked, id=5720, stack(0x0000009beda00000,0x0000009bedb00000)]
  0x000001eee87b19d0 JavaThread "Cache worker for dependencies-accessors (C:\Users\HP\AndroidStudioProjects\CatHouse\.gradle\8.0\dependencies-accessors)" [_thread_blocked, id=7828, stack(0x0000009bedb00000,0x0000009bedc00000)]
  0x000001eee87afcf0 JavaThread "Cache worker for Build Output Cleanup Cache (C:\Users\HP\AndroidStudioProjects\CatHouse\.gradle\buildOutputCleanup)" [_thread_blocked, id=3700, stack(0x0000009bedc00000,0x0000009bedd00000)]
  0x000001eee87b1ea0 JavaThread "Unconstrained build operations" [_thread_blocked, id=9916, stack(0x0000009bedd00000,0x0000009bede00000)]
  0x000001eee87ae4e0 JavaThread "Unconstrained build operations Thread 2" [_thread_blocked, id=9184, stack(0x0000009bede00000,0x0000009bedf00000)]
  0x000001eee87b01c0 JavaThread "Unconstrained build operations Thread 3" [_thread_blocked, id=3824, stack(0x0000009bedf00000,0x0000009bee000000)]
  0x000001eee87b2370 JavaThread "Unconstrained build operations Thread 4" [_thread_blocked, id=5928, stack(0x0000009bee000000,0x0000009bee100000)]
  0x000001eee87b0690 JavaThread "Unconstrained build operations Thread 5" [_thread_blocked, id=2476, stack(0x0000009bee100000,0x0000009bee200000)]
  0x000001eee87af350 JavaThread "Unconstrained build operations Thread 6" [_thread_blocked, id=7464, stack(0x0000009bee200000,0x0000009bee300000)]
  0x000001eee87b2840 JavaThread "Unconstrained build operations Thread 7" [_thread_blocked, id=9768, stack(0x0000009bee300000,0x0000009bee400000)]
  0x000001eee87b36b0 JavaThread "Unconstrained build operations Thread 8" [_thread_blocked, id=8932, stack(0x0000009bee400000,0x0000009bee500000)]
  0x000001eee87af820 JavaThread "Unconstrained build operations Thread 9" [_thread_blocked, id=7656, stack(0x0000009bee500000,0x0000009bee600000)]
  0x000001eee87ac330 JavaThread "Unconstrained build operations Thread 10" [_thread_blocked, id=8528, stack(0x0000009bee600000,0x0000009bee700000)]
  0x000001eee87ac800 JavaThread "Unconstrained build operations Thread 11" [_thread_blocked, id=9932, stack(0x0000009bee700000,0x0000009bee800000)]
  0x000001eee87adb40 JavaThread "Unconstrained build operations Thread 12" [_thread_blocked, id=8248, stack(0x0000009bee800000,0x0000009bee900000)]
  0x000001eee87b0b60 JavaThread "Unconstrained build operations Thread 13" [_thread_blocked, id=744, stack(0x0000009bee900000,0x0000009beea00000)]
  0x000001eee87b2d10 JavaThread "Unconstrained build operations Thread 14" [_thread_blocked, id=4004, stack(0x0000009beea00000,0x0000009beeb00000)]
  0x000001eee87b31e0 JavaThread "Unconstrained build operations Thread 15" [_thread_blocked, id=3512, stack(0x0000009beeb00000,0x0000009beec00000)]
  0x000001eee87accd0 JavaThread "Unconstrained build operations Thread 16" [_thread_blocked, id=1044, stack(0x0000009beec00000,0x0000009beed00000)]
  0x000001eee87abe60 JavaThread "Unconstrained build operations Thread 17" [_thread_blocked, id=2380, stack(0x0000009beed00000,0x0000009beee00000)]
  0x000001eee87ad1a0 JavaThread "Unconstrained build operations Thread 18" [_thread_blocked, id=1076, stack(0x0000009beee00000,0x0000009beef00000)]
  0x000001eee9f3a530 JavaThread "Unconstrained build operations Thread 19" [_thread_blocked, id=9444, stack(0x0000009beef00000,0x0000009bef000000)]
  0x000001eee9f3aa00 JavaThread "Unconstrained build operations Thread 20" [_thread_blocked, id=8116, stack(0x0000009bef000000,0x0000009bef100000)]
  0x000001eee9f400a0 JavaThread "Unconstrained build operations Thread 21" [_thread_blocked, id=9104, stack(0x0000009bef100000,0x0000009bef200000)]
  0x000001eee9f3ed60 JavaThread "Unconstrained build operations Thread 22" [_thread_blocked, id=2472, stack(0x0000009bef200000,0x0000009bef300000)]
  0x000001eee9f3b3a0 JavaThread "Unconstrained build operations Thread 23" [_thread_blocked, id=5332, stack(0x0000009bef300000,0x0000009bef400000)]
  0x000001eee9f3b870 JavaThread "Unconstrained build operations Thread 24" [_thread_blocked, id=10188, stack(0x0000009bef400000,0x0000009bef500000)]
  0x000001eee9f3fbd0 JavaThread "Unconstrained build operations Thread 25" [_thread_blocked, id=8380, stack(0x0000009bef500000,0x0000009bef600000)]
  0x000001eee9f3aed0 JavaThread "Unconstrained build operations Thread 26" [_thread_blocked, id=720, stack(0x0000009bef600000,0x0000009bef700000)]
  0x000001eee9f40570 JavaThread "Unconstrained build operations Thread 27" [_thread_blocked, id=8668, stack(0x0000009bef700000,0x0000009bef800000)]
  0x000001eee9f3f700 JavaThread "Unconstrained build operations Thread 28" [_thread_blocked, id=6576, stack(0x0000009bef800000,0x0000009bef900000)]
  0x000001eee9f40a40 JavaThread "Unconstrained build operations Thread 29" [_thread_blocked, id=10116, stack(0x0000009bef900000,0x0000009befa00000)]
  0x000001eee9f3d550 JavaThread "Unconstrained build operations Thread 30" [_thread_blocked, id=4284, stack(0x0000009befa00000,0x0000009befb00000)]
  0x000001eee9f3c6e0 JavaThread "Unconstrained build operations Thread 31" [_thread_blocked, id=4808, stack(0x0000009befb00000,0x0000009befc00000)]
  0x000001eee9f40f10 JavaThread "Unconstrained build operations Thread 32" [_thread_blocked, id=7452, stack(0x0000009befc00000,0x0000009befd00000)]
  0x000001eee9f3e3c0 JavaThread "Unconstrained build operations Thread 33" [_thread_blocked, id=9392, stack(0x0000009befd00000,0x0000009befe00000)]
  0x000001eee9f413e0 JavaThread "Unconstrained build operations Thread 34" [_thread_blocked, id=5400, stack(0x0000009befe00000,0x0000009beff00000)]
  0x000001eee9f3bd40 JavaThread "Unconstrained build operations Thread 35" [_thread_blocked, id=3872, stack(0x0000009beff00000,0x0000009bf0000000)]
  0x000001eee9f3def0 JavaThread "Unconstrained build operations Thread 36" [_thread_blocked, id=5476, stack(0x0000009bf0000000,0x0000009bf0100000)]
  0x000001eee9f3c210 JavaThread "Unconstrained build operations Thread 37" [_thread_blocked, id=7608, stack(0x0000009bf0100000,0x0000009bf0200000)]
  0x000001eee9f418b0 JavaThread "Unconstrained build operations Thread 38" [_thread_blocked, id=1768, stack(0x0000009bf0200000,0x0000009bf0300000)]
  0x000001eee9f3cbb0 JavaThread "Unconstrained build operations Thread 39" [_thread_blocked, id=4616, stack(0x0000009bf0300000,0x0000009bf0400000)]
  0x000001eee9f3e890 JavaThread "Unconstrained build operations Thread 40" [_thread_blocked, id=7724, stack(0x0000009bf0400000,0x0000009bf0500000)]
  0x000001eee9f3d080 JavaThread "build event listener" [_thread_blocked, id=7128, stack(0x0000009bf0500000,0x0000009bf0600000)]
  0x000001eee9f3a060 JavaThread "Memory manager" [_thread_blocked, id=5512, stack(0x0000009bf0600000,0x0000009bf0700000)]
  0x000001eee9f3f230 JavaThread "build event listener" [_thread_blocked, id=9924, stack(0x0000009bf0700000,0x0000009bf0800000)]
  0x000001eee9f3da20 JavaThread "build event listener" [_thread_blocked, id=8736, stack(0x0000009bf0800000,0x0000009bf0900000)]
  0x000001eee78cb070 JavaThread "included builds" [_thread_blocked, id=8168, stack(0x0000009bf0a00000,0x0000009bf0b00000)]
  0x000001eee78cd6f0 JavaThread "Execution worker" [_thread_blocked, id=7564, stack(0x0000009bf0b00000,0x0000009bf0c00000)]
  0x000001eee78d10b0 JavaThread "Execution worker Thread 2" [_thread_blocked, id=5296, stack(0x0000009bf0c00000,0x0000009bf0d00000)]
  0x000001eee78d0be0 JavaThread "Execution worker Thread 3" [_thread_blocked, id=2236, stack(0x0000009bf0d00000,0x0000009bf0e00000)]
  0x000001eee78d1580 JavaThread "Cache worker for execution history cache (C:\Users\HP\AndroidStudioProjects\CatHouse\.gradle\8.0\executionHistory)" [_thread_blocked, id=9816, stack(0x0000009bf0e00000,0x0000009bf0f00000)]
  0x000001eee78d23f0 JavaThread "WorkerExecutor Queue" [_thread_blocked, id=9356, stack(0x0000009bea900000,0x0000009beaa00000)]
  0x000001eee78d1f20 JavaThread "RMI Scheduler(0)" daemon [_thread_blocked, id=9824, stack(0x0000009bf0f00000,0x0000009bf1000000)]
  0x000001eee78cdbc0 JavaThread "RMI RenewClean-[127.0.0.1:17728,org.jetbrains.kotlin.daemon.common.LoopbackNetworkInterface$ClientLoopbackSocketFactory@1df20c6b]" daemon [_thread_blocked, id=9520, stack(0x0000009bf1000000,0x0000009bf1100000)]
  0x000001eee78cc3b0 JavaThread "RMI GC Daemon" daemon [_thread_blocked, id=1564, stack(0x0000009bf1100000,0x0000009bf1200000)]
  0x000001eee78d0710 JavaThread "RMI TCP Accept-0" daemon [_thread_in_native, id=3384, stack(0x0000009bf1200000,0x0000009bf1300000)]
  0x000001eee78cc880 JavaThread "RMI Reaper" [_thread_blocked, id=7348, stack(0x0000009bf1300000,0x0000009bf1400000)]
  0x000001eee78cef00 JavaThread "RMI TCP Connection(1)-127.0.0.1" daemon [_thread_in_native, id=5064, stack(0x0000009bf1400000,0x0000009bf1500000)]
  0x000001eee78ccd50 JavaThread "WorkerExecutor Queue Thread 2" [_thread_blocked, id=8484, stack(0x0000009bf1700000,0x0000009bf1800000)]
  0x000001eee78ce090 JavaThread "WorkerExecutor Queue Thread 3" [_thread_blocked, id=7928, stack(0x0000009bf1800000,0x0000009bf1900000)]
  0x000001eeef4f3320 JavaThread "WorkerExecutor Queue Thread 4" [_thread_blocked, id=6008, stack(0x0000009bf1900000,0x0000009bf1a00000)]
  0x000001eeef4f24b0 JavaThread "WorkerExecutor Queue Thread 5" [_thread_blocked, id=7976, stack(0x0000009bf1a00000,0x0000009bf1b00000)]

Other Threads:
=>0x000001eee48debe0 VMThread "VM Thread" [stack: 0x0000009beb100000,0x0000009beb200000] [id=7132]
  0x000001eee54695d0 WatcherThread [stack: 0x0000009bebd00000,0x0000009bebe00000] [id=436]
  0x000001eecb3b7870 GCTaskThread "GC Thread#0" [stack: 0x0000009beac00000,0x0000009bead00000] [id=8240]
  0x000001eee5cff370 GCTaskThread "GC Thread#1" [stack: 0x0000009bebe00000,0x0000009bebf00000] [id=844]
  0x000001eee5cdd070 GCTaskThread "GC Thread#2" [stack: 0x0000009bebf00000,0x0000009bec000000] [id=8044]
  0x000001eee620e560 GCTaskThread "GC Thread#3" [stack: 0x0000009bec000000,0x0000009bec100000] [id=924]
  0x000001eecb3c86c0 ConcurrentGCThread "G1 Main Marker" [stack: 0x0000009bead00000,0x0000009beae00000] [id=9748]
  0x000001eecb3cb790 ConcurrentGCThread "G1 Conc#0" [stack: 0x0000009beae00000,0x0000009beaf00000] [id=7956]
  0x000001eecb407ef0 ConcurrentGCThread "G1 Refine#0" [stack: 0x0000009beaf00000,0x0000009beb000000] [id=5424]
  0x000001eeecda2a20 ConcurrentGCThread "G1 Refine#1" [stack: 0x0000009bf0900000,0x0000009bf0a00000] [id=9888]
  0x000001eecb409c30 ConcurrentGCThread "G1 Service" [stack: 0x0000009beb000000,0x0000009beb100000] [id=8548]

Threads with active compile tasks:
C1 CompilerThread0    48015 13400       3       kotlin.reflect.jvm.internal.impl.protobuf.CodedInputStream::readRawVarint32 (110 bytes)

VM state: at safepoint (normal execution)

VM Mutex/Monitor currently owned by a thread:  ([mutex/lock_event])
[0x000001eecb354930] Threads_lock - owner thread: 0x000001eee48debe0
[0x000001eecb355860] Heap_lock - owner thread: 0x000001eee78d10b0

Heap address: 0x0000000080000000, size: 2048 MB, Compressed Oops mode: 32-bit

CDS archive(s) not mapped
Compressed class space mapped at: 0x0000000100000000-0x0000000140000000, reserved size: 1073741824
Narrow klass base: 0x0000000000000000, Narrow klass shift: 3, Narrow klass range: 0x140000000

GC Precious Log:
 CPUs: 4 total, 4 available
 Memory: 3499M
 Large Page Support: Disabled
 NUMA Support: Disabled
 Compressed Oops: Enabled (32-bit)
 Heap Region Size: 1M
 Heap Min Capacity: 8M
 Heap Initial Capacity: 56M
 Heap Max Capacity: 2G
 Pre-touch: Disabled
 Parallel Workers: 4
 Concurrent Workers: 1
 Concurrent Refinement Workers: 4
 Periodic GC: Disabled

Heap:
 garbage-first heap   total 240640K, used 105696K [0x0000000080000000, 0x0000000100000000)
  region size 1024K, 5 young (5120K), 5 survivors (5120K)
 Metaspace       used 116143K, committed 116928K, reserved 1155072K
  class space    used 16109K, committed 16448K, reserved 1048576K

Heap Regions: E=young(eden), S=young(survivor), O=old, HS=humongous(starts), HC=humongous(continues), CS=collection set, F=free, OA=open archive, CA=closed archive, TAMS=top-at-mark-start (previous, next)
|   0|0x0000000080000000, 0x0000000080100000, 0x0000000080100000|100%| O|  |TAMS 0x0000000080100000, 0x0000000080000000| Untracked 
|   1|0x0000000080100000, 0x0000000080200000, 0x0000000080200000|100%| O|  |TAMS 0x0000000080200000, 0x0000000080100000| Untracked 
|   2|0x0000000080200000, 0x0000000080300000, 0x0000000080300000|100%|HS|  |TAMS 0x0000000080300000, 0x0000000080200000| Complete 
|   3|0x0000000080300000, 0x0000000080400000, 0x0000000080400000|100%|HC|  |TAMS 0x0000000080400000, 0x0000000080300000| Complete 
|   4|0x0000000080400000, 0x0000000080500000, 0x0000000080500000|100%|HC|  |TAMS 0x0000000080500000, 0x0000000080400000| Complete 
|   5|0x0000000080500000, 0x0000000080600000, 0x0000000080600000|100%|HC|  |TAMS 0x0000000080600000, 0x0000000080500000| Complete 
|   6|0x0000000080600000, 0x0000000080700000, 0x0000000080700000|100%| O|  |TAMS 0x0000000080700000, 0x0000000080600000| Untracked 
|   7|0x0000000080700000, 0x0000000080800000, 0x0000000080800000|100%| O|  |TAMS 0x0000000080800000, 0x0000000080700000| Untracked 
|   8|0x0000000080800000, 0x0000000080900000, 0x0000000080900000|100%| O|  |TAMS 0x0000000080900000, 0x0000000080800000| Untracked 
|   9|0x0000000080900000, 0x0000000080a00000, 0x0000000080a00000|100%| O|  |TAMS 0x0000000080a00000, 0x0000000080900000| Untracked 
|  10|0x0000000080a00000, 0x0000000080b00000, 0x0000000080b00000|100%| O|  |TAMS 0x0000000080b00000, 0x0000000080a00000| Untracked 
|  11|0x0000000080b00000, 0x0000000080c00000, 0x0000000080c00000|100%| O|  |TAMS 0x0000000080c00000, 0x0000000080b00000| Untracked 
|  12|0x0000000080c00000, 0x0000000080d00000, 0x0000000080d00000|100%| O|  |TAMS 0x0000000080d00000, 0x0000000080c00000| Untracked 
|  13|0x0000000080d00000, 0x0000000080e00000, 0x0000000080e00000|100%| O|  |TAMS 0x0000000080e00000, 0x0000000080d00000| Untracked 
|  14|0x0000000080e00000, 0x0000000080f00000, 0x0000000080f00000|100%| O|  |TAMS 0x0000000080f00000, 0x0000000080e00000| Untracked 
|  15|0x0000000080f00000, 0x0000000081000000, 0x0000000081000000|100%| O|  |TAMS 0x0000000081000000, 0x0000000080f00000| Untracked 
|  16|0x0000000081000000, 0x0000000081100000, 0x0000000081100000|100%| O|  |TAMS 0x0000000081100000, 0x0000000081000000| Untracked 
|  17|0x0000000081100000, 0x0000000081200000, 0x0000000081200000|100%| O|  |TAMS 0x0000000081200000, 0x0000000081100000| Untracked 
|  18|0x0000000081200000, 0x0000000081300000, 0x0000000081300000|100%| O|  |TAMS 0x0000000081300000, 0x0000000081200000| Untracked 
|  19|0x0000000081300000, 0x0000000081400000, 0x0000000081400000|100%| O|  |TAMS 0x0000000081400000, 0x0000000081300000| Untracked 
|  20|0x0000000081400000, 0x0000000081500000, 0x0000000081500000|100%| O|  |TAMS 0x0000000081500000, 0x0000000081400000| Untracked 
|  21|0x0000000081500000, 0x0000000081600000, 0x0000000081600000|100%| O|  |TAMS 0x0000000081600000, 0x0000000081500000| Untracked 
|  22|0x0000000081600000, 0x0000000081700000, 0x0000000081700000|100%| O|  |TAMS 0x0000000081700000, 0x0000000081600000| Untracked 
|  23|0x0000000081700000, 0x0000000081800000, 0x0000000081800000|100%| O|  |TAMS 0x0000000081800000, 0x0000000081700000| Untracked 
|  24|0x0000000081800000, 0x0000000081900000, 0x0000000081900000|100%| O|  |TAMS 0x0000000081900000, 0x0000000081800000| Untracked 
|  25|0x0000000081900000, 0x0000000081a00000, 0x0000000081a00000|100%| O|  |TAMS 0x0000000081a00000, 0x0000000081900000| Untracked 
|  26|0x0000000081a00000, 0x0000000081b00000, 0x0000000081b00000|100%| O|  |TAMS 0x0000000081b00000, 0x0000000081a00000| Untracked 
|  27|0x0000000081b00000, 0x0000000081c00000, 0x0000000081c00000|100%| O|  |TAMS 0x0000000081c00000, 0x0000000081b00000| Untracked 
|  28|0x0000000081c00000, 0x0000000081c00000, 0x0000000081d00000|  0%| F|  |TAMS 0x0000000081c00000, 0x0000000081c00000| Untracked 
|  29|0x0000000081d00000, 0x0000000081e00000, 0x0000000081e00000|100%| O|  |TAMS 0x0000000081e00000, 0x0000000081d00000| Untracked 
|  30|0x0000000081e00000, 0x0000000081f00000, 0x0000000081f00000|100%| O|  |TAMS 0x0000000081f00000, 0x0000000081e00000| Untracked 
|  31|0x0000000081f00000, 0x0000000082000000, 0x0000000082000000|100%| O|  |TAMS 0x0000000082000000, 0x0000000081f00000| Untracked 
|  32|0x0000000082000000, 0x0000000082100000, 0x0000000082100000|100%| O|  |TAMS 0x0000000082100000, 0x0000000082000000| Untracked 
|  33|0x0000000082100000, 0x0000000082200000, 0x0000000082200000|100%| O|  |TAMS 0x0000000082200000, 0x0000000082100000| Untracked 
|  34|0x0000000082200000, 0x0000000082300000, 0x0000000082300000|100%| O|  |TAMS 0x0000000082300000, 0x0000000082200000| Untracked 
|  35|0x0000000082300000, 0x0000000082400000, 0x0000000082400000|100%| O|  |TAMS 0x0000000082400000, 0x0000000082300000| Untracked 
|  36|0x0000000082400000, 0x0000000082500000, 0x0000000082500000|100%| O|  |TAMS 0x0000000082500000, 0x0000000082400000| Untracked 
|  37|0x0000000082500000, 0x0000000082600000, 0x0000000082600000|100%|HS|  |TAMS 0x0000000082600000, 0x0000000082500000| Complete 
|  38|0x0000000082600000, 0x0000000082700000, 0x0000000082700000|100%|HS|  |TAMS 0x0000000082700000, 0x0000000082600000| Complete 
|  39|0x0000000082700000, 0x0000000082800000, 0x0000000082800000|100%|HS|  |TAMS 0x0000000082800000, 0x0000000082700000| Complete 
|  40|0x0000000082800000, 0x0000000082900000, 0x0000000082900000|100%|HC|  |TAMS 0x0000000082900000, 0x0000000082800000| Complete 
|  41|0x0000000082900000, 0x0000000082a00000, 0x0000000082a00000|100%|HS|  |TAMS 0x0000000082a00000, 0x0000000082900000| Complete 
|  42|0x0000000082a00000, 0x0000000082b00000, 0x0000000082b00000|100%|HS|  |TAMS 0x0000000082b00000, 0x0000000082a00000| Complete 
|  43|0x0000000082b00000, 0x0000000082c00000, 0x0000000082c00000|100%|HC|  |TAMS 0x0000000082c00000, 0x0000000082b00000| Complete 
|  44|0x0000000082c00000, 0x0000000082d00000, 0x0000000082d00000|100%|HC|  |TAMS 0x0000000082d00000, 0x0000000082c00000| Complete 
|  45|0x0000000082d00000, 0x0000000082e00000, 0x0000000082e00000|100%|HC|  |TAMS 0x0000000082e00000, 0x0000000082d00000| Complete 
|  46|0x0000000082e00000, 0x0000000082f00000, 0x0000000082f00000|100%| O|  |TAMS 0x0000000082f00000, 0x0000000082e00000| Untracked 
|  47|0x0000000082f00000, 0x0000000083000000, 0x0000000083000000|100%| O|  |TAMS 0x0000000083000000, 0x0000000082f00000| Untracked 
|  48|0x0000000083000000, 0x0000000083100000, 0x0000000083100000|100%| O|  |TAMS 0x0000000083100000, 0x0000000083000000| Untracked 
|  49|0x0000000083100000, 0x0000000083200000, 0x0000000083200000|100%| O|  |TAMS 0x0000000083200000, 0x0000000083100000| Untracked 
|  50|0x0000000083200000, 0x0000000083300000, 0x0000000083300000|100%| O|  |TAMS 0x0000000083300000, 0x0000000083200000| Untracked 
|  51|0x0000000083300000, 0x0000000083400000, 0x0000000083400000|100%| O|  |TAMS 0x0000000083300000, 0x0000000083300000| Untracked 
|  52|0x0000000083400000, 0x0000000083500000, 0x0000000083500000|100%| O|  |TAMS 0x0000000083500000, 0x0000000083400000| Untracked 
|  53|0x0000000083500000, 0x0000000083600000, 0x0000000083600000|100%| O|  |TAMS 0x0000000083600000, 0x0000000083500000| Untracked 
|  54|0x0000000083600000, 0x0000000083700000, 0x0000000083700000|100%| O|  |TAMS 0x0000000083700000, 0x0000000083600000| Untracked 
|  55|0x0000000083700000, 0x0000000083800000, 0x0000000083800000|100%| O|  |TAMS 0x0000000083800000, 0x0000000083700000| Untracked 
|  56|0x0000000083800000, 0x0000000083900000, 0x0000000083900000|100%| O|  |TAMS 0x0000000083900000, 0x0000000083800000| Untracked 
|  57|0x0000000083900000, 0x0000000083a00000, 0x0000000083a00000|100%| O|  |TAMS 0x0000000083a00000, 0x0000000083900000| Untracked 
|  58|0x0000000083a00000, 0x0000000083b00000, 0x0000000083b00000|100%| O|  |TAMS 0x0000000083b00000, 0x0000000083a00000| Untracked 
|  59|0x0000000083b00000, 0x0000000083c00000, 0x0000000083c00000|100%| O|  |TAMS 0x0000000083c00000, 0x0000000083b00000| Untracked 
|  60|0x0000000083c00000, 0x0000000083d00000, 0x0000000083d00000|100%| O|  |TAMS 0x0000000083d00000, 0x0000000083c00000| Untracked 
|  61|0x0000000083d00000, 0x0000000083e00000, 0x0000000083e00000|100%| O|  |TAMS 0x0000000083e00000, 0x0000000083d00000| Untracked 
|  62|0x0000000083e00000, 0x0000000083f00000, 0x0000000083f00000|100%| O|  |TAMS 0x0000000083f00000, 0x0000000083e00000| Untracked 
|  63|0x0000000083f00000, 0x0000000084000000, 0x0000000084000000|100%| O|  |TAMS 0x0000000084000000, 0x0000000083f00000| Untracked 
|  64|0x0000000084000000, 0x0000000084100000, 0x0000000084100000|100%| O|  |TAMS 0x0000000084100000, 0x0000000084000000| Untracked 
|  65|0x0000000084100000, 0x0000000084200000, 0x0000000084200000|100%| O|  |TAMS 0x0000000084200000, 0x0000000084100000| Untracked 
|  66|0x0000000084200000, 0x0000000084300000, 0x0000000084300000|100%| O|  |TAMS 0x0000000084300000, 0x0000000084200000| Untracked 
|  67|0x0000000084300000, 0x0000000084400000, 0x0000000084400000|100%| O|  |TAMS 0x0000000084400000, 0x0000000084300000| Untracked 
|  68|0x0000000084400000, 0x0000000084500000, 0x0000000084500000|100%| O|  |TAMS 0x0000000084500000, 0x0000000084400000| Untracked 
|  69|0x0000000084500000, 0x0000000084600000, 0x0000000084600000|100%| O|  |TAMS 0x0000000084600000, 0x0000000084500000| Untracked 
|  70|0x0000000084600000, 0x0000000084700000, 0x0000000084700000|100%| O|  |TAMS 0x0000000084700000, 0x0000000084600000| Untracked 
|  71|0x0000000084700000, 0x0000000084800000, 0x0000000084800000|100%| O|  |TAMS 0x0000000084800000, 0x0000000084700000| Untracked 
|  72|0x0000000084800000, 0x0000000084900000, 0x0000000084900000|100%| O|  |TAMS 0x0000000084900000, 0x0000000084800000| Untracked 
|  73|0x0000000084900000, 0x0000000084a00000, 0x0000000084a00000|100%| O|  |TAMS 0x0000000084a00000, 0x0000000084900000| Untracked 
|  74|0x0000000084a00000, 0x0000000084b00000, 0x0000000084b00000|100%| O|  |TAMS 0x0000000084b00000, 0x0000000084a00000| Untracked 
|  75|0x0000000084b00000, 0x0000000084c00000, 0x0000000084c00000|100%| O|  |TAMS 0x0000000084c00000, 0x0000000084b00000| Untracked 
|  76|0x0000000084c00000, 0x0000000084d00000, 0x0000000084d00000|100%| O|  |TAMS 0x0000000084d00000, 0x0000000084c00000| Untracked 
|  77|0x0000000084d00000, 0x0000000084e00000, 0x0000000084e00000|100%| O|  |TAMS 0x0000000084e00000, 0x0000000084d00000| Untracked 
|  78|0x0000000084e00000, 0x0000000084f00000, 0x0000000084f00000|100%| O|  |TAMS 0x0000000084f00000, 0x0000000084e00000| Untracked 
|  79|0x0000000084f00000, 0x0000000085000000, 0x0000000085000000|100%| O|  |TAMS 0x0000000085000000, 0x0000000084f00000| Untracked 
|  80|0x0000000085000000, 0x0000000085100000, 0x0000000085100000|100%| O|  |TAMS 0x0000000085100000, 0x0000000085000000| Untracked 
|  81|0x0000000085100000, 0x0000000085200000, 0x0000000085200000|100%| O|  |TAMS 0x0000000085200000, 0x0000000085100000| Untracked 
|  82|0x0000000085200000, 0x0000000085300000, 0x0000000085300000|100%| O|  |TAMS 0x0000000085300000, 0x0000000085200000| Untracked 
|  83|0x0000000085300000, 0x0000000085400000, 0x0000000085400000|100%| O|  |TAMS 0x0000000085400000, 0x0000000085300000| Untracked 
|  84|0x0000000085400000, 0x0000000085500000, 0x0000000085500000|100%| O|  |TAMS 0x0000000085500000, 0x0000000085400000| Untracked 
|  85|0x0000000085500000, 0x0000000085600000, 0x0000000085600000|100%| O|  |TAMS 0x00000000855bc800, 0x0000000085500000| Untracked 
|  86|0x0000000085600000, 0x0000000085700000, 0x0000000085700000|100%| O|  |TAMS 0x0000000085600000, 0x0000000085600000| Untracked 
|  87|0x0000000085700000, 0x0000000085800000, 0x0000000085800000|100%| O|  |TAMS 0x0000000085700000, 0x0000000085700000| Untracked 
|  88|0x0000000085800000, 0x0000000085900000, 0x0000000085900000|100%| O|  |TAMS 0x0000000085800000, 0x0000000085800000| Untracked 
|  89|0x0000000085900000, 0x0000000085a00000, 0x0000000085a00000|100%| O|  |TAMS 0x0000000085900000, 0x0000000085900000| Untracked 
|  90|0x0000000085a00000, 0x0000000085b00000, 0x0000000085b00000|100%| O|  |TAMS 0x0000000085a00000, 0x0000000085a00000| Untracked 
|  91|0x0000000085b00000, 0x0000000085c00000, 0x0000000085c00000|100%| O|  |TAMS 0x0000000085b00000, 0x0000000085b00000| Untracked 
|  92|0x0000000085c00000, 0x0000000085d00000, 0x0000000085d00000|100%| O|  |TAMS 0x0000000085c00000, 0x0000000085c00000| Untracked 
|  93|0x0000000085d00000, 0x0000000085e00000, 0x0000000085e00000|100%| O|  |TAMS 0x0000000085d00000, 0x0000000085d00000| Untracked 
|  94|0x0000000085e00000, 0x0000000085f00000, 0x0000000085f00000|100%| O|  |TAMS 0x0000000085e00000, 0x0000000085e00000| Untracked 
|  95|0x0000000085f00000, 0x0000000086000000, 0x0000000086000000|100%| O|  |TAMS 0x0000000085f00000, 0x0000000085f00000| Untracked 
|  96|0x0000000086000000, 0x0000000086100000, 0x0000000086100000|100%| O|  |TAMS 0x0000000086000000, 0x0000000086000000| Untracked 
|  97|0x0000000086100000, 0x0000000086200000, 0x0000000086200000|100%| O|  |TAMS 0x0000000086100000, 0x0000000086100000| Untracked 
|  98|0x0000000086200000, 0x0000000086300000, 0x0000000086300000|100%| O|  |TAMS 0x0000000086200000, 0x0000000086200000| Untracked 
|  99|0x0000000086300000, 0x0000000086400000, 0x0000000086400000|100%| O|  |TAMS 0x0000000086300000, 0x0000000086300000| Untracked 
| 100|0x0000000086400000, 0x0000000086400000, 0x0000000086500000|  0%| F|  |TAMS 0x0000000086400000, 0x0000000086400000| Untracked 
| 101|0x0000000086500000, 0x0000000086500000, 0x0000000086600000|  0%| F|  |TAMS 0x0000000086500000, 0x0000000086500000| Untracked 
| 102|0x0000000086600000, 0x0000000086600000, 0x0000000086700000|  0%| F|  |TAMS 0x0000000086600000, 0x0000000086600000| Untracked 
| 103|0x0000000086700000, 0x0000000086700000, 0x0000000086800000|  0%| F|  |TAMS 0x0000000086700000, 0x0000000086700000| Untracked 
| 104|0x0000000086800000, 0x0000000086800000, 0x0000000086900000|  0%| F|  |TAMS 0x0000000086800000, 0x0000000086800000| Untracked 
| 105|0x0000000086900000, 0x0000000086900000, 0x0000000086a00000|  0%| F|  |TAMS 0x0000000086900000, 0x0000000086900000| Untracked 
| 106|0x0000000086a00000, 0x0000000086a00000, 0x0000000086b00000|  0%| F|  |TAMS 0x0000000086a00000, 0x0000000086a00000| Untracked 
| 107|0x0000000086b00000, 0x0000000086b00000, 0x0000000086c00000|  0%| F|  |TAMS 0x0000000086b00000, 0x0000000086b00000| Untracked 
| 108|0x0000000086c00000, 0x0000000086c00000, 0x0000000086d00000|  0%| F|  |TAMS 0x0000000086c00000, 0x0000000086c00000| Untracked 
| 109|0x0000000086d00000, 0x0000000086d00000, 0x0000000086e00000|  0%| F|  |TAMS 0x0000000086d00000, 0x0000000086d00000| Untracked 
| 110|0x0000000086e00000, 0x0000000086e00000, 0x0000000086f00000|  0%| F|  |TAMS 0x0000000086e00000, 0x0000000086e00000| Untracked 
| 111|0x0000000086f00000, 0x0000000086f00000, 0x0000000087000000|  0%| F|  |TAMS 0x0000000086f00000, 0x0000000086f00000| Untracked 
| 112|0x0000000087000000, 0x0000000087000000, 0x0000000087100000|  0%| F|  |TAMS 0x0000000087000000, 0x0000000087000000| Untracked 
| 113|0x0000000087100000, 0x0000000087100000, 0x0000000087200000|  0%| F|  |TAMS 0x0000000087100000, 0x0000000087100000| Untracked 
| 114|0x0000000087200000, 0x0000000087200000, 0x0000000087300000|  0%| F|  |TAMS 0x0000000087200000, 0x0000000087200000| Untracked 
| 115|0x0000000087300000, 0x0000000087300000, 0x0000000087400000|  0%| F|  |TAMS 0x0000000087300000, 0x0000000087300000| Untracked 
| 116|0x0000000087400000, 0x0000000087400000, 0x0000000087500000|  0%| F|  |TAMS 0x0000000087400000, 0x0000000087400000| Untracked 
| 117|0x0000000087500000, 0x0000000087500000, 0x0000000087600000|  0%| F|  |TAMS 0x0000000087500000, 0x0000000087500000| Untracked 
| 118|0x0000000087600000, 0x0000000087600000, 0x0000000087700000|  0%| F|  |TAMS 0x0000000087600000, 0x0000000087600000| Untracked 
| 119|0x0000000087700000, 0x0000000087700000, 0x0000000087800000|  0%| F|  |TAMS 0x0000000087700000, 0x0000000087700000| Untracked 
| 120|0x0000000087800000, 0x0000000087800000, 0x0000000087900000|  0%| F|  |TAMS 0x0000000087800000, 0x0000000087800000| Untracked 
| 121|0x0000000087900000, 0x0000000087900000, 0x0000000087a00000|  0%| F|  |TAMS 0x0000000087900000, 0x0000000087900000| Untracked 
| 122|0x0000000087a00000, 0x0000000087a00000, 0x0000000087b00000|  0%| F|  |TAMS 0x0000000087a00000, 0x0000000087a00000| Untracked 
| 123|0x0000000087b00000, 0x0000000087b00000, 0x0000000087c00000|  0%| F|  |TAMS 0x0000000087b00000, 0x0000000087b00000| Untracked 
| 124|0x0000000087c00000, 0x0000000087c00000, 0x0000000087d00000|  0%| F|  |TAMS 0x0000000087c00000, 0x0000000087c00000| Untracked 
| 125|0x0000000087d00000, 0x0000000087d00000, 0x0000000087e00000|  0%| F|  |TAMS 0x0000000087d00000, 0x0000000087d00000| Untracked 
| 126|0x0000000087e00000, 0x0000000087e00000, 0x0000000087f00000|  0%| F|  |TAMS 0x0000000087e00000, 0x0000000087e00000| Untracked 
| 127|0x0000000087f00000, 0x0000000087f00000, 0x0000000088000000|  0%| F|  |TAMS 0x0000000087f00000, 0x0000000087f00000| Untracked 
| 128|0x0000000088000000, 0x0000000088000000, 0x0000000088100000|  0%| F|  |TAMS 0x0000000088000000, 0x0000000088000000| Untracked 
| 129|0x0000000088100000, 0x0000000088100000, 0x0000000088200000|  0%| F|  |TAMS 0x0000000088100000, 0x0000000088100000| Untracked 
| 130|0x0000000088200000, 0x0000000088200000, 0x0000000088300000|  0%| F|  |TAMS 0x0000000088200000, 0x0000000088200000| Untracked 
| 131|0x0000000088300000, 0x0000000088300000, 0x0000000088400000|  0%| F|  |TAMS 0x0000000088300000, 0x0000000088300000| Untracked 
| 132|0x0000000088400000, 0x0000000088400000, 0x0000000088500000|  0%| F|  |TAMS 0x0000000088400000, 0x0000000088400000| Untracked 
| 133|0x0000000088500000, 0x0000000088500000, 0x0000000088600000|  0%| F|  |TAMS 0x0000000088500000, 0x0000000088500000| Untracked 
| 134|0x0000000088600000, 0x0000000088600000, 0x0000000088700000|  0%| F|  |TAMS 0x0000000088600000, 0x0000000088600000| Untracked 
| 135|0x0000000088700000, 0x0000000088700000, 0x0000000088800000|  0%| F|  |TAMS 0x0000000088700000, 0x0000000088700000| Untracked 
| 136|0x0000000088800000, 0x0000000088800000, 0x0000000088900000|  0%| F|  |TAMS 0x0000000088800000, 0x0000000088800000| Untracked 
| 137|0x0000000088900000, 0x0000000088900000, 0x0000000088a00000|  0%| F|  |TAMS 0x0000000088900000, 0x0000000088900000| Untracked 
| 138|0x0000000088a00000, 0x0000000088a00000, 0x0000000088b00000|  0%| F|  |TAMS 0x0000000088a00000, 0x0000000088a00000| Untracked 
| 139|0x0000000088b00000, 0x0000000088b00000, 0x0000000088c00000|  0%| F|  |TAMS 0x0000000088b00000, 0x0000000088b00000| Untracked 
| 140|0x0000000088c00000, 0x0000000088c00000, 0x0000000088d00000|  0%| F|  |TAMS 0x0000000088c00000, 0x0000000088c00000| Untracked 
| 141|0x0000000088d00000, 0x0000000088d00000, 0x0000000088e00000|  0%| F|  |TAMS 0x0000000088d00000, 0x0000000088d00000| Untracked 
| 142|0x0000000088e00000, 0x0000000088e00000, 0x0000000088f00000|  0%| F|  |TAMS 0x0000000088e00000, 0x0000000088e00000| Untracked 
| 143|0x0000000088f00000, 0x0000000088f38138, 0x0000000089000000| 21%| S|CS|TAMS 0x0000000088f00000, 0x0000000088f00000| Complete 
| 144|0x0000000089000000, 0x0000000089100000, 0x0000000089100000|100%| S|CS|TAMS 0x0000000089000000, 0x0000000089000000| Complete 
| 145|0x0000000089100000, 0x0000000089200000, 0x0000000089200000|100%| S|CS|TAMS 0x0000000089100000, 0x0000000089100000| Complete 
| 146|0x0000000089200000, 0x0000000089300000, 0x0000000089300000|100%| S|CS|TAMS 0x0000000089200000, 0x0000000089200000| Complete 
| 147|0x0000000089300000, 0x0000000089400000, 0x0000000089400000|100%| S|CS|TAMS 0x0000000089300000, 0x0000000089300000| Complete 
| 148|0x0000000089400000, 0x0000000089400000, 0x0000000089500000|  0%| F|  |TAMS 0x0000000089400000, 0x0000000089400000| Untracked 
| 149|0x0000000089500000, 0x0000000089500000, 0x0000000089600000|  0%| F|  |TAMS 0x0000000089500000, 0x0000000089500000| Untracked 
| 150|0x0000000089600000, 0x0000000089600000, 0x0000000089700000|  0%| F|  |TAMS 0x0000000089600000, 0x0000000089600000| Untracked 
| 151|0x0000000089700000, 0x0000000089700000, 0x0000000089800000|  0%| F|  |TAMS 0x0000000089700000, 0x0000000089700000| Untracked 
| 152|0x0000000089800000, 0x0000000089800000, 0x0000000089900000|  0%| F|  |TAMS 0x0000000089800000, 0x0000000089800000| Untracked 
| 153|0x0000000089900000, 0x0000000089900000, 0x0000000089a00000|  0%| F|  |TAMS 0x0000000089900000, 0x0000000089900000| Untracked 
| 154|0x0000000089a00000, 0x0000000089a00000, 0x0000000089b00000|  0%| F|  |TAMS 0x0000000089a00000, 0x0000000089a00000| Untracked 
| 155|0x0000000089b00000, 0x0000000089b00000, 0x0000000089c00000|  0%| F|  |TAMS 0x0000000089b00000, 0x0000000089b00000| Untracked 
| 156|0x0000000089c00000, 0x0000000089c00000, 0x0000000089d00000|  0%| F|  |TAMS 0x0000000089c00000, 0x0000000089c00000| Untracked 
| 157|0x0000000089d00000, 0x0000000089d00000, 0x0000000089e00000|  0%| F|  |TAMS 0x0000000089d00000, 0x0000000089d00000| Untracked 
| 158|0x0000000089e00000, 0x0000000089e00000, 0x0000000089f00000|  0%| F|  |TAMS 0x0000000089e00000, 0x0000000089e00000| Untracked 
| 159|0x0000000089f00000, 0x0000000089f00000, 0x000000008a000000|  0%| F|  |TAMS 0x0000000089f00000, 0x0000000089f00000| Untracked 
| 160|0x000000008a000000, 0x000000008a000000, 0x000000008a100000|  0%| F|  |TAMS 0x000000008a000000, 0x000000008a000000| Untracked 
| 161|0x000000008a100000, 0x000000008a100000, 0x000000008a200000|  0%| F|  |TAMS 0x000000008a100000, 0x000000008a100000| Untracked 
| 162|0x000000008a200000, 0x000000008a200000, 0x000000008a300000|  0%| F|  |TAMS 0x000000008a200000, 0x000000008a200000| Untracked 
| 163|0x000000008a300000, 0x000000008a300000, 0x000000008a400000|  0%| F|  |TAMS 0x000000008a300000, 0x000000008a300000| Untracked 
| 164|0x000000008a400000, 0x000000008a400000, 0x000000008a500000|  0%| F|  |TAMS 0x000000008a400000, 0x000000008a400000| Untracked 
| 165|0x000000008a500000, 0x000000008a500000, 0x000000008a600000|  0%| F|  |TAMS 0x000000008a500000, 0x000000008a500000| Untracked 
| 166|0x000000008a600000, 0x000000008a600000, 0x000000008a700000|  0%| F|  |TAMS 0x000000008a600000, 0x000000008a600000| Untracked 
| 167|0x000000008a700000, 0x000000008a700000, 0x000000008a800000|  0%| F|  |TAMS 0x000000008a700000, 0x000000008a700000| Untracked 
| 168|0x000000008a800000, 0x000000008a800000, 0x000000008a900000|  0%| F|  |TAMS 0x000000008a800000, 0x000000008a800000| Untracked 
| 169|0x000000008a900000, 0x000000008a900000, 0x000000008aa00000|  0%| F|  |TAMS 0x000000008a900000, 0x000000008a900000| Untracked 
| 170|0x000000008aa00000, 0x000000008aa00000, 0x000000008ab00000|  0%| F|  |TAMS 0x000000008aa00000, 0x000000008aa00000| Untracked 
| 171|0x000000008ab00000, 0x000000008ab00000, 0x000000008ac00000|  0%| F|  |TAMS 0x000000008ab00000, 0x000000008ab00000| Untracked 
| 172|0x000000008ac00000, 0x000000008ac00000, 0x000000008ad00000|  0%| F|  |TAMS 0x000000008ac00000, 0x000000008ac00000| Untracked 
| 173|0x000000008ad00000, 0x000000008ad00000, 0x000000008ae00000|  0%| F|  |TAMS 0x000000008ad00000, 0x000000008ad00000| Untracked 
| 174|0x000000008ae00000, 0x000000008ae00000, 0x000000008af00000|  0%| F|  |TAMS 0x000000008ae00000, 0x000000008ae00000| Untracked 
| 175|0x000000008af00000, 0x000000008af00000, 0x000000008b000000|  0%| F|  |TAMS 0x000000008af00000, 0x000000008af00000| Untracked 
| 176|0x000000008b000000, 0x000000008b000000, 0x000000008b100000|  0%| F|  |TAMS 0x000000008b000000, 0x000000008b000000| Untracked 
| 177|0x000000008b100000, 0x000000008b100000, 0x000000008b200000|  0%| F|  |TAMS 0x000000008b100000, 0x000000008b100000| Untracked 
| 178|0x000000008b200000, 0x000000008b200000, 0x000000008b300000|  0%| F|  |TAMS 0x000000008b200000, 0x000000008b200000| Untracked 
| 179|0x000000008b300000, 0x000000008b300000, 0x000000008b400000|  0%| F|  |TAMS 0x000000008b300000, 0x000000008b300000| Untracked 
| 180|0x000000008b400000, 0x000000008b400000, 0x000000008b500000|  0%| F|  |TAMS 0x000000008b400000, 0x000000008b400000| Untracked 
| 181|0x000000008b500000, 0x000000008b500000, 0x000000008b600000|  0%| F|  |TAMS 0x000000008b500000, 0x000000008b500000| Untracked 
| 182|0x000000008b600000, 0x000000008b600000, 0x000000008b700000|  0%| F|  |TAMS 0x000000008b600000, 0x000000008b600000| Untracked 
| 183|0x000000008b700000, 0x000000008b700000, 0x000000008b800000|  0%| F|  |TAMS 0x000000008b700000, 0x000000008b700000| Untracked 
| 184|0x000000008b800000, 0x000000008b800000, 0x000000008b900000|  0%| F|  |TAMS 0x000000008b800000, 0x000000008b800000| Untracked 
| 185|0x000000008b900000, 0x000000008b900000, 0x000000008ba00000|  0%| F|  |TAMS 0x000000008b900000, 0x000000008b900000| Untracked 
| 186|0x000000008ba00000, 0x000000008ba00000, 0x000000008bb00000|  0%| F|  |TAMS 0x000000008ba00000, 0x000000008ba00000| Untracked 
| 187|0x000000008bb00000, 0x000000008bb00000, 0x000000008bc00000|  0%| F|  |TAMS 0x000000008bb00000, 0x000000008bb00000| Untracked 
| 188|0x000000008bc00000, 0x000000008bc00000, 0x000000008bd00000|  0%| F|  |TAMS 0x000000008bc00000, 0x000000008bc00000| Untracked 
| 189|0x000000008bd00000, 0x000000008bd00000, 0x000000008be00000|  0%| F|  |TAMS 0x000000008bd00000, 0x000000008bd00000| Untracked 
| 190|0x000000008be00000, 0x000000008be00000, 0x000000008bf00000|  0%| F|  |TAMS 0x000000008be00000, 0x000000008be00000| Untracked 
| 191|0x000000008bf00000, 0x000000008bf00000, 0x000000008c000000|  0%| F|  |TAMS 0x000000008bf00000, 0x000000008bf00000| Untracked 
| 192|0x000000008c000000, 0x000000008c000000, 0x000000008c100000|  0%| F|  |TAMS 0x000000008c000000, 0x000000008c000000| Untracked 
| 193|0x000000008c100000, 0x000000008c100000, 0x000000008c200000|  0%| F|  |TAMS 0x000000008c100000, 0x000000008c100000| Untracked 
| 194|0x000000008c200000, 0x000000008c200000, 0x000000008c300000|  0%| F|  |TAMS 0x000000008c200000, 0x000000008c200000| Untracked 
| 195|0x000000008c300000, 0x000000008c300000, 0x000000008c400000|  0%| F|  |TAMS 0x000000008c300000, 0x000000008c300000| Untracked 
| 196|0x000000008c400000, 0x000000008c400000, 0x000000008c500000|  0%| F|  |TAMS 0x000000008c400000, 0x000000008c400000| Untracked 
| 197|0x000000008c500000, 0x000000008c500000, 0x000000008c600000|  0%| F|  |TAMS 0x000000008c500000, 0x000000008c500000| Untracked 
| 198|0x000000008c600000, 0x000000008c600000, 0x000000008c700000|  0%| F|  |TAMS 0x000000008c600000, 0x000000008c600000| Untracked 
| 199|0x000000008c700000, 0x000000008c700000, 0x000000008c800000|  0%| F|  |TAMS 0x000000008c700000, 0x000000008c700000| Untracked 
| 200|0x000000008c800000, 0x000000008c800000, 0x000000008c900000|  0%| F|  |TAMS 0x000000008c800000, 0x000000008c800000| Untracked 
| 201|0x000000008c900000, 0x000000008c900000, 0x000000008ca00000|  0%| F|  |TAMS 0x000000008c900000, 0x000000008c900000| Untracked 
| 202|0x000000008ca00000, 0x000000008ca00000, 0x000000008cb00000|  0%| F|  |TAMS 0x000000008ca00000, 0x000000008ca00000| Untracked 
| 203|0x000000008cb00000, 0x000000008cb00000, 0x000000008cc00000|  0%| F|  |TAMS 0x000000008cb00000, 0x000000008cb00000| Untracked 
| 204|0x000000008cc00000, 0x000000008cc00000, 0x000000008cd00000|  0%| F|  |TAMS 0x000000008cc00000, 0x000000008cc00000| Untracked 
| 205|0x000000008cd00000, 0x000000008cd00000, 0x000000008ce00000|  0%| F|  |TAMS 0x000000008cd00000, 0x000000008cd00000| Untracked 
| 206|0x000000008ce00000, 0x000000008ce00000, 0x000000008cf00000|  0%| F|  |TAMS 0x000000008ce00000, 0x000000008ce00000| Untracked 
| 207|0x000000008cf00000, 0x000000008cf00000, 0x000000008d000000|  0%| F|  |TAMS 0x000000008cf00000, 0x000000008cf00000| Untracked 
| 208|0x000000008d000000, 0x000000008d000000, 0x000000008d100000|  0%| F|  |TAMS 0x000000008d000000, 0x000000008d000000| Untracked 
| 209|0x000000008d100000, 0x000000008d100000, 0x000000008d200000|  0%| F|  |TAMS 0x000000008d100000, 0x000000008d100000| Untracked 
| 210|0x000000008d200000, 0x000000008d200000, 0x000000008d300000|  0%| F|  |TAMS 0x000000008d200000, 0x000000008d200000| Untracked 
| 211|0x000000008d300000, 0x000000008d300000, 0x000000008d400000|  0%| F|  |TAMS 0x000000008d300000, 0x000000008d300000| Untracked 
| 212|0x000000008d400000, 0x000000008d400000, 0x000000008d500000|  0%| F|  |TAMS 0x000000008d400000, 0x000000008d400000| Untracked 
| 213|0x000000008d500000, 0x000000008d500000, 0x000000008d600000|  0%| F|  |TAMS 0x000000008d500000, 0x000000008d500000| Untracked 
| 214|0x000000008d600000, 0x000000008d600000, 0x000000008d700000|  0%| F|  |TAMS 0x000000008d600000, 0x000000008d600000| Untracked 
| 215|0x000000008d700000, 0x000000008d700000, 0x000000008d800000|  0%| F|  |TAMS 0x000000008d700000, 0x000000008d700000| Untracked 
| 216|0x000000008d800000, 0x000000008d800000, 0x000000008d900000|  0%| F|  |TAMS 0x000000008d800000, 0x000000008d800000| Untracked 
| 217|0x000000008d900000, 0x000000008d900000, 0x000000008da00000|  0%| F|  |TAMS 0x000000008d900000, 0x000000008d900000| Untracked 
| 218|0x000000008da00000, 0x000000008da00000, 0x000000008db00000|  0%| F|  |TAMS 0x000000008da00000, 0x000000008da00000| Untracked 
| 219|0x000000008db00000, 0x000000008db00000, 0x000000008dc00000|  0%| F|  |TAMS 0x000000008db00000, 0x000000008db00000| Untracked 
| 220|0x000000008dc00000, 0x000000008dc00000, 0x000000008dd00000|  0%| F|  |TAMS 0x000000008dc00000, 0x000000008dc00000| Untracked 
| 221|0x000000008dd00000, 0x000000008dd00000, 0x000000008de00000|  0%| F|  |TAMS 0x000000008dd00000, 0x000000008dd00000| Untracked 
| 222|0x000000008de00000, 0x000000008de00000, 0x000000008df00000|  0%| F|  |TAMS 0x000000008de00000, 0x000000008de00000| Untracked 
| 223|0x000000008df00000, 0x000000008df00000, 0x000000008e000000|  0%| F|  |TAMS 0x000000008df00000, 0x000000008df00000| Untracked 
| 224|0x000000008e000000, 0x000000008e000000, 0x000000008e100000|  0%| F|  |TAMS 0x000000008e000000, 0x000000008e000000| Untracked 
| 225|0x000000008e100000, 0x000000008e100000, 0x000000008e200000|  0%| F|  |TAMS 0x000000008e100000, 0x000000008e100000| Untracked 
| 226|0x000000008e200000, 0x000000008e200000, 0x000000008e300000|  0%| F|  |TAMS 0x000000008e200000, 0x000000008e200000| Untracked 
| 227|0x000000008e300000, 0x000000008e300000, 0x000000008e400000|  0%| F|  |TAMS 0x000000008e300000, 0x000000008e300000| Untracked 
| 228|0x000000008e400000, 0x000000008e400000, 0x000000008e500000|  0%| F|  |TAMS 0x000000008e400000, 0x000000008e400000| Untracked 
| 229|0x000000008e500000, 0x000000008e500000, 0x000000008e600000|  0%| F|  |TAMS 0x000000008e500000, 0x000000008e500000| Untracked 
| 230|0x000000008e600000, 0x000000008e600000, 0x000000008e700000|  0%| F|  |TAMS 0x000000008e600000, 0x000000008e600000| Untracked 
| 231|0x000000008e700000, 0x000000008e700000, 0x000000008e800000|  0%| F|  |TAMS 0x000000008e700000, 0x000000008e700000| Untracked 
| 232|0x000000008e800000, 0x000000008e800000, 0x000000008e900000|  0%| F|  |TAMS 0x000000008e800000, 0x000000008e800000| Untracked 
| 233|0x000000008e900000, 0x000000008e900000, 0x000000008ea00000|  0%| F|  |TAMS 0x000000008e900000, 0x000000008e900000| Untracked 
| 234|0x000000008ea00000, 0x000000008ea00000, 0x000000008eb00000|  0%| F|  |TAMS 0x000000008ea00000, 0x000000008ea00000| Untracked 

Card table byte_map: [0x000001eeddc30000,0x000001eede030000] _byte_map_base: 0x000001eedd830000

Marking Bits (Prev, Next): (CMBitMap*) 0x000001eecb3b7dd0, (CMBitMap*) 0x000001eecb3b7d90
 Prev Bits: [0x000001eee0430000, 0x000001eee2430000)
 Next Bits: [0x000001eede430000, 0x000001eee0430000)

Polling page: 0x000001eec9100000

Metaspace:

Usage:
  Non-class:     97.69 MB used.
      Class:     15.73 MB used.
       Both:    113.42 MB used.

Virtual space:
  Non-class space:      104.00 MB reserved,      98.12 MB ( 94%) committed,  13 nodes.
      Class space:        1.00 GB reserved,      16.06 MB (  2%) committed,  1 nodes.
             Both:        1.10 GB reserved,     114.19 MB ( 10%) committed. 

Chunk freelists:
   Non-Class:  1.73 MB
       Class:  3.81 MB
        Both:  5.55 MB

MaxMetaspaceSize: unlimited
CompressedClassSpaceSize: 1.00 GB
Initial GC threshold: 21.00 MB
Current GC threshold: 157.94 MB
CDS: off
MetaspaceReclaimPolicy: balanced
 - commit_granule_bytes: 65536.
 - commit_granule_words: 8192.
 - virtual_space_node_default_size: 1048576.
 - enlarge_chunks_in_place: 1.
 - new_chunks_are_fully_committed: 0.
 - uncommit_free_chunks: 1.
 - use_allocation_guard: 0.
 - handle_deallocations: 1.


Internal statistics:

num_allocs_failed_limit: 15.
num_arena_births: 1330.
num_arena_deaths: 0.
num_vsnodes_births: 14.
num_vsnodes_deaths: 0.
num_space_committed: 1826.
num_space_uncommitted: 0.
num_chunks_returned_to_freelist: 15.
num_chunks_taken_from_freelist: 5766.
num_chunk_merges: 15.
num_chunk_splits: 3829.
num_chunks_enlarged: 2596.
num_purges: 0.
num_inconsistent_stats: 0.

CodeHeap 'non-profiled nmethods': size=120000Kb used=5988Kb max_used=5988Kb free=114011Kb
 bounds [0x000001eed6300000, 0x000001eed68e0000, 0x000001eedd830000]
CodeHeap 'profiled nmethods': size=120000Kb used=22007Kb max_used=22007Kb free=97992Kb
 bounds [0x000001eece830000, 0x000001eecfdc0000, 0x000001eed5d60000]
CodeHeap 'non-nmethods': size=5760Kb used=2445Kb max_used=2502Kb free=3314Kb
 bounds [0x000001eed5d60000, 0x000001eed5fe0000, 0x000001eed6300000]
 total_blobs=12421 nmethods=11429 adapters=904
 compilation: enabled
              stopped_count=0, restarted_count=0
 full_count=0

Compilation events (20 events):
Event: 47.614 Thread 0x000001eee5447fe0 nmethod 13390 0x000001eecfda5910 code [0x000001eecfda6100, 0x000001eecfda94d8]
Event: 47.614 Thread 0x000001eee5447fe0 13391       3       kotlin.reflect.jvm.internal.impl.metadata.jvm.JvmProtoBuf$StringTableTypes$Record$Operation::valueOf (42 bytes)
Event: 47.615 Thread 0x000001eee5447fe0 nmethod 13391 0x000001eecfdaa410 code [0x000001eecfdaa5c0, 0x000001eecfdaa7d8]
Event: 47.615 Thread 0x000001eee5447fe0 13392       1       kotlin.reflect.jvm.internal.impl.metadata.ProtoBuf$TypeTable::getTypeList (5 bytes)
Event: 47.615 Thread 0x000001eee5447fe0 nmethod 13392 0x000001eed68d8a90 code [0x000001eed68d8c20, 0x000001eed68d8cf8]
Event: 47.616 Thread 0x000001eee5447fe0 13393       3       java.lang.Class::getSimpleName0 (62 bytes)
Event: 47.617 Thread 0x000001eee5447fe0 nmethod 13393 0x000001eecfdaa890 code [0x000001eecfdaac00, 0x000001eecfdabd38]
Event: 47.617 Thread 0x000001eee5447fe0 13394       3       kotlin.reflect.jvm.internal.impl.name.ClassId::getShortClassName (17 bytes)
Event: 47.617 Thread 0x000001eee5447fe0 nmethod 13394 0x000001eecfdac310 code [0x000001eecfdac4e0, 0x000001eecfdac768]
Event: 47.617 Thread 0x000001eee5447fe0 13396       3       kotlin.reflect.jvm.internal.impl.load.kotlin.header.ReadKotlinClassHeaderAnnotationVisitor$KotlinMetadataArgumentVisitor::visit (195 bytes)
Event: 47.619 Thread 0x000001eee5447fe0 nmethod 13396 0x000001eecfdac890 code [0x000001eecfdacc00, 0x000001eecfdae718]
Event: 47.619 Thread 0x000001eee5447fe0 13395       1       kotlin.reflect.jvm.internal.impl.types.checker.NewKotlinTypeCheckerImpl::getKotlinTypeRefiner (5 bytes)
Event: 47.619 Thread 0x000001eee5447fe0 nmethod 13395 0x000001eed68d8d90 code [0x000001eed68d8f20, 0x000001eed68d8ff8]
Event: 47.619 Thread 0x000001eee5447fe0 13397       1       kotlin.reflect.jvm.internal.impl.load.kotlin.header.KotlinClassHeader::getMetadataVersion (5 bytes)
Event: 47.619 Thread 0x000001eee5447fe0 nmethod 13397 0x000001eed68d9090 code [0x000001eed68d9220, 0x000001eed68d92f8]
Event: 47.619 Thread 0x000001eee5447fe0 13398       3       kotlin.collections.ArraysKt___ArraysKt::getOrNull (29 bytes)
Event: 47.620 Thread 0x000001eee5447fe0 nmethod 13398 0x000001eecfdaed10 code [0x000001eecfdaefe0, 0x000001eecfdafd78]
Event: 47.620 Thread 0x000001eee5447fe0 13399       3       kotlin.collections.ArraysKt___ArraysKt::getLastIndex (11 bytes)
Event: 47.621 Thread 0x000001eee5447fe0 nmethod 13399 0x000001eecfdb0290 code [0x000001eecfdb04a0, 0x000001eecfdb0a18]
Event: 47.621 Thread 0x000001eee5447fe0 13400       3       kotlin.reflect.jvm.internal.impl.protobuf.CodedInputStream::readRawVarint32 (110 bytes)

GC Heap History (20 events):
Event: 15.753 GC heap after
{Heap after GC invocations=24 (full 0):
 garbage-first heap   total 147456K, used 63688K [0x0000000080000000, 0x0000000100000000)
  region size 1024K, 5 young (5120K), 5 survivors (5120K)
 Metaspace       used 69109K, committed 69760K, reserved 1114112K
  class space    used 9173K, committed 9472K, reserved 1048576K
}
Event: 17.344 GC heap before
{Heap before GC invocations=24 (full 0):
 garbage-first heap   total 147456K, used 117960K [0x0000000080000000, 0x0000000100000000)
  region size 1024K, 58 young (59392K), 5 survivors (5120K)
 Metaspace       used 75389K, committed 75904K, reserved 1122304K
  class space    used 10051K, committed 10304K, reserved 1048576K
}
Event: 17.360 GC heap after
{Heap after GC invocations=25 (full 0):
 garbage-first heap   total 147456K, used 67797K [0x0000000080000000, 0x0000000100000000)
  region size 1024K, 4 young (4096K), 4 survivors (4096K)
 Metaspace       used 75389K, committed 75904K, reserved 1122304K
  class space    used 10051K, committed 10304K, reserved 1048576K
}
Event: 18.420 GC heap before
{Heap before GC invocations=25 (full 0):
 garbage-first heap   total 147456K, used 120021K [0x0000000080000000, 0x0000000100000000)
  region size 1024K, 54 young (55296K), 4 survivors (4096K)
 Metaspace       used 79516K, committed 80128K, reserved 1122304K
  class space    used 10667K, committed 10944K, reserved 1048576K
}
Event: 18.433 GC heap after
{Heap after GC invocations=26 (full 0):
 garbage-first heap   total 147456K, used 70584K [0x0000000080000000, 0x0000000100000000)
  region size 1024K, 7 young (7168K), 7 survivors (7168K)
 Metaspace       used 79516K, committed 80128K, reserved 1122304K
  class space    used 10667K, committed 10944K, reserved 1048576K
}
Event: 19.585 GC heap before
{Heap before GC invocations=26 (full 0):
 garbage-first heap   total 147456K, used 119736K [0x0000000080000000, 0x0000000100000000)
  region size 1024K, 55 young (56320K), 7 survivors (7168K)
 Metaspace       used 84972K, committed 85568K, reserved 1130496K
  class space    used 11578K, committed 11840K, reserved 1048576K
}
Event: 19.600 GC heap after
{Heap after GC invocations=27 (full 0):
 garbage-first heap   total 147456K, used 74056K [0x0000000080000000, 0x0000000100000000)
  region size 1024K, 7 young (7168K), 7 survivors (7168K)
 Metaspace       used 84972K, committed 85568K, reserved 1130496K
  class space    used 11578K, committed 11840K, reserved 1048576K
}
Event: 20.429 GC heap before
{Heap before GC invocations=27 (full 0):
 garbage-first heap   total 147456K, used 107848K [0x0000000080000000, 0x0000000100000000)
  region size 1024K, 41 young (41984K), 7 survivors (7168K)
 Metaspace       used 88555K, committed 89088K, reserved 1130496K
  class space    used 12081K, committed 12352K, reserved 1048576K
}
Event: 20.444 GC heap after
{Heap after GC invocations=28 (full 0):
 garbage-first heap   total 240640K, used 76680K [0x0000000080000000, 0x0000000100000000)
  region size 1024K, 6 young (6144K), 6 survivors (6144K)
 Metaspace       used 88555K, committed 89088K, reserved 1130496K
  class space    used 12081K, committed 12352K, reserved 1048576K
}
Event: 23.602 GC heap before
{Heap before GC invocations=29 (full 0):
 garbage-first heap   total 240640K, used 172936K [0x0000000080000000, 0x0000000100000000)
  region size 1024K, 101 young (103424K), 6 survivors (6144K)
 Metaspace       used 93762K, committed 94400K, reserved 1130496K
  class space    used 12799K, committed 13120K, reserved 1048576K
}
Event: 23.715 GC heap after
{Heap after GC invocations=30 (full 0):
 garbage-first heap   total 240640K, used 87187K [0x0000000080000000, 0x0000000100000000)
  region size 1024K, 13 young (13312K), 13 survivors (13312K)
 Metaspace       used 93762K, committed 94400K, reserved 1130496K
  class space    used 12799K, committed 13120K, reserved 1048576K
}
Event: 23.788 GC heap before
{Heap before GC invocations=30 (full 0):
 garbage-first heap   total 240640K, used 88211K [0x0000000080000000, 0x0000000100000000)
  region size 1024K, 14 young (14336K), 13 survivors (13312K)
 Metaspace       used 93824K, committed 94464K, reserved 1130496K
  class space    used 12811K, committed 13120K, reserved 1048576K
}
Event: 23.861 GC heap after
{Heap after GC invocations=31 (full 0):
 garbage-first heap   total 240640K, used 88818K [0x0000000080000000, 0x0000000100000000)
  region size 1024K, 2 young (2048K), 2 survivors (2048K)
 Metaspace       used 93824K, committed 94464K, reserved 1130496K
  class space    used 12811K, committed 13120K, reserved 1048576K
}
Event: 28.126 GC heap before
{Heap before GC invocations=31 (full 0):
 garbage-first heap   total 240640K, used 182002K [0x0000000080000000, 0x0000000100000000)
  region size 1024K, 94 young (96256K), 2 survivors (2048K)
 Metaspace       used 96272K, committed 96960K, reserved 1138688K
  class space    used 13166K, committed 13504K, reserved 1048576K
}
Event: 28.179 GC heap after
{Heap after GC invocations=32 (full 0):
 garbage-first heap   total 240640K, used 94519K [0x0000000080000000, 0x0000000100000000)
  region size 1024K, 8 young (8192K), 8 survivors (8192K)
 Metaspace       used 96272K, committed 96960K, reserved 1138688K
  class space    used 13166K, committed 13504K, reserved 1048576K
}
Event: 32.206 GC heap before
{Heap before GC invocations=33 (full 0):
 garbage-first heap   total 240640K, used 184631K [0x0000000080000000, 0x0000000100000000)
  region size 1024K, 97 young (99328K), 8 survivors (8192K)
 Metaspace       used 100818K, committed 101568K, reserved 1138688K
  class space    used 13769K, committed 14144K, reserved 1048576K
}
Event: 32.276 GC heap after
{Heap after GC invocations=34 (full 0):
 garbage-first heap   total 240640K, used 101515K [0x0000000080000000, 0x0000000100000000)
  region size 1024K, 7 young (7168K), 7 survivors (7168K)
 Metaspace       used 100818K, committed 101568K, reserved 1138688K
  class space    used 13769K, committed 14144K, reserved 1048576K
}
Event: 32.528 GC heap before
{Heap before GC invocations=34 (full 0):
 garbage-first heap   total 240640K, used 104587K [0x0000000080000000, 0x0000000100000000)
  region size 1024K, 11 young (11264K), 7 survivors (7168K)
 Metaspace       used 100846K, committed 101568K, reserved 1138688K
  class space    used 13773K, committed 14144K, reserved 1048576K
}
Event: 32.558 GC heap after
{Heap after GC invocations=35 (full 0):
 garbage-first heap   total 240640K, used 102736K [0x0000000080000000, 0x0000000100000000)
  region size 1024K, 2 young (2048K), 2 survivors (2048K)
 Metaspace       used 100846K, committed 101568K, reserved 1138688K
  class space    used 13773K, committed 14144K, reserved 1048576K
}
Event: 47.651 GC heap before
{Heap before GC invocations=35 (full 0):
 garbage-first heap   total 240640K, used 189776K [0x0000000080000000, 0x0000000100000000)
  region size 1024K, 87 young (89088K), 2 survivors (2048K)
 Metaspace       used 116143K, committed 116928K, reserved 1155072K
  class space    used 16109K, committed 16448K, reserved 1048576K
}

Dll operation events (2 events):
Event: 0.016 Loaded shared library C:\Program Files\Android\Android Studio\jbr\bin\java.dll
Event: 0.813 Loaded shared library C:\Program Files\Android\Android Studio\jbr\bin\verify.dll

Deoptimization events (20 events):
Event: 46.691 Thread 0x000001eeef4f3320 Uncommon trap: trap_request=0xffffffd6 fr.pc=0x000001eed68cc388 relative=0x0000000000000368
Event: 46.691 Thread 0x000001eeef4f3320 Uncommon trap: reason=array_check action=maybe_recompile pc=0x000001eed68cc388 method=java.util.LinkedHashMap.keysToArray([Ljava/lang/Object;)[Ljava/lang/Object; @ 25 c2
Event: 46.691 Thread 0x000001eeef4f3320 DEOPT PACKING pc=0x000001eed68cc388 sp=0x0000009bf19fba30
Event: 46.691 Thread 0x000001eeef4f3320 DEOPT UNPACKING pc=0x000001eed5db69a3 sp=0x0000009bf19fb9d8 mode 2
Event: 47.071 Thread 0x000001eee78d10b0 Uncommon trap: trap_request=0xffffffde fr.pc=0x000001eed681fb20 relative=0x0000000000004e00
Event: 47.071 Thread 0x000001eee78d10b0 Uncommon trap: reason=class_check action=maybe_recompile pc=0x000001eed681fb20 method=com.google.common.collect.ImmutableSortedMap.fromEntries(Ljava/util/Comparator;Z[Ljava/util/Map$Entry;I)Lcom/google/common/collect/ImmutableSortedMap; @ 95 c2
Event: 47.071 Thread 0x000001eee78d10b0 DEOPT PACKING pc=0x000001eed681fb20 sp=0x0000009bf0cfcdb0
Event: 47.072 Thread 0x000001eee78d10b0 DEOPT UNPACKING pc=0x000001eed5db69a3 sp=0x0000009bf0cfcdb0 mode 2
Event: 47.183 Thread 0x000001eee78d10b0 Uncommon trap: trap_request=0xffffffde fr.pc=0x000001eed67f7984 relative=0x0000000000001044
Event: 47.183 Thread 0x000001eee78d10b0 Uncommon trap: reason=class_check action=maybe_recompile pc=0x000001eed67f7984 method=org.gradle.internal.snapshot.ChildMap$Entry.handleAncestorDescendantOrExactMatch(Lorg/gradle/internal/snapshot/VfsRelativePath;Lorg/gradle/internal/snapshot/CaseSensitiv
Event: 47.183 Thread 0x000001eee78d10b0 DEOPT PACKING pc=0x000001eed67f7984 sp=0x0000009bf0cfc820
Event: 47.183 Thread 0x000001eee78d10b0 DEOPT UNPACKING pc=0x000001eed5db69a3 sp=0x0000009bf0cfc800 mode 2
Event: 47.183 Thread 0x000001eee78d10b0 Uncommon trap: trap_request=0xffffffde fr.pc=0x000001eed67f7984 relative=0x0000000000001044
Event: 47.183 Thread 0x000001eee78d10b0 Uncommon trap: reason=class_check action=maybe_recompile pc=0x000001eed67f7984 method=org.gradle.internal.snapshot.ChildMap$Entry.handleAncestorDescendantOrExactMatch(Lorg/gradle/internal/snapshot/VfsRelativePath;Lorg/gradle/internal/snapshot/CaseSensitiv
Event: 47.183 Thread 0x000001eee78d10b0 DEOPT PACKING pc=0x000001eed67f7984 sp=0x0000009bf0cfc530
Event: 47.183 Thread 0x000001eee78d10b0 DEOPT UNPACKING pc=0x000001eed5db69a3 sp=0x0000009bf0cfc510 mode 2
Event: 47.184 Thread 0x000001eee78d10b0 Uncommon trap: trap_request=0xffffff45 fr.pc=0x000001eed6810a68 relative=0x00000000000023e8
Event: 47.184 Thread 0x000001eee78d10b0 Uncommon trap: reason=unstable_if action=reinterpret pc=0x000001eed6810a68 method=org.gradle.internal.snapshot.ChildMap$Entry.handlePath(Lorg/gradle/internal/snapshot/VfsRelativePath;Lorg/gradle/internal/snapshot/CaseSensitivity;Lorg/gradle/internal/snaps
Event: 47.184 Thread 0x000001eee78d10b0 DEOPT PACKING pc=0x000001eed6810a68 sp=0x0000009bf0cfb8b0
Event: 47.184 Thread 0x000001eee78d10b0 DEOPT UNPACKING pc=0x000001eed5db69a3 sp=0x0000009bf0cfb7f0 mode 2

Classes unloaded (0 events):
No events

Classes redefined (0 events):
No events

Internal exceptions (20 events):
Event: 43.936 Thread 0x000001eee78d23f0 Exception <a 'java/lang/IncompatibleClassChangeError'{0x000000008b0875b8}: Found class java.lang.Object, but interface was expected> (0x000000008b0875b8) 
thrown [s\src\hotspot\share\interpreter\linkResolver.cpp, line 838]
Event: 44.334 Thread 0x000001eee78d23f0 Exception <a 'java/lang/IncompatibleClassChangeError'{0x000000008ae4f700}: Found class java.lang.Object, but interface was expected> (0x000000008ae4f700) 
thrown [s\src\hotspot\share\interpreter\linkResolver.cpp, line 838]
Event: 44.335 Thread 0x000001eee78d23f0 Exception <a 'java/lang/IncompatibleClassChangeError'{0x000000008ae57d80}: Found class java.lang.Object, but interface was expected> (0x000000008ae57d80) 
thrown [s\src\hotspot\share\interpreter\linkResolver.cpp, line 838]
Event: 45.056 Thread 0x000001eee78d23f0 Exception <a 'java/lang/NoSuchMethodError'{0x000000008acd4f40}: 'void java.lang.invoke.DirectMethodHandle$Holder.invokeSpecial(java.lang.Object, java.lang.Object, int, java.lang.Object)'> (0x000000008acd4f40) 
thrown [s\src\hotspot\share\interpreter\linkResolver.cpp, line 771]
Event: 45.195 Thread 0x000001eee78d23f0 Exception <a 'java/lang/NoSuchMethodError'{0x000000008a95c3a8}: 'int java.lang.invoke.DirectMethodHandle$Holder.invokeSpecial(java.lang.Object, java.lang.Object, java.lang.Object, int, java.lang.Object)'> (0x000000008a95c3a8) 
thrown [s\src\hotspot\share\interpreter\linkResolver.cpp, line 771]
Event: 45.252 Thread 0x000001eee78d23f0 Exception <a 'java/lang/NoSuchMethodError'{0x000000008a89cbe8}: 'int java.lang.invoke.DirectMethodHandle$Holder.invokeSpecial(java.lang.Object, java.lang.Object, java.lang.Object, int)'> (0x000000008a89cbe8) 
thrown [s\src\hotspot\share\interpreter\linkResolver.cpp, line 771]
Event: 45.323 Thread 0x000001eee78d23f0 Exception <a 'java/lang/NoSuchMethodError'{0x000000008a64a950}: 'java.lang.Object java.lang.invoke.DirectMethodHandle$Holder.newInvokeSpecial(java.lang.Object, java.lang.Object, int, java.lang.Object, java.lang.Object, java.lang.Object)'> (0x000000008a64a950) 
thrown [s\src\hotspot\share\interpreter\linkResolver.cpp, line 771]
Event: 45.325 Thread 0x000001eee78d23f0 Exception <a 'java/lang/NoSuchMethodError'{0x000000008a6523c8}: 'java.lang.Object java.lang.invoke.Invokers$Holder.linkToTargetMethod(java.lang.Object, int, java.lang.Object, java.lang.Object, java.lang.Object, java.lang.Object)'> (0x000000008a6523c8) 
thrown [s\src\hotspot\share\interpreter\linkResolver.cpp, line 771]
Event: 45.326 Thread 0x000001eee78d23f0 Exception <a 'java/lang/NoSuchMethodError'{0x000000008a656368}: 'void java.lang.invoke.DirectMethodHandle$Holder.invokeSpecial(java.lang.Object, java.lang.Object, java.lang.Object, int, java.lang.Object, java.lang.Object, java.lang.Object, java.lang.Object)'> (0x000000008a656368) 
thrown [s\src\hotspot\share\interpreter\linkResolver.cpp, line 771]
Event: 45.335 Thread 0x000001eee78d23f0 Exception <a 'java/lang/NoSuchMethodError'{0x000000008a679ec8}: 'void java.lang.invoke.DirectMethodHandle$Holder.invokeStatic(java.lang.Object, java.lang.Object, java.lang.Object, java.lang.Object, java.lang.Object, java.lang.Object, java.lang.Object, java.lang.Object)'> (0x000000008a679ec8) 
thrown [s\src\hotspot\share\interpreter\linkResolver.cpp, line 771]
Event: 45.544 Thread 0x000001eee78d23f0 Exception <a 'java/lang/NoSuchMethodError'{0x000000008a2c3aa0}: 'void java.lang.invoke.DirectMethodHandle$Holder.invokeSpecial(java.lang.Object, java.lang.Object, int)'> (0x000000008a2c3aa0) 
thrown [s\src\hotspot\share\interpreter\linkResolver.cpp, line 771]
Event: 45.590 Thread 0x000001eee78d23f0 Exception <a 'sun/nio/fs/WindowsException'{0x000000008a174218}> (0x000000008a174218) 
thrown [s\src\hotspot\share\prims\jni.cpp, line 517]
Event: 45.718 Thread 0x000001eee78d10b0 Exception <a 'java/lang/NoSuchMethodError'{0x000000008a0f46c0}: static Lkotlin/InitializedLazyImpl;.<clinit>()V> (0x000000008a0f46c0) 
thrown [s\src\hotspot\share\prims\jni.cpp, line 1108]
Event: 45.837 Thread 0x000001eee78ccd50 Exception <a 'sun/nio/fs/WindowsException'{0x0000000089e53f40}> (0x0000000089e53f40) 
thrown [s\src\hotspot\share\prims\jni.cpp, line 517]
Event: 45.837 Thread 0x000001eee78ccd50 Exception <a 'sun/nio/fs/WindowsException'{0x0000000089e54310}> (0x0000000089e54310) 
thrown [s\src\hotspot\share\prims\jni.cpp, line 517]
Event: 45.955 Thread 0x000001eeef4f3320 Exception <a 'sun/nio/fs/WindowsException'{0x0000000089d56bb8}> (0x0000000089d56bb8) 
thrown [s\src\hotspot\share\prims\jni.cpp, line 517]
Event: 46.492 Thread 0x000001eeef4f3320 Exception <a 'java/lang/NoSuchMethodError'{0x0000000089851938}: 'long java.lang.invoke.DirectMethodHandle$Holder.invokeStatic(java.lang.Object, java.lang.Object, java.lang.Object)'> (0x0000000089851938) 
thrown [s\src\hotspot\share\interpreter\linkResolver.cpp, line 771]
Event: 46.645 Thread 0x000001eeef4f3320 Exception <a 'java/lang/NoSuchMethodError'{0x00000000898cfc00}: 'void java.lang.invoke.DirectMethodHandle$Holder.invokeInterface(java.lang.Object, java.lang.Object, java.lang.Object, int)'> (0x00000000898cfc00) 
thrown [s\src\hotspot\share\interpreter\linkResolver.cpp, line 771]
Event: 46.656 Thread 0x000001eeef4f3320 Exception <a 'java/lang/IncompatibleClassChangeError'{0x00000000898f2b98}: Found class java.lang.Object, but interface was expected> (0x00000000898f2b98) 
thrown [s\src\hotspot\share\interpreter\linkResolver.cpp, line 838]
Event: 47.029 Thread 0x000001eeef4f3320 Exception <a 'sun/nio/fs/WindowsException'{0x0000000089544e90}> (0x0000000089544e90) 
thrown [s\src\hotspot\share\prims\jni.cpp, line 517]

VM Operations (20 events):
Event: 41.172 Executing VM operation: Cleanup done
Event: 41.774 Executing VM operation: HandshakeAllThreads
Event: 41.774 Executing VM operation: HandshakeAllThreads done
Event: 41.969 Executing VM operation: HandshakeAllThreads
Event: 41.969 Executing VM operation: HandshakeAllThreads done
Event: 41.970 Executing VM operation: HandshakeAllThreads
Event: 41.970 Executing VM operation: HandshakeAllThreads done
Event: 42.959 Executing VM operation: HandshakeAllThreads
Event: 42.959 Executing VM operation: HandshakeAllThreads done
Event: 42.959 Executing VM operation: Cleanup
Event: 42.960 Executing VM operation: Cleanup done
Event: 43.666 Executing VM operation: HandshakeAllThreads
Event: 43.666 Executing VM operation: HandshakeAllThreads done
Event: 43.943 Executing VM operation: HandshakeAllThreads
Event: 43.944 Executing VM operation: HandshakeAllThreads done
Event: 44.962 Executing VM operation: Cleanup
Event: 44.975 Executing VM operation: Cleanup done
Event: 46.975 Executing VM operation: Cleanup
Event: 46.976 Executing VM operation: Cleanup done
Event: 47.629 Executing VM operation: G1CollectForAllocation

Events (20 events):
Event: 45.577 loading class java/util/zip/Adler32 done
Event: 45.786 loading class java/io/PushbackInputStream
Event: 45.787 loading class java/io/PushbackInputStream done
Event: 45.879 Thread 0x000001eeef4f24b0 Thread added: 0x000001eeef4f24b0
Event: 46.102 loading class java/nio/BufferUnderflowException
Event: 46.102 loading class java/nio/BufferUnderflowException done
Event: 46.404 loading class java/nio/HeapShortBuffer
Event: 46.409 loading class java/nio/HeapShortBuffer done
Event: 46.641 loading class java/util/IdentityHashMap$EntrySet
Event: 46.642 loading class java/util/IdentityHashMap$EntrySet done
Event: 47.238 loading class com/sun/org/apache/xerces/internal/util/URI
Event: 47.242 loading class com/sun/org/apache/xerces/internal/util/URI done
Event: 47.243 loading class java/net/HttpURLConnection
Event: 47.245 loading class java/net/HttpURLConnection done
Event: 47.245 loading class sun/net/ProgressMonitor
Event: 47.248 loading class sun/net/ProgressMonitor done
Event: 47.248 loading class sun/net/DefaultProgressMeteringPolicy
Event: 47.249 loading class sun/net/ProgressMeteringPolicy
Event: 47.249 loading class sun/net/ProgressMeteringPolicy done
Event: 47.249 loading class sun/net/DefaultProgressMeteringPolicy done


Dynamic libraries:
0x00007ff68b640000 - 0x00007ff68b64a000 	C:\Program Files\Android\Android Studio\jbr\bin\java.exe
0x00007ffb1e3f0000 - 0x00007ffb1e5e8000 	C:\WINDOWS\SYSTEM32\ntdll.dll
0x00007ffb1dfe0000 - 0x00007ffb1e09d000 	C:\WINDOWS\System32\KERNEL32.DLL
0x00007ffb1c0d0000 - 0x00007ffb1c3c6000 	C:\WINDOWS\System32\KERNELBASE.dll
0x00007ffb1bdf0000 - 0x00007ffb1bef0000 	C:\WINDOWS\System32\ucrtbase.dll
0x00007ffae7d90000 - 0x00007ffae7dab000 	C:\Program Files\Android\Android Studio\jbr\bin\VCRUNTIME140.dll
0x00007ffad6060000 - 0x00007ffad6077000 	C:\Program Files\Android\Android Studio\jbr\bin\jli.dll
0x00007ffb1e0a0000 - 0x00007ffb1e23e000 	C:\WINDOWS\System32\USER32.dll
0x00007ffb1c420000 - 0x00007ffb1c442000 	C:\WINDOWS\System32\win32u.dll
0x00007ffb1e240000 - 0x00007ffb1e26c000 	C:\WINDOWS\System32\GDI32.dll
0x00007ffb1bad0000 - 0x00007ffb1bbea000 	C:\WINDOWS\System32\gdi32full.dll
0x00007ffb1bbf0000 - 0x00007ffb1bc8d000 	C:\WINDOWS\System32\msvcp_win.dll
0x00007ffb070f0000 - 0x00007ffb0738a000 	C:\WINDOWS\WinSxS\amd64_microsoft.windows.common-controls_6595b64144ccf1df_6.0.19041.3636_none_60b6a03d71f818d5\COMCTL32.dll
0x00007ffb1daf0000 - 0x00007ffb1db8e000 	C:\WINDOWS\System32\msvcrt.dll
0x00007ffb1c8a0000 - 0x00007ffb1c8d0000 	C:\WINDOWS\System32\IMM32.DLL
0x00007ffad6e20000 - 0x00007ffad6e2c000 	C:\Program Files\Android\Android Studio\jbr\bin\vcruntime140_1.dll
0x00007ffae7d00000 - 0x00007ffae7d8d000 	C:\Program Files\Android\Android Studio\jbr\bin\msvcp140.dll
0x00007ffac3390000 - 0x00007ffac3ffe000 	C:\Program Files\Android\Android Studio\jbr\bin\server\jvm.dll
0x00007ffb1c8d0000 - 0x00007ffb1c97f000 	C:\WINDOWS\System32\ADVAPI32.dll
0x00007ffb1cf10000 - 0x00007ffb1cfac000 	C:\WINDOWS\System32\sechost.dll
0x00007ffb1c5b0000 - 0x00007ffb1c6d6000 	C:\WINDOWS\System32\RPCRT4.dll
0x00007ffb19a70000 - 0x00007ffb19a7a000 	C:\WINDOWS\SYSTEM32\VERSION.dll
0x00007ffb13380000 - 0x00007ffb133a7000 	C:\WINDOWS\SYSTEM32\WINMM.dll
0x00007ffb13130000 - 0x00007ffb13139000 	C:\WINDOWS\SYSTEM32\WSOCK32.dll
0x00007ffb1db90000 - 0x00007ffb1dbfb000 	C:\WINDOWS\System32\WS2_32.dll
0x00007ffb1a320000 - 0x00007ffb1a332000 	C:\WINDOWS\SYSTEM32\kernel.appcore.dll
0x00007ffad62d0000 - 0x00007ffad62da000 	C:\Program Files\Android\Android Studio\jbr\bin\jimage.dll
0x00007ffb04d50000 - 0x00007ffb04f34000 	C:\WINDOWS\SYSTEM32\DBGHELP.DLL
0x00007ffb00600000 - 0x00007ffb00634000 	C:\WINDOWS\SYSTEM32\dbgcore.DLL
0x00007ffb1bf90000 - 0x00007ffb1c012000 	C:\WINDOWS\System32\bcryptPrimitives.dll
0x00007ffad62a0000 - 0x00007ffad62c5000 	C:\Program Files\Android\Android Studio\jbr\bin\java.dll
0x00007ffad6280000 - 0x00007ffad6298000 	C:\Program Files\Android\Android Studio\jbr\bin\zip.dll
0x00007ffb1d190000 - 0x00007ffb1d8d4000 	C:\WINDOWS\System32\SHELL32.dll
0x00007ffb19b70000 - 0x00007ffb1a30b000 	C:\WINDOWS\SYSTEM32\windows.storage.dll
0x00007ffb1dc80000 - 0x00007ffb1dfd4000 	C:\WINDOWS\System32\combase.dll
0x00007ffb1b440000 - 0x00007ffb1b46d000 	C:\WINDOWS\SYSTEM32\Wldp.dll
0x00007ffb1cfb0000 - 0x00007ffb1d05d000 	C:\WINDOWS\System32\SHCORE.dll
0x00007ffb1d060000 - 0x00007ffb1d0b5000 	C:\WINDOWS\System32\shlwapi.dll
0x00007ffb1ba00000 - 0x00007ffb1ba25000 	C:\WINDOWS\SYSTEM32\profapi.dll
0x00007ffad61b0000 - 0x00007ffad61c9000 	C:\Program Files\Android\Android Studio\jbr\bin\net.dll
0x00007ffb0ef70000 - 0x00007ffb0f07a000 	C:\WINDOWS\SYSTEM32\WINHTTP.dll
0x00007ffb1b1a0000 - 0x00007ffb1b20a000 	C:\WINDOWS\system32\mswsock.dll
0x00007ffad6190000 - 0x00007ffad61a6000 	C:\Program Files\Android\Android Studio\jbr\bin\nio.dll
0x00007ffad60f0000 - 0x00007ffad6100000 	C:\Program Files\Android\Android Studio\jbr\bin\verify.dll
0x00007ffaf6350000 - 0x00007ffaf6377000 	C:\Users\HP\.gradle\native\68d5fa5c4cc2d200863cafc0d521ce42e7d3e7ee720ec0a83991735586a16f82\windows-amd64\native-platform.dll
0x00007ffb05be0000 - 0x00007ffb05d24000 	C:\Users\HP\.gradle\native\e376f236ea51e6404a007f0833ffe2c6e607c4080706a723a18a27aeea778392\windows-amd64\native-platform-file-events.dll
0x00007ffad60a0000 - 0x00007ffad60a9000 	C:\Program Files\Android\Android Studio\jbr\bin\management.dll
0x00007ffad6090000 - 0x00007ffad609b000 	C:\Program Files\Android\Android Studio\jbr\bin\management_ext.dll
0x00007ffb1c6e0000 - 0x00007ffb1c6e8000 	C:\WINDOWS\System32\PSAPI.DLL
0x00007ffb1b390000 - 0x00007ffb1b3a8000 	C:\WINDOWS\SYSTEM32\CRYPTSP.dll
0x00007ffb1aad0000 - 0x00007ffb1ab04000 	C:\WINDOWS\system32\rsaenh.dll
0x00007ffb1bf60000 - 0x00007ffb1bf87000 	C:\WINDOWS\System32\bcrypt.dll
0x00007ffb1b9c0000 - 0x00007ffb1b9ee000 	C:\WINDOWS\SYSTEM32\USERENV.dll
0x00007ffb1b3b0000 - 0x00007ffb1b3bc000 	C:\WINDOWS\SYSTEM32\CRYPTBASE.dll
0x00007ffb1ae90000 - 0x00007ffb1aecb000 	C:\WINDOWS\SYSTEM32\IPHLPAPI.DLL
0x00007ffb1c510000 - 0x00007ffb1c518000 	C:\WINDOWS\System32\NSI.dll
0x00007ffb0f650000 - 0x00007ffb0f667000 	C:\WINDOWS\SYSTEM32\dhcpcsvc6.DLL
0x00007ffb10ec0000 - 0x00007ffb10edd000 	C:\WINDOWS\SYSTEM32\dhcpcsvc.DLL
0x00007ffb1aed0000 - 0x00007ffb1af9a000 	C:\WINDOWS\SYSTEM32\DNSAPI.dll
0x00007ffad6050000 - 0x00007ffad6057000 	C:\WINDOWS\system32\wshunix.dll
0x00007ffafda60000 - 0x00007ffafda77000 	C:\WINDOWS\system32\napinsp.dll
0x00007ffafd960000 - 0x00007ffafd97b000 	C:\WINDOWS\system32\pnrpnsp.dll
0x00007ffafd570000 - 0x00007ffafd585000 	C:\WINDOWS\system32\wshbth.dll
0x00007ffb17200000 - 0x00007ffb1721d000 	C:\WINDOWS\system32\NLAapi.dll
0x00007ffafcde0000 - 0x00007ffafcdf2000 	C:\WINDOWS\System32\winrnr.dll
0x00007ffb029b0000 - 0x00007ffb029ba000 	C:\Windows\System32\rasadhlp.dll
0x00007ffb02b20000 - 0x00007ffb02ba0000 	C:\WINDOWS\System32\fwpuclnt.dll
0x00007ffb19850000 - 0x00007ffb19857000 	C:\Program Files\Android\Android Studio\jbr\bin\rmi.dll

dbghelp: loaded successfully - version: 4.0.5 - missing functions: none
symbol engine: initialized successfully - sym options: 0x614 - pdb path: .;C:\Program Files\Android\Android Studio\jbr\bin;C:\WINDOWS\SYSTEM32;C:\WINDOWS\WinSxS\amd64_microsoft.windows.common-controls_6595b64144ccf1df_6.0.19041.3636_none_60b6a03d71f818d5;C:\Program Files\Android\Android Studio\jbr\bin\server;C:\Users\HP\.gradle\native\68d5fa5c4cc2d200863cafc0d521ce42e7d3e7ee720ec0a83991735586a16f82\windows-amd64;C:\Users\HP\.gradle\native\e376f236ea51e6404a007f0833ffe2c6e607c4080706a723a18a27aeea778392\windows-amd64

VM Arguments:
jvm_args: --add-opens=java.base/java.util=ALL-UNNAMED --add-opens=java.base/java.lang=ALL-UNNAMED --add-opens=java.base/java.lang.invoke=ALL-UNNAMED --add-opens=java.prefs/java.util.prefs=ALL-UNNAMED --add-opens=java.base/java.nio.charset=ALL-UNNAMED --add-opens=java.base/java.net=ALL-UNNAMED --add-opens=java.base/java.util.concurrent.atomic=ALL-UNNAMED -Xmx2048m -Dfile.encoding=UTF-8 -Duser.country=US -Duser.language=en -Duser.variant 
java_command: org.gradle.launcher.daemon.bootstrap.GradleDaemon 8.0
java_class_path (initial): C:\Users\HP\.gradle\wrapper\dists\gradle-8.0-bin\ca5e32bp14vu59qr306oxotwh\gradle-8.0\lib\gradle-launcher-8.0.jar
Launcher Type: SUN_STANDARD

[Global flags]
     intx CICompilerCount                          = 3                                         {product} {ergonomic}
     uint ConcGCThreads                            = 1                                         {product} {ergonomic}
     uint G1ConcRefinementThreads                  = 4                                         {product} {ergonomic}
   size_t G1HeapRegionSize                         = 1048576                                   {product} {ergonomic}
    uintx GCDrainStackTargetSize                   = 64                                        {product} {ergonomic}
   size_t InitialHeapSize                          = 58720256                                  {product} {ergonomic}
   size_t MarkStackSize                            = 4194304                                   {product} {ergonomic}
   size_t MaxHeapSize                              = 2147483648                                {product} {command line}
   size_t MaxNewSize                               = 1287651328                                {product} {ergonomic}
   size_t MinHeapDeltaBytes                        = 1048576                                   {product} {ergonomic}
   size_t MinHeapSize                              = 8388608                                   {product} {ergonomic}
    uintx NonNMethodCodeHeapSize                   = 5832780                                {pd product} {ergonomic}
    uintx NonProfiledCodeHeapSize                  = 122912730                              {pd product} {ergonomic}
    uintx ProfiledCodeHeapSize                     = 122912730                              {pd product} {ergonomic}
    uintx ReservedCodeCacheSize                    = 251658240                              {pd product} {ergonomic}
     bool SegmentedCodeCache                       = true                                      {product} {ergonomic}
   size_t SoftMaxHeapSize                          = 2147483648                             {manageable} {ergonomic}
     bool UseCompressedClassPointers               = true                           {product lp64_product} {ergonomic}
     bool UseCompressedOops                        = true                           {product lp64_product} {ergonomic}
     bool UseG1GC                                  = true                                      {product} {ergonomic}
     bool UseLargePagesIndividualAllocation        = false                                  {pd product} {ergonomic}

Logging:
Log output configuration:
 #0: stdout all=warning uptime,level,tags
 #1: stderr all=off uptime,level,tags

Environment Variables:
JAVA_HOME=C:\Program Files\Java\jdk-21
PATH=C:\Program Files\Java\jdk-21\bin;C:\WINDOWS\system32;C:\WINDOWS;C:\WINDOWS\System32\Wbem;C:\WINDOWS\System32\WindowsPowerShell\v1.0\;C:\WINDOWS\System32\OpenSSH\;C:\MinGW\bin;C:\Program Files\PowerShell\7\;C:\Program Files\Git\cmd;C:\Users\HP\AppData\Local\Microsoft\WindowsApps;
USERNAME=HP
OS=Windows_NT
PROCESSOR_IDENTIFIER=AMD64 Family 23 Model 24 Stepping 1, AuthenticAMD
TMP=C:\Users\HP\AppData\Local\Temp
TEMP=C:\Users\HP\AppData\Local\Temp


JNI global refs:
JNI global refs: 25, weak refs: 6

JNI global refs memory usage: 843, weak refs: 841


---------------  S Y S T E M  ---------------

OS:
 Windows 10 , 64 bit Build 19041 (10.0.19041.3636)
OS uptime: 0 days 0:36 hours

CPU: total 4 (initial active 4) (4 cores per cpu, 2 threads per core) family 23 model 24 stepping 1 microcode 0x0, cx8, cmov, fxsr, ht, mmx, 3dnowpref, sse, sse2, sse3, ssse3, sse4a, sse4.1, sse4.2, popcnt, lzcnt, tsc, tscinvbit, avx, avx2, aes, clmul, bmi1, bmi2, adx, sha, fma, vzeroupper, clflush, clflushopt

Memory: 4k page, system-wide physical 3499M (309M free)
TotalPageFile size 8495M (AvailPageFile size 179M)
current process WorkingSet (physical memory assigned to process): 243M, peak: 298M
current process commit charge ("private bytes"): 541M, peak: 825M

vm_info: OpenJDK 64-Bit Server VM (17.0.6+0-b2043.56-10027231) for windows-amd64 JRE (17.0.6+0-b2043.56-10027231), built on Apr 28 2023 00:43:19 by "androidbuild" with MS VC++ 16.10 / 16.11 (VS2019)

END.
