#
# There is insufficient memory for the Java Runtime Environment to continue.
# Native memory allocation (mmap) failed to map 130023424 bytes for G1 virtual space
# Possible reasons:
#   The system is out of physical RAM or swap space
#   The process is running with CompressedOops enabled, and the Java Heap may be blocking the growth of the native heap
# Possible solutions:
#   Reduce memory load on the system
#   Increase physical memory or swap space
#   Check if swap backing store is full
#   Decrease Java heap size (-Xmx/-Xms)
#   Decrease number of Java threads
#   Decrease Java thread stack sizes (-Xss)
#   Set larger code cache with -XX:ReservedCodeCacheSize=
#   JVM is running with Unscaled Compressed Oops mode in which the Java heap is
#     placed in the first 4GB address space. The Java Heap base address is the
#     maximum limit for the native heap growth. Please use -XX:HeapBaseMinAddress
#     to set the Java Heap base and to place the Java Heap above 4GB virtual address.
# This output file may be truncated or incomplete.
#
#  Out of Memory Error (os_windows.cpp:3769), pid=4536, tid=7004
#
# JRE version: OpenJDK Runtime Environment (17.0.6) (build 17.0.6+0-b2043.56-10027231)
# Java VM: OpenJDK 64-Bit Server VM (17.0.6+0-b2043.56-10027231, mixed mode, tiered, compressed oops, compressed class ptrs, g1 gc, windows-amd64)
# No core dump will be written. Minidumps are not enabled by default on client versions of Windows
#

---------------  S U M M A R Y ------------

Command Line: --add-opens=java.base/java.util=ALL-UNNAMED --add-opens=java.base/java.lang=ALL-UNNAMED --add-opens=java.base/java.lang.invoke=ALL-UNNAMED --add-opens=java.prefs/java.util.prefs=ALL-UNNAMED --add-opens=java.base/java.nio.charset=ALL-UNNAMED --add-opens=java.base/java.net=ALL-UNNAMED --add-opens=java.base/java.util.concurrent.atomic=ALL-UNNAMED -Xmx2048m -Dfile.encoding=UTF-8 -Duser.country=US -Duser.language=en -Duser.variant org.gradle.launcher.daemon.bootstrap.GradleDaemon 8.0

Host: AMD Ryzen 3 3250U with Radeon Graphics         , 4 cores, 3G,  Windows 10 , 64 bit Build 19041 (10.0.19041.3636)
Time: Thu Dec 21 13:58:30 2023 SE Asia Standard Time elapsed time: 1848.235123 seconds (0d 0h 30m 48s)

---------------  T H R E A D  ---------------

Current thread (0x00000218c534e860):  VMThread "VM Thread" [stack: 0x000000c49b500000,0x000000c49b600000] [id=7004]

Stack: [0x000000c49b500000,0x000000c49b600000]
Native frames: (J=compiled Java code, j=interpreted, Vv=VM code, C=native code)
V  [jvm.dll+0x683c9a]
V  [jvm.dll+0x8427a4]
V  [jvm.dll+0x843f9e]
V  [jvm.dll+0x844603]
V  [jvm.dll+0x249b75]
V  [jvm.dll+0x680b69]
V  [jvm.dll+0x67505a]
V  [jvm.dll+0x309acb]
V  [jvm.dll+0x310f86]
V  [jvm.dll+0x3608ee]
V  [jvm.dll+0x360b1f]
V  [jvm.dll+0x2dfbf8]
V  [jvm.dll+0x2ddec4]
V  [jvm.dll+0x2dd4cc]
V  [jvm.dll+0x321f3b]
V  [jvm.dll+0x848ccb]
V  [jvm.dll+0x849a04]
V  [jvm.dll+0x849f1d]
V  [jvm.dll+0x84a2f4]
V  [jvm.dll+0x84a3c0]
V  [jvm.dll+0x7f274a]
V  [jvm.dll+0x682ad5]
C  [ucrtbase.dll+0x21bb2]
C  [KERNEL32.DLL+0x17344]
C  [ntdll.dll+0x526b1]

VM_Operation (0x000000c4a10fd350): G1CollectForAllocation, mode: safepoint, requested by thread 0x00000218e3eab630


---------------  P R O C E S S  ---------------

Threads class SMR info:
_java_thread_list=0x00000218ebf3ee10, length=93, elements={
0x00000218c527a0b0, 0x00000218de7f11d0, 0x00000218de7f3840, 0x00000218de813130,
0x00000218de816b10, 0x00000218de8173d0, 0x00000218df408810, 0x00000218df411900,
0x00000218df412a50, 0x00000218df416af0, 0x00000218df54f4b0, 0x00000218df57a020,
0x00000218e0a22690, 0x00000218e0c94040, 0x00000218e0bc99b0, 0x00000218e1975240,
0x00000218e1978260, 0x00000218e1975710, 0x00000218e1976f20, 0x00000218e1977d90,
0x00000218e19760b0, 0x00000218e27503a0, 0x00000218e2752550, 0x00000218e2752a20,
0x00000218e2750d40, 0x00000218e2753d60, 0x00000218e2755f10, 0x00000218e4228b60,
0x00000218e6bc4210, 0x00000218e6bc2ed0, 0x00000218e6bc5080, 0x00000218e6bc33a0,
0x00000218e62cbcf0, 0x00000218e62cae80, 0x00000218e6bc46e0, 0x00000218e6bc3870,
0x00000218e6bc4bb0, 0x00000218e4229500, 0x00000218e422c520, 0x00000218e422c050,
0x00000218e6bc5550, 0x00000218e6bc2a00, 0x00000218e6bc3d40, 0x00000218e6bc2060,
0x00000218e6bc2530, 0x00000218e9c4fcf0, 0x00000218e9c4f350, 0x00000218e9c4f820,
0x00000218e9c4e9b0, 0x00000218df67b4e0, 0x00000218df67a1a0, 0x00000218df67a670,
0x00000218df679cd0, 0x00000218df67d1c0, 0x00000218e3dda3a0, 0x00000218df67be80,
0x00000218df67c350, 0x00000218df67ccf0, 0x00000218df67c820, 0x00000218df67ab40,
0x00000218df679800, 0x00000218e3dda870, 0x00000218e3ddc080, 0x00000218e3ddc550,
0x00000218e3ddca20, 0x00000218e3ddad40, 0x00000218e3ddcef0, 0x00000218e3dd9530,
0x00000218e3eaa7c0, 0x00000218e3ea9480, 0x00000218e3eabb00, 0x00000218df67b010,
0x00000218df67b9b0, 0x00000218e3ddbbb0, 0x00000218e6a45550, 0x00000218e6a433a0,
0x00000218e6a43870, 0x00000218e3ddb210, 0x00000218e3eabfd0, 0x00000218e3eac4a0,
0x00000218e3eac970, 0x00000218e6a42060, 0x00000218e6a45080, 0x00000218e6a44210,
0x00000218e6a42a00, 0x00000218e422cec0, 0x00000218e4228690, 0x00000218e422d390,
0x00000218e422dd30, 0x00000218e6a42ed0, 0x00000218e3eab630, 0x00000218e3eaa2f0,
0x00000218e3eab160
}

Java Threads: ( => current thread )
  0x00000218c527a0b0 JavaThread "main" [_thread_blocked, id=3192, stack(0x000000c49af00000,0x000000c49b000000)]
  0x00000218de7f11d0 JavaThread "Reference Handler" daemon [_thread_blocked, id=7216, stack(0x000000c49b600000,0x000000c49b700000)]
  0x00000218de7f3840 JavaThread "Finalizer" daemon [_thread_blocked, id=2556, stack(0x000000c49b700000,0x000000c49b800000)]
  0x00000218de813130 JavaThread "Signal Dispatcher" daemon [_thread_blocked, id=8428, stack(0x000000c49b800000,0x000000c49b900000)]
  0x00000218de816b10 JavaThread "Attach Listener" daemon [_thread_blocked, id=5852, stack(0x000000c49b900000,0x000000c49ba00000)]
  0x00000218de8173d0 JavaThread "Service Thread" daemon [_thread_blocked, id=5276, stack(0x000000c49ba00000,0x000000c49bb00000)]
  0x00000218df408810 JavaThread "Monitor Deflation Thread" daemon [_thread_blocked, id=780, stack(0x000000c49bb00000,0x000000c49bc00000)]
  0x00000218df411900 JavaThread "C2 CompilerThread0" daemon [_thread_blocked, id=6980, stack(0x000000c49bc00000,0x000000c49bd00000)]
  0x00000218df412a50 JavaThread "C1 CompilerThread0" daemon [_thread_blocked, id=5588, stack(0x000000c49bd00000,0x000000c49be00000)]
  0x00000218df416af0 JavaThread "Sweeper thread" daemon [_thread_blocked, id=10036, stack(0x000000c49be00000,0x000000c49bf00000)]
  0x00000218df54f4b0 JavaThread "Common-Cleaner" daemon [_thread_blocked, id=3864, stack(0x000000c49bf00000,0x000000c49c000000)]
  0x00000218df57a020 JavaThread "Notification Thread" daemon [_thread_blocked, id=9724, stack(0x000000c49c000000,0x000000c49c100000)]
  0x00000218e0a22690 JavaThread "Daemon health stats" [_thread_blocked, id=640, stack(0x000000c49c500000,0x000000c49c600000)]
  0x00000218e0c94040 JavaThread "Incoming local TCP Connector on port 49916" [_thread_in_native, id=2312, stack(0x000000c49c600000,0x000000c49c700000)]
  0x00000218e0bc99b0 JavaThread "Daemon periodic checks" [_thread_blocked, id=9064, stack(0x000000c49c700000,0x000000c49c800000)]
  0x00000218e1975240 JavaThread "Cache worker for journal cache (C:\Users\HP\.gradle\caches\journal-1)" [_thread_blocked, id=5144, stack(0x000000c49cf00000,0x000000c49d000000)]
  0x00000218e1978260 JavaThread "File lock request listener" [_thread_in_native, id=5960, stack(0x000000c49d000000,0x000000c49d100000)]
  0x00000218e1975710 JavaThread "Cache worker for file hash cache (C:\Users\HP\.gradle\caches\8.0\fileHashes)" [_thread_blocked, id=7348, stack(0x000000c49d100000,0x000000c49d200000)]
  0x00000218e1976f20 JavaThread "File watcher server" daemon [_thread_blocked, id=5580, stack(0x000000c49d200000,0x000000c49d300000)]
  0x00000218e1977d90 JavaThread "File watcher consumer" daemon [_thread_blocked, id=2140, stack(0x000000c49d300000,0x000000c49d400000)]
  0x00000218e19760b0 JavaThread "Cache worker for file content cache (C:\Users\HP\.gradle\caches\8.0\fileContent)" [_thread_blocked, id=10012, stack(0x000000c49d600000,0x000000c49d700000)]
  0x00000218e27503a0 JavaThread "Cache worker for execution history cache (C:\Users\HP\.gradle\caches\8.0\executionHistory)" [_thread_blocked, id=5832, stack(0x000000c49d900000,0x000000c49da00000)]
  0x00000218e2752550 JavaThread "jar transforms" [_thread_blocked, id=9552, stack(0x000000c49da00000,0x000000c49db00000)]
  0x00000218e2752a20 JavaThread "jar transforms Thread 2" [_thread_blocked, id=8812, stack(0x000000c49db00000,0x000000c49dc00000)]
  0x00000218e2750d40 JavaThread "Cache worker for kotlin-dsl (C:\Users\HP\.gradle\caches\8.0\kotlin-dsl)" [_thread_blocked, id=684, stack(0x000000c49dc00000,0x000000c49dd00000)]
  0x00000218e2753d60 JavaThread "jar transforms Thread 3" [_thread_blocked, id=6924, stack(0x000000c49dd00000,0x000000c49de00000)]
  0x00000218e2755f10 JavaThread "jar transforms Thread 4" [_thread_blocked, id=1428, stack(0x000000c49df00000,0x000000c49e000000)]
  0x00000218e4228b60 JavaThread "Memory manager" [_thread_blocked, id=8340, stack(0x000000c4a0b00000,0x000000c4a0c00000)]
  0x00000218e6bc4210 JavaThread "Daemon Thread 3" [_thread_blocked, id=3024, stack(0x000000c49ac00000,0x000000c49ad00000)]
  0x00000218e6bc2ed0 JavaThread "Handler for socket connection from /127.0.0.1:49916 to /127.0.0.1:50199" [_thread_in_native, id=7056, stack(0x000000c49ad00000,0x000000c49ae00000)]
  0x00000218e6bc5080 JavaThread "Cancel handler" [_thread_blocked, id=9912, stack(0x000000c49ae00000,0x000000c49af00000)]
  0x00000218e6bc33a0 JavaThread "Daemon worker Thread 3" [_thread_blocked, id=9928, stack(0x000000c49c800000,0x000000c49c900000)]
  0x00000218e62cbcf0 JavaThread "Asynchronous log dispatcher for DefaultDaemonConnection: socket connection from /127.0.0.1:49916 to /127.0.0.1:50199" [_thread_blocked, id=2968, stack(0x000000c49c900000,0x000000c49ca00000)]
  0x00000218e62cae80 JavaThread "Stdin handler" [_thread_blocked, id=3316, stack(0x000000c49ca00000,0x000000c49cb00000)]
  0x00000218e6bc46e0 JavaThread "Daemon client event forwarder" [_thread_blocked, id=9832, stack(0x000000c49cb00000,0x000000c49cc00000)]
  0x00000218e6bc3870 JavaThread "Cache worker for checksums cache (C:\Users\HP\AndroidStudioProjects\CatHouse\.gradle\8.0\checksums)" [_thread_blocked, id=7764, stack(0x000000c49cc00000,0x000000c49cd00000)]
  0x00000218e6bc4bb0 JavaThread "Cache worker for cache directory md-rule (C:\Users\HP\.gradle\caches\8.0\md-rule)" [_thread_blocked, id=3612, stack(0x000000c49cd00000,0x000000c49ce00000)]
  0x00000218e4229500 JavaThread "Cache worker for file hash cache (C:\Users\HP\AndroidStudioProjects\CatHouse\.gradle\8.0\fileHashes)" [_thread_blocked, id=1340, stack(0x000000c49ce00000,0x000000c49cf00000)]
  0x00000218e422c520 JavaThread "Cache worker for cache directory md-supplier (C:\Users\HP\.gradle\caches\8.0\md-supplier)" [_thread_blocked, id=1896, stack(0x000000c49d400000,0x000000c49d500000)]
  0x00000218e422c050 JavaThread "Cache worker for dependencies-accessors (C:\Users\HP\AndroidStudioProjects\CatHouse\.gradle\8.0\dependencies-accessors)" [_thread_blocked, id=988, stack(0x000000c49d500000,0x000000c49d600000)]
  0x00000218e6bc5550 JavaThread "Cache worker for Build Output Cleanup Cache (C:\Users\HP\AndroidStudioProjects\CatHouse\.gradle\buildOutputCleanup)" [_thread_blocked, id=8824, stack(0x000000c49d700000,0x000000c49d800000)]
  0x00000218e6bc2a00 JavaThread "Unconstrained build operations" [_thread_blocked, id=9948, stack(0x000000c49d800000,0x000000c49d900000)]
  0x00000218e6bc3d40 JavaThread "Unconstrained build operations Thread 2" [_thread_blocked, id=6700, stack(0x000000c49de00000,0x000000c49df00000)]
  0x00000218e6bc2060 JavaThread "Unconstrained build operations Thread 3" [_thread_blocked, id=8888, stack(0x000000c49e000000,0x000000c49e100000)]
  0x00000218e6bc2530 JavaThread "Unconstrained build operations Thread 4" [_thread_blocked, id=5096, stack(0x000000c49e100000,0x000000c49e200000)]
  0x00000218e9c4fcf0 JavaThread "Unconstrained build operations Thread 5" [_thread_blocked, id=4776, stack(0x000000c49e200000,0x000000c49e300000)]
  0x00000218e9c4f350 JavaThread "Unconstrained build operations Thread 6" [_thread_blocked, id=2348, stack(0x000000c49e300000,0x000000c49e400000)]
  0x00000218e9c4f820 JavaThread "Unconstrained build operations Thread 7" [_thread_blocked, id=10188, stack(0x000000c49e400000,0x000000c49e500000)]
  0x00000218e9c4e9b0 JavaThread "Unconstrained build operations Thread 8" [_thread_blocked, id=4076, stack(0x000000c49e500000,0x000000c49e600000)]
  0x00000218df67b4e0 JavaThread "Unconstrained build operations Thread 9" [_thread_blocked, id=3212, stack(0x000000c49e600000,0x000000c49e700000)]
  0x00000218df67a1a0 JavaThread "Unconstrained build operations Thread 10" [_thread_blocked, id=1192, stack(0x000000c49e700000,0x000000c49e800000)]
  0x00000218df67a670 JavaThread "Unconstrained build operations Thread 11" [_thread_blocked, id=9264, stack(0x000000c49e800000,0x000000c49e900000)]
  0x00000218df679cd0 JavaThread "Unconstrained build operations Thread 12" [_thread_blocked, id=9528, stack(0x000000c49e900000,0x000000c49ea00000)]
  0x00000218df67d1c0 JavaThread "Unconstrained build operations Thread 13" [_thread_blocked, id=7956, stack(0x000000c49ea00000,0x000000c49eb00000)]
  0x00000218e3dda3a0 JavaThread "Unconstrained build operations Thread 14" [_thread_blocked, id=3216, stack(0x000000c49eb00000,0x000000c49ec00000)]
  0x00000218df67be80 JavaThread "Unconstrained build operations Thread 15" [_thread_blocked, id=3084, stack(0x000000c49ec00000,0x000000c49ed00000)]
  0x00000218df67c350 JavaThread "Unconstrained build operations Thread 16" [_thread_blocked, id=6852, stack(0x000000c49ed00000,0x000000c49ee00000)]
  0x00000218df67ccf0 JavaThread "Unconstrained build operations Thread 17" [_thread_blocked, id=1200, stack(0x000000c49ee00000,0x000000c49ef00000)]
  0x00000218df67c820 JavaThread "Unconstrained build operations Thread 18" [_thread_blocked, id=1608, stack(0x000000c49ef00000,0x000000c49f000000)]
  0x00000218df67ab40 JavaThread "Unconstrained build operations Thread 19" [_thread_blocked, id=6308, stack(0x000000c49f000000,0x000000c49f100000)]
  0x00000218df679800 JavaThread "Unconstrained build operations Thread 20" [_thread_blocked, id=9776, stack(0x000000c49f100000,0x000000c49f200000)]
  0x00000218e3dda870 JavaThread "Unconstrained build operations Thread 21" [_thread_blocked, id=5820, stack(0x000000c49f200000,0x000000c49f300000)]
  0x00000218e3ddc080 JavaThread "Unconstrained build operations Thread 22" [_thread_blocked, id=10032, stack(0x000000c49f300000,0x000000c49f400000)]
  0x00000218e3ddc550 JavaThread "Unconstrained build operations Thread 23" [_thread_blocked, id=9636, stack(0x000000c49f400000,0x000000c49f500000)]
  0x00000218e3ddca20 JavaThread "Unconstrained build operations Thread 24" [_thread_blocked, id=7692, stack(0x000000c49f500000,0x000000c49f600000)]
  0x00000218e3ddad40 JavaThread "Unconstrained build operations Thread 25" [_thread_blocked, id=1132, stack(0x000000c49f600000,0x000000c49f700000)]
  0x00000218e3ddcef0 JavaThread "Unconstrained build operations Thread 26" [_thread_blocked, id=6836, stack(0x000000c49f700000,0x000000c49f800000)]
  0x00000218e3dd9530 JavaThread "Unconstrained build operations Thread 27" [_thread_blocked, id=9012, stack(0x000000c49f800000,0x000000c49f900000)]
  0x00000218e3eaa7c0 JavaThread "Unconstrained build operations Thread 28" [_thread_blocked, id=3000, stack(0x000000c49f900000,0x000000c49fa00000)]
  0x00000218e3ea9480 JavaThread "Unconstrained build operations Thread 29" [_thread_blocked, id=2600, stack(0x000000c49fa00000,0x000000c49fb00000)]
  0x00000218e3eabb00 JavaThread "Unconstrained build operations Thread 30" [_thread_blocked, id=2196, stack(0x000000c49fb00000,0x000000c49fc00000)]
  0x00000218df67b010 JavaThread "Unconstrained build operations Thread 31" [_thread_blocked, id=6708, stack(0x000000c49fc00000,0x000000c49fd00000)]
  0x00000218df67b9b0 JavaThread "Unconstrained build operations Thread 32" [_thread_blocked, id=7576, stack(0x000000c49fd00000,0x000000c49fe00000)]
  0x00000218e3ddbbb0 JavaThread "Unconstrained build operations Thread 33" [_thread_blocked, id=7464, stack(0x000000c49fe00000,0x000000c49ff00000)]
  0x00000218e6a45550 JavaThread "Unconstrained build operations Thread 34" [_thread_blocked, id=9516, stack(0x000000c49ff00000,0x000000c4a0000000)]
  0x00000218e6a433a0 JavaThread "Unconstrained build operations Thread 35" [_thread_blocked, id=7060, stack(0x000000c4a0000000,0x000000c4a0100000)]
  0x00000218e6a43870 JavaThread "Unconstrained build operations Thread 36" [_thread_blocked, id=8092, stack(0x000000c4a0100000,0x000000c4a0200000)]
  0x00000218e3ddb210 JavaThread "Unconstrained build operations Thread 37" [_thread_blocked, id=5076, stack(0x000000c4a0200000,0x000000c4a0300000)]
  0x00000218e3eabfd0 JavaThread "Unconstrained build operations Thread 38" [_thread_blocked, id=2816, stack(0x000000c4a0300000,0x000000c4a0400000)]
  0x00000218e3eac4a0 JavaThread "Unconstrained build operations Thread 39" [_thread_blocked, id=2068, stack(0x000000c4a0400000,0x000000c4a0500000)]
  0x00000218e3eac970 JavaThread "Unconstrained build operations Thread 40" [_thread_blocked, id=5500, stack(0x000000c4a0500000,0x000000c4a0600000)]
  0x00000218e6a42060 JavaThread "build event listener" [_thread_blocked, id=1128, stack(0x000000c4a0600000,0x000000c4a0700000)]
  0x00000218e6a45080 JavaThread "build event listener" [_thread_blocked, id=9212, stack(0x000000c4a0700000,0x000000c4a0800000)]
  0x00000218e6a44210 JavaThread "build event listener" [_thread_blocked, id=8564, stack(0x000000c4a0800000,0x000000c4a0900000)]
  0x00000218e6a42a00 JavaThread "included builds" [_thread_blocked, id=9308, stack(0x000000c4a0900000,0x000000c4a0a00000)]
  0x00000218e422cec0 JavaThread "Execution worker" [_thread_blocked, id=7324, stack(0x000000c4a0a00000,0x000000c4a0b00000)]
  0x00000218e4228690 JavaThread "Execution worker Thread 2" [_thread_blocked, id=4200, stack(0x000000c4a0c00000,0x000000c4a0d00000)]
  0x00000218e422d390 JavaThread "Execution worker Thread 3" [_thread_blocked, id=4480, stack(0x000000c4a0d00000,0x000000c4a0e00000)]
  0x00000218e422dd30 JavaThread "Cache worker for execution history cache (C:\Users\HP\AndroidStudioProjects\CatHouse\.gradle\8.0\executionHistory)" [_thread_blocked, id=7684, stack(0x000000c4a0e00000,0x000000c4a0f00000)]
  0x00000218e6a42ed0 JavaThread "WorkerExecutor Queue" [_thread_blocked, id=5316, stack(0x000000c4a0f00000,0x000000c4a1000000)]
  0x00000218e3eab630 JavaThread "WorkerExecutor Queue Thread 2" [_thread_blocked, id=4280, stack(0x000000c4a1000000,0x000000c4a1100000)]
  0x00000218e3eaa2f0 JavaThread "WorkerExecutor Queue Thread 3" [_thread_blocked, id=8924, stack(0x000000c4a1100000,0x000000c4a1200000)]
  0x00000218e3eab160 JavaThread "WorkerExecutor Queue Thread 4" [_thread_blocked, id=7152, stack(0x000000c4a1200000,0x000000c4a1300000)]

Other Threads:
=>0x00000218c534e860 VMThread "VM Thread" [stack: 0x000000c49b500000,0x000000c49b600000] [id=7004]
  0x00000218c52f2080 WatcherThread [stack: 0x000000c49c100000,0x000000c49c200000] [id=10096]
  0x00000218c52d7e40 GCTaskThread "GC Thread#0" [stack: 0x000000c49b000000,0x000000c49b100000] [id=9880]
  0x00000218dfab7410 GCTaskThread "GC Thread#1" [stack: 0x000000c49c200000,0x000000c49c300000] [id=7300]
  0x00000218dff8b830 GCTaskThread "GC Thread#2" [stack: 0x000000c49c300000,0x000000c49c400000] [id=4516]
  0x00000218df66ca70 GCTaskThread "GC Thread#3" [stack: 0x000000c49c400000,0x000000c49c500000] [id=2680]
  0x00000218c52e8c90 ConcurrentGCThread "G1 Main Marker" [stack: 0x000000c49b100000,0x000000c49b200000] [id=5192]
  0x00000218c52e9d50 ConcurrentGCThread "G1 Conc#0" [stack: 0x000000c49b200000,0x000000c49b300000] [id=5388]
  0x00000218c5329960 ConcurrentGCThread "G1 Refine#0" [stack: 0x000000c49b300000,0x000000c49b400000] [id=8744]
  0x00000218df9e0b30 ConcurrentGCThread "G1 Refine#1" [stack: 0x000000c4a1600000,0x000000c4a1700000] [id=9896]
  0x00000218df9e10f0 ConcurrentGCThread "G1 Refine#2" [stack: 0x000000c4a1700000,0x000000c4a1800000] [id=7788]
  0x00000218e22e4bd0 ConcurrentGCThread "G1 Refine#3" [stack: 0x000000c4a1800000,0x000000c4a1900000] [id=4068]
  0x00000218c532b6a0 ConcurrentGCThread "G1 Service" [stack: 0x000000c49b400000,0x000000c49b500000] [id=9472]

Threads with active compile tasks:
C2 CompilerThread0  1848319 18557       4       java.io.ObjectOutputStream::writeClassDesc (60 bytes)

VM state: at safepoint (normal execution)

VM Mutex/Monitor currently owned by a thread:  ([mutex/lock_event])
[0x00000218c5275ac0] Threads_lock - owner thread: 0x00000218c534e860
[0x00000218c5274b90] Heap_lock - owner thread: 0x00000218e3eab630

Heap address: 0x0000000080000000, size: 2048 MB, Compressed Oops mode: 32-bit

CDS archive(s) not mapped
Compressed class space mapped at: 0x0000000100000000-0x0000000140000000, reserved size: 1073741824
Narrow klass base: 0x0000000000000000, Narrow klass shift: 3, Narrow klass range: 0x140000000

GC Precious Log:
 CPUs: 4 total, 4 available
 Memory: 3499M
 Large Page Support: Disabled
 NUMA Support: Disabled
 Compressed Oops: Enabled (32-bit)
 Heap Region Size: 1M
 Heap Min Capacity: 8M
 Heap Initial Capacity: 56M
 Heap Max Capacity: 2G
 Pre-touch: Disabled
 Parallel Workers: 4
 Concurrent Workers: 1
 Concurrent Refinement Workers: 4
 Periodic GC: Disabled

Heap:
 garbage-first heap   total 340992K, used 192123K [0x0000000080000000, 0x0000000100000000)
  region size 1024K, 7 young (7168K), 7 survivors (7168K)
 Metaspace       used 110388K, committed 111296K, reserved 1146880K
  class space    used 14465K, committed 14912K, reserved 1048576K

Heap Regions: E=young(eden), S=young(survivor), O=old, HS=humongous(starts), HC=humongous(continues), CS=collection set, F=free, OA=open archive, CA=closed archive, TAMS=top-at-mark-start (previous, next)
|   0|0x0000000080000000, 0x0000000080100000, 0x0000000080100000|100%| O|  |TAMS 0x0000000080100000, 0x0000000080000000| Untracked 
|   1|0x0000000080100000, 0x0000000080200000, 0x0000000080200000|100%| O|  |TAMS 0x0000000080200000, 0x0000000080100000| Untracked 
|   2|0x0000000080200000, 0x0000000080300000, 0x0000000080300000|100%|HS|  |TAMS 0x0000000080300000, 0x0000000080200000| Complete 
|   3|0x0000000080300000, 0x0000000080400000, 0x0000000080400000|100%|HC|  |TAMS 0x0000000080400000, 0x0000000080300000| Complete 
|   4|0x0000000080400000, 0x0000000080500000, 0x0000000080500000|100%|HC|  |TAMS 0x0000000080500000, 0x0000000080400000| Complete 
|   5|0x0000000080500000, 0x0000000080600000, 0x0000000080600000|100%|HC|  |TAMS 0x0000000080600000, 0x0000000080500000| Complete 
|   6|0x0000000080600000, 0x0000000080700000, 0x0000000080700000|100%| O|  |TAMS 0x0000000080700000, 0x0000000080600000| Untracked 
|   7|0x0000000080700000, 0x0000000080800000, 0x0000000080800000|100%| O|  |TAMS 0x0000000080800000, 0x0000000080700000| Untracked 
|   8|0x0000000080800000, 0x0000000080900000, 0x0000000080900000|100%| O|  |TAMS 0x0000000080900000, 0x0000000080800000| Untracked 
|   9|0x0000000080900000, 0x0000000080a00000, 0x0000000080a00000|100%| O|  |TAMS 0x0000000080a00000, 0x0000000080900000| Untracked 
|  10|0x0000000080a00000, 0x0000000080b00000, 0x0000000080b00000|100%| O|  |TAMS 0x0000000080b00000, 0x0000000080a00000| Untracked 
|  11|0x0000000080b00000, 0x0000000080c00000, 0x0000000080c00000|100%| O|  |TAMS 0x0000000080c00000, 0x0000000080b00000| Untracked 
|  12|0x0000000080c00000, 0x0000000080d00000, 0x0000000080d00000|100%| O|  |TAMS 0x0000000080d00000, 0x0000000080c00000| Untracked 
|  13|0x0000000080d00000, 0x0000000080e00000, 0x0000000080e00000|100%| O|  |TAMS 0x0000000080e00000, 0x0000000080d00000| Untracked 
|  14|0x0000000080e00000, 0x0000000080f00000, 0x0000000080f00000|100%| O|  |TAMS 0x0000000080f00000, 0x0000000080e00000| Untracked 
|  15|0x0000000080f00000, 0x0000000081000000, 0x0000000081000000|100%| O|  |TAMS 0x0000000081000000, 0x0000000080f00000| Untracked 
|  16|0x0000000081000000, 0x0000000081100000, 0x0000000081100000|100%| O|  |TAMS 0x0000000081100000, 0x0000000081000000| Untracked 
|  17|0x0000000081100000, 0x0000000081200000, 0x0000000081200000|100%| O|  |TAMS 0x0000000081200000, 0x0000000081100000| Untracked 
|  18|0x0000000081200000, 0x0000000081300000, 0x0000000081300000|100%| O|  |TAMS 0x0000000081300000, 0x0000000081200000| Untracked 
|  19|0x0000000081300000, 0x0000000081400000, 0x0000000081400000|100%| O|  |TAMS 0x0000000081400000, 0x0000000081300000| Untracked 
|  20|0x0000000081400000, 0x0000000081500000, 0x0000000081500000|100%| O|  |TAMS 0x0000000081500000, 0x0000000081400000| Untracked 
|  21|0x0000000081500000, 0x0000000081600000, 0x0000000081600000|100%| O|  |TAMS 0x0000000081600000, 0x0000000081500000| Untracked 
|  22|0x0000000081600000, 0x0000000081700000, 0x0000000081700000|100%| O|  |TAMS 0x0000000081700000, 0x0000000081600000| Untracked 
|  23|0x0000000081700000, 0x0000000081800000, 0x0000000081800000|100%| O|  |TAMS 0x0000000081800000, 0x0000000081700000| Untracked 
|  24|0x0000000081800000, 0x0000000081900000, 0x0000000081900000|100%| O|  |TAMS 0x0000000081900000, 0x0000000081800000| Untracked 
|  25|0x0000000081900000, 0x0000000081a00000, 0x0000000081a00000|100%| O|  |TAMS 0x0000000081a00000, 0x0000000081900000| Untracked 
|  26|0x0000000081a00000, 0x0000000081b00000, 0x0000000081b00000|100%| O|  |TAMS 0x0000000081b00000, 0x0000000081a00000| Untracked 
|  27|0x0000000081b00000, 0x0000000081c00000, 0x0000000081c00000|100%| O|  |TAMS 0x0000000081c00000, 0x0000000081b00000| Untracked 
|  28|0x0000000081c00000, 0x0000000081d00000, 0x0000000081d00000|100%| O|  |TAMS 0x0000000081d00000, 0x0000000081c00000| Untracked 
|  29|0x0000000081d00000, 0x0000000081e00000, 0x0000000081e00000|100%| O|  |TAMS 0x0000000081e00000, 0x0000000081d00000| Untracked 
|  30|0x0000000081e00000, 0x0000000081f00000, 0x0000000081f00000|100%| O|  |TAMS 0x0000000081f00000, 0x0000000081e00000| Untracked 
|  31|0x0000000081f00000, 0x0000000082000000, 0x0000000082000000|100%| O|  |TAMS 0x0000000082000000, 0x0000000081f00000| Untracked 
|  32|0x0000000082000000, 0x0000000082100000, 0x0000000082100000|100%| O|  |TAMS 0x0000000082100000, 0x0000000082000000| Untracked 
|  33|0x0000000082100000, 0x0000000082200000, 0x0000000082200000|100%| O|  |TAMS 0x0000000082200000, 0x0000000082100000| Untracked 
|  34|0x0000000082200000, 0x0000000082300000, 0x0000000082300000|100%| O|  |TAMS 0x0000000082300000, 0x0000000082200000| Untracked 
|  35|0x0000000082300000, 0x0000000082400000, 0x0000000082400000|100%|HS|  |TAMS 0x0000000082400000, 0x0000000082300000| Complete 
|  36|0x0000000082400000, 0x0000000082500000, 0x0000000082500000|100%|HS|  |TAMS 0x0000000082500000, 0x0000000082400000| Complete 
|  37|0x0000000082500000, 0x0000000082600000, 0x0000000082600000|100%|HS|  |TAMS 0x0000000082600000, 0x0000000082500000| Complete 
|  38|0x0000000082600000, 0x0000000082700000, 0x0000000082700000|100%|HC|  |TAMS 0x0000000082700000, 0x0000000082600000| Complete 
|  39|0x0000000082700000, 0x0000000082800000, 0x0000000082800000|100%|HS|  |TAMS 0x0000000082800000, 0x0000000082700000| Complete 
|  40|0x0000000082800000, 0x0000000082900000, 0x0000000082900000|100%| O|  |TAMS 0x0000000082900000, 0x0000000082800000| Untracked 
|  41|0x0000000082900000, 0x0000000082a00000, 0x0000000082a00000|100%| O|  |TAMS 0x0000000082a00000, 0x0000000082900000| Untracked 
|  42|0x0000000082a00000, 0x0000000082b00000, 0x0000000082b00000|100%| O|  |TAMS 0x0000000082b00000, 0x0000000082a00000| Untracked 
|  43|0x0000000082b00000, 0x0000000082c00000, 0x0000000082c00000|100%|HS|  |TAMS 0x0000000082c00000, 0x0000000082b00000| Complete 
|  44|0x0000000082c00000, 0x0000000082d00000, 0x0000000082d00000|100%|HC|  |TAMS 0x0000000082d00000, 0x0000000082c00000| Complete 
|  45|0x0000000082d00000, 0x0000000082e00000, 0x0000000082e00000|100%|HC|  |TAMS 0x0000000082e00000, 0x0000000082d00000| Complete 
|  46|0x0000000082e00000, 0x0000000082f00000, 0x0000000082f00000|100%|HC|  |TAMS 0x0000000082f00000, 0x0000000082e00000| Complete 
|  47|0x0000000082f00000, 0x0000000083000000, 0x0000000083000000|100%| O|  |TAMS 0x0000000083000000, 0x0000000082f00000| Untracked 
|  48|0x0000000083000000, 0x0000000083100000, 0x0000000083100000|100%| O|  |TAMS 0x0000000083100000, 0x0000000083000000| Untracked 
|  49|0x0000000083100000, 0x0000000083200000, 0x0000000083200000|100%| O|  |TAMS 0x0000000083200000, 0x0000000083100000| Untracked 
|  50|0x0000000083200000, 0x0000000083300000, 0x0000000083300000|100%| O|  |TAMS 0x0000000083300000, 0x0000000083200000| Untracked 
|  51|0x0000000083300000, 0x0000000083400000, 0x0000000083400000|100%| O|  |TAMS 0x0000000083400000, 0x0000000083300000| Untracked 
|  52|0x0000000083400000, 0x0000000083500000, 0x0000000083500000|100%| O|  |TAMS 0x0000000083500000, 0x0000000083400000| Untracked 
|  53|0x0000000083500000, 0x0000000083600000, 0x0000000083600000|100%| O|  |TAMS 0x0000000083600000, 0x0000000083500000| Untracked 
|  54|0x0000000083600000, 0x0000000083700000, 0x0000000083700000|100%| O|  |TAMS 0x0000000083700000, 0x0000000083600000| Untracked 
|  55|0x0000000083700000, 0x0000000083800000, 0x0000000083800000|100%| O|  |TAMS 0x0000000083800000, 0x0000000083700000| Untracked 
|  56|0x0000000083800000, 0x0000000083900000, 0x0000000083900000|100%| O|  |TAMS 0x0000000083900000, 0x0000000083800000| Untracked 
|  57|0x0000000083900000, 0x0000000083a00000, 0x0000000083a00000|100%| O|  |TAMS 0x0000000083a00000, 0x0000000083900000| Untracked 
|  58|0x0000000083a00000, 0x0000000083b00000, 0x0000000083b00000|100%| O|  |TAMS 0x0000000083b00000, 0x0000000083a00000| Untracked 
|  59|0x0000000083b00000, 0x0000000083c00000, 0x0000000083c00000|100%| O|  |TAMS 0x0000000083c00000, 0x0000000083b00000| Untracked 
|  60|0x0000000083c00000, 0x0000000083d00000, 0x0000000083d00000|100%| O|  |TAMS 0x0000000083d00000, 0x0000000083c00000| Untracked 
|  61|0x0000000083d00000, 0x0000000083e00000, 0x0000000083e00000|100%| O|  |TAMS 0x0000000083e00000, 0x0000000083d00000| Untracked 
|  62|0x0000000083e00000, 0x0000000083f00000, 0x0000000083f00000|100%| O|  |TAMS 0x0000000083f00000, 0x0000000083e00000| Untracked 
|  63|0x0000000083f00000, 0x0000000084000000, 0x0000000084000000|100%| O|  |TAMS 0x0000000084000000, 0x0000000083f00000| Untracked 
|  64|0x0000000084000000, 0x0000000084100000, 0x0000000084100000|100%| O|  |TAMS 0x0000000084100000, 0x0000000084000000| Untracked 
|  65|0x0000000084100000, 0x0000000084200000, 0x0000000084200000|100%| O|  |TAMS 0x0000000084200000, 0x0000000084100000| Untracked 
|  66|0x0000000084200000, 0x0000000084300000, 0x0000000084300000|100%| O|  |TAMS 0x0000000084300000, 0x0000000084200000| Untracked 
|  67|0x0000000084300000, 0x0000000084400000, 0x0000000084400000|100%| O|  |TAMS 0x0000000084400000, 0x0000000084300000| Untracked 
|  68|0x0000000084400000, 0x0000000084500000, 0x0000000084500000|100%| O|  |TAMS 0x0000000084500000, 0x0000000084400000| Untracked 
|  69|0x0000000084500000, 0x0000000084600000, 0x0000000084600000|100%| O|  |TAMS 0x0000000084600000, 0x0000000084500000| Untracked 
|  70|0x0000000084600000, 0x0000000084700000, 0x0000000084700000|100%| O|  |TAMS 0x0000000084700000, 0x0000000084600000| Untracked 
|  71|0x0000000084700000, 0x0000000084800000, 0x0000000084800000|100%| O|  |TAMS 0x0000000084800000, 0x0000000084700000| Untracked 
|  72|0x0000000084800000, 0x0000000084900000, 0x0000000084900000|100%| O|  |TAMS 0x0000000084900000, 0x0000000084800000| Untracked 
|  73|0x0000000084900000, 0x0000000084a00000, 0x0000000084a00000|100%| O|  |TAMS 0x0000000084a00000, 0x0000000084900000| Untracked 
|  74|0x0000000084a00000, 0x0000000084b00000, 0x0000000084b00000|100%| O|  |TAMS 0x0000000084b00000, 0x0000000084a00000| Untracked 
|  75|0x0000000084b00000, 0x0000000084c00000, 0x0000000084c00000|100%| O|  |TAMS 0x0000000084c00000, 0x0000000084b00000| Untracked 
|  76|0x0000000084c00000, 0x0000000084d00000, 0x0000000084d00000|100%| O|  |TAMS 0x0000000084d00000, 0x0000000084c00000| Untracked 
|  77|0x0000000084d00000, 0x0000000084e00000, 0x0000000084e00000|100%| O|  |TAMS 0x0000000084e00000, 0x0000000084d00000| Untracked 
|  78|0x0000000084e00000, 0x0000000084f00000, 0x0000000084f00000|100%| O|  |TAMS 0x0000000084e00000, 0x0000000084e00000| Untracked 
|  79|0x0000000084f00000, 0x0000000085000000, 0x0000000085000000|100%| O|  |TAMS 0x0000000084f00000, 0x0000000084f00000| Untracked 
|  80|0x0000000085000000, 0x0000000085100000, 0x0000000085100000|100%| O|  |TAMS 0x0000000085000000, 0x0000000085000000| Untracked 
|  81|0x0000000085100000, 0x0000000085200000, 0x0000000085200000|100%| O|  |TAMS 0x0000000085100000, 0x0000000085100000| Untracked 
|  82|0x0000000085200000, 0x0000000085300000, 0x0000000085300000|100%| O|  |TAMS 0x0000000085200000, 0x0000000085200000| Untracked 
|  83|0x0000000085300000, 0x0000000085400000, 0x0000000085400000|100%| O|  |TAMS 0x0000000085300000, 0x0000000085300000| Untracked 
|  84|0x0000000085400000, 0x0000000085500000, 0x0000000085500000|100%| O|  |TAMS 0x0000000085400000, 0x0000000085400000| Untracked 
|  85|0x0000000085500000, 0x0000000085600000, 0x0000000085600000|100%| O|  |TAMS 0x0000000085500000, 0x0000000085500000| Untracked 
|  86|0x0000000085600000, 0x0000000085700000, 0x0000000085700000|100%| O|  |TAMS 0x0000000085600000, 0x0000000085600000| Untracked 
|  87|0x0000000085700000, 0x0000000085800000, 0x0000000085800000|100%| O|  |TAMS 0x0000000085700000, 0x0000000085700000| Untracked 
|  88|0x0000000085800000, 0x0000000085900000, 0x0000000085900000|100%| O|  |TAMS 0x0000000085900000, 0x0000000085800000| Untracked 
|  89|0x0000000085900000, 0x0000000085a00000, 0x0000000085a00000|100%| O|  |TAMS 0x0000000085a00000, 0x0000000085900000| Untracked 
|  90|0x0000000085a00000, 0x0000000085b00000, 0x0000000085b00000|100%| O|  |TAMS 0x0000000085b00000, 0x0000000085a00000| Untracked 
|  91|0x0000000085b00000, 0x0000000085c00000, 0x0000000085c00000|100%| O|  |TAMS 0x0000000085c00000, 0x0000000085b00000| Untracked 
|  92|0x0000000085c00000, 0x0000000085d00000, 0x0000000085d00000|100%| O|  |TAMS 0x0000000085d00000, 0x0000000085c00000| Untracked 
|  93|0x0000000085d00000, 0x0000000085e00000, 0x0000000085e00000|100%| O|  |TAMS 0x0000000085e00000, 0x0000000085d00000| Untracked 
|  94|0x0000000085e00000, 0x0000000085f00000, 0x0000000085f00000|100%| O|  |TAMS 0x0000000085f00000, 0x0000000085e00000| Untracked 
|  95|0x0000000085f00000, 0x0000000086000000, 0x0000000086000000|100%| O|  |TAMS 0x0000000085f00000, 0x0000000085f00000| Untracked 
|  96|0x0000000086000000, 0x0000000086100000, 0x0000000086100000|100%| O|  |TAMS 0x0000000086100000, 0x0000000086000000| Untracked 
|  97|0x0000000086100000, 0x0000000086200000, 0x0000000086200000|100%| O|  |TAMS 0x0000000086100000, 0x0000000086100000| Untracked 
|  98|0x0000000086200000, 0x0000000086300000, 0x0000000086300000|100%| O|  |TAMS 0x0000000086300000, 0x0000000086200000| Untracked 
|  99|0x0000000086300000, 0x0000000086400000, 0x0000000086400000|100%| O|  |TAMS 0x0000000086300000, 0x0000000086300000| Untracked 
| 100|0x0000000086400000, 0x0000000086500000, 0x0000000086500000|100%| O|  |TAMS 0x0000000086400000, 0x0000000086400000| Untracked 
| 101|0x0000000086500000, 0x0000000086600000, 0x0000000086600000|100%| O|  |TAMS 0x0000000086500000, 0x0000000086500000| Untracked 
| 102|0x0000000086600000, 0x0000000086700000, 0x0000000086700000|100%| O|  |TAMS 0x0000000086600000, 0x0000000086600000| Untracked 
| 103|0x0000000086700000, 0x0000000086800000, 0x0000000086800000|100%| O|  |TAMS 0x0000000086700000, 0x0000000086700000| Untracked 
| 104|0x0000000086800000, 0x0000000086900000, 0x0000000086900000|100%| O|  |TAMS 0x0000000086800000, 0x0000000086800000| Untracked 
| 105|0x0000000086900000, 0x0000000086a00000, 0x0000000086a00000|100%| O|  |TAMS 0x0000000086900000, 0x0000000086900000| Untracked 
| 106|0x0000000086a00000, 0x0000000086b00000, 0x0000000086b00000|100%| O|  |TAMS 0x0000000086a00000, 0x0000000086a00000| Untracked 
| 107|0x0000000086b00000, 0x0000000086c00000, 0x0000000086c00000|100%| O|  |TAMS 0x0000000086b00000, 0x0000000086b00000| Untracked 
| 108|0x0000000086c00000, 0x0000000086d00000, 0x0000000086d00000|100%| O|  |TAMS 0x0000000086c00000, 0x0000000086c00000| Untracked 
| 109|0x0000000086d00000, 0x0000000086e00000, 0x0000000086e00000|100%| O|  |TAMS 0x0000000086d00000, 0x0000000086d00000| Untracked 
| 110|0x0000000086e00000, 0x0000000086f00000, 0x0000000086f00000|100%| O|  |TAMS 0x0000000086e00000, 0x0000000086e00000| Untracked 
| 111|0x0000000086f00000, 0x0000000087000000, 0x0000000087000000|100%| O|  |TAMS 0x0000000086f00000, 0x0000000086f00000| Untracked 
| 112|0x0000000087000000, 0x0000000087100000, 0x0000000087100000|100%| O|  |TAMS 0x0000000087000000, 0x0000000087000000| Untracked 
| 113|0x0000000087100000, 0x0000000087200000, 0x0000000087200000|100%| O|  |TAMS 0x0000000087100000, 0x0000000087100000| Untracked 
| 114|0x0000000087200000, 0x0000000087300000, 0x0000000087300000|100%| O|  |TAMS 0x0000000087200000, 0x0000000087200000| Untracked 
| 115|0x0000000087300000, 0x0000000087400000, 0x0000000087400000|100%|HS|  |TAMS 0x0000000087300000, 0x0000000087300000| Complete 
| 116|0x0000000087400000, 0x0000000087500000, 0x0000000087500000|100%|HC|  |TAMS 0x0000000087400000, 0x0000000087400000| Complete 
| 117|0x0000000087500000, 0x0000000087600000, 0x0000000087600000|100%| O|  |TAMS 0x0000000087500000, 0x0000000087500000| Untracked 
| 118|0x0000000087600000, 0x0000000087700000, 0x0000000087700000|100%| O|  |TAMS 0x0000000087600000, 0x0000000087600000| Untracked 
| 119|0x0000000087700000, 0x0000000087800000, 0x0000000087800000|100%| O|  |TAMS 0x0000000087800000, 0x0000000087700000| Untracked 
| 120|0x0000000087800000, 0x0000000087900000, 0x0000000087900000|100%| O|  |TAMS 0x0000000087900000, 0x0000000087800000| Untracked 
| 121|0x0000000087900000, 0x0000000087a00000, 0x0000000087a00000|100%| O|  |TAMS 0x0000000087a00000, 0x0000000087900000| Untracked 
| 122|0x0000000087a00000, 0x0000000087b00000, 0x0000000087b00000|100%| O|  |TAMS 0x0000000087b00000, 0x0000000087a00000| Untracked 
| 123|0x0000000087b00000, 0x0000000087c00000, 0x0000000087c00000|100%| O|  |TAMS 0x0000000087c00000, 0x0000000087b00000| Untracked 
| 124|0x0000000087c00000, 0x0000000087d00000, 0x0000000087d00000|100%| O|  |TAMS 0x0000000087d00000, 0x0000000087c00000| Untracked 
| 125|0x0000000087d00000, 0x0000000087e00000, 0x0000000087e00000|100%| O|  |TAMS 0x0000000087d00000, 0x0000000087d00000| Untracked 
| 126|0x0000000087e00000, 0x0000000087f00000, 0x0000000087f00000|100%| O|  |TAMS 0x0000000087f00000, 0x0000000087e00000| Untracked 
| 127|0x0000000087f00000, 0x0000000088000000, 0x0000000088000000|100%| O|  |TAMS 0x0000000087f00000, 0x0000000087f00000| Untracked 
| 128|0x0000000088000000, 0x0000000088100000, 0x0000000088100000|100%| O|  |TAMS 0x0000000088000000, 0x0000000088000000| Untracked 
| 129|0x0000000088100000, 0x0000000088200000, 0x0000000088200000|100%| O|  |TAMS 0x0000000088100000, 0x0000000088100000| Untracked 
| 130|0x0000000088200000, 0x0000000088300000, 0x0000000088300000|100%| O|  |TAMS 0x0000000088200000, 0x0000000088200000| Untracked 
| 131|0x0000000088300000, 0x0000000088400000, 0x0000000088400000|100%| O|  |TAMS 0x0000000088300000, 0x0000000088300000| Untracked 
| 132|0x0000000088400000, 0x0000000088500000, 0x0000000088500000|100%| O|  |TAMS 0x0000000088400000, 0x0000000088400000| Untracked 
| 133|0x0000000088500000, 0x0000000088600000, 0x0000000088600000|100%| O|  |TAMS 0x0000000088500000, 0x0000000088500000| Untracked 
| 134|0x0000000088600000, 0x0000000088700000, 0x0000000088700000|100%|HS|  |TAMS 0x0000000088700000, 0x0000000088600000| Complete 
| 135|0x0000000088700000, 0x0000000088800000, 0x0000000088800000|100%|HC|  |TAMS 0x0000000088800000, 0x0000000088700000| Complete 
| 136|0x0000000088800000, 0x0000000088900000, 0x0000000088900000|100%| O|  |TAMS 0x0000000088900000, 0x0000000088800000| Untracked 
| 137|0x0000000088900000, 0x0000000088a00000, 0x0000000088a00000|100%| O|  |TAMS 0x0000000088a00000, 0x0000000088900000| Untracked 
| 138|0x0000000088a00000, 0x0000000088b00000, 0x0000000088b00000|100%| O|  |TAMS 0x0000000088b00000, 0x0000000088a00000| Untracked 
| 139|0x0000000088b00000, 0x0000000088c00000, 0x0000000088c00000|100%| O|  |TAMS 0x0000000088b00000, 0x0000000088b00000| Untracked 
| 140|0x0000000088c00000, 0x0000000088d00000, 0x0000000088d00000|100%| O|  |TAMS 0x0000000088c00000, 0x0000000088c00000| Untracked 
| 141|0x0000000088d00000, 0x0000000088e00000, 0x0000000088e00000|100%| O|  |TAMS 0x0000000088d00000, 0x0000000088d00000| Untracked 
| 142|0x0000000088e00000, 0x0000000088f00000, 0x0000000088f00000|100%| O|  |TAMS 0x0000000088e00000, 0x0000000088e00000| Untracked 
| 143|0x0000000088f00000, 0x0000000089000000, 0x0000000089000000|100%| O|  |TAMS 0x0000000088f00000, 0x0000000088f00000| Untracked 
| 144|0x0000000089000000, 0x0000000089100000, 0x0000000089100000|100%| O|  |TAMS 0x0000000089000000, 0x0000000089000000| Untracked 
| 145|0x0000000089100000, 0x0000000089200000, 0x0000000089200000|100%| O|  |TAMS 0x0000000089100000, 0x0000000089100000| Untracked 
| 146|0x0000000089200000, 0x0000000089300000, 0x0000000089300000|100%| O|  |TAMS 0x0000000089200000, 0x0000000089200000| Untracked 
| 147|0x0000000089300000, 0x0000000089400000, 0x0000000089400000|100%| O|  |TAMS 0x0000000089300000, 0x0000000089300000| Untracked 
| 148|0x0000000089400000, 0x0000000089500000, 0x0000000089500000|100%| O|  |TAMS 0x0000000089500000, 0x0000000089400000| Untracked 
| 149|0x0000000089500000, 0x0000000089600000, 0x0000000089600000|100%| O|  |TAMS 0x0000000089500000, 0x0000000089500000| Untracked 
| 150|0x0000000089600000, 0x0000000089700000, 0x0000000089700000|100%| O|  |TAMS 0x0000000089700000, 0x0000000089600000| Untracked 
| 151|0x0000000089700000, 0x0000000089800000, 0x0000000089800000|100%| O|  |TAMS 0x0000000089800000, 0x0000000089700000| Untracked 
| 152|0x0000000089800000, 0x0000000089900000, 0x0000000089900000|100%| O|  |TAMS 0x0000000089900000, 0x0000000089800000| Untracked 
| 153|0x0000000089900000, 0x0000000089a00000, 0x0000000089a00000|100%| O|  |TAMS 0x0000000089a00000, 0x0000000089900000| Untracked 
| 154|0x0000000089a00000, 0x0000000089b00000, 0x0000000089b00000|100%| O|  |TAMS 0x0000000089b00000, 0x0000000089a00000| Untracked 
| 155|0x0000000089b00000, 0x0000000089c00000, 0x0000000089c00000|100%| O|  |TAMS 0x0000000089c00000, 0x0000000089b00000| Untracked 
| 156|0x0000000089c00000, 0x0000000089d00000, 0x0000000089d00000|100%| O|  |TAMS 0x0000000089d00000, 0x0000000089c00000| Untracked 
| 157|0x0000000089d00000, 0x0000000089e00000, 0x0000000089e00000|100%| O|  |TAMS 0x0000000089e00000, 0x0000000089d00000| Untracked 
| 158|0x0000000089e00000, 0x0000000089f00000, 0x0000000089f00000|100%| O|  |TAMS 0x0000000089f00000, 0x0000000089e00000| Untracked 
| 159|0x0000000089f00000, 0x000000008a000000, 0x000000008a000000|100%| O|  |TAMS 0x000000008a000000, 0x0000000089f00000| Untracked 
| 160|0x000000008a000000, 0x000000008a100000, 0x000000008a100000|100%| O|  |TAMS 0x000000008a100000, 0x000000008a000000| Untracked 
| 161|0x000000008a100000, 0x000000008a200000, 0x000000008a200000|100%| O|  |TAMS 0x000000008a100000, 0x000000008a100000| Untracked 
| 162|0x000000008a200000, 0x000000008a300000, 0x000000008a300000|100%| O|  |TAMS 0x000000008a300000, 0x000000008a200000| Untracked 
| 163|0x000000008a300000, 0x000000008a400000, 0x000000008a400000|100%| O|  |TAMS 0x000000008a400000, 0x000000008a300000| Untracked 
| 164|0x000000008a400000, 0x000000008a500000, 0x000000008a500000|100%| O|  |TAMS 0x000000008a500000, 0x000000008a400000| Untracked 
| 165|0x000000008a500000, 0x000000008a600000, 0x000000008a600000|100%| O|  |TAMS 0x000000008a600000, 0x000000008a500000| Untracked 
| 166|0x000000008a600000, 0x000000008a700000, 0x000000008a700000|100%| O|  |TAMS 0x000000008a600000, 0x000000008a600000| Untracked 
| 167|0x000000008a700000, 0x000000008a800000, 0x000000008a800000|100%| O|  |TAMS 0x000000008a700000, 0x000000008a700000| Untracked 
| 168|0x000000008a800000, 0x000000008a900000, 0x000000008a900000|100%| O|  |TAMS 0x000000008a800000, 0x000000008a800000| Untracked 
| 169|0x000000008a900000, 0x000000008aa00000, 0x000000008aa00000|100%| O|  |TAMS 0x000000008a900000, 0x000000008a900000| Untracked 
| 170|0x000000008aa00000, 0x000000008ab00000, 0x000000008ab00000|100%| O|  |TAMS 0x000000008ab00000, 0x000000008aa00000| Untracked 
| 171|0x000000008ab00000, 0x000000008ac00000, 0x000000008ac00000|100%| O|  |TAMS 0x000000008ac00000, 0x000000008ab00000| Untracked 
| 172|0x000000008ac00000, 0x000000008ad00000, 0x000000008ad00000|100%| O|  |TAMS 0x000000008ac00000, 0x000000008ac00000| Untracked 
| 173|0x000000008ad00000, 0x000000008ae00000, 0x000000008ae00000|100%| O|  |TAMS 0x000000008ad00000, 0x000000008ad00000| Untracked 
| 174|0x000000008ae00000, 0x000000008af00000, 0x000000008af00000|100%| O|  |TAMS 0x000000008ae00000, 0x000000008ae00000| Untracked 
| 175|0x000000008af00000, 0x000000008af50c00, 0x000000008b000000| 31%| O|  |TAMS 0x000000008af00000, 0x000000008af00000| Untracked 
| 176|0x000000008b000000, 0x000000008b100000, 0x000000008b100000|100%| O|  |TAMS 0x000000008b000000, 0x000000008b000000| Untracked 
| 177|0x000000008b100000, 0x000000008b200000, 0x000000008b200000|100%| O|  |TAMS 0x000000008b100000, 0x000000008b100000| Untracked 
| 178|0x000000008b200000, 0x000000008b300000, 0x000000008b300000|100%| O|  |TAMS 0x000000008b200000, 0x000000008b200000| Untracked 
| 179|0x000000008b300000, 0x000000008b400000, 0x000000008b400000|100%| O|  |TAMS 0x000000008b300000, 0x000000008b300000| Untracked 
| 180|0x000000008b400000, 0x000000008b500000, 0x000000008b500000|100%| O|  |TAMS 0x000000008b400000, 0x000000008b400000| Untracked 
| 181|0x000000008b500000, 0x000000008b500000, 0x000000008b600000|  0%| F|  |TAMS 0x000000008b500000, 0x000000008b500000| Untracked 
| 182|0x000000008b600000, 0x000000008b600000, 0x000000008b700000|  0%| F|  |TAMS 0x000000008b600000, 0x000000008b600000| Untracked 
| 183|0x000000008b700000, 0x000000008b700000, 0x000000008b800000|  0%| F|  |TAMS 0x000000008b700000, 0x000000008b700000| Untracked 
| 184|0x000000008b800000, 0x000000008b800000, 0x000000008b900000|  0%| F|  |TAMS 0x000000008b800000, 0x000000008b800000| Untracked 
| 185|0x000000008b900000, 0x000000008b900000, 0x000000008ba00000|  0%| F|  |TAMS 0x000000008b900000, 0x000000008b900000| Untracked 
| 186|0x000000008ba00000, 0x000000008ba00000, 0x000000008bb00000|  0%| F|  |TAMS 0x000000008ba00000, 0x000000008ba00000| Untracked 
| 187|0x000000008bb00000, 0x000000008bb00000, 0x000000008bc00000|  0%| F|  |TAMS 0x000000008bb00000, 0x000000008bb00000| Untracked 
| 188|0x000000008bc00000, 0x000000008bc00000, 0x000000008bd00000|  0%| F|  |TAMS 0x000000008bc00000, 0x000000008bc00000| Untracked 
| 189|0x000000008bd00000, 0x000000008bd00000, 0x000000008be00000|  0%| F|  |TAMS 0x000000008bd00000, 0x000000008bd00000| Untracked 
| 190|0x000000008be00000, 0x000000008be00000, 0x000000008bf00000|  0%| F|  |TAMS 0x000000008be00000, 0x000000008be00000| Untracked 
| 191|0x000000008bf00000, 0x000000008bf00000, 0x000000008c000000|  0%| F|  |TAMS 0x000000008bf00000, 0x000000008bf00000| Untracked 
| 192|0x000000008c000000, 0x000000008c000000, 0x000000008c100000|  0%| F|  |TAMS 0x000000008c000000, 0x000000008c000000| Untracked 
| 193|0x000000008c100000, 0x000000008c100000, 0x000000008c200000|  0%| F|  |TAMS 0x000000008c100000, 0x000000008c100000| Untracked 
| 194|0x000000008c200000, 0x000000008c200000, 0x000000008c300000|  0%| F|  |TAMS 0x000000008c200000, 0x000000008c200000| Untracked 
| 195|0x000000008c300000, 0x000000008c300000, 0x000000008c400000|  0%| F|  |TAMS 0x000000008c300000, 0x000000008c300000| Untracked 
| 196|0x000000008c400000, 0x000000008c400000, 0x000000008c500000|  0%| F|  |TAMS 0x000000008c400000, 0x000000008c400000| Untracked 
| 197|0x000000008c500000, 0x000000008c500000, 0x000000008c600000|  0%| F|  |TAMS 0x000000008c500000, 0x000000008c500000| Untracked 
| 198|0x000000008c600000, 0x000000008c600000, 0x000000008c700000|  0%| F|  |TAMS 0x000000008c600000, 0x000000008c600000| Untracked 
| 199|0x000000008c700000, 0x000000008c700000, 0x000000008c800000|  0%| F|  |TAMS 0x000000008c700000, 0x000000008c700000| Untracked 
| 200|0x000000008c800000, 0x000000008c800000, 0x000000008c900000|  0%| F|  |TAMS 0x000000008c800000, 0x000000008c800000| Untracked 
| 201|0x000000008c900000, 0x000000008c900000, 0x000000008ca00000|  0%| F|  |TAMS 0x000000008c900000, 0x000000008c900000| Untracked 
| 202|0x000000008ca00000, 0x000000008ca00000, 0x000000008cb00000|  0%| F|  |TAMS 0x000000008ca00000, 0x000000008ca00000| Untracked 
| 203|0x000000008cb00000, 0x000000008cb00000, 0x000000008cc00000|  0%| F|  |TAMS 0x000000008cb00000, 0x000000008cb00000| Untracked 
| 204|0x000000008cc00000, 0x000000008cc00000, 0x000000008cd00000|  0%| F|  |TAMS 0x000000008cc00000, 0x000000008cc00000| Untracked 
| 205|0x000000008cd00000, 0x000000008cd00000, 0x000000008ce00000|  0%| F|  |TAMS 0x000000008cd00000, 0x000000008cd00000| Untracked 
| 206|0x000000008ce00000, 0x000000008ce00000, 0x000000008cf00000|  0%| F|  |TAMS 0x000000008ce00000, 0x000000008ce00000| Untracked 
| 207|0x000000008cf00000, 0x000000008cf00000, 0x000000008d000000|  0%| F|  |TAMS 0x000000008cf00000, 0x000000008cf00000| Untracked 
| 208|0x000000008d000000, 0x000000008d000000, 0x000000008d100000|  0%| F|  |TAMS 0x000000008d000000, 0x000000008d000000| Untracked 
| 209|0x000000008d100000, 0x000000008d100000, 0x000000008d200000|  0%| F|  |TAMS 0x000000008d100000, 0x000000008d100000| Untracked 
| 210|0x000000008d200000, 0x000000008d200000, 0x000000008d300000|  0%| F|  |TAMS 0x000000008d200000, 0x000000008d200000| Untracked 
| 211|0x000000008d300000, 0x000000008d300000, 0x000000008d400000|  0%| F|  |TAMS 0x000000008d300000, 0x000000008d300000| Untracked 
| 212|0x000000008d400000, 0x000000008d400000, 0x000000008d500000|  0%| F|  |TAMS 0x000000008d400000, 0x000000008d400000| Untracked 
| 213|0x000000008d500000, 0x000000008d500000, 0x000000008d600000|  0%| F|  |TAMS 0x000000008d500000, 0x000000008d500000| Untracked 
| 214|0x000000008d600000, 0x000000008d600000, 0x000000008d700000|  0%| F|  |TAMS 0x000000008d600000, 0x000000008d600000| Untracked 
| 215|0x000000008d700000, 0x000000008d700000, 0x000000008d800000|  0%| F|  |TAMS 0x000000008d700000, 0x000000008d700000| Untracked 
| 216|0x000000008d800000, 0x000000008d800000, 0x000000008d900000|  0%| F|  |TAMS 0x000000008d800000, 0x000000008d800000| Untracked 
| 217|0x000000008d900000, 0x000000008d900000, 0x000000008da00000|  0%| F|  |TAMS 0x000000008d900000, 0x000000008d900000| Untracked 
| 218|0x000000008da00000, 0x000000008da00000, 0x000000008db00000|  0%| F|  |TAMS 0x000000008da00000, 0x000000008da00000| Untracked 
| 219|0x000000008db00000, 0x000000008db00000, 0x000000008dc00000|  0%| F|  |TAMS 0x000000008db00000, 0x000000008db00000| Untracked 
| 220|0x000000008dc00000, 0x000000008dc00000, 0x000000008dd00000|  0%| F|  |TAMS 0x000000008dc00000, 0x000000008dc00000| Untracked 
| 221|0x000000008dd00000, 0x000000008dd00000, 0x000000008de00000|  0%| F|  |TAMS 0x000000008dd00000, 0x000000008dd00000| Untracked 
| 222|0x000000008de00000, 0x000000008de00000, 0x000000008df00000|  0%| F|  |TAMS 0x000000008de00000, 0x000000008de00000| Untracked 
| 223|0x000000008df00000, 0x000000008df00000, 0x000000008e000000|  0%| F|  |TAMS 0x000000008df00000, 0x000000008df00000| Untracked 
| 224|0x000000008e000000, 0x000000008e000000, 0x000000008e100000|  0%| F|  |TAMS 0x000000008e000000, 0x000000008e000000| Untracked 
| 225|0x000000008e100000, 0x000000008e100000, 0x000000008e200000|  0%| F|  |TAMS 0x000000008e100000, 0x000000008e100000| Untracked 
| 226|0x000000008e200000, 0x000000008e200000, 0x000000008e300000|  0%| F|  |TAMS 0x000000008e200000, 0x000000008e200000| Untracked 
| 227|0x000000008e300000, 0x000000008e300000, 0x000000008e400000|  0%| F|  |TAMS 0x000000008e300000, 0x000000008e300000| Untracked 
| 228|0x000000008e400000, 0x000000008e400000, 0x000000008e500000|  0%| F|  |TAMS 0x000000008e400000, 0x000000008e400000| Untracked 
| 229|0x000000008e500000, 0x000000008e500000, 0x000000008e600000|  0%| F|  |TAMS 0x000000008e500000, 0x000000008e500000| Untracked 
| 230|0x000000008e600000, 0x000000008e600000, 0x000000008e700000|  0%| F|  |TAMS 0x000000008e600000, 0x000000008e600000| Untracked 
| 231|0x000000008e700000, 0x000000008e700000, 0x000000008e800000|  0%| F|  |TAMS 0x000000008e700000, 0x000000008e700000| Untracked 
| 232|0x000000008e800000, 0x000000008e800000, 0x000000008e900000|  0%| F|  |TAMS 0x000000008e800000, 0x000000008e800000| Untracked 
| 233|0x000000008e900000, 0x000000008e900000, 0x000000008ea00000|  0%| F|  |TAMS 0x000000008e900000, 0x000000008e900000| Untracked 
| 234|0x000000008ea00000, 0x000000008ea00000, 0x000000008eb00000|  0%| F|  |TAMS 0x000000008ea00000, 0x000000008ea00000| Untracked 
| 235|0x000000008eb00000, 0x000000008eb00000, 0x000000008ec00000|  0%| F|  |TAMS 0x000000008eb00000, 0x000000008eb00000| Untracked 
| 236|0x000000008ec00000, 0x000000008ec00000, 0x000000008ed00000|  0%| F|  |TAMS 0x000000008ec00000, 0x000000008ec00000| Untracked 
| 237|0x000000008ed00000, 0x000000008ed00000, 0x000000008ee00000|  0%| F|  |TAMS 0x000000008ed00000, 0x000000008ed00000| Untracked 
| 238|0x000000008ee00000, 0x000000008ee00000, 0x000000008ef00000|  0%| F|  |TAMS 0x000000008ee00000, 0x000000008ee00000| Untracked 
| 239|0x000000008ef00000, 0x000000008ef00000, 0x000000008f000000|  0%| F|  |TAMS 0x000000008ef00000, 0x000000008ef00000| Untracked 
| 240|0x000000008f000000, 0x000000008f000000, 0x000000008f100000|  0%| F|  |TAMS 0x000000008f000000, 0x000000008f000000| Untracked 
| 241|0x000000008f100000, 0x000000008f100000, 0x000000008f200000|  0%| F|  |TAMS 0x000000008f100000, 0x000000008f100000| Untracked 
| 242|0x000000008f200000, 0x000000008f200000, 0x000000008f300000|  0%| F|  |TAMS 0x000000008f200000, 0x000000008f200000| Untracked 
| 243|0x000000008f300000, 0x000000008f300000, 0x000000008f400000|  0%| F|  |TAMS 0x000000008f300000, 0x000000008f300000| Untracked 
| 244|0x000000008f400000, 0x000000008f400000, 0x000000008f500000|  0%| F|  |TAMS 0x000000008f400000, 0x000000008f400000| Untracked 
| 245|0x000000008f500000, 0x000000008f500000, 0x000000008f600000|  0%| F|  |TAMS 0x000000008f500000, 0x000000008f500000| Untracked 
| 246|0x000000008f600000, 0x000000008f600000, 0x000000008f700000|  0%| F|  |TAMS 0x000000008f600000, 0x000000008f600000| Untracked 
| 247|0x000000008f700000, 0x000000008f700000, 0x000000008f800000|  0%| F|  |TAMS 0x000000008f700000, 0x000000008f700000| Untracked 
| 248|0x000000008f800000, 0x000000008f800000, 0x000000008f900000|  0%| F|  |TAMS 0x000000008f800000, 0x000000008f800000| Untracked 
| 249|0x000000008f900000, 0x000000008f900000, 0x000000008fa00000|  0%| F|  |TAMS 0x000000008f900000, 0x000000008f900000| Untracked 
| 250|0x000000008fa00000, 0x000000008fa00000, 0x000000008fb00000|  0%| F|  |TAMS 0x000000008fa00000, 0x000000008fa00000| Untracked 
| 251|0x000000008fb00000, 0x000000008fb00000, 0x000000008fc00000|  0%| F|  |TAMS 0x000000008fb00000, 0x000000008fb00000| Untracked 
| 252|0x000000008fc00000, 0x000000008fc00000, 0x000000008fd00000|  0%| F|  |TAMS 0x000000008fc00000, 0x000000008fc00000| Untracked 
| 253|0x000000008fd00000, 0x000000008fd00000, 0x000000008fe00000|  0%| F|  |TAMS 0x000000008fd00000, 0x000000008fd00000| Untracked 
| 254|0x000000008fe00000, 0x000000008fe00000, 0x000000008ff00000|  0%| F|  |TAMS 0x000000008fe00000, 0x000000008fe00000| Untracked 
| 255|0x000000008ff00000, 0x000000008ff00000, 0x0000000090000000|  0%| F|  |TAMS 0x000000008ff00000, 0x000000008ff00000| Untracked 
| 256|0x0000000090000000, 0x0000000090000000, 0x0000000090100000|  0%| F|  |TAMS 0x0000000090000000, 0x0000000090000000| Untracked 
| 257|0x0000000090100000, 0x0000000090100000, 0x0000000090200000|  0%| F|  |TAMS 0x0000000090100000, 0x0000000090100000| Untracked 
| 258|0x0000000090200000, 0x0000000090200000, 0x0000000090300000|  0%| F|  |TAMS 0x0000000090200000, 0x0000000090200000| Untracked 
| 259|0x0000000090300000, 0x0000000090300000, 0x0000000090400000|  0%| F|  |TAMS 0x0000000090300000, 0x0000000090300000| Untracked 
| 260|0x0000000090400000, 0x0000000090400000, 0x0000000090500000|  0%| F|  |TAMS 0x0000000090400000, 0x0000000090400000| Untracked 
| 261|0x0000000090500000, 0x0000000090500000, 0x0000000090600000|  0%| F|  |TAMS 0x0000000090500000, 0x0000000090500000| Untracked 
| 262|0x0000000090600000, 0x0000000090600000, 0x0000000090700000|  0%| F|  |TAMS 0x0000000090600000, 0x0000000090600000| Untracked 
| 263|0x0000000090700000, 0x0000000090700000, 0x0000000090800000|  0%| F|  |TAMS 0x0000000090700000, 0x0000000090700000| Untracked 
| 264|0x0000000090800000, 0x0000000090800000, 0x0000000090900000|  0%| F|  |TAMS 0x0000000090800000, 0x0000000090800000| Untracked 
| 265|0x0000000090900000, 0x0000000090900000, 0x0000000090a00000|  0%| F|  |TAMS 0x0000000090900000, 0x0000000090900000| Untracked 
| 266|0x0000000090a00000, 0x0000000090a4e2e0, 0x0000000090b00000| 30%| S|CS|TAMS 0x0000000090a00000, 0x0000000090a00000| Complete 
| 267|0x0000000090b00000, 0x0000000090c00000, 0x0000000090c00000|100%| S|CS|TAMS 0x0000000090b00000, 0x0000000090b00000| Complete 
| 268|0x0000000090c00000, 0x0000000090d00000, 0x0000000090d00000|100%| S|CS|TAMS 0x0000000090c00000, 0x0000000090c00000| Complete 
| 269|0x0000000090d00000, 0x0000000090e00000, 0x0000000090e00000|100%| S|CS|TAMS 0x0000000090d00000, 0x0000000090d00000| Complete 
| 270|0x0000000090e00000, 0x0000000090f00000, 0x0000000090f00000|100%| S|CS|TAMS 0x0000000090e00000, 0x0000000090e00000| Complete 
| 271|0x0000000090f00000, 0x0000000091000000, 0x0000000091000000|100%| S|CS|TAMS 0x0000000090f00000, 0x0000000090f00000| Complete 
| 272|0x0000000091000000, 0x0000000091100000, 0x0000000091100000|100%| S|CS|TAMS 0x0000000091000000, 0x0000000091000000| Complete 
| 273|0x0000000091100000, 0x0000000091100000, 0x0000000091200000|  0%| F|  |TAMS 0x0000000091100000, 0x0000000091100000| Untracked 
| 274|0x0000000091200000, 0x0000000091200000, 0x0000000091300000|  0%| F|  |TAMS 0x0000000091200000, 0x0000000091200000| Untracked 
| 275|0x0000000091300000, 0x0000000091300000, 0x0000000091400000|  0%| F|  |TAMS 0x0000000091300000, 0x0000000091300000| Untracked 
| 276|0x0000000091400000, 0x0000000091400000, 0x0000000091500000|  0%| F|  |TAMS 0x0000000091400000, 0x0000000091400000| Untracked 
| 277|0x0000000091500000, 0x0000000091500000, 0x0000000091600000|  0%| F|  |TAMS 0x0000000091500000, 0x0000000091500000| Untracked 
| 278|0x0000000091600000, 0x0000000091600000, 0x0000000091700000|  0%| F|  |TAMS 0x0000000091600000, 0x0000000091600000| Untracked 
| 279|0x0000000091700000, 0x0000000091700000, 0x0000000091800000|  0%| F|  |TAMS 0x0000000091700000, 0x0000000091700000| Untracked 
| 280|0x0000000091800000, 0x0000000091800000, 0x0000000091900000|  0%| F|  |TAMS 0x0000000091800000, 0x0000000091800000| Untracked 
| 281|0x0000000091900000, 0x0000000091900000, 0x0000000091a00000|  0%| F|  |TAMS 0x0000000091900000, 0x0000000091900000| Untracked 
| 282|0x0000000091a00000, 0x0000000091a00000, 0x0000000091b00000|  0%| F|  |TAMS 0x0000000091a00000, 0x0000000091a00000| Untracked 
| 283|0x0000000091b00000, 0x0000000091b00000, 0x0000000091c00000|  0%| F|  |TAMS 0x0000000091b00000, 0x0000000091b00000| Untracked 
| 284|0x0000000091c00000, 0x0000000091c00000, 0x0000000091d00000|  0%| F|  |TAMS 0x0000000091c00000, 0x0000000091c00000| Untracked 
| 285|0x0000000091d00000, 0x0000000091d00000, 0x0000000091e00000|  0%| F|  |TAMS 0x0000000091d00000, 0x0000000091d00000| Untracked 
| 286|0x0000000091e00000, 0x0000000091e00000, 0x0000000091f00000|  0%| F|  |TAMS 0x0000000091e00000, 0x0000000091e00000| Untracked 
| 287|0x0000000091f00000, 0x0000000091f00000, 0x0000000092000000|  0%| F|  |TAMS 0x0000000091f00000, 0x0000000091f00000| Untracked 
| 288|0x0000000092000000, 0x0000000092000000, 0x0000000092100000|  0%| F|  |TAMS 0x0000000092000000, 0x0000000092000000| Untracked 
| 289|0x0000000092100000, 0x0000000092100000, 0x0000000092200000|  0%| F|  |TAMS 0x0000000092100000, 0x0000000092100000| Untracked 
| 290|0x0000000092200000, 0x0000000092200000, 0x0000000092300000|  0%| F|  |TAMS 0x0000000092200000, 0x0000000092200000| Untracked 
| 291|0x0000000092300000, 0x0000000092300000, 0x0000000092400000|  0%| F|  |TAMS 0x0000000092300000, 0x0000000092300000| Untracked 
| 292|0x0000000092400000, 0x0000000092400000, 0x0000000092500000|  0%| F|  |TAMS 0x0000000092400000, 0x0000000092400000| Untracked 
| 293|0x0000000092500000, 0x0000000092500000, 0x0000000092600000|  0%| F|  |TAMS 0x0000000092500000, 0x0000000092500000| Untracked 
| 294|0x0000000092600000, 0x0000000092600000, 0x0000000092700000|  0%| F|  |TAMS 0x0000000092600000, 0x0000000092600000| Untracked 
| 295|0x0000000092700000, 0x0000000092700000, 0x0000000092800000|  0%| F|  |TAMS 0x0000000092700000, 0x0000000092700000| Untracked 
| 296|0x0000000092800000, 0x0000000092800000, 0x0000000092900000|  0%| F|  |TAMS 0x0000000092800000, 0x0000000092800000| Untracked 
| 297|0x0000000092900000, 0x0000000092900000, 0x0000000092a00000|  0%| F|  |TAMS 0x0000000092900000, 0x0000000092900000| Untracked 
| 298|0x0000000092a00000, 0x0000000092a00000, 0x0000000092b00000|  0%| F|  |TAMS 0x0000000092a00000, 0x0000000092a00000| Untracked 
| 299|0x0000000092b00000, 0x0000000092b00000, 0x0000000092c00000|  0%| F|  |TAMS 0x0000000092b00000, 0x0000000092b00000| Untracked 
| 300|0x0000000092c00000, 0x0000000092c00000, 0x0000000092d00000|  0%| F|  |TAMS 0x0000000092c00000, 0x0000000092c00000| Untracked 
| 301|0x0000000092d00000, 0x0000000092d00000, 0x0000000092e00000|  0%| F|  |TAMS 0x0000000092d00000, 0x0000000092d00000| Untracked 
| 302|0x0000000092e00000, 0x0000000092e00000, 0x0000000092f00000|  0%| F|  |TAMS 0x0000000092e00000, 0x0000000092e00000| Untracked 
| 303|0x0000000092f00000, 0x0000000092f00000, 0x0000000093000000|  0%| F|  |TAMS 0x0000000092f00000, 0x0000000092f00000| Untracked 
| 304|0x0000000093000000, 0x0000000093000000, 0x0000000093100000|  0%| F|  |TAMS 0x0000000093000000, 0x0000000093000000| Untracked 
| 305|0x0000000093100000, 0x0000000093100000, 0x0000000093200000|  0%| F|  |TAMS 0x0000000093100000, 0x0000000093100000| Untracked 
| 306|0x0000000093200000, 0x0000000093200000, 0x0000000093300000|  0%| F|  |TAMS 0x0000000093200000, 0x0000000093200000| Untracked 
| 307|0x0000000093300000, 0x0000000093300000, 0x0000000093400000|  0%| F|  |TAMS 0x0000000093300000, 0x0000000093300000| Untracked 
| 308|0x0000000093400000, 0x0000000093400000, 0x0000000093500000|  0%| F|  |TAMS 0x0000000093400000, 0x0000000093400000| Untracked 
| 309|0x0000000093500000, 0x0000000093500000, 0x0000000093600000|  0%| F|  |TAMS 0x0000000093500000, 0x0000000093500000| Untracked 
| 310|0x0000000093600000, 0x0000000093600000, 0x0000000093700000|  0%| F|  |TAMS 0x0000000093600000, 0x0000000093600000| Untracked 
| 311|0x0000000093700000, 0x0000000093700000, 0x0000000093800000|  0%| F|  |TAMS 0x0000000093700000, 0x0000000093700000| Untracked 
| 312|0x0000000093800000, 0x0000000093800000, 0x0000000093900000|  0%| F|  |TAMS 0x0000000093800000, 0x0000000093800000| Untracked 
| 313|0x0000000093900000, 0x0000000093900000, 0x0000000093a00000|  0%| F|  |TAMS 0x0000000093900000, 0x0000000093900000| Untracked 
| 314|0x0000000093a00000, 0x0000000093a00000, 0x0000000093b00000|  0%| F|  |TAMS 0x0000000093a00000, 0x0000000093a00000| Untracked 
| 315|0x0000000093b00000, 0x0000000093b00000, 0x0000000093c00000|  0%| F|  |TAMS 0x0000000093b00000, 0x0000000093b00000| Untracked 
| 316|0x0000000093c00000, 0x0000000093c00000, 0x0000000093d00000|  0%| F|  |TAMS 0x0000000093c00000, 0x0000000093c00000| Untracked 
| 317|0x0000000093d00000, 0x0000000093d00000, 0x0000000093e00000|  0%| F|  |TAMS 0x0000000093d00000, 0x0000000093d00000| Untracked 
| 318|0x0000000093e00000, 0x0000000093e00000, 0x0000000093f00000|  0%| F|  |TAMS 0x0000000093e00000, 0x0000000093e00000| Untracked 
| 319|0x0000000093f00000, 0x0000000093f00000, 0x0000000094000000|  0%| F|  |TAMS 0x0000000093f00000, 0x0000000093f00000| Untracked 
| 320|0x0000000094000000, 0x0000000094000000, 0x0000000094100000|  0%| F|  |TAMS 0x0000000094000000, 0x0000000094000000| Untracked 
| 321|0x0000000094100000, 0x0000000094100000, 0x0000000094200000|  0%| F|  |TAMS 0x0000000094100000, 0x0000000094100000| Untracked 
| 322|0x0000000094200000, 0x0000000094200000, 0x0000000094300000|  0%| F|  |TAMS 0x0000000094200000, 0x0000000094200000| Untracked 
| 323|0x0000000094300000, 0x0000000094300000, 0x0000000094400000|  0%| F|  |TAMS 0x0000000094300000, 0x0000000094300000| Untracked 
| 324|0x0000000094400000, 0x0000000094400000, 0x0000000094500000|  0%| F|  |TAMS 0x0000000094400000, 0x0000000094400000| Untracked 
| 325|0x0000000094500000, 0x0000000094500000, 0x0000000094600000|  0%| F|  |TAMS 0x0000000094500000, 0x0000000094500000| Untracked 
| 326|0x0000000094600000, 0x0000000094600000, 0x0000000094700000|  0%| F|  |TAMS 0x0000000094600000, 0x0000000094600000| Untracked 
| 327|0x0000000094700000, 0x0000000094700000, 0x0000000094800000|  0%| F|  |TAMS 0x0000000094700000, 0x0000000094700000| Untracked 
| 328|0x0000000094800000, 0x0000000094800000, 0x0000000094900000|  0%| F|  |TAMS 0x0000000094800000, 0x0000000094800000| Untracked 
| 329|0x0000000094900000, 0x0000000094900000, 0x0000000094a00000|  0%| F|  |TAMS 0x0000000094900000, 0x0000000094900000| Untracked 
| 330|0x0000000094a00000, 0x0000000094a00000, 0x0000000094b00000|  0%| F|  |TAMS 0x0000000094a00000, 0x0000000094a00000| Untracked 
| 331|0x0000000094b00000, 0x0000000094b00000, 0x0000000094c00000|  0%| F|  |TAMS 0x0000000094b00000, 0x0000000094b00000| Untracked 
|2047|0x00000000fff00000, 0x0000000100000000, 0x0000000100000000|100%| O|  |TAMS 0x00000000fffa6a00, 0x00000000fff00000| Untracked 

Card table byte_map: [0x00000218d7b50000,0x00000218d7f50000] _byte_map_base: 0x00000218d7750000

Marking Bits (Prev, Next): (CMBitMap*) 0x00000218c52d8360, (CMBitMap*) 0x00000218c52d83a0
 Prev Bits: [0x00000218d8350000, 0x00000218da350000)
 Next Bits: [0x00000218da350000, 0x00000218dc350000)

Polling page: 0x00000218c3160000

Metaspace:

Usage:
  Non-class:     93.67 MB used.
      Class:     14.13 MB used.
       Both:    107.80 MB used.

Virtual space:
  Non-class space:       96.00 MB reserved,      94.12 MB ( 98%) committed,  12 nodes.
      Class space:        1.00 GB reserved,      14.56 MB (  1%) committed,  1 nodes.
             Both:        1.09 GB reserved,     108.69 MB ( 10%) committed. 

Chunk freelists:
   Non-Class:  1.52 MB
       Class:  1.27 MB
        Both:  2.78 MB

MaxMetaspaceSize: unlimited
CompressedClassSpaceSize: 1.00 GB
Initial GC threshold: 21.00 MB
Current GC threshold: 179.31 MB
CDS: off
MetaspaceReclaimPolicy: balanced
 - commit_granule_bytes: 65536.
 - commit_granule_words: 8192.
 - virtual_space_node_default_size: 1048576.
 - enlarge_chunks_in_place: 1.
 - new_chunks_are_fully_committed: 0.
 - uncommit_free_chunks: 1.
 - use_allocation_guard: 0.
 - handle_deallocations: 1.


Internal statistics:

num_allocs_failed_limit: 8.
num_arena_births: 1476.
num_arena_deaths: 6.
num_vsnodes_births: 13.
num_vsnodes_deaths: 0.
num_space_committed: 1737.
num_space_uncommitted: 0.
num_chunks_returned_to_freelist: 15.
num_chunks_taken_from_freelist: 5741.
num_chunk_merges: 8.
num_chunk_splits: 3732.
num_chunks_enlarged: 2409.
num_purges: 2.
num_inconsistent_stats: 0.

CodeHeap 'non-profiled nmethods': size=120000Kb used=10080Kb max_used=10080Kb free=109919Kb
 bounds [0x00000218d0220000, 0x00000218d0c00000, 0x00000218d7750000]
CodeHeap 'profiled nmethods': size=120000Kb used=30132Kb max_used=30132Kb free=89867Kb
 bounds [0x00000218c8750000, 0x00000218ca4c0000, 0x00000218cfc80000]
CodeHeap 'non-nmethods': size=5760Kb used=2414Kb max_used=2511Kb free=3345Kb
 bounds [0x00000218cfc80000, 0x00000218cff00000, 0x00000218d0220000]
 total_blobs=16352 nmethods=15399 adapters=865
 compilation: enabled
              stopped_count=0, restarted_count=0
 full_count=0

Compilation events (20 events):
Event: 1847.900 Thread 0x00000218df412a50 18645       2       com.android.aaptcompiler.android.ResChunkHeader::<init> (15 bytes)
Event: 1847.900 Thread 0x00000218df412a50 nmethod 18645 0x00000218ca4b6f90 code [0x00000218ca4b7120, 0x00000218ca4b7238]
Event: 1847.900 Thread 0x00000218df412a50 18646       2       com.google.protobuf.ByteString::checkRange (137 bytes)
Event: 1847.901 Thread 0x00000218df412a50 nmethod 18646 0x00000218ca4b7310 code [0x00000218ca4b75e0, 0x00000218ca4b7cb8]
Event: 1847.902 Thread 0x00000218df412a50 18647       2       com.google.protobuf.ByteString$ArraysByteArrayCopier::copyFrom (9 bytes)
Event: 1847.902 Thread 0x00000218df412a50 nmethod 18647 0x00000218ca4b8110 code [0x00000218ca4b82a0, 0x00000218ca4b83c8]
Event: 1847.903 Thread 0x00000218df412a50 18648       2       com.google.protobuf.CodedOutputStream$OutputStreamEncoder::writeBytes (12 bytes)
Event: 1847.904 Thread 0x00000218df412a50 nmethod 18648 0x00000218ca4b8490 code [0x00000218ca4b8660, 0x00000218ca4b88e8]
Event: 1847.904 Thread 0x00000218df412a50 18649       2       com.google.protobuf.CodedOutputStream$OutputStreamEncoder::writeBytesNoTag (14 bytes)
Event: 1847.905 Thread 0x00000218df412a50 nmethod 18649 0x00000218ca4b8b10 code [0x00000218ca4b8cc0, 0x00000218ca4b8ea8]
Event: 1848.130 Thread 0x00000218df412a50 18652       2       com.android.aaptcompiler.ResourceTable$setVisibilityWithId$1::invoke (9 bytes)
Event: 1848.133 Thread 0x00000218df412a50 nmethod 18652 0x00000218ca4b9010 code [0x00000218ca4b9240, 0x00000218ca4b9728]
Event: 1848.133 Thread 0x00000218df412a50 18655       2       com.android.aaptcompiler.ResourceTable$setVisibilityWithId$1::<init> (14 bytes)
Event: 1848.133 Thread 0x00000218df412a50 nmethod 18655 0x00000218ca4b9a90 code [0x00000218ca4b9c40, 0x00000218ca4b9d88]
Event: 1848.134 Thread 0x00000218df412a50 18656       2       com.android.aaptcompiler.ResourceTable::setVisibilityImpl (647 bytes)
Event: 1848.140 Thread 0x00000218df412a50 nmethod 18656 0x00000218ca4b9e10 code [0x00000218ca4ba380, 0x00000218ca4bbbc8]
Event: 1848.140 Thread 0x00000218df412a50 18653       2       com.android.aaptcompiler.ResourceGroup::setVisibility (12 bytes)
Event: 1848.141 Thread 0x00000218df412a50 nmethod 18653 0x00000218ca4bcd10 code [0x00000218ca4bcee0, 0x00000218ca4bd1d8]
Event: 1848.141 Thread 0x00000218df412a50 18654       2       com.android.aaptcompiler.ResourceEntry::setVisibility (12 bytes)
Event: 1848.141 Thread 0x00000218df412a50 nmethod 18654 0x00000218ca4bd390 code [0x00000218ca4bd560, 0x00000218ca4bd858]

GC Heap History (20 events):
Event: 1651.800 GC heap after
{Heap after GC invocations=60 (full 0):
 garbage-first heap   total 283648K, used 141764K [0x0000000080000000, 0x0000000100000000)
  region size 1024K, 1 young (1024K), 1 survivors (1024K)
 Metaspace       used 109892K, committed 110784K, reserved 1146880K
  class space    used 14440K, committed 14912K, reserved 1048576K
}
Event: 1837.610 GC heap before
{Heap before GC invocations=60 (full 0):
 garbage-first heap   total 283648K, used 157124K [0x0000000080000000, 0x0000000100000000)
  region size 1024K, 16 young (16384K), 1 survivors (1024K)
 Metaspace       used 109965K, committed 110848K, reserved 1146880K
  class space    used 14453K, committed 14912K, reserved 1048576K
}
Event: 1837.650 GC heap after
{Heap after GC invocations=61 (full 0):
 garbage-first heap   total 283648K, used 142336K [0x0000000080000000, 0x0000000100000000)
  region size 1024K, 1 young (1024K), 1 survivors (1024K)
 Metaspace       used 109965K, committed 110848K, reserved 1146880K
  class space    used 14453K, committed 14912K, reserved 1048576K
}
Event: 1839.771 GC heap before
{Heap before GC invocations=61 (full 0):
 garbage-first heap   total 283648K, used 166912K [0x0000000080000000, 0x0000000100000000)
  region size 1024K, 25 young (25600K), 1 survivors (1024K)
 Metaspace       used 110052K, committed 110912K, reserved 1146880K
  class space    used 14454K, committed 14912K, reserved 1048576K
}
Event: 1839.801 GC heap after
{Heap after GC invocations=62 (full 0):
 garbage-first heap   total 283648K, used 144581K [0x0000000080000000, 0x0000000100000000)
  region size 1024K, 3 young (3072K), 3 survivors (3072K)
 Metaspace       used 110052K, committed 110912K, reserved 1146880K
  class space    used 14454K, committed 14912K, reserved 1048576K
}
Event: 1841.881 GC heap before
{Heap before GC invocations=62 (full 0):
 garbage-first heap   total 283648K, used 169157K [0x0000000080000000, 0x0000000100000000)
  region size 1024K, 27 young (27648K), 3 survivors (3072K)
 Metaspace       used 110232K, committed 111104K, reserved 1146880K
  class space    used 14459K, committed 14912K, reserved 1048576K
}
Event: 1841.938 GC heap after
{Heap after GC invocations=63 (full 0):
 garbage-first heap   total 283648K, used 148822K [0x0000000080000000, 0x0000000100000000)
  region size 1024K, 4 young (4096K), 4 survivors (4096K)
 Metaspace       used 110232K, committed 111104K, reserved 1146880K
  class space    used 14459K, committed 14912K, reserved 1048576K
}
Event: 1844.075 GC heap before
{Heap before GC invocations=63 (full 0):
 garbage-first heap   total 283648K, used 170326K [0x0000000080000000, 0x0000000100000000)
  region size 1024K, 26 young (26624K), 4 survivors (4096K)
 Metaspace       used 110255K, committed 111104K, reserved 1146880K
  class space    used 14460K, committed 14912K, reserved 1048576K
}
Event: 1844.117 GC heap after
{Heap after GC invocations=64 (full 0):
 garbage-first heap   total 340992K, used 152842K [0x0000000080000000, 0x0000000100000000)
  region size 1024K, 4 young (4096K), 4 survivors (4096K)
 Metaspace       used 110255K, committed 111104K, reserved 1146880K
  class space    used 14460K, committed 14912K, reserved 1048576K
}
Event: 1845.143 GC heap before
{Heap before GC invocations=64 (full 0):
 garbage-first heap   total 340992K, used 196874K [0x0000000080000000, 0x0000000100000000)
  region size 1024K, 39 young (39936K), 4 survivors (4096K)
 Metaspace       used 110258K, committed 111104K, reserved 1146880K
  class space    used 14460K, committed 14912K, reserved 1048576K
}
Event: 1845.234 GC heap after
{Heap after GC invocations=65 (full 0):
 garbage-first heap   total 340992K, used 173056K [0x0000000080000000, 0x0000000100000000)
  region size 1024K, 5 young (5120K), 5 survivors (5120K)
 Metaspace       used 110258K, committed 111104K, reserved 1146880K
  class space    used 14460K, committed 14912K, reserved 1048576K
}
Event: 1845.538 GC heap before
{Heap before GC invocations=65 (full 0):
 garbage-first heap   total 340992K, used 184320K [0x0000000080000000, 0x0000000100000000)
  region size 1024K, 16 young (16384K), 5 survivors (5120K)
 Metaspace       used 110268K, committed 111168K, reserved 1146880K
  class space    used 14460K, committed 14912K, reserved 1048576K
}
Event: 1845.556 GC heap after
{Heap after GC invocations=66 (full 0):
 garbage-first heap   total 340992K, used 175801K [0x0000000080000000, 0x0000000100000000)
  region size 1024K, 2 young (2048K), 2 survivors (2048K)
 Metaspace       used 110268K, committed 111168K, reserved 1146880K
  class space    used 14460K, committed 14912K, reserved 1048576K
}
Event: 1846.180 GC heap before
{Heap before GC invocations=66 (full 0):
 garbage-first heap   total 340992K, used 200377K [0x0000000080000000, 0x0000000100000000)
  region size 1024K, 19 young (19456K), 2 survivors (2048K)
 Metaspace       used 110293K, committed 111232K, reserved 1146880K
  class space    used 14460K, committed 14912K, reserved 1048576K
}
Event: 1846.215 GC heap after
{Heap after GC invocations=67 (full 0):
 garbage-first heap   total 340992K, used 179904K [0x0000000080000000, 0x0000000100000000)
  region size 1024K, 3 young (3072K), 3 survivors (3072K)
 Metaspace       used 110293K, committed 111232K, reserved 1146880K
  class space    used 14460K, committed 14912K, reserved 1048576K
}
Event: 1847.095 GC heap before
{Heap before GC invocations=67 (full 0):
 garbage-first heap   total 340992K, used 193216K [0x0000000080000000, 0x0000000100000000)
  region size 1024K, 16 young (16384K), 3 survivors (3072K)
 Metaspace       used 110326K, committed 111232K, reserved 1146880K
  class space    used 14460K, committed 14912K, reserved 1048576K
}
Event: 1847.115 GC heap after
{Heap after GC invocations=68 (full 0):
 garbage-first heap   total 340992K, used 181373K [0x0000000080000000, 0x0000000100000000)
  region size 1024K, 2 young (2048K), 2 survivors (2048K)
 Metaspace       used 110326K, committed 111232K, reserved 1146880K
  class space    used 14460K, committed 14912K, reserved 1048576K
}
Event: 1847.609 GC heap before
{Heap before GC invocations=68 (full 0):
 garbage-first heap   total 340992K, used 232573K [0x0000000080000000, 0x0000000100000000)
  region size 1024K, 36 young (36864K), 2 survivors (2048K)
 Metaspace       used 110334K, committed 111232K, reserved 1146880K
  class space    used 14461K, committed 14912K, reserved 1048576K
}
Event: 1847.623 GC heap after
{Heap after GC invocations=69 (full 0):
 garbage-first heap   total 340992K, used 185797K [0x0000000080000000, 0x0000000100000000)
  region size 1024K, 5 young (5120K), 5 survivors (5120K)
 Metaspace       used 110334K, committed 111232K, reserved 1146880K
  class space    used 14461K, committed 14912K, reserved 1048576K
}
Event: 1848.186 GC heap before
{Heap before GC invocations=69 (full 0):
 garbage-first heap   total 340992K, used 241093K [0x0000000080000000, 0x0000000100000000)
  region size 1024K, 59 young (60416K), 5 survivors (5120K)
 Metaspace       used 110388K, committed 111296K, reserved 1146880K
  class space    used 14465K, committed 14912K, reserved 1048576K
}

Dll operation events (2 events):
Event: 0.033 Loaded shared library C:\Program Files\Android\Android Studio\jbr\bin\java.dll
Event: 0.910 Loaded shared library C:\Program Files\Android\Android Studio\jbr\bin\verify.dll

Deoptimization events (20 events):
Event: 1847.896 Thread 0x00000218e6a42ed0 DEOPT PACKING pc=0x00000218c9cfe8e6 sp=0x000000c4a0ffcff0
Event: 1847.896 Thread 0x00000218e6a42ed0 DEOPT UNPACKING pc=0x00000218cfcd7143 sp=0x000000c4a0ffc550 mode 0
Event: 1847.930 Thread 0x00000218e6a42ed0 DEOPT PACKING pc=0x00000218c9cfe8e6 sp=0x000000c4a0ffcff0
Event: 1847.930 Thread 0x00000218e6a42ed0 DEOPT UNPACKING pc=0x00000218cfcd7143 sp=0x000000c4a0ffc550 mode 0
Event: 1847.968 Thread 0x00000218e6a42ed0 DEOPT PACKING pc=0x00000218c9cfe8e6 sp=0x000000c4a0ffd150
Event: 1847.968 Thread 0x00000218e6a42ed0 DEOPT UNPACKING pc=0x00000218cfcd7143 sp=0x000000c4a0ffc6b0 mode 0
Event: 1847.980 Thread 0x00000218e6a42ed0 DEOPT PACKING pc=0x00000218c9cfe8e6 sp=0x000000c4a0ffcff0
Event: 1847.981 Thread 0x00000218e6a42ed0 DEOPT UNPACKING pc=0x00000218cfcd7143 sp=0x000000c4a0ffc550 mode 0
Event: 1847.991 Thread 0x00000218e6a42ed0 DEOPT PACKING pc=0x00000218c9cfe8e6 sp=0x000000c4a0ffd5a0
Event: 1847.991 Thread 0x00000218e6a42ed0 DEOPT UNPACKING pc=0x00000218cfcd7143 sp=0x000000c4a0ffcb00 mode 0
Event: 1848.011 Thread 0x00000218e6a42ed0 DEOPT PACKING pc=0x00000218c9cfe8e6 sp=0x000000c4a0ffcff0
Event: 1848.011 Thread 0x00000218e6a42ed0 DEOPT UNPACKING pc=0x00000218cfcd7143 sp=0x000000c4a0ffc550 mode 0
Event: 1848.021 Thread 0x00000218e6a42ed0 DEOPT PACKING pc=0x00000218c9cfe8e6 sp=0x000000c4a0ffd5a0
Event: 1848.021 Thread 0x00000218e6a42ed0 DEOPT UNPACKING pc=0x00000218cfcd7143 sp=0x000000c4a0ffcb00 mode 0
Event: 1848.030 Thread 0x00000218e6a42ed0 DEOPT PACKING pc=0x00000218c9cfe8e6 sp=0x000000c4a0ffcff0
Event: 1848.030 Thread 0x00000218e6a42ed0 DEOPT UNPACKING pc=0x00000218cfcd7143 sp=0x000000c4a0ffc550 mode 0
Event: 1848.038 Thread 0x00000218e6a42ed0 DEOPT PACKING pc=0x00000218c9cfe8e6 sp=0x000000c4a0ffcff0
Event: 1848.038 Thread 0x00000218e6a42ed0 DEOPT UNPACKING pc=0x00000218cfcd7143 sp=0x000000c4a0ffc550 mode 0
Event: 1848.055 Thread 0x00000218e6a42ed0 DEOPT PACKING pc=0x00000218c9cfe8e6 sp=0x000000c4a0ffd5a0
Event: 1848.055 Thread 0x00000218e6a42ed0 DEOPT UNPACKING pc=0x00000218cfcd7143 sp=0x000000c4a0ffcb00 mode 0

Classes unloaded (3 events):
Event: 152.607 Thread 0x00000218c534e860 Unloading class 0x0000000100d19c00 'java/lang/invoke/LambdaForm$DMH+0x0000000100d19c00'
Event: 152.607 Thread 0x00000218c534e860 Unloading class 0x0000000100d19800 'java/lang/invoke/LambdaForm$DMH+0x0000000100d19800'
Event: 152.607 Thread 0x00000218c534e860 Unloading class 0x0000000100d19400 'java/lang/invoke/LambdaForm$DMH+0x0000000100d19400'

Classes redefined (0 events):
No events

Internal exceptions (20 events):
Event: 157.158 Thread 0x00000218ea1d98d0 Exception <a 'sun/nio/fs/WindowsException'{0x000000008f1aae30}> (0x000000008f1aae30) 
thrown [s\src\hotspot\share\prims\jni.cpp, line 517]
Event: 157.158 Thread 0x00000218ea1d98d0 Exception <a 'sun/nio/fs/WindowsException'{0x000000008f1abf08}> (0x000000008f1abf08) 
thrown [s\src\hotspot\share\prims\jni.cpp, line 517]
Event: 157.158 Thread 0x00000218ea1d98d0 Exception <a 'sun/nio/fs/WindowsException'{0x000000008f1abf78}> (0x000000008f1abf78) 
thrown [s\src\hotspot\share\prims\jni.cpp, line 517]
Event: 157.158 Thread 0x00000218ea1d98d0 Exception <a 'sun/nio/fs/WindowsException'{0x000000008f1ac328}> (0x000000008f1ac328) 
thrown [s\src\hotspot\share\prims\jni.cpp, line 517]
Event: 157.446 Thread 0x00000218ea1d98d0 Exception <a 'sun/nio/fs/WindowsException'{0x000000008eacff68}> (0x000000008eacff68) 
thrown [s\src\hotspot\share\prims\jni.cpp, line 517]
Event: 157.997 Thread 0x00000218ea1d7250 Exception <a 'sun/nio/fs/WindowsException'{0x000000008e5bee48}> (0x000000008e5bee48) 
thrown [s\src\hotspot\share\prims\jni.cpp, line 517]
Event: 158.021 Thread 0x00000218e4229500 Exception <a 'sun/nio/fs/WindowsException'{0x000000008e7503c8}> (0x000000008e7503c8) 
thrown [s\src\hotspot\share\prims\jni.cpp, line 517]
Event: 158.097 Thread 0x00000218e9c4f820 Exception <a 'sun/nio/fs/WindowsException'{0x000000008e4b72b8}> (0x000000008e4b72b8) 
thrown [s\src\hotspot\share\prims\jni.cpp, line 517]
Event: 158.097 Thread 0x00000218e9c4f820 Exception <a 'sun/nio/fs/WindowsException'{0x000000008e4b7678}> (0x000000008e4b7678) 
thrown [s\src\hotspot\share\prims\jni.cpp, line 517]
Event: 158.097 Thread 0x00000218e9c4f820 Exception <a 'sun/nio/fs/WindowsException'{0x000000008e4b9528}> (0x000000008e4b9528) 
thrown [s\src\hotspot\share\prims\jni.cpp, line 517]
Event: 1333.738 Thread 0x00000218e0bc99b0 Implicit null exception at 0x00000218d0629672 to 0x00000218d0629d74
Event: 1839.390 Thread 0x00000218e6bc33a0 Exception <a 'sun/nio/fs/WindowsException'{0x000000008fdb5578}> (0x000000008fdb5578) 
thrown [s\src\hotspot\share\prims\jni.cpp, line 517]
Event: 1841.185 Thread 0x00000218e6bc33a0 Exception <a 'sun/nio/fs/WindowsException'{0x0000000090775200}> (0x0000000090775200) 
thrown [s\src\hotspot\share\prims\jni.cpp, line 517]
Event: 1841.275 Thread 0x00000218e6bc33a0 Exception <a 'sun/nio/fs/WindowsException'{0x0000000090612528}> (0x0000000090612528) 
thrown [s\src\hotspot\share\prims\jni.cpp, line 517]
Event: 1841.276 Thread 0x00000218e6bc33a0 Exception <a 'sun/nio/fs/WindowsException'{0x0000000090613898}> (0x0000000090613898) 
thrown [s\src\hotspot\share\prims\jni.cpp, line 517]
Event: 1841.277 Thread 0x00000218e6bc33a0 Exception <a 'sun/nio/fs/WindowsException'{0x0000000090614c58}> (0x0000000090614c58) 
thrown [s\src\hotspot\share\prims\jni.cpp, line 517]
Event: 1841.277 Thread 0x00000218e6bc33a0 Exception <a 'sun/nio/fs/WindowsException'{0x0000000090616018}> (0x0000000090616018) 
thrown [s\src\hotspot\share\prims\jni.cpp, line 517]
Event: 1841.601 Thread 0x00000218e6a42a00 Exception <a 'sun/nio/fs/WindowsException'{0x00000000902d4c40}> (0x00000000902d4c40) 
thrown [s\src\hotspot\share\prims\jni.cpp, line 517]
Event: 1842.137 Thread 0x00000218e4228690 Exception <a 'sun/nio/fs/WindowsException'{0x0000000090f49790}> (0x0000000090f49790) 
thrown [s\src\hotspot\share\prims\jni.cpp, line 517]
Event: 1842.137 Thread 0x00000218e4228690 Exception <a 'sun/nio/fs/WindowsException'{0x0000000090f49b40}> (0x0000000090f49b40) 
thrown [s\src\hotspot\share\prims\jni.cpp, line 517]

VM Operations (20 events):
Event: 1841.939 Executing VM operation: G1CollectForAllocation done
Event: 1842.951 Executing VM operation: Cleanup
Event: 1842.951 Executing VM operation: Cleanup done
Event: 1843.951 Executing VM operation: Cleanup
Event: 1843.953 Executing VM operation: Cleanup done
Event: 1844.075 Executing VM operation: G1CollectForAllocation
Event: 1844.117 Executing VM operation: G1CollectForAllocation done
Event: 1845.126 Executing VM operation: Cleanup
Event: 1845.126 Executing VM operation: Cleanup done
Event: 1845.143 Executing VM operation: G1CollectForAllocation
Event: 1845.234 Executing VM operation: G1CollectForAllocation done
Event: 1845.538 Executing VM operation: G1CollectForAllocation
Event: 1845.556 Executing VM operation: G1CollectForAllocation done
Event: 1846.180 Executing VM operation: G1CollectForAllocation
Event: 1846.215 Executing VM operation: G1CollectForAllocation done
Event: 1847.095 Executing VM operation: G1CollectForAllocation
Event: 1847.115 Executing VM operation: G1CollectForAllocation done
Event: 1847.596 Executing VM operation: G1CollectForAllocation
Event: 1847.623 Executing VM operation: G1CollectForAllocation done
Event: 1848.186 Executing VM operation: G1CollectForAllocation

Events (20 events):
Event: 1838.678 Thread 0x00000218e3ddbbb0 Thread added: 0x00000218e3ddbbb0
Event: 1838.679 Thread 0x00000218e6a45550 Thread added: 0x00000218e6a45550
Event: 1838.679 Thread 0x00000218e6a433a0 Thread added: 0x00000218e6a433a0
Event: 1838.680 Thread 0x00000218e6a43870 Thread added: 0x00000218e6a43870
Event: 1838.681 Thread 0x00000218e3ddb210 Thread added: 0x00000218e3ddb210
Event: 1838.682 Thread 0x00000218e3eabfd0 Thread added: 0x00000218e3eabfd0
Event: 1838.682 Thread 0x00000218e3eac4a0 Thread added: 0x00000218e3eac4a0
Event: 1838.683 Thread 0x00000218e3eac970 Thread added: 0x00000218e3eac970
Event: 1839.090 Thread 0x00000218e6a42060 Thread added: 0x00000218e6a42060
Event: 1839.557 Thread 0x00000218e6a45080 Thread added: 0x00000218e6a45080
Event: 1839.616 Thread 0x00000218e6a44210 Thread added: 0x00000218e6a44210
Event: 1841.544 Thread 0x00000218e6a42a00 Thread added: 0x00000218e6a42a00
Event: 1841.546 Thread 0x00000218e422cec0 Thread added: 0x00000218e422cec0
Event: 1841.547 Thread 0x00000218e4228690 Thread added: 0x00000218e4228690
Event: 1841.547 Thread 0x00000218e422d390 Thread added: 0x00000218e422d390
Event: 1841.562 Thread 0x00000218e422dd30 Thread added: 0x00000218e422dd30
Event: 1842.032 Thread 0x00000218e6a42ed0 Thread added: 0x00000218e6a42ed0
Event: 1847.514 Thread 0x00000218e3eab630 Thread added: 0x00000218e3eab630
Event: 1847.552 Thread 0x00000218e3eaa2f0 Thread added: 0x00000218e3eaa2f0
Event: 1847.570 Thread 0x00000218e3eab160 Thread added: 0x00000218e3eab160


Dynamic libraries:
0x00007ff736c70000 - 0x00007ff736c7a000 	C:\Program Files\Android\Android Studio\jbr\bin\java.exe
0x00007ffdd40d0000 - 0x00007ffdd42c8000 	C:\WINDOWS\SYSTEM32\ntdll.dll
0x00007ffdd2fa0000 - 0x00007ffdd305d000 	C:\WINDOWS\System32\KERNEL32.DLL
0x00007ffdd1af0000 - 0x00007ffdd1de6000 	C:\WINDOWS\System32\KERNELBASE.dll
0x00007ffdd19a0000 - 0x00007ffdd1aa0000 	C:\WINDOWS\System32\ucrtbase.dll
0x00007ffdba9b0000 - 0x00007ffdba9cb000 	C:\Program Files\Android\Android Studio\jbr\bin\VCRUNTIME140.dll
0x00007ffdbbf30000 - 0x00007ffdbbf47000 	C:\Program Files\Android\Android Studio\jbr\bin\jli.dll
0x00007ffdd3c30000 - 0x00007ffdd3dce000 	C:\WINDOWS\System32\USER32.dll
0x00007ffdd17b0000 - 0x00007ffdd17d2000 	C:\WINDOWS\System32\win32u.dll
0x00007ffdbd240000 - 0x00007ffdbd4da000 	C:\WINDOWS\WinSxS\amd64_microsoft.windows.common-controls_6595b64144ccf1df_6.0.19041.3636_none_60b6a03d71f818d5\COMCTL32.dll
0x00007ffdd31a0000 - 0x00007ffdd31cc000 	C:\WINDOWS\System32\GDI32.dll
0x00007ffdd2ee0000 - 0x00007ffdd2f7e000 	C:\WINDOWS\System32\msvcrt.dll
0x00007ffdd2010000 - 0x00007ffdd212a000 	C:\WINDOWS\System32\gdi32full.dll
0x00007ffdd1850000 - 0x00007ffdd18ed000 	C:\WINDOWS\System32\msvcp_win.dll
0x00007ffdd25f0000 - 0x00007ffdd2620000 	C:\WINDOWS\System32\IMM32.DLL
0x00007ffdcbc30000 - 0x00007ffdcbc3c000 	C:\Program Files\Android\Android Studio\jbr\bin\vcruntime140_1.dll
0x00007ffda01e0000 - 0x00007ffda026d000 	C:\Program Files\Android\Android Studio\jbr\bin\msvcp140.dll
0x00007ffd9b730000 - 0x00007ffd9c39e000 	C:\Program Files\Android\Android Studio\jbr\bin\server\jvm.dll
0x00007ffdd3550000 - 0x00007ffdd35ff000 	C:\WINDOWS\System32\ADVAPI32.dll
0x00007ffdd3600000 - 0x00007ffdd369c000 	C:\WINDOWS\System32\sechost.dll
0x00007ffdd3e30000 - 0x00007ffdd3f56000 	C:\WINDOWS\System32\RPCRT4.dll
0x00007ffdcbcf0000 - 0x00007ffdcbcf9000 	C:\WINDOWS\SYSTEM32\WSOCK32.dll
0x00007ffdc9470000 - 0x00007ffdc9497000 	C:\WINDOWS\SYSTEM32\WINMM.dll
0x00007ffdd3130000 - 0x00007ffdd319b000 	C:\WINDOWS\System32\WS2_32.dll
0x00007ffdc94a0000 - 0x00007ffdc94aa000 	C:\WINDOWS\SYSTEM32\VERSION.dll
0x00007ffdcf670000 - 0x00007ffdcf682000 	C:\WINDOWS\SYSTEM32\kernel.appcore.dll
0x00007ffdcbb10000 - 0x00007ffdcbb1a000 	C:\Program Files\Android\Android Studio\jbr\bin\jimage.dll
0x00007ffdbb140000 - 0x00007ffdbb324000 	C:\WINDOWS\SYSTEM32\DBGHELP.DLL
0x00007ffdb78c0000 - 0x00007ffdb78f4000 	C:\WINDOWS\SYSTEM32\dbgcore.DLL
0x00007ffdd1e20000 - 0x00007ffdd1ea2000 	C:\WINDOWS\System32\bcryptPrimitives.dll
0x00007ffdcb680000 - 0x00007ffdcb6a5000 	C:\Program Files\Android\Android Studio\jbr\bin\java.dll
0x00007ffdcb660000 - 0x00007ffdcb678000 	C:\Program Files\Android\Android Studio\jbr\bin\zip.dll
0x00007ffdd2790000 - 0x00007ffdd2ed4000 	C:\WINDOWS\System32\SHELL32.dll
0x00007ffdcf870000 - 0x00007ffdd000b000 	C:\WINDOWS\SYSTEM32\windows.storage.dll
0x00007ffdd2140000 - 0x00007ffdd2494000 	C:\WINDOWS\System32\combase.dll
0x00007ffdd1120000 - 0x00007ffdd114d000 	C:\WINDOWS\SYSTEM32\Wldp.dll
0x00007ffdd26e0000 - 0x00007ffdd278d000 	C:\WINDOWS\System32\SHCORE.dll
0x00007ffdd30d0000 - 0x00007ffdd3125000 	C:\WINDOWS\System32\shlwapi.dll
0x00007ffdd16e0000 - 0x00007ffdd1705000 	C:\WINDOWS\SYSTEM32\profapi.dll
0x00007ffdca570000 - 0x00007ffdca589000 	C:\Program Files\Android\Android Studio\jbr\bin\net.dll
0x00007ffdc8af0000 - 0x00007ffdc8bfa000 	C:\WINDOWS\SYSTEM32\WINHTTP.dll
0x00007ffdd0e80000 - 0x00007ffdd0eea000 	C:\WINDOWS\system32\mswsock.dll
0x00007ffdca4c0000 - 0x00007ffdca4d6000 	C:\Program Files\Android\Android Studio\jbr\bin\nio.dll
0x00007ffdcb6e0000 - 0x00007ffdcb6f0000 	C:\Program Files\Android\Android Studio\jbr\bin\verify.dll
0x00007ffdcbb30000 - 0x00007ffdcbb57000 	C:\Users\HP\.gradle\native\68d5fa5c4cc2d200863cafc0d521ce42e7d3e7ee720ec0a83991735586a16f82\windows-amd64\native-platform.dll
0x00007ffd9ee00000 - 0x00007ffd9ef44000 	C:\Users\HP\.gradle\native\e376f236ea51e6404a007f0833ffe2c6e607c4080706a723a18a27aeea778392\windows-amd64\native-platform-file-events.dll
0x00007ffdcb650000 - 0x00007ffdcb659000 	C:\Program Files\Android\Android Studio\jbr\bin\management.dll
0x00007ffdca5d0000 - 0x00007ffdca5db000 	C:\Program Files\Android\Android Studio\jbr\bin\management_ext.dll
0x00007ffdd3060000 - 0x00007ffdd3068000 	C:\WINDOWS\System32\PSAPI.DLL
0x00007ffdd1070000 - 0x00007ffdd1088000 	C:\WINDOWS\SYSTEM32\CRYPTSP.dll
0x00007ffdd07b0000 - 0x00007ffdd07e4000 	C:\WINDOWS\system32\rsaenh.dll
0x00007ffdd1df0000 - 0x00007ffdd1e17000 	C:\WINDOWS\System32\bcrypt.dll
0x00007ffdd1660000 - 0x00007ffdd168e000 	C:\WINDOWS\SYSTEM32\USERENV.dll
0x00007ffdd1090000 - 0x00007ffdd109c000 	C:\WINDOWS\SYSTEM32\CRYPTBASE.dll
0x00007ffdd0b70000 - 0x00007ffdd0bab000 	C:\WINDOWS\SYSTEM32\IPHLPAPI.DLL
0x00007ffdd26d0000 - 0x00007ffdd26d8000 	C:\WINDOWS\System32\NSI.dll
0x00007ffdc94d0000 - 0x00007ffdc94e7000 	C:\WINDOWS\SYSTEM32\dhcpcsvc6.DLL
0x00007ffdc7000000 - 0x00007ffdc701d000 	C:\WINDOWS\SYSTEM32\dhcpcsvc.DLL
0x00007ffdd0bb0000 - 0x00007ffdd0c7a000 	C:\WINDOWS\SYSTEM32\DNSAPI.dll
0x00007ffdca2d0000 - 0x00007ffdca2d7000 	C:\WINDOWS\system32\wshunix.dll
0x00007ffdb5030000 - 0x00007ffdb5047000 	C:\WINDOWS\system32\napinsp.dll
0x00007ffdb5010000 - 0x00007ffdb502b000 	C:\WINDOWS\system32\pnrpnsp.dll
0x00007ffdb4ff0000 - 0x00007ffdb5005000 	C:\WINDOWS\system32\wshbth.dll
0x00007ffdcd150000 - 0x00007ffdcd16d000 	C:\WINDOWS\system32\NLAapi.dll
0x00007ffdb4230000 - 0x00007ffdb4242000 	C:\WINDOWS\System32\winrnr.dll
0x00007ffdb8ce0000 - 0x00007ffdb8cea000 	C:\Windows\System32\rasadhlp.dll
0x00007ffdb9b70000 - 0x00007ffdb9bf0000 	C:\WINDOWS\System32\fwpuclnt.dll
0x00007ffdd08d0000 - 0x00007ffdd0903000 	C:\WINDOWS\SYSTEM32\ntmarta.dll

dbghelp: loaded successfully - version: 4.0.5 - missing functions: none
symbol engine: initialized successfully - sym options: 0x614 - pdb path: .;C:\Program Files\Android\Android Studio\jbr\bin;C:\WINDOWS\SYSTEM32;C:\WINDOWS\WinSxS\amd64_microsoft.windows.common-controls_6595b64144ccf1df_6.0.19041.3636_none_60b6a03d71f818d5;C:\Program Files\Android\Android Studio\jbr\bin\server;C:\Users\HP\.gradle\native\68d5fa5c4cc2d200863cafc0d521ce42e7d3e7ee720ec0a83991735586a16f82\windows-amd64;C:\Users\HP\.gradle\native\e376f236ea51e6404a007f0833ffe2c6e607c4080706a723a18a27aeea778392\windows-amd64

VM Arguments:
jvm_args: --add-opens=java.base/java.util=ALL-UNNAMED --add-opens=java.base/java.lang=ALL-UNNAMED --add-opens=java.base/java.lang.invoke=ALL-UNNAMED --add-opens=java.prefs/java.util.prefs=ALL-UNNAMED --add-opens=java.base/java.nio.charset=ALL-UNNAMED --add-opens=java.base/java.net=ALL-UNNAMED --add-opens=java.base/java.util.concurrent.atomic=ALL-UNNAMED -Xmx2048m -Dfile.encoding=UTF-8 -Duser.country=US -Duser.language=en -Duser.variant 
java_command: org.gradle.launcher.daemon.bootstrap.GradleDaemon 8.0
java_class_path (initial): C:\Users\HP\.gradle\wrapper\dists\gradle-8.0-bin\ca5e32bp14vu59qr306oxotwh\gradle-8.0\lib\gradle-launcher-8.0.jar
Launcher Type: SUN_STANDARD

[Global flags]
     intx CICompilerCount                          = 3                                         {product} {ergonomic}
     uint ConcGCThreads                            = 1                                         {product} {ergonomic}
     uint G1ConcRefinementThreads                  = 4                                         {product} {ergonomic}
   size_t G1HeapRegionSize                         = 1048576                                   {product} {ergonomic}
    uintx GCDrainStackTargetSize                   = 64                                        {product} {ergonomic}
   size_t InitialHeapSize                          = 58720256                                  {product} {ergonomic}
   size_t MarkStackSize                            = 4194304                                   {product} {ergonomic}
   size_t MaxHeapSize                              = 2147483648                                {product} {command line}
   size_t MaxNewSize                               = 1287651328                                {product} {ergonomic}
   size_t MinHeapDeltaBytes                        = 1048576                                   {product} {ergonomic}
   size_t MinHeapSize                              = 8388608                                   {product} {ergonomic}
    uintx NonNMethodCodeHeapSize                   = 5832780                                {pd product} {ergonomic}
    uintx NonProfiledCodeHeapSize                  = 122912730                              {pd product} {ergonomic}
    uintx ProfiledCodeHeapSize                     = 122912730                              {pd product} {ergonomic}
    uintx ReservedCodeCacheSize                    = 251658240                              {pd product} {ergonomic}
     bool SegmentedCodeCache                       = true                                      {product} {ergonomic}
   size_t SoftMaxHeapSize                          = 2147483648                             {manageable} {ergonomic}
     bool UseCompressedClassPointers               = true                           {product lp64_product} {ergonomic}
     bool UseCompressedOops                        = true                           {product lp64_product} {ergonomic}
     bool UseG1GC                                  = true                                      {product} {ergonomic}
     bool UseLargePagesIndividualAllocation        = false                                  {pd product} {ergonomic}

Logging:
Log output configuration:
 #0: stdout all=warning uptime,level,tags
 #1: stderr all=off uptime,level,tags

Environment Variables:
JAVA_HOME=C:\Program Files\Java\jdk-21
PATH=C:\Program Files\Java\jdk-21\bin;C:\WINDOWS\system32;C:\WINDOWS;C:\WINDOWS\System32\Wbem;C:\WINDOWS\System32\WindowsPowerShell\v1.0\;C:\WINDOWS\System32\OpenSSH\;C:\MinGW\bin;C:\Program Files\PowerShell\7\;C:\Program Files\Git\cmd;C:\Users\HP\AppData\Local\Microsoft\WindowsApps;
USERNAME=HP
OS=Windows_NT
PROCESSOR_IDENTIFIER=AMD64 Family 23 Model 24 Stepping 1, AuthenticAMD
TMP=C:\Users\HP\AppData\Local\Temp
TEMP=C:\Users\HP\AppData\Local\Temp


JNI global refs:
JNI global refs: 24, weak refs: 5

JNI global refs memory usage: 843, weak refs: 841


---------------  S Y S T E M  ---------------

OS:
 Windows 10 , 64 bit Build 19041 (10.0.19041.3636)
OS uptime: 0 days 0:52 hours

CPU: total 4 (initial active 4) (4 cores per cpu, 2 threads per core) family 23 model 24 stepping 1 microcode 0x0, cx8, cmov, fxsr, ht, mmx, 3dnowpref, sse, sse2, sse3, ssse3, sse4a, sse4.1, sse4.2, popcnt, lzcnt, tsc, tscinvbit, avx, avx2, aes, clmul, bmi1, bmi2, adx, sha, fma, vzeroupper, clflush, clflushopt

Memory: 4k page, system-wide physical 3499M (223M free)
TotalPageFile size 8495M (AvailPageFile size 76M)
current process WorkingSet (physical memory assigned to process): 337M, peak: 485M
current process commit charge ("private bytes"): 655M, peak: 782M

vm_info: OpenJDK 64-Bit Server VM (17.0.6+0-b2043.56-10027231) for windows-amd64 JRE (17.0.6+0-b2043.56-10027231), built on Apr 28 2023 00:43:19 by "androidbuild" with MS VC++ 16.10 / 16.11 (VS2019)

END.
