#
# There is insufficient memory for the Java Runtime Environment to continue.
# Native memory allocation (mmap) failed to map 195035136 bytes for G1 virtual space
# Possible reasons:
#   The system is out of physical RAM or swap space
#   The process is running with CompressedOops enabled, and the Java Heap may be blocking the growth of the native heap
# Possible solutions:
#   Reduce memory load on the system
#   Increase physical memory or swap space
#   Check if swap backing store is full
#   Decrease Java heap size (-Xmx/-Xms)
#   Decrease number of Java threads
#   Decrease Java thread stack sizes (-Xss)
#   Set larger code cache with -XX:ReservedCodeCacheSize=
#   JVM is running with Unscaled Compressed Oops mode in which the Java heap is
#     placed in the first 4GB address space. The Java Heap base address is the
#     maximum limit for the native heap growth. Please use -XX:HeapBaseMinAddress
#     to set the Java Heap base and to place the Java Heap above 4GB virtual address.
# This output file may be truncated or incomplete.
#
#  Out of Memory Error (os_windows.cpp:3769), pid=8876, tid=7996
#
# JRE version: OpenJDK Runtime Environment (17.0.6) (build 17.0.6+0-b2043.56-10027231)
# Java VM: OpenJDK 64-Bit Server VM (17.0.6+0-b2043.56-10027231, mixed mode, tiered, compressed oops, compressed class ptrs, g1 gc, windows-amd64)
# No core dump will be written. Minidumps are not enabled by default on client versions of Windows
#

---------------  S U M M A R Y ------------

Command Line: --add-opens=java.base/java.util=ALL-UNNAMED --add-opens=java.base/java.lang=ALL-UNNAMED --add-opens=java.base/java.lang.invoke=ALL-UNNAMED --add-opens=java.prefs/java.util.prefs=ALL-UNNAMED --add-opens=java.base/java.nio.charset=ALL-UNNAMED --add-opens=java.base/java.net=ALL-UNNAMED --add-opens=java.base/java.util.concurrent.atomic=ALL-UNNAMED -Xmx2048m -Dfile.encoding=UTF-8 -Duser.country=US -Duser.language=en -Duser.variant org.gradle.launcher.daemon.bootstrap.GradleDaemon 8.0

Host: AMD Ryzen 3 3250U with Radeon Graphics         , 4 cores, 3G,  Windows 10 , 64 bit Build 19041 (10.0.19041.3636)
Time: Mon Dec 25 13:46:54 2023 SE Asia Standard Time elapsed time: 57.720837 seconds (0d 0h 0m 57s)

---------------  T H R E A D  ---------------

Current thread (0x000002117f3df150):  VMThread "VM Thread" [stack: 0x0000009603b00000,0x0000009603c00000] [id=7996]

Stack: [0x0000009603b00000,0x0000009603c00000]
Native frames: (J=compiled Java code, j=interpreted, Vv=VM code, C=native code)
V  [jvm.dll+0x683c9a]
V  [jvm.dll+0x8427a4]
V  [jvm.dll+0x843f9e]
V  [jvm.dll+0x844603]
V  [jvm.dll+0x249b75]
V  [jvm.dll+0x680b69]
V  [jvm.dll+0x67505a]
V  [jvm.dll+0x309acb]
V  [jvm.dll+0x310f86]
V  [jvm.dll+0x3608ee]
V  [jvm.dll+0x360b1f]
V  [jvm.dll+0x2dfbf8]
V  [jvm.dll+0x2ddec4]
V  [jvm.dll+0x2dd4cc]
V  [jvm.dll+0x321f3b]
V  [jvm.dll+0x848ccb]
V  [jvm.dll+0x849a04]
V  [jvm.dll+0x849f1d]
V  [jvm.dll+0x84a2f4]
V  [jvm.dll+0x84a3c0]
V  [jvm.dll+0x7f274a]
V  [jvm.dll+0x682ad5]
C  [ucrtbase.dll+0x21bb2]
C  [KERNEL32.DLL+0x17344]
C  [ntdll.dll+0x526b1]

VM_Operation (0x000000960a5fda50): G1CollectForAllocation, mode: safepoint, requested by thread 0x000002111bf0b090


---------------  P R O C E S S  ---------------

Threads class SMR info:
_java_thread_list=0x000002111aa05190, length=100, elements={
0x0000021178e6a390, 0x000002117f3e4500, 0x000002117f4187d0, 0x000002117f451dd0,
0x000002117f4556b0, 0x000002117f455f70, 0x000002117f457840, 0x000002117f458a40,
0x0000021113910080, 0x0000021113912da0, 0x0000021113a74050, 0x0000021113a795e0,
0x000002111461af30, 0x0000021113b8d830, 0x0000021114f49650, 0x00000211152fda50,
0x00000211150b84a0, 0x0000021114ed28c0, 0x0000021115442030, 0x000002111621f440,
0x000002111621ef70, 0x0000021116221f90, 0x000002111621f910, 0x000002111621fde0,
0x00000211162202b0, 0x0000021116220780, 0x000002111621eaa0, 0x0000021116222460,
0x00000211162215f0, 0x0000021116220c50, 0x0000021116221120, 0x000002111823e380,
0x000002111823c1d0, 0x000002111823d510, 0x000002111823e850, 0x000002111823deb0,
0x000002111823ed20, 0x0000021118240060, 0x000002111823f1f0, 0x0000021118240ed0,
0x0000021118241870, 0x000002111823cb70, 0x000002111823a020, 0x000002111823b830,
0x000002111823d040, 0x000002111823a4f0, 0x000002111823a9c0, 0x000002111823ae90,
0x000002111823b360, 0x0000021113fa6fe0, 0x0000021113fad9c0, 0x0000021113fad020,
0x0000021113fa87f0, 0x0000021113fab810, 0x0000021113fad4f0, 0x0000021113fa7980,
0x0000021113fa6640, 0x0000021113fa74b0, 0x0000021113faa4d0, 0x0000021113fa7e50,
0x0000021113fa8cc0, 0x0000021113fa8320, 0x0000021113fabce0, 0x0000021113fa6b10,
0x0000021113fac1b0, 0x0000021113fa9190, 0x0000021113fa9b30, 0x0000021113faa000,
0x0000021113fa9660, 0x0000021113faa9a0, 0x0000021113faae70, 0x0000021113fab340,
0x0000021113facb50, 0x0000021113fac680, 0x0000021113fade90, 0x00000211166f40a0,
0x00000211166f1a20, 0x00000211166f1550, 0x00000211166f4a40, 0x00000211166f06e0,
0x00000211166ef3a0, 0x00000211166f0bb0, 0x00000211166f2890, 0x00000211166efd40,
0x000002111b4d6860, 0x000002111b4d3d10, 0x000002111b4d4b80, 0x000002111b4d76d0,
0x000002111b4d41e0, 0x0000021118240a00, 0x000002111bf11f40, 0x000002111bf0fd90,
0x000002111bf10260, 0x000002111bf0d710, 0x000002111bf0e580, 0x000002111bf12410,
0x000002111bf0ea50, 0x000002111bf0dbe0, 0x000002111bf0b090, 0x000002111bf0c3d0
}

Java Threads: ( => current thread )
  0x0000021178e6a390 JavaThread "main" [_thread_blocked, id=10944, stack(0x0000009603500000,0x0000009603600000)]
  0x000002117f3e4500 JavaThread "Reference Handler" daemon [_thread_blocked, id=14296, stack(0x0000009603c00000,0x0000009603d00000)]
  0x000002117f4187d0 JavaThread "Finalizer" daemon [_thread_blocked, id=12336, stack(0x0000009603d00000,0x0000009603e00000)]
  0x000002117f451dd0 JavaThread "Signal Dispatcher" daemon [_thread_blocked, id=9088, stack(0x0000009603e00000,0x0000009603f00000)]
  0x000002117f4556b0 JavaThread "Attach Listener" daemon [_thread_blocked, id=13940, stack(0x0000009603f00000,0x0000009604000000)]
  0x000002117f455f70 JavaThread "Service Thread" daemon [_thread_blocked, id=8364, stack(0x0000009604000000,0x0000009604100000)]
  0x000002117f457840 JavaThread "Monitor Deflation Thread" daemon [_thread_blocked, id=14060, stack(0x0000009604100000,0x0000009604200000)]
  0x000002117f458a40 JavaThread "C2 CompilerThread0" daemon [_thread_blocked, id=11360, stack(0x0000009604200000,0x0000009604300000)]
  0x0000021113910080 JavaThread "C1 CompilerThread0" daemon [_thread_blocked, id=6336, stack(0x0000009604300000,0x0000009604400000)]
  0x0000021113912da0 JavaThread "Sweeper thread" daemon [_thread_blocked, id=1404, stack(0x0000009604400000,0x0000009604500000)]
  0x0000021113a74050 JavaThread "Common-Cleaner" daemon [_thread_blocked, id=12396, stack(0x0000009604500000,0x0000009604600000)]
  0x0000021113a795e0 JavaThread "Notification Thread" daemon [_thread_blocked, id=10560, stack(0x0000009604600000,0x0000009604700000)]
  0x000002111461af30 JavaThread "Daemon health stats" [_thread_blocked, id=12036, stack(0x0000009604b00000,0x0000009604c00000)]
  0x0000021113b8d830 JavaThread "Incoming local TCP Connector on port 53025" [_thread_in_native, id=10472, stack(0x0000009604c00000,0x0000009604d00000)]
  0x0000021114f49650 JavaThread "Daemon periodic checks" [_thread_blocked, id=10096, stack(0x0000009604d00000,0x0000009604e00000)]
  0x00000211152fda50 JavaThread "Daemon" [_thread_blocked, id=860, stack(0x0000009604e00000,0x0000009604f00000)]
  0x00000211150b84a0 JavaThread "Handler for socket connection from /127.0.0.1:53025 to /127.0.0.1:53026" [_thread_in_native, id=4820, stack(0x0000009604f00000,0x0000009605000000)]
  0x0000021114ed28c0 JavaThread "Cancel handler" [_thread_blocked, id=8700, stack(0x0000009605000000,0x0000009605100000)]
  0x0000021115442030 JavaThread "Daemon worker" [_thread_blocked, id=10376, stack(0x0000009605100000,0x0000009605200000)]
  0x000002111621f440 JavaThread "Asynchronous log dispatcher for DefaultDaemonConnection: socket connection from /127.0.0.1:53025 to /127.0.0.1:53026" [_thread_blocked, id=292, stack(0x0000009605200000,0x0000009605300000)]
  0x000002111621ef70 JavaThread "Stdin handler" [_thread_blocked, id=13616, stack(0x0000009605300000,0x0000009605400000)]
  0x0000021116221f90 JavaThread "Daemon client event forwarder" [_thread_blocked, id=9416, stack(0x0000009605400000,0x0000009605500000)]
  0x000002111621f910 JavaThread "Cache worker for journal cache (C:\Users\HP\.gradle\caches\journal-1)" [_thread_blocked, id=8356, stack(0x0000009605500000,0x0000009605600000)]
  0x000002111621fde0 JavaThread "File lock request listener" [_thread_in_native, id=12300, stack(0x0000009605600000,0x0000009605700000)]
  0x00000211162202b0 JavaThread "Cache worker for file hash cache (C:\Users\HP\.gradle\caches\8.0\fileHashes)" [_thread_blocked, id=9204, stack(0x0000009605700000,0x0000009605800000)]
  0x0000021116220780 JavaThread "File watcher server" daemon [_thread_blocked, id=2612, stack(0x0000009605800000,0x0000009605900000)]
  0x000002111621eaa0 JavaThread "File watcher consumer" daemon [_thread_blocked, id=10780, stack(0x0000009605900000,0x0000009605a00000)]
  0x0000021116222460 JavaThread "Cache worker for checksums cache (C:\Users\HP\Desktop\CatHouse\.gradle\8.0\checksums)" [_thread_blocked, id=2724, stack(0x0000009605a00000,0x0000009605b00000)]
  0x00000211162215f0 JavaThread "Cache worker for cache directory md-rule (C:\Users\HP\.gradle\caches\8.0\md-rule)" [_thread_blocked, id=9048, stack(0x0000009605b00000,0x0000009605c00000)]
  0x0000021116220c50 JavaThread "Cache worker for file content cache (C:\Users\HP\.gradle\caches\8.0\fileContent)" [_thread_blocked, id=11684, stack(0x0000009605c00000,0x0000009605d00000)]
  0x0000021116221120 JavaThread "Cache worker for file hash cache (C:\Users\HP\Desktop\CatHouse\.gradle\8.0\fileHashes)" [_thread_blocked, id=10536, stack(0x0000009605d00000,0x0000009605e00000)]
  0x000002111823e380 JavaThread "Cache worker for cache directory md-supplier (C:\Users\HP\.gradle\caches\8.0\md-supplier)" [_thread_blocked, id=5920, stack(0x0000009605e00000,0x0000009605f00000)]
  0x000002111823c1d0 JavaThread "Cache worker for execution history cache (C:\Users\HP\.gradle\caches\8.0\executionHistory)" [_thread_blocked, id=7904, stack(0x0000009605f00000,0x0000009606000000)]
  0x000002111823d510 JavaThread "jar transforms" [_thread_blocked, id=11856, stack(0x0000009606000000,0x0000009606100000)]
  0x000002111823e850 JavaThread "jar transforms Thread 2" [_thread_blocked, id=13604, stack(0x0000009606100000,0x0000009606200000)]
  0x000002111823deb0 JavaThread "Cache worker for kotlin-dsl (C:\Users\HP\.gradle\caches\8.0\kotlin-dsl)" [_thread_blocked, id=7788, stack(0x0000009606200000,0x0000009606300000)]
  0x000002111823ed20 JavaThread "jar transforms Thread 3" [_thread_blocked, id=6420, stack(0x0000009606300000,0x0000009606400000)]
  0x0000021118240060 JavaThread "jar transforms Thread 4" [_thread_blocked, id=232, stack(0x0000009606400000,0x0000009606500000)]
  0x000002111823f1f0 JavaThread "Cache worker for dependencies-accessors (C:\Users\HP\Desktop\CatHouse\.gradle\8.0\dependencies-accessors)" [_thread_blocked, id=12024, stack(0x0000009606500000,0x0000009606600000)]
  0x0000021118240ed0 JavaThread "Cache worker for Build Output Cleanup Cache (C:\Users\HP\Desktop\CatHouse\.gradle\buildOutputCleanup)" [_thread_blocked, id=7880, stack(0x0000009606600000,0x0000009606700000)]
  0x0000021118241870 JavaThread "Unconstrained build operations" [_thread_blocked, id=6844, stack(0x0000009606800000,0x0000009606900000)]
  0x000002111823cb70 JavaThread "Unconstrained build operations Thread 2" [_thread_blocked, id=2828, stack(0x0000009606900000,0x0000009606a00000)]
  0x000002111823a020 JavaThread "Unconstrained build operations Thread 3" [_thread_blocked, id=4916, stack(0x0000009606a00000,0x0000009606b00000)]
  0x000002111823b830 JavaThread "Unconstrained build operations Thread 4" [_thread_blocked, id=2620, stack(0x0000009606b00000,0x0000009606c00000)]
  0x000002111823d040 JavaThread "Unconstrained build operations Thread 5" [_thread_blocked, id=14048, stack(0x0000009606c00000,0x0000009606d00000)]
  0x000002111823a4f0 JavaThread "Unconstrained build operations Thread 6" [_thread_blocked, id=7032, stack(0x0000009606d00000,0x0000009606e00000)]
  0x000002111823a9c0 JavaThread "Unconstrained build operations Thread 7" [_thread_blocked, id=7952, stack(0x0000009606e00000,0x0000009606f00000)]
  0x000002111823ae90 JavaThread "Unconstrained build operations Thread 8" [_thread_blocked, id=1284, stack(0x0000009606f00000,0x0000009607000000)]
  0x000002111823b360 JavaThread "Unconstrained build operations Thread 9" [_thread_blocked, id=5564, stack(0x0000009607000000,0x0000009607100000)]
  0x0000021113fa6fe0 JavaThread "Unconstrained build operations Thread 10" [_thread_blocked, id=12480, stack(0x0000009607100000,0x0000009607200000)]
  0x0000021113fad9c0 JavaThread "Unconstrained build operations Thread 11" [_thread_blocked, id=2920, stack(0x0000009607200000,0x0000009607300000)]
  0x0000021113fad020 JavaThread "Unconstrained build operations Thread 12" [_thread_blocked, id=6756, stack(0x0000009607300000,0x0000009607400000)]
  0x0000021113fa87f0 JavaThread "Unconstrained build operations Thread 13" [_thread_blocked, id=2784, stack(0x0000009607400000,0x0000009607500000)]
  0x0000021113fab810 JavaThread "Unconstrained build operations Thread 14" [_thread_blocked, id=8176, stack(0x0000009607500000,0x0000009607600000)]
  0x0000021113fad4f0 JavaThread "Unconstrained build operations Thread 15" [_thread_blocked, id=10608, stack(0x0000009607600000,0x0000009607700000)]
  0x0000021113fa7980 JavaThread "Unconstrained build operations Thread 16" [_thread_blocked, id=1180, stack(0x0000009607700000,0x0000009607800000)]
  0x0000021113fa6640 JavaThread "Unconstrained build operations Thread 17" [_thread_blocked, id=4144, stack(0x0000009607800000,0x0000009607900000)]
  0x0000021113fa74b0 JavaThread "Unconstrained build operations Thread 18" [_thread_blocked, id=7248, stack(0x0000009607900000,0x0000009607a00000)]
  0x0000021113faa4d0 JavaThread "Unconstrained build operations Thread 19" [_thread_blocked, id=1984, stack(0x0000009607a00000,0x0000009607b00000)]
  0x0000021113fa7e50 JavaThread "Unconstrained build operations Thread 20" [_thread_blocked, id=6908, stack(0x0000009607b00000,0x0000009607c00000)]
  0x0000021113fa8cc0 JavaThread "Unconstrained build operations Thread 21" [_thread_blocked, id=6596, stack(0x0000009607c00000,0x0000009607d00000)]
  0x0000021113fa8320 JavaThread "Unconstrained build operations Thread 22" [_thread_blocked, id=9252, stack(0x0000009607d00000,0x0000009607e00000)]
  0x0000021113fabce0 JavaThread "Unconstrained build operations Thread 23" [_thread_blocked, id=9632, stack(0x0000009607e00000,0x0000009607f00000)]
  0x0000021113fa6b10 JavaThread "Unconstrained build operations Thread 24" [_thread_blocked, id=11480, stack(0x0000009607f00000,0x0000009608000000)]
  0x0000021113fac1b0 JavaThread "Unconstrained build operations Thread 25" [_thread_blocked, id=8844, stack(0x0000009608000000,0x0000009608100000)]
  0x0000021113fa9190 JavaThread "Unconstrained build operations Thread 26" [_thread_blocked, id=13088, stack(0x0000009608100000,0x0000009608200000)]
  0x0000021113fa9b30 JavaThread "Unconstrained build operations Thread 27" [_thread_blocked, id=12696, stack(0x0000009608200000,0x0000009608300000)]
  0x0000021113faa000 JavaThread "Unconstrained build operations Thread 28" [_thread_blocked, id=1784, stack(0x0000009608300000,0x0000009608400000)]
  0x0000021113fa9660 JavaThread "Unconstrained build operations Thread 29" [_thread_blocked, id=9536, stack(0x0000009608400000,0x0000009608500000)]
  0x0000021113faa9a0 JavaThread "Unconstrained build operations Thread 30" [_thread_blocked, id=7460, stack(0x0000009608500000,0x0000009608600000)]
  0x0000021113faae70 JavaThread "Unconstrained build operations Thread 31" [_thread_blocked, id=10644, stack(0x0000009608600000,0x0000009608700000)]
  0x0000021113fab340 JavaThread "Unconstrained build operations Thread 32" [_thread_blocked, id=2036, stack(0x0000009608700000,0x0000009608800000)]
  0x0000021113facb50 JavaThread "Unconstrained build operations Thread 33" [_thread_blocked, id=14148, stack(0x0000009608800000,0x0000009608900000)]
  0x0000021113fac680 JavaThread "Unconstrained build operations Thread 34" [_thread_blocked, id=12164, stack(0x0000009608900000,0x0000009608a00000)]
  0x0000021113fade90 JavaThread "Unconstrained build operations Thread 35" [_thread_blocked, id=8664, stack(0x0000009608a00000,0x0000009608b00000)]
  0x00000211166f40a0 JavaThread "Unconstrained build operations Thread 36" [_thread_blocked, id=11044, stack(0x0000009608b00000,0x0000009608c00000)]
  0x00000211166f1a20 JavaThread "Unconstrained build operations Thread 37" [_thread_blocked, id=7344, stack(0x0000009608c00000,0x0000009608d00000)]
  0x00000211166f1550 JavaThread "Unconstrained build operations Thread 38" [_thread_blocked, id=13172, stack(0x0000009608d00000,0x0000009608e00000)]
  0x00000211166f4a40 JavaThread "Unconstrained build operations Thread 39" [_thread_blocked, id=12860, stack(0x0000009608e00000,0x0000009608f00000)]
  0x00000211166f06e0 JavaThread "Unconstrained build operations Thread 40" [_thread_blocked, id=10028, stack(0x0000009608f00000,0x0000009609000000)]
  0x00000211166ef3a0 JavaThread "build event listener" [_thread_blocked, id=2472, stack(0x0000009609000000,0x0000009609100000)]
  0x00000211166f0bb0 JavaThread "Memory manager" [_thread_blocked, id=8656, stack(0x0000009609100000,0x0000009609200000)]
  0x00000211166f2890 JavaThread "build event listener" [_thread_blocked, id=12660, stack(0x0000009609200000,0x0000009609300000)]
  0x00000211166efd40 JavaThread "build event listener" [_thread_blocked, id=7180, stack(0x0000009609300000,0x0000009609400000)]
  0x000002111b4d6860 JavaThread "included builds" [_thread_blocked, id=5696, stack(0x0000009609600000,0x0000009609700000)]
  0x000002111b4d3d10 JavaThread "Execution worker" [_thread_blocked, id=7924, stack(0x0000009609700000,0x0000009609800000)]
  0x000002111b4d4b80 JavaThread "Execution worker Thread 2" [_thread_blocked, id=10552, stack(0x0000009609800000,0x0000009609900000)]
  0x000002111b4d76d0 JavaThread "Execution worker Thread 3" [_thread_blocked, id=10524, stack(0x0000009609900000,0x0000009609a00000)]
  0x000002111b4d41e0 JavaThread "Cache worker for execution history cache (C:\Users\HP\Desktop\CatHouse\.gradle\8.0\executionHistory)" [_thread_blocked, id=7004, stack(0x0000009609a00000,0x0000009609b00000)]
  0x0000021118240a00 JavaThread "WorkerExecutor Queue" [_thread_blocked, id=1524, stack(0x0000009609b00000,0x0000009609c00000)]
  0x000002111bf11f40 JavaThread "RMI Scheduler(0)" daemon [_thread_blocked, id=2208, stack(0x0000009603300000,0x0000009603400000)]
  0x000002111bf0fd90 JavaThread "RMI RenewClean-[127.0.0.1:17306,org.jetbrains.kotlin.daemon.common.LoopbackNetworkInterface$ClientLoopbackSocketFactory@c754f87]" daemon [_thread_blocked, id=12716, stack(0x0000009606700000,0x0000009606800000)]
  0x000002111bf10260 JavaThread "RMI GC Daemon" daemon [_thread_blocked, id=11164, stack(0x0000009609c00000,0x0000009609d00000)]
  0x000002111bf0d710 JavaThread "RMI TCP Accept-0" daemon [_thread_in_native, id=11632, stack(0x0000009609d00000,0x0000009609e00000)]
  0x000002111bf0e580 JavaThread "RMI Reaper" [_thread_blocked, id=9604, stack(0x0000009609e00000,0x0000009609f00000)]
  0x000002111bf12410 JavaThread "RMI TCP Connection(2)-127.0.0.1" daemon [_thread_in_native, id=1904, stack(0x0000009609f00000,0x000000960a000000)]
  0x000002111bf0ea50 JavaThread "WorkerExecutor Queue Thread 2" [_thread_blocked, id=13468, stack(0x000000960a200000,0x000000960a300000)]
  0x000002111bf0dbe0 JavaThread "WorkerExecutor Queue Thread 3" [_thread_blocked, id=7308, stack(0x000000960a400000,0x000000960a500000)]
  0x000002111bf0b090 JavaThread "WorkerExecutor Queue Thread 4" [_thread_blocked, id=10496, stack(0x000000960a500000,0x000000960a600000)]
  0x000002111bf0c3d0 JavaThread "WorkerExecutor Queue Thread 5" [_thread_blocked, id=3112, stack(0x000000960a600000,0x000000960a700000)]

Other Threads:
=>0x000002117f3df150 VMThread "VM Thread" [stack: 0x0000009603b00000,0x0000009603c00000] [id=7996]
  0x0000021113a8b820 WatcherThread [stack: 0x0000009604700000,0x0000009604800000] [id=380]
  0x0000021178ec6990 GCTaskThread "GC Thread#0" [stack: 0x0000009603600000,0x0000009603700000] [id=11284]
  0x0000021114382110 GCTaskThread "GC Thread#1" [stack: 0x0000009604800000,0x0000009604900000] [id=7652]
  0x0000021113e32190 GCTaskThread "GC Thread#2" [stack: 0x0000009604900000,0x0000009604a00000] [id=10220]
  0x00000211145b2060 GCTaskThread "GC Thread#3" [stack: 0x0000009604a00000,0x0000009604b00000] [id=5504]
  0x0000021178ed77e0 ConcurrentGCThread "G1 Main Marker" [stack: 0x0000009603700000,0x0000009603800000] [id=12808]
  0x0000021178ed88a0 ConcurrentGCThread "G1 Conc#0" [stack: 0x0000009603800000,0x0000009603900000] [id=5544]
  0x0000021178f14340 ConcurrentGCThread "G1 Refine#0" [stack: 0x0000009603900000,0x0000009603a00000] [id=13268]
  0x000002111670f470 ConcurrentGCThread "G1 Refine#1" [stack: 0x0000009609400000,0x0000009609500000] [id=1172]
  0x0000021116711410 ConcurrentGCThread "G1 Refine#2" [stack: 0x0000009609500000,0x0000009609600000] [id=11476]
  0x0000021178f15c80 ConcurrentGCThread "G1 Service" [stack: 0x0000009603a00000,0x0000009603b00000] [id=5868]

Threads with active compile tasks:
C2 CompilerThread0    57772 13460   !   4       java.util.concurrent.ConcurrentHashMap::transfer (849 bytes)

VM state: at safepoint (normal execution)

VM Mutex/Monitor currently owned by a thread:  ([mutex/lock_event])
[0x0000021178e66190] Threads_lock - owner thread: 0x000002117f3df150
[0x0000021178e650b0] Heap_lock - owner thread: 0x000002111bf0b090
[0x0000021178e65380] Compile_lock - owner thread: 0x000002111bf0ea50

Heap address: 0x0000000080000000, size: 2048 MB, Compressed Oops mode: 32-bit

CDS archive(s) not mapped
Compressed class space mapped at: 0x0000000100000000-0x0000000140000000, reserved size: 1073741824
Narrow klass base: 0x0000000000000000, Narrow klass shift: 3, Narrow klass range: 0x140000000

GC Precious Log:
 CPUs: 4 total, 4 available
 Memory: 3499M
 Large Page Support: Disabled
 NUMA Support: Disabled
 Compressed Oops: Enabled (32-bit)
 Heap Region Size: 1M
 Heap Min Capacity: 8M
 Heap Initial Capacity: 56M
 Heap Max Capacity: 2G
 Pre-touch: Disabled
 Parallel Workers: 4
 Concurrent Workers: 1
 Concurrent Refinement Workers: 4
 Periodic GC: Disabled

Heap:
 garbage-first heap   total 194560K, used 107613K [0x0000000080000000, 0x0000000100000000)
  region size 1024K, 5 young (5120K), 5 survivors (5120K)
 Metaspace       used 104730K, committed 105536K, reserved 1146880K
  class space    used 14273K, committed 14656K, reserved 1048576K

Heap Regions: E=young(eden), S=young(survivor), O=old, HS=humongous(starts), HC=humongous(continues), CS=collection set, F=free, OA=open archive, CA=closed archive, TAMS=top-at-mark-start (previous, next)
|   0|0x0000000080000000, 0x0000000080100000, 0x0000000080100000|100%| O|  |TAMS 0x0000000080100000, 0x0000000080100000| Untracked 
|   1|0x0000000080100000, 0x0000000080200000, 0x0000000080200000|100%| O|  |TAMS 0x0000000080200000, 0x0000000080200000| Untracked 
|   2|0x0000000080200000, 0x0000000080300000, 0x0000000080300000|100%| O|  |TAMS 0x0000000080300000, 0x0000000080300000| Untracked 
|   3|0x0000000080300000, 0x0000000080400000, 0x0000000080400000|100%|HS|  |TAMS 0x0000000080400000, 0x0000000080400000| Complete 
|   4|0x0000000080400000, 0x0000000080500000, 0x0000000080500000|100%|HC|  |TAMS 0x0000000080500000, 0x0000000080500000| Complete 
|   5|0x0000000080500000, 0x0000000080600000, 0x0000000080600000|100%|HC|  |TAMS 0x0000000080600000, 0x0000000080600000| Complete 
|   6|0x0000000080600000, 0x0000000080700000, 0x0000000080700000|100%|HC|  |TAMS 0x0000000080700000, 0x0000000080700000| Complete 
|   7|0x0000000080700000, 0x0000000080800000, 0x0000000080800000|100%| O|  |TAMS 0x0000000080800000, 0x0000000080800000| Untracked 
|   8|0x0000000080800000, 0x0000000080900000, 0x0000000080900000|100%| O|  |TAMS 0x0000000080900000, 0x0000000080900000| Untracked 
|   9|0x0000000080900000, 0x0000000080a00000, 0x0000000080a00000|100%| O|  |TAMS 0x0000000080a00000, 0x0000000080a00000| Untracked 
|  10|0x0000000080a00000, 0x0000000080b00000, 0x0000000080b00000|100%| O|  |TAMS 0x0000000080b00000, 0x0000000080b00000| Untracked 
|  11|0x0000000080b00000, 0x0000000080c00000, 0x0000000080c00000|100%| O|  |TAMS 0x0000000080c00000, 0x0000000080c00000| Untracked 
|  12|0x0000000080c00000, 0x0000000080d00000, 0x0000000080d00000|100%| O|  |TAMS 0x0000000080d00000, 0x0000000080d00000| Untracked 
|  13|0x0000000080d00000, 0x0000000080e00000, 0x0000000080e00000|100%| O|  |TAMS 0x0000000080e00000, 0x0000000080e00000| Untracked 
|  14|0x0000000080e00000, 0x0000000080f00000, 0x0000000080f00000|100%| O|  |TAMS 0x0000000080f00000, 0x0000000080f00000| Untracked 
|  15|0x0000000080f00000, 0x0000000080f00000, 0x0000000081000000|  0%| F|  |TAMS 0x0000000080f00000, 0x0000000080f00000| Untracked 
|  16|0x0000000081000000, 0x0000000081100000, 0x0000000081100000|100%| O|  |TAMS 0x0000000081100000, 0x0000000081100000| Untracked 
|  17|0x0000000081100000, 0x0000000081200000, 0x0000000081200000|100%| O|  |TAMS 0x0000000081200000, 0x0000000081200000| Untracked 
|  18|0x0000000081200000, 0x0000000081300000, 0x0000000081300000|100%| O|  |TAMS 0x0000000081300000, 0x0000000081300000| Untracked 
|  19|0x0000000081300000, 0x0000000081400000, 0x0000000081400000|100%| O|  |TAMS 0x0000000081400000, 0x0000000081400000| Untracked 
|  20|0x0000000081400000, 0x0000000081500000, 0x0000000081500000|100%| O|  |TAMS 0x0000000081500000, 0x0000000081500000| Untracked 
|  21|0x0000000081500000, 0x0000000081600000, 0x0000000081600000|100%| O|  |TAMS 0x0000000081600000, 0x0000000081600000| Untracked 
|  22|0x0000000081600000, 0x0000000081700000, 0x0000000081700000|100%| O|  |TAMS 0x0000000081700000, 0x0000000081700000| Untracked 
|  23|0x0000000081700000, 0x0000000081800000, 0x0000000081800000|100%|HS|  |TAMS 0x0000000081800000, 0x0000000081800000| Complete 
|  24|0x0000000081800000, 0x0000000081900000, 0x0000000081900000|100%| O|  |TAMS 0x0000000081900000, 0x0000000081900000| Untracked 
|  25|0x0000000081900000, 0x0000000081a00000, 0x0000000081a00000|100%| O|  |TAMS 0x0000000081a00000, 0x0000000081a00000| Untracked 
|  26|0x0000000081a00000, 0x0000000081b00000, 0x0000000081b00000|100%| O|  |TAMS 0x0000000081b00000, 0x0000000081b00000| Untracked 
|  27|0x0000000081b00000, 0x0000000081c00000, 0x0000000081c00000|100%| O|  |TAMS 0x0000000081c00000, 0x0000000081c00000| Untracked 
|  28|0x0000000081c00000, 0x0000000081d00000, 0x0000000081d00000|100%| O|  |TAMS 0x0000000081d00000, 0x0000000081d00000| Untracked 
|  29|0x0000000081d00000, 0x0000000081e00000, 0x0000000081e00000|100%| O|  |TAMS 0x0000000081e00000, 0x0000000081e00000| Untracked 
|  30|0x0000000081e00000, 0x0000000081f00000, 0x0000000081f00000|100%| O|  |TAMS 0x0000000081f00000, 0x0000000081f00000| Untracked 
|  31|0x0000000081f00000, 0x0000000082000000, 0x0000000082000000|100%| O|  |TAMS 0x0000000082000000, 0x0000000082000000| Untracked 
|  32|0x0000000082000000, 0x0000000082100000, 0x0000000082100000|100%| O|  |TAMS 0x0000000082100000, 0x0000000082100000| Untracked 
|  33|0x0000000082100000, 0x0000000082200000, 0x0000000082200000|100%| O|  |TAMS 0x0000000082200000, 0x0000000082200000| Untracked 
|  34|0x0000000082200000, 0x0000000082300000, 0x0000000082300000|100%| O|  |TAMS 0x0000000082300000, 0x0000000082300000| Untracked 
|  35|0x0000000082300000, 0x0000000082400000, 0x0000000082400000|100%|HS|  |TAMS 0x0000000082400000, 0x0000000082400000| Complete 
|  36|0x0000000082400000, 0x0000000082500000, 0x0000000082500000|100%| O|  |TAMS 0x0000000082500000, 0x0000000082500000| Untracked 
|  37|0x0000000082500000, 0x0000000082600000, 0x0000000082600000|100%| O|  |TAMS 0x0000000082600000, 0x0000000082600000| Untracked 
|  38|0x0000000082600000, 0x0000000082700000, 0x0000000082700000|100%| O|  |TAMS 0x0000000082700000, 0x0000000082700000| Untracked 
|  39|0x0000000082700000, 0x0000000082800000, 0x0000000082800000|100%|HS|  |TAMS 0x0000000082800000, 0x0000000082800000| Complete 
|  40|0x0000000082800000, 0x0000000082900000, 0x0000000082900000|100%|HC|  |TAMS 0x0000000082900000, 0x0000000082900000| Complete 
|  41|0x0000000082900000, 0x0000000082a00000, 0x0000000082a00000|100%|HS|  |TAMS 0x0000000082a00000, 0x0000000082a00000| Complete 
|  42|0x0000000082a00000, 0x0000000082b00000, 0x0000000082b00000|100%|HS|  |TAMS 0x0000000082b00000, 0x0000000082b00000| Complete 
|  43|0x0000000082b00000, 0x0000000082c00000, 0x0000000082c00000|100%|HC|  |TAMS 0x0000000082c00000, 0x0000000082c00000| Complete 
|  44|0x0000000082c00000, 0x0000000082d00000, 0x0000000082d00000|100%|HC|  |TAMS 0x0000000082d00000, 0x0000000082d00000| Complete 
|  45|0x0000000082d00000, 0x0000000082e00000, 0x0000000082e00000|100%|HC|  |TAMS 0x0000000082e00000, 0x0000000082e00000| Complete 
|  46|0x0000000082e00000, 0x0000000082f00000, 0x0000000082f00000|100%| O|  |TAMS 0x0000000082f00000, 0x0000000082f00000| Untracked 
|  47|0x0000000082f00000, 0x0000000083000000, 0x0000000083000000|100%| O|  |TAMS 0x0000000083000000, 0x0000000083000000| Untracked 
|  48|0x0000000083000000, 0x0000000083100000, 0x0000000083100000|100%| O|  |TAMS 0x0000000083100000, 0x0000000083100000| Untracked 
|  49|0x0000000083100000, 0x0000000083200000, 0x0000000083200000|100%| O|  |TAMS 0x0000000083200000, 0x0000000083200000| Untracked 
|  50|0x0000000083200000, 0x0000000083300000, 0x0000000083300000|100%| O|  |TAMS 0x0000000083300000, 0x0000000083300000| Untracked 
|  51|0x0000000083300000, 0x0000000083400000, 0x0000000083400000|100%| O|  |TAMS 0x0000000083400000, 0x0000000083400000| Untracked 
|  52|0x0000000083400000, 0x0000000083500000, 0x0000000083500000|100%| O|  |TAMS 0x0000000083500000, 0x0000000083500000| Untracked 
|  53|0x0000000083500000, 0x0000000083600000, 0x0000000083600000|100%| O|  |TAMS 0x0000000083600000, 0x0000000083600000| Untracked 
|  54|0x0000000083600000, 0x0000000083700000, 0x0000000083700000|100%| O|  |TAMS 0x0000000083700000, 0x0000000083700000| Untracked 
|  55|0x0000000083700000, 0x0000000083800000, 0x0000000083800000|100%| O|  |TAMS 0x0000000083800000, 0x0000000083800000| Untracked 
|  56|0x0000000083800000, 0x0000000083900000, 0x0000000083900000|100%| O|  |TAMS 0x0000000083900000, 0x0000000083900000| Untracked 
|  57|0x0000000083900000, 0x0000000083a00000, 0x0000000083a00000|100%| O|  |TAMS 0x0000000083a00000, 0x0000000083a00000| Untracked 
|  58|0x0000000083a00000, 0x0000000083b00000, 0x0000000083b00000|100%| O|  |TAMS 0x0000000083b00000, 0x0000000083b00000| Untracked 
|  59|0x0000000083b00000, 0x0000000083c00000, 0x0000000083c00000|100%| O|  |TAMS 0x0000000083c00000, 0x0000000083c00000| Untracked 
|  60|0x0000000083c00000, 0x0000000083d00000, 0x0000000083d00000|100%| O|  |TAMS 0x0000000083d00000, 0x0000000083d00000| Untracked 
|  61|0x0000000083d00000, 0x0000000083e00000, 0x0000000083e00000|100%| O|  |TAMS 0x0000000083e00000, 0x0000000083e00000| Untracked 
|  62|0x0000000083e00000, 0x0000000083f00000, 0x0000000083f00000|100%| O|  |TAMS 0x0000000083f00000, 0x0000000083f00000| Untracked 
|  63|0x0000000083f00000, 0x0000000084000000, 0x0000000084000000|100%| O|  |TAMS 0x0000000084000000, 0x0000000084000000| Untracked 
|  64|0x0000000084000000, 0x0000000084100000, 0x0000000084100000|100%| O|  |TAMS 0x0000000084100000, 0x0000000084100000| Untracked 
|  65|0x0000000084100000, 0x0000000084200000, 0x0000000084200000|100%| O|  |TAMS 0x0000000084200000, 0x0000000084200000| Untracked 
|  66|0x0000000084200000, 0x0000000084200000, 0x0000000084300000|  0%| F|  |TAMS 0x0000000084200000, 0x0000000084200000| Untracked 
|  67|0x0000000084300000, 0x0000000084400000, 0x0000000084400000|100%| O|  |TAMS 0x0000000084400000, 0x0000000084400000| Untracked 
|  68|0x0000000084400000, 0x0000000084500000, 0x0000000084500000|100%| O|  |TAMS 0x0000000084500000, 0x0000000084500000| Untracked 
|  69|0x0000000084500000, 0x0000000084600000, 0x0000000084600000|100%| O|  |TAMS 0x0000000084600000, 0x0000000084600000| Untracked 
|  70|0x0000000084600000, 0x0000000084700000, 0x0000000084700000|100%| O|  |TAMS 0x0000000084700000, 0x0000000084700000| Untracked 
|  71|0x0000000084700000, 0x0000000084800000, 0x0000000084800000|100%| O|  |TAMS 0x0000000084800000, 0x0000000084800000| Untracked 
|  72|0x0000000084800000, 0x0000000084900000, 0x0000000084900000|100%| O|  |TAMS 0x0000000084900000, 0x0000000084900000| Untracked 
|  73|0x0000000084900000, 0x0000000084a00000, 0x0000000084a00000|100%| O|  |TAMS 0x0000000084a00000, 0x0000000084a00000| Untracked 
|  74|0x0000000084a00000, 0x0000000084b00000, 0x0000000084b00000|100%| O|  |TAMS 0x0000000084b00000, 0x0000000084b00000| Untracked 
|  75|0x0000000084b00000, 0x0000000084c00000, 0x0000000084c00000|100%| O|  |TAMS 0x0000000084c00000, 0x0000000084c00000| Untracked 
|  76|0x0000000084c00000, 0x0000000084d00000, 0x0000000084d00000|100%| O|  |TAMS 0x0000000084d00000, 0x0000000084d00000| Untracked 
|  77|0x0000000084d00000, 0x0000000084e00000, 0x0000000084e00000|100%| O|  |TAMS 0x0000000084e00000, 0x0000000084e00000| Untracked 
|  78|0x0000000084e00000, 0x0000000084f00000, 0x0000000084f00000|100%| O|  |TAMS 0x0000000084f00000, 0x0000000084f00000| Untracked 
|  79|0x0000000084f00000, 0x0000000085000000, 0x0000000085000000|100%| O|  |TAMS 0x0000000085000000, 0x0000000085000000| Untracked 
|  80|0x0000000085000000, 0x0000000085100000, 0x0000000085100000|100%| O|  |TAMS 0x0000000085100000, 0x0000000085100000| Untracked 
|  81|0x0000000085100000, 0x0000000085200000, 0x0000000085200000|100%| O|  |TAMS 0x0000000085200000, 0x0000000085200000| Untracked 
|  82|0x0000000085200000, 0x0000000085300000, 0x0000000085300000|100%| O|  |TAMS 0x0000000085300000, 0x0000000085300000| Untracked 
|  83|0x0000000085300000, 0x0000000085400000, 0x0000000085400000|100%| O|  |TAMS 0x0000000085400000, 0x0000000085400000| Untracked 
|  84|0x0000000085400000, 0x0000000085500000, 0x0000000085500000|100%| O|  |TAMS 0x0000000085500000, 0x0000000085500000| Untracked 
|  85|0x0000000085500000, 0x0000000085600000, 0x0000000085600000|100%| O|  |TAMS 0x0000000085600000, 0x0000000085600000| Untracked 
|  86|0x0000000085600000, 0x0000000085700000, 0x0000000085700000|100%| O|  |TAMS 0x0000000085700000, 0x0000000085700000| Untracked 
|  87|0x0000000085700000, 0x0000000085800000, 0x0000000085800000|100%| O|  |TAMS 0x0000000085800000, 0x0000000085800000| Untracked 
|  88|0x0000000085800000, 0x0000000085900000, 0x0000000085900000|100%| O|  |TAMS 0x0000000085900000, 0x0000000085900000| Untracked 
|  89|0x0000000085900000, 0x0000000085a00000, 0x0000000085a00000|100%| O|  |TAMS 0x0000000085972400, 0x0000000085a00000| Untracked 
|  90|0x0000000085a00000, 0x0000000085b00000, 0x0000000085b00000|100%| O|  |TAMS 0x0000000085a00000, 0x0000000085b00000| Untracked 
|  91|0x0000000085b00000, 0x0000000085c00000, 0x0000000085c00000|100%| O|  |TAMS 0x0000000085b00000, 0x0000000085c00000| Untracked 
|  92|0x0000000085c00000, 0x0000000085d00000, 0x0000000085d00000|100%| O|  |TAMS 0x0000000085c00000, 0x0000000085d00000| Untracked 
|  93|0x0000000085d00000, 0x0000000085e00000, 0x0000000085e00000|100%| O|  |TAMS 0x0000000085d00000, 0x0000000085e00000| Untracked 
|  94|0x0000000085e00000, 0x0000000085f00000, 0x0000000085f00000|100%| O|  |TAMS 0x0000000085e00000, 0x0000000085f00000| Untracked 
|  95|0x0000000085f00000, 0x0000000086000000, 0x0000000086000000|100%| O|  |TAMS 0x0000000085f00000, 0x0000000086000000| Untracked 
|  96|0x0000000086000000, 0x0000000086100000, 0x0000000086100000|100%| O|  |TAMS 0x0000000086000000, 0x0000000086100000| Untracked 
|  97|0x0000000086100000, 0x0000000086200000, 0x0000000086200000|100%| O|  |TAMS 0x0000000086100000, 0x0000000086200000| Untracked 
|  98|0x0000000086200000, 0x0000000086300000, 0x0000000086300000|100%| O|  |TAMS 0x0000000086200000, 0x0000000086300000| Untracked 
|  99|0x0000000086300000, 0x0000000086400000, 0x0000000086400000|100%| O|  |TAMS 0x0000000086300000, 0x0000000086400000| Untracked 
| 100|0x0000000086400000, 0x0000000086500000, 0x0000000086500000|100%| O|  |TAMS 0x0000000086400000, 0x0000000086500000| Untracked 
| 101|0x0000000086500000, 0x0000000086600000, 0x0000000086600000|100%| O|  |TAMS 0x0000000086500000, 0x0000000086600000| Untracked 
| 102|0x0000000086600000, 0x0000000086646e00, 0x0000000086700000| 27%| O|  |TAMS 0x0000000086600000, 0x0000000086646e00| Untracked 
| 103|0x0000000086700000, 0x0000000086700000, 0x0000000086800000|  0%| F|  |TAMS 0x0000000086700000, 0x0000000086700000| Untracked 
| 104|0x0000000086800000, 0x0000000086800000, 0x0000000086900000|  0%| F|  |TAMS 0x0000000086800000, 0x0000000086800000| Untracked 
| 105|0x0000000086900000, 0x0000000086900000, 0x0000000086a00000|  0%| F|  |TAMS 0x0000000086900000, 0x0000000086900000| Untracked 
| 106|0x0000000086a00000, 0x0000000086a00000, 0x0000000086b00000|  0%| F|  |TAMS 0x0000000086a00000, 0x0000000086a00000| Untracked 
| 107|0x0000000086b00000, 0x0000000086b00000, 0x0000000086c00000|  0%| F|  |TAMS 0x0000000086b00000, 0x0000000086b00000| Untracked 
| 108|0x0000000086c00000, 0x0000000086c00000, 0x0000000086d00000|  0%| F|  |TAMS 0x0000000086c00000, 0x0000000086c00000| Untracked 
| 109|0x0000000086d00000, 0x0000000086d00000, 0x0000000086e00000|  0%| F|  |TAMS 0x0000000086d00000, 0x0000000086d00000| Untracked 
| 110|0x0000000086e00000, 0x0000000086e00000, 0x0000000086f00000|  0%| F|  |TAMS 0x0000000086e00000, 0x0000000086e00000| Untracked 
| 111|0x0000000086f00000, 0x0000000086f00000, 0x0000000087000000|  0%| F|  |TAMS 0x0000000086f00000, 0x0000000086f00000| Untracked 
| 112|0x0000000087000000, 0x0000000087000000, 0x0000000087100000|  0%| F|  |TAMS 0x0000000087000000, 0x0000000087000000| Untracked 
| 113|0x0000000087100000, 0x0000000087100000, 0x0000000087200000|  0%| F|  |TAMS 0x0000000087100000, 0x0000000087100000| Untracked 
| 114|0x0000000087200000, 0x0000000087200000, 0x0000000087300000|  0%| F|  |TAMS 0x0000000087200000, 0x0000000087200000| Untracked 
| 115|0x0000000087300000, 0x0000000087300000, 0x0000000087400000|  0%| F|  |TAMS 0x0000000087300000, 0x0000000087300000| Untracked 
| 116|0x0000000087400000, 0x0000000087400000, 0x0000000087500000|  0%| F|  |TAMS 0x0000000087400000, 0x0000000087400000| Untracked 
| 117|0x0000000087500000, 0x0000000087500000, 0x0000000087600000|  0%| F|  |TAMS 0x0000000087500000, 0x0000000087500000| Untracked 
| 118|0x0000000087600000, 0x0000000087600000, 0x0000000087700000|  0%| F|  |TAMS 0x0000000087600000, 0x0000000087600000| Untracked 
| 119|0x0000000087700000, 0x0000000087700000, 0x0000000087800000|  0%| F|  |TAMS 0x0000000087700000, 0x0000000087700000| Untracked 
| 120|0x0000000087800000, 0x0000000087800000, 0x0000000087900000|  0%| F|  |TAMS 0x0000000087800000, 0x0000000087800000| Untracked 
| 121|0x0000000087900000, 0x0000000087900000, 0x0000000087a00000|  0%| F|  |TAMS 0x0000000087900000, 0x0000000087900000| Untracked 
| 122|0x0000000087a00000, 0x0000000087a00000, 0x0000000087b00000|  0%| F|  |TAMS 0x0000000087a00000, 0x0000000087a00000| Untracked 
| 123|0x0000000087b00000, 0x0000000087b00000, 0x0000000087c00000|  0%| F|  |TAMS 0x0000000087b00000, 0x0000000087b00000| Untracked 
| 124|0x0000000087c00000, 0x0000000087c00000, 0x0000000087d00000|  0%| F|  |TAMS 0x0000000087c00000, 0x0000000087c00000| Untracked 
| 125|0x0000000087d00000, 0x0000000087d00000, 0x0000000087e00000|  0%| F|  |TAMS 0x0000000087d00000, 0x0000000087d00000| Untracked 
| 126|0x0000000087e00000, 0x0000000087e00000, 0x0000000087f00000|  0%| F|  |TAMS 0x0000000087e00000, 0x0000000087e00000| Untracked 
| 127|0x0000000087f00000, 0x0000000087f00000, 0x0000000088000000|  0%| F|  |TAMS 0x0000000087f00000, 0x0000000087f00000| Untracked 
| 128|0x0000000088000000, 0x00000000880d0938, 0x0000000088100000| 81%| S|CS|TAMS 0x0000000088000000, 0x0000000088000000| Complete 
| 129|0x0000000088100000, 0x0000000088200000, 0x0000000088200000|100%| S|CS|TAMS 0x0000000088100000, 0x0000000088100000| Complete 
| 130|0x0000000088200000, 0x0000000088300000, 0x0000000088300000|100%| S|CS|TAMS 0x0000000088200000, 0x0000000088200000| Complete 
| 131|0x0000000088300000, 0x0000000088400000, 0x0000000088400000|100%| S|CS|TAMS 0x0000000088300000, 0x0000000088300000| Complete 
| 132|0x0000000088400000, 0x0000000088500000, 0x0000000088500000|100%| S|CS|TAMS 0x0000000088400000, 0x0000000088400000| Complete 
| 133|0x0000000088500000, 0x0000000088500000, 0x0000000088600000|  0%| F|  |TAMS 0x0000000088500000, 0x0000000088500000| Untracked 
| 134|0x0000000088600000, 0x0000000088600000, 0x0000000088700000|  0%| F|  |TAMS 0x0000000088600000, 0x0000000088600000| Untracked 
| 135|0x0000000088700000, 0x0000000088700000, 0x0000000088800000|  0%| F|  |TAMS 0x0000000088700000, 0x0000000088700000| Untracked 
| 136|0x0000000088800000, 0x0000000088800000, 0x0000000088900000|  0%| F|  |TAMS 0x0000000088800000, 0x0000000088800000| Untracked 
| 137|0x0000000088900000, 0x0000000088900000, 0x0000000088a00000|  0%| F|  |TAMS 0x0000000088900000, 0x0000000088900000| Untracked 
| 138|0x0000000088a00000, 0x0000000088a00000, 0x0000000088b00000|  0%| F|  |TAMS 0x0000000088a00000, 0x0000000088a00000| Untracked 
| 139|0x0000000088b00000, 0x0000000088b00000, 0x0000000088c00000|  0%| F|  |TAMS 0x0000000088b00000, 0x0000000088b00000| Untracked 
| 140|0x0000000088c00000, 0x0000000088c00000, 0x0000000088d00000|  0%| F|  |TAMS 0x0000000088c00000, 0x0000000088c00000| Untracked 
| 141|0x0000000088d00000, 0x0000000088d00000, 0x0000000088e00000|  0%| F|  |TAMS 0x0000000088d00000, 0x0000000088d00000| Untracked 
| 142|0x0000000088e00000, 0x0000000088e00000, 0x0000000088f00000|  0%| F|  |TAMS 0x0000000088e00000, 0x0000000088e00000| Untracked 
| 143|0x0000000088f00000, 0x0000000088f00000, 0x0000000089000000|  0%| F|  |TAMS 0x0000000088f00000, 0x0000000088f00000| Untracked 
| 144|0x0000000089000000, 0x0000000089000000, 0x0000000089100000|  0%| F|  |TAMS 0x0000000089000000, 0x0000000089000000| Untracked 
| 145|0x0000000089100000, 0x0000000089100000, 0x0000000089200000|  0%| F|  |TAMS 0x0000000089100000, 0x0000000089100000| Untracked 
| 146|0x0000000089200000, 0x0000000089200000, 0x0000000089300000|  0%| F|  |TAMS 0x0000000089200000, 0x0000000089200000| Untracked 
| 147|0x0000000089300000, 0x0000000089300000, 0x0000000089400000|  0%| F|  |TAMS 0x0000000089300000, 0x0000000089300000| Untracked 
| 148|0x0000000089400000, 0x0000000089400000, 0x0000000089500000|  0%| F|  |TAMS 0x0000000089400000, 0x0000000089400000| Untracked 
| 149|0x0000000089500000, 0x0000000089500000, 0x0000000089600000|  0%| F|  |TAMS 0x0000000089500000, 0x0000000089500000| Untracked 
| 150|0x0000000089600000, 0x0000000089600000, 0x0000000089700000|  0%| F|  |TAMS 0x0000000089600000, 0x0000000089600000| Untracked 
| 151|0x0000000089700000, 0x0000000089700000, 0x0000000089800000|  0%| F|  |TAMS 0x0000000089700000, 0x0000000089700000| Untracked 
| 152|0x0000000089800000, 0x0000000089800000, 0x0000000089900000|  0%| F|  |TAMS 0x0000000089800000, 0x0000000089800000| Untracked 
| 153|0x0000000089900000, 0x0000000089900000, 0x0000000089a00000|  0%| F|  |TAMS 0x0000000089900000, 0x0000000089900000| Untracked 
| 154|0x0000000089a00000, 0x0000000089a00000, 0x0000000089b00000|  0%| F|  |TAMS 0x0000000089a00000, 0x0000000089a00000| Untracked 
| 155|0x0000000089b00000, 0x0000000089b00000, 0x0000000089c00000|  0%| F|  |TAMS 0x0000000089b00000, 0x0000000089b00000| Untracked 
| 156|0x0000000089c00000, 0x0000000089c00000, 0x0000000089d00000|  0%| F|  |TAMS 0x0000000089c00000, 0x0000000089c00000| Untracked 
| 157|0x0000000089d00000, 0x0000000089d00000, 0x0000000089e00000|  0%| F|  |TAMS 0x0000000089d00000, 0x0000000089d00000| Untracked 
| 158|0x0000000089e00000, 0x0000000089e00000, 0x0000000089f00000|  0%| F|  |TAMS 0x0000000089e00000, 0x0000000089e00000| Untracked 
| 159|0x0000000089f00000, 0x0000000089f00000, 0x000000008a000000|  0%| F|  |TAMS 0x0000000089f00000, 0x0000000089f00000| Untracked 
| 160|0x000000008a000000, 0x000000008a000000, 0x000000008a100000|  0%| F|  |TAMS 0x000000008a000000, 0x000000008a000000| Untracked 
| 161|0x000000008a100000, 0x000000008a100000, 0x000000008a200000|  0%| F|  |TAMS 0x000000008a100000, 0x000000008a100000| Untracked 
| 162|0x000000008a200000, 0x000000008a200000, 0x000000008a300000|  0%| F|  |TAMS 0x000000008a200000, 0x000000008a200000| Untracked 
| 163|0x000000008a300000, 0x000000008a300000, 0x000000008a400000|  0%| F|  |TAMS 0x000000008a300000, 0x000000008a300000| Untracked 
| 164|0x000000008a400000, 0x000000008a400000, 0x000000008a500000|  0%| F|  |TAMS 0x000000008a400000, 0x000000008a400000| Untracked 
| 165|0x000000008a500000, 0x000000008a500000, 0x000000008a600000|  0%| F|  |TAMS 0x000000008a500000, 0x000000008a500000| Untracked 
| 166|0x000000008a600000, 0x000000008a600000, 0x000000008a700000|  0%| F|  |TAMS 0x000000008a600000, 0x000000008a600000| Untracked 
| 167|0x000000008a700000, 0x000000008a700000, 0x000000008a800000|  0%| F|  |TAMS 0x000000008a700000, 0x000000008a700000| Untracked 
| 168|0x000000008a800000, 0x000000008a800000, 0x000000008a900000|  0%| F|  |TAMS 0x000000008a800000, 0x000000008a800000| Untracked 
| 169|0x000000008a900000, 0x000000008a900000, 0x000000008aa00000|  0%| F|  |TAMS 0x000000008a900000, 0x000000008a900000| Untracked 
| 170|0x000000008aa00000, 0x000000008aa00000, 0x000000008ab00000|  0%| F|  |TAMS 0x000000008aa00000, 0x000000008aa00000| Untracked 
| 171|0x000000008ab00000, 0x000000008ab00000, 0x000000008ac00000|  0%| F|  |TAMS 0x000000008ab00000, 0x000000008ab00000| Untracked 
| 172|0x000000008ac00000, 0x000000008ac00000, 0x000000008ad00000|  0%| F|  |TAMS 0x000000008ac00000, 0x000000008ac00000| Untracked 
| 173|0x000000008ad00000, 0x000000008ad00000, 0x000000008ae00000|  0%| F|  |TAMS 0x000000008ad00000, 0x000000008ad00000| Untracked 
| 174|0x000000008ae00000, 0x000000008ae00000, 0x000000008af00000|  0%| F|  |TAMS 0x000000008ae00000, 0x000000008ae00000| Untracked 
| 175|0x000000008af00000, 0x000000008af00000, 0x000000008b000000|  0%| F|  |TAMS 0x000000008af00000, 0x000000008af00000| Untracked 
| 176|0x000000008b000000, 0x000000008b000000, 0x000000008b100000|  0%| F|  |TAMS 0x000000008b000000, 0x000000008b000000| Untracked 
| 177|0x000000008b100000, 0x000000008b100000, 0x000000008b200000|  0%| F|  |TAMS 0x000000008b100000, 0x000000008b100000| Untracked 
| 178|0x000000008b200000, 0x000000008b200000, 0x000000008b300000|  0%| F|  |TAMS 0x000000008b200000, 0x000000008b200000| Untracked 
| 179|0x000000008b300000, 0x000000008b300000, 0x000000008b400000|  0%| F|  |TAMS 0x000000008b300000, 0x000000008b300000| Untracked 
| 180|0x000000008b400000, 0x000000008b400000, 0x000000008b500000|  0%| F|  |TAMS 0x000000008b400000, 0x000000008b400000| Untracked 
| 181|0x000000008b500000, 0x000000008b500000, 0x000000008b600000|  0%| F|  |TAMS 0x000000008b500000, 0x000000008b500000| Untracked 
| 182|0x000000008b600000, 0x000000008b600000, 0x000000008b700000|  0%| F|  |TAMS 0x000000008b600000, 0x000000008b600000| Untracked 
| 183|0x000000008b700000, 0x000000008b700000, 0x000000008b800000|  0%| F|  |TAMS 0x000000008b700000, 0x000000008b700000| Untracked 
| 184|0x000000008b800000, 0x000000008b800000, 0x000000008b900000|  0%| F|  |TAMS 0x000000008b800000, 0x000000008b800000| Untracked 
| 185|0x000000008b900000, 0x000000008b900000, 0x000000008ba00000|  0%| F|  |TAMS 0x000000008b900000, 0x000000008b900000| Untracked 
| 186|0x000000008ba00000, 0x000000008ba00000, 0x000000008bb00000|  0%| F|  |TAMS 0x000000008ba00000, 0x000000008ba00000| Untracked 
| 187|0x000000008bb00000, 0x000000008bb00000, 0x000000008bc00000|  0%| F|  |TAMS 0x000000008bb00000, 0x000000008bb00000| Untracked 
| 188|0x000000008bc00000, 0x000000008bc00000, 0x000000008bd00000|  0%| F|  |TAMS 0x000000008bc00000, 0x000000008bc00000| Untracked 
| 189|0x000000008bd00000, 0x000000008bd00000, 0x000000008be00000|  0%| F|  |TAMS 0x000000008bd00000, 0x000000008bd00000| Untracked 

Card table byte_map: [0x000002117c740000,0x000002117cb40000] _byte_map_base: 0x000002117c340000

Marking Bits (Prev, Next): (CMBitMap*) 0x0000021178ec6eb0, (CMBitMap*) 0x0000021178ec6ef0
 Prev Bits: [0x000002117cf40000, 0x000002117ef40000)
 Next Bits: [0x000002110f000000, 0x0000021111000000)

Polling page: 0x0000021176e30000

Metaspace:

Usage:
  Non-class:     88.34 MB used.
      Class:     13.94 MB used.
       Both:    102.28 MB used.

Virtual space:
  Non-class space:       96.00 MB reserved,      88.75 MB ( 92%) committed,  12 nodes.
      Class space:        1.00 GB reserved,      14.31 MB (  1%) committed,  1 nodes.
             Both:        1.09 GB reserved,     103.06 MB (  9%) committed. 

Chunk freelists:
   Non-Class:  3.20 MB
       Class:  1.61 MB
        Both:  4.81 MB

MaxMetaspaceSize: unlimited
CompressedClassSpaceSize: 1.00 GB
Initial GC threshold: 21.00 MB
Current GC threshold: 162.31 MB
CDS: off
MetaspaceReclaimPolicy: balanced
 - commit_granule_bytes: 65536.
 - commit_granule_words: 8192.
 - virtual_space_node_default_size: 1048576.
 - enlarge_chunks_in_place: 1.
 - new_chunks_are_fully_committed: 0.
 - uncommit_free_chunks: 1.
 - use_allocation_guard: 0.
 - handle_deallocations: 1.


Internal statistics:

num_allocs_failed_limit: 15.
num_arena_births: 1260.
num_arena_deaths: 6.
num_vsnodes_births: 13.
num_vsnodes_deaths: 0.
num_space_committed: 1648.
num_space_uncommitted: 0.
num_chunks_returned_to_freelist: 22.
num_chunks_taken_from_freelist: 5266.
num_chunk_merges: 17.
num_chunk_splits: 3436.
num_chunks_enlarged: 2243.
num_purges: 2.
num_inconsistent_stats: 0.

CodeHeap 'non-profiled nmethods': size=120000Kb used=6856Kb max_used=6856Kb free=113143Kb
 bounds [0x0000021107ad0000, 0x0000021108190000, 0x000002110f000000]
CodeHeap 'profiled nmethods': size=120000Kb used=23234Kb max_used=23234Kb free=96765Kb
 bounds [0x0000021100000000, 0x00000211016c0000, 0x0000021107530000]
CodeHeap 'non-nmethods': size=5760Kb used=2436Kb max_used=2460Kb free=3323Kb
 bounds [0x0000021107530000, 0x00000211077b0000, 0x0000021107ad0000]
 total_blobs=12745 nmethods=11770 adapters=884
 compilation: enabled
              stopped_count=0, restarted_count=0
 full_count=0

Compilation events (20 events):
Event: 57.598 Thread 0x000002117f458a40 nmethod 13450 0x000002110817fd10 code [0x000002110817fe80, 0x000002110817ff18]
Event: 57.599 Thread 0x0000021113910080 13451       3       com.google.common.collect.Sets::newHashSetWithExpectedSize (12 bytes)
Event: 57.599 Thread 0x0000021113910080 nmethod 13451 0x00000211016ac010 code [0x00000211016ac220, 0x00000211016ac678]
Event: 57.599 Thread 0x0000021113910080 13452  s    3       java.io.BufferedInputStream::read (113 bytes)
Event: 57.600 Thread 0x0000021113910080 nmethod 13452 0x00000211016ac890 code [0x00000211016acac0, 0x00000211016ad378]
Event: 57.600 Thread 0x000002117f458a40 13455 % !   4       java.util.concurrent.ConcurrentHashMap::transfer @ 96 (849 bytes)
Event: 57.600 Thread 0x0000021113910080 13453       3       com.android.tools.build.apkzlib.zip.ZipField::<init> (74 bytes)
Event: 57.600 Thread 0x0000021113910080 nmethod 13453 0x00000211016ad610 code [0x00000211016ad8c0, 0x00000211016ae588]
Event: 57.600 Thread 0x0000021113910080 13454       3       com.google.common.collect.Sets::newHashSet (14 bytes)
Event: 57.601 Thread 0x0000021113910080 nmethod 13454 0x00000211016aea10 code [0x00000211016aec20, 0x00000211016af148]
Event: 57.603 Thread 0x0000021113910080 13456       3       com.android.tools.build.apkzlib.zip.ZipField$F4::<init> (9 bytes)
Event: 57.603 Thread 0x0000021113910080 nmethod 13456 0x00000211016af390 code [0x00000211016af520, 0x00000211016af668]
Event: 57.611 Thread 0x0000021113910080 13458       3       java.io.BufferedInputStream::read1 (108 bytes)
Event: 57.612 Thread 0x0000021113910080 nmethod 13458 0x00000211016af710 code [0x00000211016af960, 0x00000211016b0258]
Event: 57.613 Thread 0x0000021113910080 13459       3       com.google.common.collect.ImmutableSet::<init> (5 bytes)
Event: 57.613 Thread 0x0000021113910080 nmethod 13459 0x00000211016b0510 code [0x00000211016b06c0, 0x00000211016b08f8]
Event: 57.630 Thread 0x000002117f458a40 nmethod 13455% 0x0000021108180010 code [0x00000211081801c0, 0x0000021108181478]
Event: 57.630 Thread 0x000002117f458a40 13457       4       com.android.tools.build.apkzlib.zip.ZFile::directFullyRead (10 bytes)
Event: 57.634 Thread 0x000002117f458a40 nmethod 13457 0x0000021108181b90 code [0x0000021108181d20, 0x0000021108181f08]
Event: 57.634 Thread 0x000002117f458a40 13460   !   4       java.util.concurrent.ConcurrentHashMap::transfer (849 bytes)

GC Heap History (20 events):
Event: 13.764 GC heap after
{Heap after GC invocations=28 (full 0):
 garbage-first heap   total 194560K, used 54239K [0x0000000080000000, 0x0000000100000000)
  region size 1024K, 1 young (1024K), 1 survivors (1024K)
 Metaspace       used 60488K, committed 61056K, reserved 1105920K
  class space    used 8057K, committed 8320K, reserved 1048576K
}
Event: 16.360 GC heap before
{Heap before GC invocations=28 (full 0):
 garbage-first heap   total 194560K, used 156639K [0x0000000080000000, 0x0000000100000000)
  region size 1024K, 95 young (97280K), 1 survivors (1024K)
 Metaspace       used 71524K, committed 72128K, reserved 1114112K
  class space    used 9532K, committed 9792K, reserved 1048576K
}
Event: 16.372 GC heap after
{Heap after GC invocations=29 (full 0):
 garbage-first heap   total 194560K, used 61750K [0x0000000080000000, 0x0000000100000000)
  region size 1024K, 8 young (8192K), 8 survivors (8192K)
 Metaspace       used 71524K, committed 72128K, reserved 1114112K
  class space    used 9532K, committed 9792K, reserved 1048576K
}
Event: 17.972 GC heap before
{Heap before GC invocations=29 (full 0):
 garbage-first heap   total 194560K, used 145718K [0x0000000080000000, 0x0000000100000000)
  region size 1024K, 90 young (92160K), 8 survivors (8192K)
 Metaspace       used 79063K, committed 79680K, reserved 1122304K
  class space    used 10576K, committed 10880K, reserved 1048576K
}
Event: 17.988 GC heap after
{Heap after GC invocations=30 (full 0):
 garbage-first heap   total 194560K, used 68145K [0x0000000080000000, 0x0000000100000000)
  region size 1024K, 7 young (7168K), 7 survivors (7168K)
 Metaspace       used 79063K, committed 79680K, reserved 1122304K
  class space    used 10576K, committed 10880K, reserved 1048576K
}
Event: 19.919 GC heap before
{Heap before GC invocations=30 (full 0):
 garbage-first heap   total 194560K, used 149041K [0x0000000080000000, 0x0000000100000000)
  region size 1024K, 86 young (88064K), 7 survivors (7168K)
 Metaspace       used 87565K, committed 88128K, reserved 1130496K
  class space    used 11952K, committed 12224K, reserved 1048576K
}
Event: 19.938 GC heap after
{Heap after GC invocations=31 (full 0):
 garbage-first heap   total 194560K, used 74620K [0x0000000080000000, 0x0000000100000000)
  region size 1024K, 7 young (7168K), 7 survivors (7168K)
 Metaspace       used 87565K, committed 88128K, reserved 1130496K
  class space    used 11952K, committed 12224K, reserved 1048576K
}
Event: 21.898 GC heap before
{Heap before GC invocations=31 (full 0):
 garbage-first heap   total 194560K, used 153468K [0x0000000080000000, 0x0000000100000000)
  region size 1024K, 84 young (86016K), 7 survivors (7168K)
 Metaspace       used 93683K, committed 94336K, reserved 1130496K
  class space    used 12793K, committed 13120K, reserved 1048576K
}
Event: 21.918 GC heap after
{Heap after GC invocations=32 (full 0):
 garbage-first heap   total 194560K, used 82491K [0x0000000080000000, 0x0000000100000000)
  region size 1024K, 11 young (11264K), 11 survivors (11264K)
 Metaspace       used 93683K, committed 94336K, reserved 1130496K
  class space    used 12793K, committed 13120K, reserved 1048576K
}
Event: 23.459 GC heap before
{Heap before GC invocations=32 (full 0):
 garbage-first heap   total 194560K, used 155195K [0x0000000080000000, 0x0000000100000000)
  region size 1024K, 83 young (84992K), 11 survivors (11264K)
 Metaspace       used 95712K, committed 96320K, reserved 1138688K
  class space    used 13127K, committed 13440K, reserved 1048576K
}
Event: 23.487 GC heap after
{Heap after GC invocations=33 (full 0):
 garbage-first heap   total 194560K, used 92054K [0x0000000080000000, 0x0000000100000000)
  region size 1024K, 9 young (9216K), 9 survivors (9216K)
 Metaspace       used 95712K, committed 96320K, reserved 1138688K
  class space    used 13127K, committed 13440K, reserved 1048576K
}
Event: 25.591 GC heap before
{Heap before GC invocations=33 (full 0):
 garbage-first heap   total 194560K, used 156566K [0x0000000080000000, 0x0000000100000000)
  region size 1024K, 73 young (74752K), 9 survivors (9216K)
 Metaspace       used 96669K, committed 97344K, reserved 1138688K
  class space    used 13210K, committed 13504K, reserved 1048576K
}
Event: 25.639 GC heap after
{Heap after GC invocations=34 (full 0):
 garbage-first heap   total 194560K, used 98156K [0x0000000080000000, 0x0000000100000000)
  region size 1024K, 7 young (7168K), 7 survivors (7168K)
 Metaspace       used 96669K, committed 97344K, reserved 1138688K
  class space    used 13210K, committed 13504K, reserved 1048576K
}
Event: 26.296 GC heap before
{Heap before GC invocations=34 (full 0):
 garbage-first heap   total 194560K, used 124780K [0x0000000080000000, 0x0000000100000000)
  region size 1024K, 35 young (35840K), 7 survivors (7168K)
 Metaspace       used 98166K, committed 98816K, reserved 1138688K
  class space    used 13414K, committed 13696K, reserved 1048576K
}
Event: 26.311 GC heap after
{Heap after GC invocations=35 (full 0):
 garbage-first heap   total 194560K, used 100237K [0x0000000080000000, 0x0000000100000000)
  region size 1024K, 3 young (3072K), 3 survivors (3072K)
 Metaspace       used 98166K, committed 98816K, reserved 1138688K
  class space    used 13414K, committed 13696K, reserved 1048576K
}
Event: 30.051 GC heap before
{Heap before GC invocations=36 (full 0):
 garbage-first heap   total 194560K, used 158605K [0x0000000080000000, 0x0000000100000000)
  region size 1024K, 61 young (62464K), 3 survivors (3072K)
 Metaspace       used 100449K, committed 101056K, reserved 1138688K
  class space    used 13735K, committed 14016K, reserved 1048576K
}
Event: 30.064 GC heap after
{Heap after GC invocations=37 (full 0):
 garbage-first heap   total 194560K, used 103911K [0x0000000080000000, 0x0000000100000000)
  region size 1024K, 7 young (7168K), 7 survivors (7168K)
 Metaspace       used 100449K, committed 101056K, reserved 1138688K
  class space    used 13735K, committed 14016K, reserved 1048576K
}
Event: 30.165 GC heap before
{Heap before GC invocations=37 (full 0):
 garbage-first heap   total 194560K, used 105959K [0x0000000080000000, 0x0000000100000000)
  region size 1024K, 9 young (9216K), 7 survivors (7168K)
 Metaspace       used 100845K, committed 101568K, reserved 1138688K
  class space    used 13802K, committed 14144K, reserved 1048576K
}
Event: 30.178 GC heap after
{Heap after GC invocations=38 (full 0):
 garbage-first heap   total 194560K, used 103707K [0x0000000080000000, 0x0000000100000000)
  region size 1024K, 1 young (1024K), 1 survivors (1024K)
 Metaspace       used 100845K, committed 101568K, reserved 1138688K
  class space    used 13802K, committed 14144K, reserved 1048576K
}
Event: 57.677 GC heap before
{Heap before GC invocations=38 (full 0):
 garbage-first heap   total 194560K, used 163099K [0x0000000080000000, 0x0000000100000000)
  region size 1024K, 57 young (58368K), 1 survivors (1024K)
 Metaspace       used 104730K, committed 105536K, reserved 1146880K
  class space    used 14273K, committed 14656K, reserved 1048576K
}

Dll operation events (2 events):
Event: 0.008 Loaded shared library C:\Program Files\Android\Android Studio\jbr\bin\java.dll
Event: 1.060 Loaded shared library C:\Program Files\Android\Android Studio\jbr\bin\verify.dll

Deoptimization events (20 events):
Event: 57.124 Thread 0x000002111b4d6860 DEOPT PACKING pc=0x00000211081319d8 sp=0x00000096096f8b90
Event: 57.124 Thread 0x000002111b4d6860 DEOPT UNPACKING pc=0x00000211075869a3 sp=0x00000096096f8b68 mode 2
Event: 57.150 Thread 0x0000021118240a00 Uncommon trap: trap_request=0xffffffde fr.pc=0x000002110815ddd8 relative=0x0000000000000eb8
Event: 57.150 Thread 0x0000021118240a00 Uncommon trap: reason=class_check action=maybe_recompile pc=0x000002110815ddd8 method=com.android.tools.build.apkzlib.zip.ZipField.checkVerifiesInvariants(J)V @ 25 c2
Event: 57.150 Thread 0x0000021118240a00 DEOPT PACKING pc=0x000002110815ddd8 sp=0x0000009609bfd590
Event: 57.150 Thread 0x0000021118240a00 DEOPT UNPACKING pc=0x00000211075869a3 sp=0x0000009609bfd4f0 mode 2
Event: 57.174 Thread 0x0000021118240a00 Uncommon trap: trap_request=0xffffffde fr.pc=0x000002110815aa6c relative=0x0000000000000aec
Event: 57.174 Thread 0x0000021118240a00 Uncommon trap: reason=class_check action=maybe_recompile pc=0x000002110815aa6c method=com.android.tools.build.apkzlib.zip.ZipField.checkVerifiesInvariants(J)V @ 25 c2
Event: 57.174 Thread 0x0000021118240a00 DEOPT PACKING pc=0x000002110815aa6c sp=0x0000009609bfd540
Event: 57.174 Thread 0x0000021118240a00 DEOPT UNPACKING pc=0x00000211075869a3 sp=0x0000009609bfd508 mode 2
Event: 57.383 Thread 0x000002111bf0b090 Uncommon trap: trap_request=0xffffff45 fr.pc=0x0000021107fd3758 relative=0x0000000000000498
Event: 57.383 Thread 0x000002111bf0b090 Uncommon trap: reason=unstable_if action=reinterpret pc=0x0000021107fd3758 method=java.io.BufferedInputStream.read1([BII)I @ 60 c2
Event: 57.383 Thread 0x000002111bf0b090 DEOPT PACKING pc=0x0000021107fd3758 sp=0x000000960a5fdbe0
Event: 57.383 Thread 0x000002111bf0b090 DEOPT UNPACKING pc=0x00000211075869a3 sp=0x000000960a5fdb30 mode 2
Event: 57.437 Thread 0x000002111bf0b090 Uncommon trap: trap_request=0xffffff45 fr.pc=0x0000021107fd2d70 relative=0x0000000000000150
Event: 57.437 Thread 0x000002111bf0b090 Uncommon trap: reason=unstable_if action=reinterpret pc=0x0000021107fd2d70 method=java.io.BufferedInputStream.read1([BII)I @ 60 c2
Event: 57.437 Thread 0x000002111bf0b090 DEOPT PACKING pc=0x0000021107fd2d70 sp=0x000000960a5fdb70
Event: 57.438 Thread 0x000002111bf0b090 DEOPT UNPACKING pc=0x00000211075869a3 sp=0x000000960a5fdb30 mode 2
Event: 57.632 Thread 0x000002111bf0ea50 DEOPT PACKING pc=0x00000211015f22b2 sp=0x000000960a2f3b50
Event: 57.643 Thread 0x000002111bf0ea50 DEOPT UNPACKING pc=0x0000021107587143 sp=0x000000960a2f30a0 mode 0

Classes unloaded (3 events):
Event: 26.515 Thread 0x000002117f3df150 Unloading class 0x0000000100d10c00 'java/lang/invoke/LambdaForm$DMH+0x0000000100d10c00'
Event: 26.515 Thread 0x000002117f3df150 Unloading class 0x0000000100d10400 'java/lang/invoke/LambdaForm$DMH+0x0000000100d10400'
Event: 26.515 Thread 0x000002117f3df150 Unloading class 0x0000000100d10800 'java/lang/invoke/LambdaForm$DMH+0x0000000100d10800'

Classes redefined (0 events):
No events

Internal exceptions (20 events):
Event: 56.676 Thread 0x0000021118240a00 Exception <a 'sun/nio/fs/WindowsException'{0x000000008a3c1768}> (0x000000008a3c1768) 
thrown [s\src\hotspot\share\prims\jni.cpp, line 517]
Event: 56.991 Thread 0x000002111b4d6860 Exception <a 'sun/nio/fs/WindowsException'{0x000000008975dad8}> (0x000000008975dad8) 
thrown [s\src\hotspot\share\prims\jni.cpp, line 517]
Event: 56.991 Thread 0x000002111b4d6860 Exception <a 'sun/nio/fs/WindowsException'{0x000000008975dec0}> (0x000000008975dec0) 
thrown [s\src\hotspot\share\prims\jni.cpp, line 517]
Event: 56.995 Thread 0x000002111b4d6860 Exception <a 'sun/nio/fs/WindowsException'{0x0000000089760130}> (0x0000000089760130) 
thrown [s\src\hotspot\share\prims\jni.cpp, line 517]
Event: 56.995 Thread 0x000002111b4d6860 Exception <a 'sun/nio/fs/WindowsException'{0x00000000897604e0}> (0x00000000897604e0) 
thrown [s\src\hotspot\share\prims\jni.cpp, line 517]
Event: 57.003 Thread 0x000002111b4d6860 Exception <a 'sun/nio/fs/WindowsException'{0x0000000089763520}> (0x0000000089763520) 
thrown [s\src\hotspot\share\prims\jni.cpp, line 517]
Event: 57.003 Thread 0x000002111b4d6860 Exception <a 'sun/nio/fs/WindowsException'{0x0000000089763908}> (0x0000000089763908) 
thrown [s\src\hotspot\share\prims\jni.cpp, line 517]
Event: 57.011 Thread 0x000002111b4d6860 Exception <a 'sun/nio/fs/WindowsException'{0x0000000089765ae0}> (0x0000000089765ae0) 
thrown [s\src\hotspot\share\prims\jni.cpp, line 517]
Event: 57.011 Thread 0x000002111b4d6860 Exception <a 'sun/nio/fs/WindowsException'{0x0000000089765e90}> (0x0000000089765e90) 
thrown [s\src\hotspot\share\prims\jni.cpp, line 517]
Event: 57.016 Thread 0x000002111b4d6860 Exception <a 'sun/nio/fs/WindowsException'{0x0000000089769410}> (0x0000000089769410) 
thrown [s\src\hotspot\share\prims\jni.cpp, line 517]
Event: 57.017 Thread 0x000002111b4d6860 Exception <a 'sun/nio/fs/WindowsException'{0x0000000089769978}> (0x0000000089769978) 
thrown [s\src\hotspot\share\prims\jni.cpp, line 517]
Event: 57.026 Thread 0x000002111b4d6860 Exception <a 'sun/nio/fs/WindowsException'{0x000000008976bbd0}> (0x000000008976bbd0) 
thrown [s\src\hotspot\share\prims\jni.cpp, line 517]
Event: 57.026 Thread 0x000002111b4d6860 Exception <a 'sun/nio/fs/WindowsException'{0x000000008976c100}> (0x000000008976c100) 
thrown [s\src\hotspot\share\prims\jni.cpp, line 517]
Event: 57.028 Thread 0x000002111b4d6860 Exception <a 'sun/nio/fs/WindowsException'{0x000000008976f680}> (0x000000008976f680) 
thrown [s\src\hotspot\share\prims\jni.cpp, line 517]
Event: 57.028 Thread 0x000002111b4d6860 Exception <a 'sun/nio/fs/WindowsException'{0x000000008976fbe8}> (0x000000008976fbe8) 
thrown [s\src\hotspot\share\prims\jni.cpp, line 517]
Event: 57.031 Thread 0x000002111b4d6860 Exception <a 'sun/nio/fs/WindowsException'{0x0000000089771e40}> (0x0000000089771e40) 
thrown [s\src\hotspot\share\prims\jni.cpp, line 517]
Event: 57.031 Thread 0x000002111b4d6860 Exception <a 'sun/nio/fs/WindowsException'{0x0000000089772370}> (0x0000000089772370) 
thrown [s\src\hotspot\share\prims\jni.cpp, line 517]
Event: 57.079 Thread 0x000002111b4d6860 Exception <a 'java/lang/NoSuchMethodError'{0x00000000893b8188}: static Lcom/android/build/gradle/internal/tasks/DexArchiveBuilderTaskDelegate$ClasspathServiceKey;.<clinit>()V> (0x00000000893b8188) 
thrown [s\src\hotspot\share\prims\jni.cpp, line 1108]
Event: 57.586 Thread 0x000002111bf0c3d0 Exception <a 'sun/nio/fs/WindowsException'{0x00000000888b8510}> (0x00000000888b8510) 
thrown [s\src\hotspot\share\prims\jni.cpp, line 517]
Event: 57.586 Thread 0x000002111bf0ea50 Exception <a 'sun/nio/fs/WindowsException'{0x0000000088706fc0}> (0x0000000088706fc0) 
thrown [s\src\hotspot\share\prims\jni.cpp, line 517]

VM Operations (20 events):
Event: 31.178 Executing VM operation: Cleanup done
Event: 34.180 Executing VM operation: Cleanup
Event: 34.180 Executing VM operation: Cleanup done
Event: 46.184 Executing VM operation: Cleanup
Event: 46.186 Executing VM operation: Cleanup done
Event: 54.187 Executing VM operation: Cleanup
Event: 54.187 Executing VM operation: Cleanup done
Event: 55.141 Executing VM operation: HandshakeAllThreads
Event: 55.147 Executing VM operation: HandshakeAllThreads done
Event: 55.150 Executing VM operation: HandshakeAllThreads
Event: 55.150 Executing VM operation: HandshakeAllThreads done
Event: 55.172 Executing VM operation: HandshakeAllThreads
Event: 55.173 Executing VM operation: HandshakeAllThreads done
Event: 56.175 Executing VM operation: Cleanup
Event: 56.179 Executing VM operation: Cleanup done
Event: 57.019 Executing VM operation: HandshakeAllThreads
Event: 57.019 Executing VM operation: HandshakeAllThreads done
Event: 57.041 Executing VM operation: ICBufferFull
Event: 57.042 Executing VM operation: ICBufferFull done
Event: 57.670 Executing VM operation: G1CollectForAllocation

Events (20 events):
Event: 56.760 loading class java/util/regex/Pattern$SliceU done
Event: 56.760 loading class sun/nio/fs/WindowsFileSystem$2
Event: 56.760 loading class sun/nio/fs/WindowsFileSystem$2 done
Event: 56.888 loading class sun/nio/cs/US_ASCII$Decoder
Event: 56.888 loading class sun/nio/cs/US_ASCII$Decoder done
Event: 56.921 loading class java/io/SequenceInputStream
Event: 56.921 loading class java/io/SequenceInputStream done
Event: 56.936 Thread 0x000002111642e030 Thread added: 0x000002111642e030
Event: 56.985 loading class java/nio/file/Files$2
Event: 56.985 loading class java/nio/file/Files$2 done
Event: 57.088 Thread 0x000002111bf0dbe0 Thread added: 0x000002111bf0dbe0
Event: 57.089 Thread 0x000002111bf0b090 Thread added: 0x000002111bf0b090
Event: 57.139 Thread 0x000002111bf0c3d0 Thread added: 0x000002111bf0c3d0
Event: 57.141 loading class java/nio/file/FileTreeIterator
Event: 57.142 loading class java/nio/file/FileTreeIterator done
Event: 57.346 loading class java/util/zip/ZipInputStream
Event: 57.347 loading class java/util/zip/ZipInputStream done
Event: 57.438 Thread 0x000002111642e030 Thread exited: 0x000002111642e030
Event: 57.445 loading class jdk/internal/misc/ScopedMemoryAccess$Scope$Handle
Event: 57.445 loading class jdk/internal/misc/ScopedMemoryAccess$Scope$Handle done


Dynamic libraries:
0x00007ff627830000 - 0x00007ff62783a000 	C:\Program Files\Android\Android Studio\jbr\bin\java.exe
0x00007ff83bcd0000 - 0x00007ff83bec8000 	C:\WINDOWS\SYSTEM32\ntdll.dll
0x00007ff83bac0000 - 0x00007ff83bb7d000 	C:\WINDOWS\System32\KERNEL32.DLL
0x00007ff8396c0000 - 0x00007ff8399b6000 	C:\WINDOWS\System32\KERNELBASE.dll
0x00007ff839c30000 - 0x00007ff839d30000 	C:\WINDOWS\System32\ucrtbase.dll
0x00007ff82ee00000 - 0x00007ff82ee17000 	C:\Program Files\Android\Android Studio\jbr\bin\jli.dll
0x00007ff82efe0000 - 0x00007ff82effb000 	C:\Program Files\Android\Android Studio\jbr\bin\VCRUNTIME140.dll
0x00007ff83a210000 - 0x00007ff83a3ae000 	C:\WINDOWS\System32\USER32.dll
0x00007ff839b50000 - 0x00007ff839b72000 	C:\WINDOWS\System32\win32u.dll
0x00007ff824e80000 - 0x00007ff82511a000 	C:\WINDOWS\WinSxS\amd64_microsoft.windows.common-controls_6595b64144ccf1df_6.0.19041.3636_none_60b6a03d71f818d5\COMCTL32.dll
0x00007ff83bb80000 - 0x00007ff83bbac000 	C:\WINDOWS\System32\GDI32.dll
0x00007ff839e50000 - 0x00007ff839eee000 	C:\WINDOWS\System32\msvcrt.dll
0x00007ff839a30000 - 0x00007ff839b4a000 	C:\WINDOWS\System32\gdi32full.dll
0x00007ff839540000 - 0x00007ff8395dd000 	C:\WINDOWS\System32\msvcp_win.dll
0x00007ff83b9f0000 - 0x00007ff83ba20000 	C:\WINDOWS\System32\IMM32.DLL
0x00007ff830010000 - 0x00007ff83001c000 	C:\Program Files\Android\Android Studio\jbr\bin\vcruntime140_1.dll
0x00007ff815070000 - 0x00007ff8150fd000 	C:\Program Files\Android\Android Studio\jbr\bin\msvcp140.dll
0x00007ff803080000 - 0x00007ff803cee000 	C:\Program Files\Android\Android Studio\jbr\bin\server\jvm.dll
0x00007ff83afe0000 - 0x00007ff83b08f000 	C:\WINDOWS\System32\ADVAPI32.dll
0x00007ff83ba20000 - 0x00007ff83babc000 	C:\WINDOWS\System32\sechost.dll
0x00007ff83b8c0000 - 0x00007ff83b9e6000 	C:\WINDOWS\System32\RPCRT4.dll
0x00007ff830020000 - 0x00007ff830029000 	C:\WINDOWS\SYSTEM32\WSOCK32.dll
0x00007ff833770000 - 0x00007ff833797000 	C:\WINDOWS\SYSTEM32\WINMM.dll
0x00007ff83ae30000 - 0x00007ff83ae9b000 	C:\WINDOWS\System32\WS2_32.dll
0x00007ff8337a0000 - 0x00007ff8337aa000 	C:\WINDOWS\SYSTEM32\VERSION.dll
0x00007ff837270000 - 0x00007ff837282000 	C:\WINDOWS\SYSTEM32\kernel.appcore.dll
0x00007ff830000000 - 0x00007ff83000a000 	C:\Program Files\Android\Android Studio\jbr\bin\jimage.dll
0x00007ff834860000 - 0x00007ff834a44000 	C:\WINDOWS\SYSTEM32\DBGHELP.DLL
0x00007ff834be0000 - 0x00007ff834c14000 	C:\WINDOWS\SYSTEM32\dbgcore.DLL
0x00007ff839630000 - 0x00007ff8396b2000 	C:\WINDOWS\System32\bcryptPrimitives.dll
0x00007ff82fcd0000 - 0x00007ff82fcf5000 	C:\Program Files\Android\Android Studio\jbr\bin\java.dll
0x00007ff82ffe0000 - 0x00007ff82fff8000 	C:\Program Files\Android\Android Studio\jbr\bin\zip.dll
0x00007ff83b090000 - 0x00007ff83b7d4000 	C:\WINDOWS\System32\SHELL32.dll
0x00007ff837470000 - 0x00007ff837c0b000 	C:\WINDOWS\SYSTEM32\windows.storage.dll
0x00007ff83a500000 - 0x00007ff83a854000 	C:\WINDOWS\System32\combase.dll
0x00007ff838d20000 - 0x00007ff838d4d000 	C:\WINDOWS\SYSTEM32\Wldp.dll
0x00007ff83aea0000 - 0x00007ff83af4d000 	C:\WINDOWS\System32\SHCORE.dll
0x00007ff83b860000 - 0x00007ff83b8b5000 	C:\WINDOWS\System32\shlwapi.dll
0x00007ff8392e0000 - 0x00007ff839305000 	C:\WINDOWS\SYSTEM32\profapi.dll
0x00007ff82fcb0000 - 0x00007ff82fcc9000 	C:\Program Files\Android\Android Studio\jbr\bin\net.dll
0x00007ff82e620000 - 0x00007ff82e72a000 	C:\WINDOWS\SYSTEM32\WINHTTP.dll
0x00007ff838a80000 - 0x00007ff838aea000 	C:\WINDOWS\system32\mswsock.dll
0x00007ff82fc90000 - 0x00007ff82fca6000 	C:\Program Files\Android\Android Studio\jbr\bin\nio.dll
0x00007ff82fc80000 - 0x00007ff82fc90000 	C:\Program Files\Android\Android Studio\jbr\bin\verify.dll
0x00007ff82a5e0000 - 0x00007ff82a607000 	C:\Users\HP\.gradle\native\68d5fa5c4cc2d200863cafc0d521ce42e7d3e7ee720ec0a83991735586a16f82\windows-amd64\native-platform.dll
0x00007ff8118f0000 - 0x00007ff811a34000 	C:\Users\HP\.gradle\native\e376f236ea51e6404a007f0833ffe2c6e607c4080706a723a18a27aeea778392\windows-amd64\native-platform-file-events.dll
0x00007ff82fc70000 - 0x00007ff82fc79000 	C:\Program Files\Android\Android Studio\jbr\bin\management.dll
0x00007ff82fc60000 - 0x00007ff82fc6b000 	C:\Program Files\Android\Android Studio\jbr\bin\management_ext.dll
0x00007ff83a3b0000 - 0x00007ff83a3b8000 	C:\WINDOWS\System32\PSAPI.DLL
0x00007ff838c70000 - 0x00007ff838c88000 	C:\WINDOWS\SYSTEM32\CRYPTSP.dll
0x00007ff8383b0000 - 0x00007ff8383e4000 	C:\WINDOWS\system32\rsaenh.dll
0x00007ff839510000 - 0x00007ff839537000 	C:\WINDOWS\System32\bcrypt.dll
0x00007ff8392a0000 - 0x00007ff8392ce000 	C:\WINDOWS\SYSTEM32\USERENV.dll
0x00007ff838c90000 - 0x00007ff838c9c000 	C:\WINDOWS\SYSTEM32\CRYPTBASE.dll
0x00007ff838770000 - 0x00007ff8387ab000 	C:\WINDOWS\SYSTEM32\IPHLPAPI.DLL
0x00007ff83a420000 - 0x00007ff83a428000 	C:\WINDOWS\System32\NSI.dll
0x00007ff82f050000 - 0x00007ff82f067000 	C:\WINDOWS\SYSTEM32\dhcpcsvc6.DLL
0x00007ff82fa50000 - 0x00007ff82fa6d000 	C:\WINDOWS\SYSTEM32\dhcpcsvc.DLL
0x00007ff8387b0000 - 0x00007ff83887a000 	C:\WINDOWS\SYSTEM32\DNSAPI.dll
0x00007ff82faf0000 - 0x00007ff82faf7000 	C:\WINDOWS\system32\wshunix.dll
0x00007ff81cc00000 - 0x00007ff81cc17000 	C:\WINDOWS\system32\napinsp.dll
0x00007ff81cbe0000 - 0x00007ff81cbfb000 	C:\WINDOWS\system32\pnrpnsp.dll
0x00007ff81cbc0000 - 0x00007ff81cbd5000 	C:\WINDOWS\system32\wshbth.dll
0x00007ff834040000 - 0x00007ff83405d000 	C:\WINDOWS\system32\NLAapi.dll
0x00007ff81cba0000 - 0x00007ff81cbb2000 	C:\WINDOWS\System32\winrnr.dll
0x00007ff823410000 - 0x00007ff82341a000 	C:\Windows\System32\rasadhlp.dll
0x00007ff823390000 - 0x00007ff823410000 	C:\WINDOWS\System32\fwpuclnt.dll
0x00007ff82efc0000 - 0x00007ff82efde000 	C:\Users\HP\AppData\Local\Temp\native-platform4952667314882666824dir\native-platform.dll
0x00007ff836a50000 - 0x00007ff836a57000 	C:\Program Files\Android\Android Studio\jbr\bin\rmi.dll

dbghelp: loaded successfully - version: 4.0.5 - missing functions: none
symbol engine: initialized successfully - sym options: 0x614 - pdb path: .;C:\Program Files\Android\Android Studio\jbr\bin;C:\WINDOWS\SYSTEM32;C:\WINDOWS\WinSxS\amd64_microsoft.windows.common-controls_6595b64144ccf1df_6.0.19041.3636_none_60b6a03d71f818d5;C:\Program Files\Android\Android Studio\jbr\bin\server;C:\Users\HP\.gradle\native\68d5fa5c4cc2d200863cafc0d521ce42e7d3e7ee720ec0a83991735586a16f82\windows-amd64;C:\Users\HP\.gradle\native\e376f236ea51e6404a007f0833ffe2c6e607c4080706a723a18a27aeea778392\windows-amd64;C:\Users\HP\AppData\Local\Temp\native-platform4952667314882666824dir

VM Arguments:
jvm_args: --add-opens=java.base/java.util=ALL-UNNAMED --add-opens=java.base/java.lang=ALL-UNNAMED --add-opens=java.base/java.lang.invoke=ALL-UNNAMED --add-opens=java.prefs/java.util.prefs=ALL-UNNAMED --add-opens=java.base/java.nio.charset=ALL-UNNAMED --add-opens=java.base/java.net=ALL-UNNAMED --add-opens=java.base/java.util.concurrent.atomic=ALL-UNNAMED -Xmx2048m -Dfile.encoding=UTF-8 -Duser.country=US -Duser.language=en -Duser.variant 
java_command: org.gradle.launcher.daemon.bootstrap.GradleDaemon 8.0
java_class_path (initial): C:\Users\HP\.gradle\wrapper\dists\gradle-8.0-bin\ca5e32bp14vu59qr306oxotwh\gradle-8.0\lib\gradle-launcher-8.0.jar
Launcher Type: SUN_STANDARD

[Global flags]
     intx CICompilerCount                          = 3                                         {product} {ergonomic}
     uint ConcGCThreads                            = 1                                         {product} {ergonomic}
     uint G1ConcRefinementThreads                  = 4                                         {product} {ergonomic}
   size_t G1HeapRegionSize                         = 1048576                                   {product} {ergonomic}
    uintx GCDrainStackTargetSize                   = 64                                        {product} {ergonomic}
   size_t InitialHeapSize                          = 58720256                                  {product} {ergonomic}
   size_t MarkStackSize                            = 4194304                                   {product} {ergonomic}
   size_t MaxHeapSize                              = 2147483648                                {product} {command line}
   size_t MaxNewSize                               = 1287651328                                {product} {ergonomic}
   size_t MinHeapDeltaBytes                        = 1048576                                   {product} {ergonomic}
   size_t MinHeapSize                              = 8388608                                   {product} {ergonomic}
    uintx NonNMethodCodeHeapSize                   = 5832780                                {pd product} {ergonomic}
    uintx NonProfiledCodeHeapSize                  = 122912730                              {pd product} {ergonomic}
    uintx ProfiledCodeHeapSize                     = 122912730                              {pd product} {ergonomic}
    uintx ReservedCodeCacheSize                    = 251658240                              {pd product} {ergonomic}
     bool SegmentedCodeCache                       = true                                      {product} {ergonomic}
   size_t SoftMaxHeapSize                          = 2147483648                             {manageable} {ergonomic}
     bool UseCompressedClassPointers               = true                           {product lp64_product} {ergonomic}
     bool UseCompressedOops                        = true                           {product lp64_product} {ergonomic}
     bool UseG1GC                                  = true                                      {product} {ergonomic}
     bool UseLargePagesIndividualAllocation        = false                                  {pd product} {ergonomic}

Logging:
Log output configuration:
 #0: stdout all=warning uptime,level,tags
 #1: stderr all=off uptime,level,tags

Environment Variables:
JAVA_HOME=C:\Program Files\Java\jdk-21
PATH=C:\Program Files\Java\jdk-21\bin;C:\WINDOWS\system32;C:\WINDOWS;C:\WINDOWS\System32\Wbem;C:\WINDOWS\System32\WindowsPowerShell\v1.0\;C:\WINDOWS\System32\OpenSSH\;C:\MinGW\bin;C:\Program Files\PowerShell\7\;C:\Program Files\Git\cmd;C:\Users\HP\AppData\Local\Microsoft\WindowsApps;
USERNAME=HP
OS=Windows_NT
PROCESSOR_IDENTIFIER=AMD64 Family 23 Model 24 Stepping 1, AuthenticAMD
TMP=C:\Users\HP\AppData\Local\Temp
TEMP=C:\Users\HP\AppData\Local\Temp


JNI global refs:
JNI global refs: 24, weak refs: 0

JNI global refs memory usage: 843, weak refs: 841


---------------  S Y S T E M  ---------------

OS:
 Windows 10 , 64 bit Build 19041 (10.0.19041.3636)
OS uptime: 2 days 16:10 hours

CPU: total 4 (initial active 4) (4 cores per cpu, 2 threads per core) family 23 model 24 stepping 1 microcode 0x0, cx8, cmov, fxsr, ht, mmx, 3dnowpref, sse, sse2, sse3, ssse3, sse4a, sse4.1, sse4.2, popcnt, lzcnt, tsc, tscinvbit, avx, avx2, aes, clmul, bmi1, bmi2, adx, sha, fma, vzeroupper, clflush, clflushopt

Memory: 4k page, system-wide physical 3499M (495M free)
TotalPageFile size 8495M (AvailPageFile size 180M)
current process WorkingSet (physical memory assigned to process): 229M, peak: 396M
current process commit charge ("private bytes"): 474M, peak: 660M

vm_info: OpenJDK 64-Bit Server VM (17.0.6+0-b2043.56-10027231) for windows-amd64 JRE (17.0.6+0-b2043.56-10027231), built on Apr 28 2023 00:43:19 by "androidbuild" with MS VC++ 16.10 / 16.11 (VS2019)

END.
