#
# There is insufficient memory for the Java Runtime Environment to continue.
# Native memory allocation (mmap) failed to map 230686720 bytes for G1 virtual space
# Possible reasons:
#   The system is out of physical RAM or swap space
#   The process is running with CompressedOops enabled, and the Java Heap may be blocking the growth of the native heap
# Possible solutions:
#   Reduce memory load on the system
#   Increase physical memory or swap space
#   Check if swap backing store is full
#   Decrease Java heap size (-Xmx/-Xms)
#   Decrease number of Java threads
#   Decrease Java thread stack sizes (-Xss)
#   Set larger code cache with -XX:ReservedCodeCacheSize=
#   JVM is running with Unscaled Compressed Oops mode in which the Java heap is
#     placed in the first 4GB address space. The Java Heap base address is the
#     maximum limit for the native heap growth. Please use -XX:HeapBaseMinAddress
#     to set the Java Heap base and to place the Java Heap above 4GB virtual address.
# This output file may be truncated or incomplete.
#
#  Out of Memory Error (os_windows.cpp:3769), pid=12660, tid=9712
#
# JRE version: OpenJDK Runtime Environment (17.0.6) (build 17.0.6+0-b2043.56-10027231)
# Java VM: OpenJDK 64-Bit Server VM (17.0.6+0-b2043.56-10027231, mixed mode, tiered, compressed oops, compressed class ptrs, g1 gc, windows-amd64)
# No core dump will be written. Minidumps are not enabled by default on client versions of Windows
#

---------------  S U M M A R Y ------------

Command Line: --add-opens=java.base/java.util=ALL-UNNAMED --add-opens=java.base/java.lang=ALL-UNNAMED --add-opens=java.base/java.lang.invoke=ALL-UNNAMED --add-opens=java.prefs/java.util.prefs=ALL-UNNAMED --add-opens=java.base/java.nio.charset=ALL-UNNAMED --add-opens=java.base/java.net=ALL-UNNAMED --add-opens=java.base/java.util.concurrent.atomic=ALL-UNNAMED -Xmx2048m -Dfile.encoding=UTF-8 -Duser.country=US -Duser.language=en -Duser.variant org.gradle.launcher.daemon.bootstrap.GradleDaemon 8.0

Host: AMD Ryzen 3 3250U with Radeon Graphics         , 4 cores, 3G,  Windows 10 , 64 bit Build 19041 (10.0.19041.3636)
Time: Tue Dec 19 21:31:08 2023 SE Asia Standard Time elapsed time: 13.062853 seconds (0d 0h 0m 13s)

---------------  T H R E A D  ---------------

Current thread (0x0000027c0999eb70):  VMThread "VM Thread" [stack: 0x000000aab5900000,0x000000aab5a00000] [id=9712]

Stack: [0x000000aab5900000,0x000000aab5a00000]
Native frames: (J=compiled Java code, j=interpreted, Vv=VM code, C=native code)
V  [jvm.dll+0x683c9a]
V  [jvm.dll+0x8427a4]
V  [jvm.dll+0x843f9e]
V  [jvm.dll+0x844603]
V  [jvm.dll+0x249b75]
V  [jvm.dll+0x680b69]
V  [jvm.dll+0x67505a]
V  [jvm.dll+0x309acb]
V  [jvm.dll+0x310f86]
V  [jvm.dll+0x3608ee]
V  [jvm.dll+0x360b1f]
V  [jvm.dll+0x2dfbf8]
V  [jvm.dll+0x2ddec4]
V  [jvm.dll+0x2dd4cc]
V  [jvm.dll+0x321f3b]
V  [jvm.dll+0x848ccb]
V  [jvm.dll+0x849a04]
V  [jvm.dll+0x849f1d]
V  [jvm.dll+0x84a2f4]
V  [jvm.dll+0x84a3c0]
V  [jvm.dll+0x7f274a]
V  [jvm.dll+0x682ad5]
C  [ucrtbase.dll+0x21bb2]
C  [KERNEL32.DLL+0x17344]
C  [ntdll.dll+0x526b1]

VM_Operation (0x000000aab6ff3c60): G1CollectForAllocation, mode: safepoint, requested by thread 0x0000027c24b78fb0


---------------  P R O C E S S  ---------------

Threads class SMR info:
_java_thread_list=0x0000027c24551fe0, length=38, elements={
0x0000027c098c92d0, 0x0000027c22e54510, 0x0000027c22e56a40, 0x0000027c22e943b0,
0x0000027c22e97ef0, 0x0000027c22e987b0, 0x0000027c22e9a820, 0x0000027c22ea0410,
0x0000027c22ea4a60, 0x0000027c22ea5b00, 0x0000027c2396e020, 0x0000027c23974920,
0x0000027c24ea0080, 0x0000027c250b3490, 0x0000027c24d8b1c0, 0x0000027c248a9970,
0x0000027c249f4080, 0x0000027c24c61bb0, 0x0000027c24b78fb0, 0x0000027c2507c250,
0x0000027c2507c720, 0x0000027c2507cbf0, 0x0000027c2507bd80, 0x0000027c2507d0c0,
0x0000027c2507d590, 0x0000027c263b1a40, 0x0000027c263ab060, 0x0000027c263b0230,
0x0000027c263b23e0, 0x0000027c263acd40, 0x0000027c263b28b0, 0x0000027c263ae550,
0x0000027c263b1f10, 0x0000027c263afd60, 0x0000027c263ac3a0, 0x0000027c263ad210,
0x0000027c263ad6e0, 0x0000027c263ae080
}

Java Threads: ( => current thread )
  0x0000027c098c92d0 JavaThread "main" [_thread_blocked, id=516, stack(0x000000aab5300000,0x000000aab5400000)]
  0x0000027c22e54510 JavaThread "Reference Handler" daemon [_thread_blocked, id=9316, stack(0x000000aab5a00000,0x000000aab5b00000)]
  0x0000027c22e56a40 JavaThread "Finalizer" daemon [_thread_blocked, id=6348, stack(0x000000aab5b00000,0x000000aab5c00000)]
  0x0000027c22e943b0 JavaThread "Signal Dispatcher" daemon [_thread_blocked, id=14060, stack(0x000000aab5c00000,0x000000aab5d00000)]
  0x0000027c22e97ef0 JavaThread "Attach Listener" daemon [_thread_blocked, id=1968, stack(0x000000aab5d00000,0x000000aab5e00000)]
  0x0000027c22e987b0 JavaThread "Service Thread" daemon [_thread_blocked, id=5304, stack(0x000000aab5e00000,0x000000aab5f00000)]
  0x0000027c22e9a820 JavaThread "Monitor Deflation Thread" daemon [_thread_blocked, id=12220, stack(0x000000aab5f00000,0x000000aab6000000)]
  0x0000027c22ea0410 JavaThread "C2 CompilerThread0" daemon [_thread_blocked, id=2516, stack(0x000000aab6000000,0x000000aab6100000)]
  0x0000027c22ea4a60 JavaThread "C1 CompilerThread0" daemon [_thread_blocked, id=12744, stack(0x000000aab6100000,0x000000aab6200000)]
  0x0000027c22ea5b00 JavaThread "Sweeper thread" daemon [_thread_blocked, id=7416, stack(0x000000aab6200000,0x000000aab6300000)]
  0x0000027c2396e020 JavaThread "Common-Cleaner" daemon [_thread_blocked, id=8, stack(0x000000aab6300000,0x000000aab6400000)]
  0x0000027c23974920 JavaThread "Notification Thread" daemon [_thread_blocked, id=10716, stack(0x000000aab6400000,0x000000aab6500000)]
  0x0000027c24ea0080 JavaThread "Daemon health stats" [_thread_blocked, id=5620, stack(0x000000aab6900000,0x000000aab6a00000)]
  0x0000027c250b3490 JavaThread "Incoming local TCP Connector on port 59428" [_thread_in_native, id=2804, stack(0x000000aab6a00000,0x000000aab6b00000)]
  0x0000027c24d8b1c0 JavaThread "Daemon periodic checks" [_thread_blocked, id=12284, stack(0x000000aab6b00000,0x000000aab6c00000)]
  0x0000027c248a9970 JavaThread "Daemon" [_thread_blocked, id=11104, stack(0x000000aab6c00000,0x000000aab6d00000)]
  0x0000027c249f4080 JavaThread "Handler for socket connection from /127.0.0.1:59428 to /127.0.0.1:59429" [_thread_in_native, id=1992, stack(0x000000aab6d00000,0x000000aab6e00000)]
  0x0000027c24c61bb0 JavaThread "Cancel handler" [_thread_blocked, id=12372, stack(0x000000aab6e00000,0x000000aab6f00000)]
  0x0000027c24b78fb0 JavaThread "Daemon worker" [_thread_blocked, id=7828, stack(0x000000aab6f00000,0x000000aab7000000)]
  0x0000027c2507c250 JavaThread "Asynchronous log dispatcher for DefaultDaemonConnection: socket connection from /127.0.0.1:59428 to /127.0.0.1:59429" [_thread_blocked, id=13544, stack(0x000000aab7000000,0x000000aab7100000)]
  0x0000027c2507c720 JavaThread "Stdin handler" [_thread_blocked, id=2828, stack(0x000000aab7100000,0x000000aab7200000)]
  0x0000027c2507cbf0 JavaThread "Daemon client event forwarder" [_thread_blocked, id=9228, stack(0x000000aab7200000,0x000000aab7300000)]
  0x0000027c2507bd80 JavaThread "Cache worker for journal cache (C:\Users\HP\.gradle\caches\journal-1)" [_thread_blocked, id=12160, stack(0x000000aab7300000,0x000000aab7400000)]
  0x0000027c2507d0c0 JavaThread "File lock request listener" [_thread_in_native, id=9048, stack(0x000000aab7400000,0x000000aab7500000)]
  0x0000027c2507d590 JavaThread "Cache worker for file hash cache (C:\Users\HP\.gradle\caches\8.0\fileHashes)" [_thread_blocked, id=6988, stack(0x000000aab7500000,0x000000aab7600000)]
  0x0000027c263b1a40 JavaThread "File watcher server" daemon [_thread_in_native, id=10976, stack(0x000000aab7600000,0x000000aab7700000)]
  0x0000027c263ab060 JavaThread "File watcher consumer" daemon [_thread_blocked, id=12508, stack(0x000000aab7700000,0x000000aab7800000)]
  0x0000027c263b0230 JavaThread "jar transforms" [_thread_blocked, id=12732, stack(0x000000aab7800000,0x000000aab7900000)]
  0x0000027c263b23e0 JavaThread "jar transforms Thread 2" [_thread_blocked, id=8552, stack(0x000000aab7900000,0x000000aab7a00000)]
  0x0000027c263acd40 JavaThread "jar transforms Thread 3" [_thread_blocked, id=9760, stack(0x000000aab7a00000,0x000000aab7b00000)]
  0x0000027c263b28b0 JavaThread "jar transforms Thread 4" [_thread_blocked, id=6496, stack(0x000000aab7b00000,0x000000aab7c00000)]
  0x0000027c263ae550 JavaThread "Cache worker for checksums cache (C:\Users\HP\AndroidStudioProjects\CatHouse\.gradle\8.0\checksums)" [_thread_blocked, id=13480, stack(0x000000aab7c00000,0x000000aab7d00000)]
  0x0000027c263b1f10 JavaThread "Cache worker for cache directory md-rule (C:\Users\HP\.gradle\caches\8.0\md-rule)" [_thread_blocked, id=3960, stack(0x000000aab7d00000,0x000000aab7e00000)]
  0x0000027c263afd60 JavaThread "Cache worker for file content cache (C:\Users\HP\.gradle\caches\8.0\fileContent)" [_thread_blocked, id=10832, stack(0x000000aab7e00000,0x000000aab7f00000)]
  0x0000027c263ac3a0 JavaThread "Cache worker for file hash cache (C:\Users\HP\AndroidStudioProjects\CatHouse\.gradle\8.0\fileHashes)" [_thread_blocked, id=9588, stack(0x000000aab7f00000,0x000000aab8000000)]
  0x0000027c263ad210 JavaThread "Cache worker for cache directory md-supplier (C:\Users\HP\.gradle\caches\8.0\md-supplier)" [_thread_blocked, id=12048, stack(0x000000aab8000000,0x000000aab8100000)]
  0x0000027c263ad6e0 JavaThread "Cache worker for execution history cache (C:\Users\HP\.gradle\caches\8.0\executionHistory)" [_thread_blocked, id=2292, stack(0x000000aab8100000,0x000000aab8200000)]
  0x0000027c263ae080 JavaThread "Cache worker for kotlin-dsl (C:\Users\HP\.gradle\caches\8.0\kotlin-dsl)" [_thread_blocked, id=10784, stack(0x000000aab8200000,0x000000aab8300000)]

Other Threads:
=>0x0000027c0999eb70 VMThread "VM Thread" [stack: 0x000000aab5900000,0x000000aab5a00000] [id=9712]
  0x0000027c23979200 WatcherThread [stack: 0x000000aab6500000,0x000000aab6600000] [id=7452]
  0x0000027c099258d0 GCTaskThread "GC Thread#0" [stack: 0x000000aab5400000,0x000000aab5500000] [id=5296]
  0x0000027c2420ccb0 GCTaskThread "GC Thread#1" [stack: 0x000000aab6600000,0x000000aab6700000] [id=2448]
  0x0000027c23c27e00 GCTaskThread "GC Thread#2" [stack: 0x000000aab6700000,0x000000aab6800000] [id=8852]
  0x0000027c23be4290 GCTaskThread "GC Thread#3" [stack: 0x000000aab6800000,0x000000aab6900000] [id=12868]
  0x0000027c09936720 ConcurrentGCThread "G1 Main Marker" [stack: 0x000000aab5500000,0x000000aab5600000] [id=11788]
  0x0000027c099377e0 ConcurrentGCThread "G1 Conc#0" [stack: 0x000000aab5600000,0x000000aab5700000] [id=7072]
  0x0000027c09973280 ConcurrentGCThread "G1 Refine#0" [stack: 0x000000aab5700000,0x000000aab5800000] [id=9224]
  0x0000027c28996480 ConcurrentGCThread "G1 Refine#1" [stack: 0x000000aab8300000,0x000000aab8400000] [id=5592]
  0x0000027c09974bc0 ConcurrentGCThread "G1 Service" [stack: 0x000000aab5800000,0x000000aab5900000] [id=2392]

Threads with active compile tasks:
C2 CompilerThread0    13101 6576       4       org.jetbrains.kotlin.com.intellij.openapi.vfs.VirtualFile::findChild (62 bytes)
C1 CompilerThread0    13101 6622   !   3       org.jetbrains.kotlin.cli.jvm.index.JvmDependenciesDynamicCompoundIndex::traverseDirectoriesInPackage (130 bytes)

VM state: at safepoint (normal execution)

VM Mutex/Monitor currently owned by a thread:  ([mutex/lock_event])
[0x0000027c098c4470] Threads_lock - owner thread: 0x0000027c0999eb70
[0x0000027c098c5820] Heap_lock - owner thread: 0x0000027c24b78fb0

Heap address: 0x0000000080000000, size: 2048 MB, Compressed Oops mode: 32-bit

CDS archive(s) not mapped
Compressed class space mapped at: 0x0000000100000000-0x0000000140000000, reserved size: 1073741824
Narrow klass base: 0x0000000000000000, Narrow klass shift: 3, Narrow klass range: 0x140000000

GC Precious Log:
 CPUs: 4 total, 4 available
 Memory: 3499M
 Large Page Support: Disabled
 NUMA Support: Disabled
 Compressed Oops: Enabled (32-bit)
 Heap Region Size: 1M
 Heap Min Capacity: 8M
 Heap Initial Capacity: 56M
 Heap Max Capacity: 2G
 Pre-touch: Disabled
 Parallel Workers: 4
 Concurrent Workers: 1
 Concurrent Refinement Workers: 4
 Periodic GC: Disabled

Heap:
 garbage-first heap   total 179200K, used 109697K [0x0000000080000000, 0x0000000100000000)
  region size 1024K, 5 young (5120K), 5 survivors (5120K)
 Metaspace       used 88982K, committed 89536K, reserved 1130496K
  class space    used 11787K, committed 12032K, reserved 1048576K

Heap Regions: E=young(eden), S=young(survivor), O=old, HS=humongous(starts), HC=humongous(continues), CS=collection set, F=free, OA=open archive, CA=closed archive, TAMS=top-at-mark-start (previous, next)
|   0|0x0000000080000000, 0x0000000080100000, 0x0000000080100000|100%| O|  |TAMS 0x0000000080100000, 0x0000000080100000| Untracked 
|   1|0x0000000080100000, 0x0000000080200000, 0x0000000080200000|100%| O|  |TAMS 0x0000000080200000, 0x0000000080200000| Untracked 
|   2|0x0000000080200000, 0x0000000080300000, 0x0000000080300000|100%|HS|  |TAMS 0x0000000080300000, 0x0000000080300000| Complete 
|   3|0x0000000080300000, 0x0000000080400000, 0x0000000080400000|100%|HC|  |TAMS 0x0000000080400000, 0x0000000080400000| Complete 
|   4|0x0000000080400000, 0x0000000080500000, 0x0000000080500000|100%|HC|  |TAMS 0x0000000080500000, 0x0000000080500000| Complete 
|   5|0x0000000080500000, 0x0000000080600000, 0x0000000080600000|100%|HC|  |TAMS 0x0000000080600000, 0x0000000080600000| Complete 
|   6|0x0000000080600000, 0x0000000080700000, 0x0000000080700000|100%| O|  |TAMS 0x0000000080700000, 0x0000000080700000| Untracked 
|   7|0x0000000080700000, 0x0000000080800000, 0x0000000080800000|100%| O|  |TAMS 0x0000000080800000, 0x0000000080800000| Untracked 
|   8|0x0000000080800000, 0x0000000080900000, 0x0000000080900000|100%| O|  |TAMS 0x0000000080900000, 0x0000000080900000| Untracked 
|   9|0x0000000080900000, 0x0000000080a00000, 0x0000000080a00000|100%| O|  |TAMS 0x0000000080a00000, 0x0000000080a00000| Untracked 
|  10|0x0000000080a00000, 0x0000000080b00000, 0x0000000080b00000|100%| O|  |TAMS 0x0000000080b00000, 0x0000000080b00000| Untracked 
|  11|0x0000000080b00000, 0x0000000080c00000, 0x0000000080c00000|100%| O|  |TAMS 0x0000000080c00000, 0x0000000080c00000| Untracked 
|  12|0x0000000080c00000, 0x0000000080d00000, 0x0000000080d00000|100%| O|  |TAMS 0x0000000080d00000, 0x0000000080d00000| Untracked 
|  13|0x0000000080d00000, 0x0000000080e00000, 0x0000000080e00000|100%| O|  |TAMS 0x0000000080e00000, 0x0000000080e00000| Untracked 
|  14|0x0000000080e00000, 0x0000000080f00000, 0x0000000080f00000|100%| O|  |TAMS 0x0000000080f00000, 0x0000000080f00000| Untracked 
|  15|0x0000000080f00000, 0x0000000081000000, 0x0000000081000000|100%| O|  |TAMS 0x0000000081000000, 0x0000000081000000| Untracked 
|  16|0x0000000081000000, 0x0000000081100000, 0x0000000081100000|100%| O|  |TAMS 0x0000000081100000, 0x0000000081100000| Untracked 
|  17|0x0000000081100000, 0x0000000081200000, 0x0000000081200000|100%| O|  |TAMS 0x0000000081200000, 0x0000000081200000| Untracked 
|  18|0x0000000081200000, 0x0000000081300000, 0x0000000081300000|100%| O|  |TAMS 0x0000000081300000, 0x0000000081300000| Untracked 
|  19|0x0000000081300000, 0x0000000081400000, 0x0000000081400000|100%|HS|  |TAMS 0x0000000081400000, 0x0000000081400000| Complete 
|  20|0x0000000081400000, 0x0000000081500000, 0x0000000081500000|100%|HC|  |TAMS 0x0000000081500000, 0x0000000081500000| Complete 
|  21|0x0000000081500000, 0x0000000081600000, 0x0000000081600000|100%|HS|  |TAMS 0x0000000081600000, 0x0000000081600000| Complete 
|  22|0x0000000081600000, 0x0000000081700000, 0x0000000081700000|100%|HC|  |TAMS 0x0000000081700000, 0x0000000081700000| Complete 
|  23|0x0000000081700000, 0x0000000081800000, 0x0000000081800000|100%|HC|  |TAMS 0x0000000081800000, 0x0000000081800000| Complete 
|  24|0x0000000081800000, 0x0000000081900000, 0x0000000081900000|100%| O|  |TAMS 0x0000000081900000, 0x0000000081900000| Untracked 
|  25|0x0000000081900000, 0x0000000081a00000, 0x0000000081a00000|100%|HS|  |TAMS 0x0000000081a00000, 0x0000000081a00000| Complete 
|  26|0x0000000081a00000, 0x0000000081b00000, 0x0000000081b00000|100%|HC|  |TAMS 0x0000000081b00000, 0x0000000081b00000| Complete 
|  27|0x0000000081b00000, 0x0000000081c00000, 0x0000000081c00000|100%|HC|  |TAMS 0x0000000081c00000, 0x0000000081c00000| Complete 
|  28|0x0000000081c00000, 0x0000000081d00000, 0x0000000081d00000|100%| O|  |TAMS 0x0000000081d00000, 0x0000000081d00000| Untracked 
|  29|0x0000000081d00000, 0x0000000081e00000, 0x0000000081e00000|100%| O|  |TAMS 0x0000000081e00000, 0x0000000081e00000| Untracked 
|  30|0x0000000081e00000, 0x0000000081f00000, 0x0000000081f00000|100%| O|  |TAMS 0x0000000081f00000, 0x0000000081f00000| Untracked 
|  31|0x0000000081f00000, 0x0000000082000000, 0x0000000082000000|100%|HS|  |TAMS 0x0000000082000000, 0x0000000082000000| Complete 
|  32|0x0000000082000000, 0x0000000082100000, 0x0000000082100000|100%|HC|  |TAMS 0x0000000082100000, 0x0000000082100000| Complete 
|  33|0x0000000082100000, 0x0000000082200000, 0x0000000082200000|100%|HC|  |TAMS 0x0000000082200000, 0x0000000082200000| Complete 
|  34|0x0000000082200000, 0x0000000082300000, 0x0000000082300000|100%|HC|  |TAMS 0x0000000082300000, 0x0000000082300000| Complete 
|  35|0x0000000082300000, 0x0000000082400000, 0x0000000082400000|100%|HC|  |TAMS 0x0000000082400000, 0x0000000082400000| Complete 
|  36|0x0000000082400000, 0x0000000082500000, 0x0000000082500000|100%|HC|  |TAMS 0x0000000082500000, 0x0000000082500000| Complete 
|  37|0x0000000082500000, 0x0000000082600000, 0x0000000082600000|100%|HC|  |TAMS 0x0000000082600000, 0x0000000082600000| Complete 
|  38|0x0000000082600000, 0x0000000082700000, 0x0000000082700000|100%|HC|  |TAMS 0x0000000082700000, 0x0000000082700000| Complete 
|  39|0x0000000082700000, 0x0000000082800000, 0x0000000082800000|100%|HC|  |TAMS 0x0000000082800000, 0x0000000082800000| Complete 
|  40|0x0000000082800000, 0x0000000082900000, 0x0000000082900000|100%|HC|  |TAMS 0x0000000082900000, 0x0000000082900000| Complete 
|  41|0x0000000082900000, 0x0000000082a00000, 0x0000000082a00000|100%|HC|  |TAMS 0x0000000082a00000, 0x0000000082a00000| Complete 
|  42|0x0000000082a00000, 0x0000000082b00000, 0x0000000082b00000|100%|HC|  |TAMS 0x0000000082b00000, 0x0000000082b00000| Complete 
|  43|0x0000000082b00000, 0x0000000082c00000, 0x0000000082c00000|100%|HS|  |TAMS 0x0000000082c00000, 0x0000000082c00000| Complete 
|  44|0x0000000082c00000, 0x0000000082d00000, 0x0000000082d00000|100%|HC|  |TAMS 0x0000000082d00000, 0x0000000082d00000| Complete 
|  45|0x0000000082d00000, 0x0000000082e00000, 0x0000000082e00000|100%| O|  |TAMS 0x0000000082e00000, 0x0000000082e00000| Untracked 
|  46|0x0000000082e00000, 0x0000000082f00000, 0x0000000082f00000|100%| O|  |TAMS 0x0000000082f00000, 0x0000000082f00000| Untracked 
|  47|0x0000000082f00000, 0x0000000083000000, 0x0000000083000000|100%| O|  |TAMS 0x0000000083000000, 0x0000000083000000| Untracked 
|  48|0x0000000083000000, 0x0000000083100000, 0x0000000083100000|100%| O|  |TAMS 0x0000000083100000, 0x0000000083100000| Untracked 
|  49|0x0000000083100000, 0x0000000083200000, 0x0000000083200000|100%| O|  |TAMS 0x0000000083200000, 0x0000000083200000| Untracked 
|  50|0x0000000083200000, 0x0000000083300000, 0x0000000083300000|100%| O|  |TAMS 0x0000000083300000, 0x0000000083300000| Untracked 
|  51|0x0000000083300000, 0x0000000083400000, 0x0000000083400000|100%| O|  |TAMS 0x0000000083400000, 0x0000000083400000| Untracked 
|  52|0x0000000083400000, 0x0000000083500000, 0x0000000083500000|100%| O|  |TAMS 0x0000000083500000, 0x0000000083500000| Untracked 
|  53|0x0000000083500000, 0x0000000083600000, 0x0000000083600000|100%| O|  |TAMS 0x0000000083600000, 0x0000000083600000| Untracked 
|  54|0x0000000083600000, 0x0000000083700000, 0x0000000083700000|100%|HS|  |TAMS 0x0000000083700000, 0x0000000083700000| Complete 
|  55|0x0000000083700000, 0x0000000083800000, 0x0000000083800000|100%|HC|  |TAMS 0x0000000083800000, 0x0000000083800000| Complete 
|  56|0x0000000083800000, 0x0000000083900000, 0x0000000083900000|100%|HC|  |TAMS 0x0000000083900000, 0x0000000083900000| Complete 
|  57|0x0000000083900000, 0x0000000083a00000, 0x0000000083a00000|100%| O|  |TAMS 0x0000000083a00000, 0x0000000083a00000| Untracked 
|  58|0x0000000083a00000, 0x0000000083b00000, 0x0000000083b00000|100%|HS|  |TAMS 0x0000000083b00000, 0x0000000083b00000| Complete 
|  59|0x0000000083b00000, 0x0000000083c00000, 0x0000000083c00000|100%|HC|  |TAMS 0x0000000083c00000, 0x0000000083c00000| Complete 
|  60|0x0000000083c00000, 0x0000000083d00000, 0x0000000083d00000|100%|HC|  |TAMS 0x0000000083d00000, 0x0000000083d00000| Complete 
|  61|0x0000000083d00000, 0x0000000083e00000, 0x0000000083e00000|100%| O|  |TAMS 0x0000000083e00000, 0x0000000083e00000| Untracked 
|  62|0x0000000083e00000, 0x0000000083f00000, 0x0000000083f00000|100%| O|  |TAMS 0x0000000083f00000, 0x0000000083f00000| Untracked 
|  63|0x0000000083f00000, 0x0000000084000000, 0x0000000084000000|100%| O|  |TAMS 0x0000000084000000, 0x0000000084000000| Untracked 
|  64|0x0000000084000000, 0x0000000084100000, 0x0000000084100000|100%| O|  |TAMS 0x0000000084100000, 0x0000000084100000| Untracked 
|  65|0x0000000084100000, 0x0000000084200000, 0x0000000084200000|100%| O|  |TAMS 0x0000000084200000, 0x0000000084200000| Untracked 
|  66|0x0000000084200000, 0x0000000084300000, 0x0000000084300000|100%| O|  |TAMS 0x0000000084300000, 0x0000000084300000| Untracked 
|  67|0x0000000084300000, 0x0000000084400000, 0x0000000084400000|100%|HS|  |TAMS 0x0000000084400000, 0x0000000084400000| Complete 
|  68|0x0000000084400000, 0x0000000084500000, 0x0000000084500000|100%|HC|  |TAMS 0x0000000084500000, 0x0000000084500000| Complete 
|  69|0x0000000084500000, 0x0000000084600000, 0x0000000084600000|100%|HC|  |TAMS 0x0000000084600000, 0x0000000084600000| Complete 
|  70|0x0000000084600000, 0x0000000084700000, 0x0000000084700000|100%|HC|  |TAMS 0x0000000084700000, 0x0000000084700000| Complete 
|  71|0x0000000084700000, 0x0000000084800000, 0x0000000084800000|100%| O|  |TAMS 0x0000000084800000, 0x0000000084800000| Untracked 
|  72|0x0000000084800000, 0x0000000084900000, 0x0000000084900000|100%| O|  |TAMS 0x0000000084900000, 0x0000000084900000| Untracked 
|  73|0x0000000084900000, 0x0000000084a00000, 0x0000000084a00000|100%| O|  |TAMS 0x0000000084a00000, 0x0000000084a00000| Untracked 
|  74|0x0000000084a00000, 0x0000000084b00000, 0x0000000084b00000|100%| O|  |TAMS 0x0000000084b00000, 0x0000000084b00000| Untracked 
|  75|0x0000000084b00000, 0x0000000084c00000, 0x0000000084c00000|100%| O|  |TAMS 0x0000000084c00000, 0x0000000084c00000| Untracked 
|  76|0x0000000084c00000, 0x0000000084d00000, 0x0000000084d00000|100%| O|  |TAMS 0x0000000084d00000, 0x0000000084d00000| Untracked 
|  77|0x0000000084d00000, 0x0000000084e00000, 0x0000000084e00000|100%| O|  |TAMS 0x0000000084e00000, 0x0000000084e00000| Untracked 
|  78|0x0000000084e00000, 0x0000000084f00000, 0x0000000084f00000|100%| O|  |TAMS 0x0000000084f00000, 0x0000000084f00000| Untracked 
|  79|0x0000000084f00000, 0x0000000085000000, 0x0000000085000000|100%| O|  |TAMS 0x0000000085000000, 0x0000000085000000| Untracked 
|  80|0x0000000085000000, 0x0000000085100000, 0x0000000085100000|100%| O|  |TAMS 0x0000000085100000, 0x0000000085100000| Untracked 
|  81|0x0000000085100000, 0x0000000085200000, 0x0000000085200000|100%| O|  |TAMS 0x0000000085200000, 0x0000000085200000| Untracked 
|  82|0x0000000085200000, 0x0000000085300000, 0x0000000085300000|100%| O|  |TAMS 0x0000000085300000, 0x0000000085300000| Untracked 
|  83|0x0000000085300000, 0x0000000085400000, 0x0000000085400000|100%| O|  |TAMS 0x0000000085400000, 0x0000000085400000| Untracked 
|  84|0x0000000085400000, 0x0000000085500000, 0x0000000085500000|100%| O|  |TAMS 0x0000000085500000, 0x0000000085500000| Untracked 
|  85|0x0000000085500000, 0x0000000085600000, 0x0000000085600000|100%|HS|  |TAMS 0x0000000085600000, 0x0000000085600000| Complete 
|  86|0x0000000085600000, 0x0000000085700000, 0x0000000085700000|100%|HC|  |TAMS 0x0000000085700000, 0x0000000085700000| Complete 
|  87|0x0000000085700000, 0x0000000085800000, 0x0000000085800000|100%|HC|  |TAMS 0x0000000085800000, 0x0000000085800000| Complete 
|  88|0x0000000085800000, 0x0000000085900000, 0x0000000085900000|100%|HC|  |TAMS 0x0000000085900000, 0x0000000085900000| Complete 
|  89|0x0000000085900000, 0x0000000085a00000, 0x0000000085a00000|100%|HC|  |TAMS 0x0000000085a00000, 0x0000000085a00000| Complete 
|  90|0x0000000085a00000, 0x0000000085b00000, 0x0000000085b00000|100%|HC|  |TAMS 0x0000000085b00000, 0x0000000085b00000| Complete 
|  91|0x0000000085b00000, 0x0000000085b00000, 0x0000000085c00000|  0%| F|  |TAMS 0x0000000085b00000, 0x0000000085b00000| Untracked 
|  92|0x0000000085c00000, 0x0000000085d00000, 0x0000000085d00000|100%| O|  |TAMS 0x0000000085c00000, 0x0000000085d00000| Untracked 
|  93|0x0000000085d00000, 0x0000000085e00000, 0x0000000085e00000|100%| O|  |TAMS 0x0000000085d00000, 0x0000000085e00000| Untracked 
|  94|0x0000000085e00000, 0x0000000085f00000, 0x0000000085f00000|100%| O|  |TAMS 0x0000000085e00000, 0x0000000085f00000| Untracked 
|  95|0x0000000085f00000, 0x0000000086000000, 0x0000000086000000|100%| O|  |TAMS 0x0000000085f00000, 0x0000000086000000| Untracked 
|  96|0x0000000086000000, 0x0000000086100000, 0x0000000086100000|100%| O|  |TAMS 0x0000000086000000, 0x0000000086100000| Untracked 
|  97|0x0000000086100000, 0x0000000086200000, 0x0000000086200000|100%| O|  |TAMS 0x0000000086100000, 0x0000000086200000| Untracked 
|  98|0x0000000086200000, 0x0000000086300000, 0x0000000086300000|100%| O|  |TAMS 0x0000000086200000, 0x0000000086300000| Untracked 
|  99|0x0000000086300000, 0x0000000086400000, 0x0000000086400000|100%| O|  |TAMS 0x0000000086300000, 0x0000000086400000| Untracked 
| 100|0x0000000086400000, 0x0000000086500000, 0x0000000086500000|100%| O|  |TAMS 0x0000000086400000, 0x0000000086500000| Untracked 
| 101|0x0000000086500000, 0x0000000086600000, 0x0000000086600000|100%| O|  |TAMS 0x0000000086500000, 0x0000000086600000| Untracked 
| 102|0x0000000086600000, 0x0000000086700000, 0x0000000086700000|100%| O|  |TAMS 0x0000000086600000, 0x0000000086700000| Untracked 
| 103|0x0000000086700000, 0x0000000086742600, 0x0000000086800000| 25%| O|  |TAMS 0x0000000086700000, 0x0000000086742600| Untracked 
| 104|0x0000000086800000, 0x0000000086800000, 0x0000000086900000|  0%| F|  |TAMS 0x0000000086800000, 0x0000000086800000| Untracked 
| 105|0x0000000086900000, 0x0000000086900000, 0x0000000086a00000|  0%| F|  |TAMS 0x0000000086900000, 0x0000000086900000| Untracked 
| 106|0x0000000086a00000, 0x0000000086a00000, 0x0000000086b00000|  0%| F|  |TAMS 0x0000000086a00000, 0x0000000086a00000| Untracked 
| 107|0x0000000086b00000, 0x0000000086b00000, 0x0000000086c00000|  0%| F|  |TAMS 0x0000000086b00000, 0x0000000086b00000| Untracked 
| 108|0x0000000086c00000, 0x0000000086c00000, 0x0000000086d00000|  0%| F|  |TAMS 0x0000000086c00000, 0x0000000086c00000| Untracked 
| 109|0x0000000086d00000, 0x0000000086d00000, 0x0000000086e00000|  0%| F|  |TAMS 0x0000000086d00000, 0x0000000086d00000| Untracked 
| 110|0x0000000086e00000, 0x0000000086e00000, 0x0000000086f00000|  0%| F|  |TAMS 0x0000000086e00000, 0x0000000086e00000| Untracked 
| 111|0x0000000086f00000, 0x0000000086f00000, 0x0000000087000000|  0%| F|  |TAMS 0x0000000086f00000, 0x0000000086f00000| Untracked 
| 112|0x0000000087000000, 0x0000000087000000, 0x0000000087100000|  0%| F|  |TAMS 0x0000000087000000, 0x0000000087000000| Untracked 
| 113|0x0000000087100000, 0x0000000087100000, 0x0000000087200000|  0%| F|  |TAMS 0x0000000087100000, 0x0000000087100000| Untracked 
| 114|0x0000000087200000, 0x0000000087200000, 0x0000000087300000|  0%| F|  |TAMS 0x0000000087200000, 0x0000000087200000| Untracked 
| 115|0x0000000087300000, 0x0000000087300000, 0x0000000087400000|  0%| F|  |TAMS 0x0000000087300000, 0x0000000087300000| Untracked 
| 116|0x0000000087400000, 0x0000000087400000, 0x0000000087500000|  0%| F|  |TAMS 0x0000000087400000, 0x0000000087400000| Untracked 
| 117|0x0000000087500000, 0x0000000087500000, 0x0000000087600000|  0%| F|  |TAMS 0x0000000087500000, 0x0000000087500000| Untracked 
| 118|0x0000000087600000, 0x0000000087600000, 0x0000000087700000|  0%| F|  |TAMS 0x0000000087600000, 0x0000000087600000| Untracked 
| 119|0x0000000087700000, 0x0000000087700000, 0x0000000087800000|  0%| F|  |TAMS 0x0000000087700000, 0x0000000087700000| Untracked 
| 120|0x0000000087800000, 0x0000000087800000, 0x0000000087900000|  0%| F|  |TAMS 0x0000000087800000, 0x0000000087800000| Untracked 
| 121|0x0000000087900000, 0x0000000087900000, 0x0000000087a00000|  0%| F|  |TAMS 0x0000000087900000, 0x0000000087900000| Untracked 
| 122|0x0000000087a00000, 0x0000000087a00000, 0x0000000087b00000|  0%| F|  |TAMS 0x0000000087a00000, 0x0000000087a00000| Untracked 
| 123|0x0000000087b00000, 0x0000000087b00000, 0x0000000087c00000|  0%| F|  |TAMS 0x0000000087b00000, 0x0000000087b00000| Untracked 
| 124|0x0000000087c00000, 0x0000000087c00000, 0x0000000087d00000|  0%| F|  |TAMS 0x0000000087c00000, 0x0000000087c00000| Untracked 
| 125|0x0000000087d00000, 0x0000000087d00000, 0x0000000087e00000|  0%| F|  |TAMS 0x0000000087d00000, 0x0000000087d00000| Untracked 
| 126|0x0000000087e00000, 0x0000000087e00000, 0x0000000087f00000|  0%| F|  |TAMS 0x0000000087e00000, 0x0000000087e00000| Untracked 
| 127|0x0000000087f00000, 0x0000000087f00000, 0x0000000088000000|  0%| F|  |TAMS 0x0000000087f00000, 0x0000000087f00000| Untracked 
| 128|0x0000000088000000, 0x0000000088000000, 0x0000000088100000|  0%| F|  |TAMS 0x0000000088000000, 0x0000000088000000| Untracked 
| 129|0x0000000088100000, 0x0000000088100000, 0x0000000088200000|  0%| F|  |TAMS 0x0000000088100000, 0x0000000088100000| Untracked 
| 130|0x0000000088200000, 0x00000000882ddfe0, 0x0000000088300000| 86%| S|CS|TAMS 0x0000000088200000, 0x0000000088200000| Complete 
| 131|0x0000000088300000, 0x0000000088400000, 0x0000000088400000|100%| S|CS|TAMS 0x0000000088300000, 0x0000000088300000| Complete 
| 132|0x0000000088400000, 0x0000000088500000, 0x0000000088500000|100%| S|CS|TAMS 0x0000000088400000, 0x0000000088400000| Complete 
| 133|0x0000000088500000, 0x0000000088600000, 0x0000000088600000|100%| S|CS|TAMS 0x0000000088500000, 0x0000000088500000| Complete 
| 134|0x0000000088600000, 0x0000000088700000, 0x0000000088700000|100%| S|CS|TAMS 0x0000000088600000, 0x0000000088600000| Complete 
| 135|0x0000000088700000, 0x0000000088700000, 0x0000000088800000|  0%| F|  |TAMS 0x0000000088700000, 0x0000000088700000| Untracked 
| 136|0x0000000088800000, 0x0000000088800000, 0x0000000088900000|  0%| F|  |TAMS 0x0000000088800000, 0x0000000088800000| Untracked 
| 137|0x0000000088900000, 0x0000000088900000, 0x0000000088a00000|  0%| F|  |TAMS 0x0000000088900000, 0x0000000088900000| Untracked 
| 138|0x0000000088a00000, 0x0000000088a00000, 0x0000000088b00000|  0%| F|  |TAMS 0x0000000088a00000, 0x0000000088a00000| Untracked 
| 139|0x0000000088b00000, 0x0000000088b00000, 0x0000000088c00000|  0%| F|  |TAMS 0x0000000088b00000, 0x0000000088b00000| Untracked 
| 140|0x0000000088c00000, 0x0000000088c00000, 0x0000000088d00000|  0%| F|  |TAMS 0x0000000088c00000, 0x0000000088c00000| Untracked 
| 141|0x0000000088d00000, 0x0000000088d00000, 0x0000000088e00000|  0%| F|  |TAMS 0x0000000088d00000, 0x0000000088d00000| Untracked 
| 142|0x0000000088e00000, 0x0000000088e00000, 0x0000000088f00000|  0%| F|  |TAMS 0x0000000088e00000, 0x0000000088e00000| Untracked 
| 143|0x0000000088f00000, 0x0000000088f00000, 0x0000000089000000|  0%| F|  |TAMS 0x0000000088f00000, 0x0000000088f00000| Untracked 
| 144|0x0000000089000000, 0x0000000089000000, 0x0000000089100000|  0%| F|  |TAMS 0x0000000089000000, 0x0000000089000000| Untracked 
| 145|0x0000000089100000, 0x0000000089100000, 0x0000000089200000|  0%| F|  |TAMS 0x0000000089100000, 0x0000000089100000| Untracked 
| 146|0x0000000089200000, 0x0000000089200000, 0x0000000089300000|  0%| F|  |TAMS 0x0000000089200000, 0x0000000089200000| Untracked 
| 147|0x0000000089300000, 0x0000000089300000, 0x0000000089400000|  0%| F|  |TAMS 0x0000000089300000, 0x0000000089300000| Untracked 
| 148|0x0000000089400000, 0x0000000089400000, 0x0000000089500000|  0%| F|  |TAMS 0x0000000089400000, 0x0000000089400000| Untracked 
| 149|0x0000000089500000, 0x0000000089500000, 0x0000000089600000|  0%| F|  |TAMS 0x0000000089500000, 0x0000000089500000| Untracked 
| 150|0x0000000089600000, 0x0000000089600000, 0x0000000089700000|  0%| F|  |TAMS 0x0000000089600000, 0x0000000089600000| Untracked 
| 151|0x0000000089700000, 0x0000000089700000, 0x0000000089800000|  0%| F|  |TAMS 0x0000000089700000, 0x0000000089700000| Untracked 
| 152|0x0000000089800000, 0x0000000089800000, 0x0000000089900000|  0%| F|  |TAMS 0x0000000089800000, 0x0000000089800000| Untracked 
| 153|0x0000000089900000, 0x0000000089900000, 0x0000000089a00000|  0%| F|  |TAMS 0x0000000089900000, 0x0000000089900000| Untracked 
| 154|0x0000000089a00000, 0x0000000089a00000, 0x0000000089b00000|  0%| F|  |TAMS 0x0000000089a00000, 0x0000000089a00000| Untracked 
| 155|0x0000000089b00000, 0x0000000089b00000, 0x0000000089c00000|  0%| F|  |TAMS 0x0000000089b00000, 0x0000000089b00000| Untracked 
| 156|0x0000000089c00000, 0x0000000089c00000, 0x0000000089d00000|  0%| F|  |TAMS 0x0000000089c00000, 0x0000000089c00000| Untracked 
| 157|0x0000000089d00000, 0x0000000089d00000, 0x0000000089e00000|  0%| F|  |TAMS 0x0000000089d00000, 0x0000000089d00000| Untracked 
| 158|0x0000000089e00000, 0x0000000089e00000, 0x0000000089f00000|  0%| F|  |TAMS 0x0000000089e00000, 0x0000000089e00000| Untracked 
| 159|0x0000000089f00000, 0x0000000089f00000, 0x000000008a000000|  0%| F|  |TAMS 0x0000000089f00000, 0x0000000089f00000| Untracked 
| 160|0x000000008a000000, 0x000000008a000000, 0x000000008a100000|  0%| F|  |TAMS 0x000000008a000000, 0x000000008a000000| Untracked 
| 161|0x000000008a100000, 0x000000008a100000, 0x000000008a200000|  0%| F|  |TAMS 0x000000008a100000, 0x000000008a100000| Untracked 
| 162|0x000000008a200000, 0x000000008a200000, 0x000000008a300000|  0%| F|  |TAMS 0x000000008a200000, 0x000000008a200000| Untracked 
| 163|0x000000008a300000, 0x000000008a300000, 0x000000008a400000|  0%| F|  |TAMS 0x000000008a300000, 0x000000008a300000| Untracked 
| 164|0x000000008a400000, 0x000000008a400000, 0x000000008a500000|  0%| F|  |TAMS 0x000000008a400000, 0x000000008a400000| Untracked 
| 165|0x000000008a500000, 0x000000008a500000, 0x000000008a600000|  0%| F|  |TAMS 0x000000008a500000, 0x000000008a500000| Untracked 
| 166|0x000000008a600000, 0x000000008a600000, 0x000000008a700000|  0%| F|  |TAMS 0x000000008a600000, 0x000000008a600000| Untracked 
| 167|0x000000008a700000, 0x000000008a700000, 0x000000008a800000|  0%| F|  |TAMS 0x000000008a700000, 0x000000008a700000| Untracked 
| 168|0x000000008a800000, 0x000000008a800000, 0x000000008a900000|  0%| F|  |TAMS 0x000000008a800000, 0x000000008a800000| Untracked 
| 169|0x000000008a900000, 0x000000008a900000, 0x000000008aa00000|  0%| F|  |TAMS 0x000000008a900000, 0x000000008a900000| Untracked 
| 170|0x000000008aa00000, 0x000000008aa00000, 0x000000008ab00000|  0%| F|  |TAMS 0x000000008aa00000, 0x000000008aa00000| Untracked 
| 171|0x000000008ab00000, 0x000000008ab00000, 0x000000008ac00000|  0%| F|  |TAMS 0x000000008ab00000, 0x000000008ab00000| Untracked 
| 172|0x000000008ac00000, 0x000000008ac00000, 0x000000008ad00000|  0%| F|  |TAMS 0x000000008ac00000, 0x000000008ac00000| Untracked 
| 173|0x000000008ad00000, 0x000000008ad00000, 0x000000008ae00000|  0%| F|  |TAMS 0x000000008ad00000, 0x000000008ad00000| Untracked 
| 174|0x000000008ae00000, 0x000000008ae00000, 0x000000008af00000|  0%| F|  |TAMS 0x000000008ae00000, 0x000000008ae00000| Untracked 

Card table byte_map: [0x0000027c1c1a0000,0x0000027c1c5a0000] _byte_map_base: 0x0000027c1bda0000

Marking Bits (Prev, Next): (CMBitMap*) 0x0000027c09925df0, (CMBitMap*) 0x0000027c09925e30
 Prev Bits: [0x0000027c1c9a0000, 0x0000027c1e9a0000)
 Next Bits: [0x0000027c1e9a0000, 0x0000027c209a0000)

Polling page: 0x0000027c090a0000

Metaspace:

Usage:
  Non-class:     75.39 MB used.
      Class:     11.51 MB used.
       Both:     86.90 MB used.

Virtual space:
  Non-class space:       80.00 MB reserved,      75.69 MB ( 95%) committed,  10 nodes.
      Class space:        1.00 GB reserved,      11.75 MB (  1%) committed,  1 nodes.
             Both:        1.08 GB reserved,      87.44 MB (  8%) committed. 

Chunk freelists:
   Non-Class:  128.00 KB
       Class:  192.00 KB
        Both:  320.00 KB

MaxMetaspaceSize: unlimited
CompressedClassSpaceSize: 1.00 GB
Initial GC threshold: 21.00 MB
Current GC threshold: 135.94 MB
CDS: off
MetaspaceReclaimPolicy: balanced
 - commit_granule_bytes: 65536.
 - commit_granule_words: 8192.
 - virtual_space_node_default_size: 1048576.
 - enlarge_chunks_in_place: 1.
 - new_chunks_are_fully_committed: 0.
 - uncommit_free_chunks: 1.
 - use_allocation_guard: 0.
 - handle_deallocations: 1.


Internal statistics:

num_allocs_failed_limit: 3.
num_arena_births: 716.
num_arena_deaths: 0.
num_vsnodes_births: 11.
num_vsnodes_deaths: 0.
num_space_committed: 1397.
num_space_uncommitted: 0.
num_chunks_returned_to_freelist: 3.
num_chunks_taken_from_freelist: 3610.
num_chunk_merges: 3.
num_chunk_splits: 2697.
num_chunks_enlarged: 2138.
num_purges: 0.
num_inconsistent_stats: 0.

CodeHeap 'non-profiled nmethods': size=120000Kb used=2664Kb max_used=2925Kb free=117335Kb
 bounds [0x0000027c14870000, 0x0000027c14b50000, 0x0000027c1bda0000]
CodeHeap 'profiled nmethods': size=120000Kb used=11457Kb max_used=11713Kb free=108543Kb
 bounds [0x0000027c0cda0000, 0x0000027c0d930000, 0x0000027c142d0000]
CodeHeap 'non-nmethods': size=5760Kb used=2388Kb max_used=2419Kb free=3371Kb
 bounds [0x0000027c142d0000, 0x0000027c14540000, 0x0000027c14870000]
 total_blobs=6650 nmethods=5729 adapters=833
 compilation: enabled
              stopped_count=0, restarted_count=0
 full_count=0

Compilation events (20 events):
Event: 13.036 Thread 0x0000027c22ea4a60 nmethod 6613 0x0000027c0d64b990 code [0x0000027c0d64bb60, 0x0000027c0d64bfa8]
Event: 13.036 Thread 0x0000027c22ea4a60 6614       3       org.jetbrains.kotlin.resolve.LazyExplicitImportScope::<init> (72 bytes)
Event: 13.038 Thread 0x0000027c22ea4a60 nmethod 6614 0x0000027c0cfac410 code [0x0000027c0cfac840, 0x0000027c0cfae3b8]
Event: 13.038 Thread 0x0000027c22ea4a60 6611       1       org.jetbrains.kotlin.descriptors.impl.ModuleDescriptorImpl::access$getPackageViewDescriptorFactory$p (5 bytes)
Event: 13.038 Thread 0x0000027c22ea4a60 nmethod 6611 0x0000027c148ea210 code [0x0000027c148ea3a0, 0x0000027c148ea458]
Event: 13.038 Thread 0x0000027c22ea4a60 6612       1       org.jetbrains.kotlin.descriptors.impl.ModuleDescriptorImpl::access$getStorageManager$p (5 bytes)
Event: 13.038 Thread 0x0000027c22ea4a60 nmethod 6612 0x0000027c148e9f10 code [0x0000027c148ea0a0, 0x0000027c148ea158]
Event: 13.038 Thread 0x0000027c22ea4a60 6615       1       org.jetbrains.kotlin.resolve.lazy.declarations.FileBasedDeclarationProviderFactory$Index::access$200 (5 bytes)
Event: 13.038 Thread 0x0000027c22ea4a60 nmethod 6615 0x0000027c148e9c10 code [0x0000027c148e9da0, 0x0000027c148e9e58]
Event: 13.038 Thread 0x0000027c22ea4a60 6616       1       kotlin.collections.EmptyMap::containsKey (2 bytes)
Event: 13.039 Thread 0x0000027c22ea4a60 nmethod 6616 0x0000027c148e9910 code [0x0000027c148e9aa0, 0x0000027c148e9b78]
Event: 13.039 Thread 0x0000027c22ea4a60 6617       3       org.jetbrains.kotlin.com.intellij.openapi.project.DumbService::getInstance (20 bytes)
Event: 13.040 Thread 0x0000027c22ea4a60 nmethod 6617 0x0000027c0cfabf10 code [0x0000027c0cfac0c0, 0x0000027c0cfac338]
Event: 13.040 Thread 0x0000027c22ea4a60 6618       3       org.jetbrains.kotlin.com.intellij.util.containers.IntArrayList::add (28 bytes)
Event: 13.041 Thread 0x0000027c22ea4a60 nmethod 6618 0x0000027c0cfaba90 code [0x0000027c0cfabc40, 0x0000027c0cfabdc8]
Event: 13.041 Thread 0x0000027c22ea4a60 6619       3       org.jetbrains.kotlin.name.FqName::shortNameOrSpecial (17 bytes)
Event: 13.041 Thread 0x0000027c22ea4a60 nmethod 6619 0x0000027c0cfab290 code [0x0000027c0cfab480, 0x0000027c0cfab8a8]
Event: 13.042 Thread 0x0000027c22ea4a60 6620       3       org.jetbrains.kotlin.descriptors.impl.CompositePackageFragmentProvider::isEmpty (91 bytes)
Event: 13.043 Thread 0x0000027c22ea4a60 nmethod 6620 0x0000027c0ce97b10 code [0x0000027c0ce97dc0, 0x0000027c0ce98c68]
Event: 13.043 Thread 0x0000027c22ea4a60 6622   !   3       org.jetbrains.kotlin.cli.jvm.index.JvmDependenciesDynamicCompoundIndex::traverseDirectoriesInPackage (130 bytes)

GC Heap History (20 events):
Event: 8.367 GC heap after
{Heap after GC invocations=29 (full 0):
 garbage-first heap   total 144384K, used 71249K [0x0000000080000000, 0x0000000100000000)
  region size 1024K, 5 young (5120K), 5 survivors (5120K)
 Metaspace       used 56726K, committed 57216K, reserved 1105920K
  class space    used 7530K, committed 7744K, reserved 1048576K
}
Event: 8.706 GC heap before
{Heap before GC invocations=29 (full 0):
 garbage-first heap   total 144384K, used 87633K [0x0000000080000000, 0x0000000100000000)
  region size 1024K, 22 young (22528K), 5 survivors (5120K)
 Metaspace       used 59542K, committed 60096K, reserved 1105920K
  class space    used 7875K, committed 8128K, reserved 1048576K
}
Event: 8.712 GC heap after
{Heap after GC invocations=30 (full 0):
 garbage-first heap   total 144384K, used 71740K [0x0000000080000000, 0x0000000100000000)
  region size 1024K, 4 young (4096K), 4 survivors (4096K)
 Metaspace       used 59542K, committed 60096K, reserved 1105920K
  class space    used 7875K, committed 8128K, reserved 1048576K
}
Event: 9.677 GC heap before
{Heap before GC invocations=31 (full 0):
 garbage-first heap   total 144384K, used 121916K [0x0000000080000000, 0x0000000100000000)
  region size 1024K, 49 young (50176K), 4 survivors (4096K)
 Metaspace       used 67961K, committed 68544K, reserved 1114112K
  class space    used 9419K, committed 9664K, reserved 1048576K
}
Event: 9.684 GC heap after
{Heap after GC invocations=32 (full 0):
 garbage-first heap   total 144384K, used 77051K [0x0000000080000000, 0x0000000100000000)
  region size 1024K, 5 young (5120K), 5 survivors (5120K)
 Metaspace       used 67961K, committed 68544K, reserved 1114112K
  class space    used 9419K, committed 9664K, reserved 1048576K
}
Event: 9.703 GC heap before
{Heap before GC invocations=32 (full 0):
 garbage-first heap   total 144384K, used 77051K [0x0000000080000000, 0x0000000100000000)
  region size 1024K, 6 young (6144K), 5 survivors (5120K)
 Metaspace       used 68168K, committed 68800K, reserved 1114112K
  class space    used 9441K, committed 9728K, reserved 1048576K
}
Event: 9.711 GC heap after
{Heap after GC invocations=33 (full 0):
 garbage-first heap   total 144384K, used 77162K [0x0000000080000000, 0x0000000100000000)
  region size 1024K, 2 young (2048K), 2 survivors (2048K)
 Metaspace       used 68168K, committed 68800K, reserved 1114112K
  class space    used 9441K, committed 9728K, reserved 1048576K
}
Event: 10.131 GC heap before
{Heap before GC invocations=34 (full 0):
 garbage-first heap   total 152576K, used 126314K [0x0000000080000000, 0x0000000100000000)
  region size 1024K, 44 young (45056K), 2 survivors (2048K)
 Metaspace       used 68955K, committed 69568K, reserved 1114112K
  class space    used 9529K, committed 9792K, reserved 1048576K
}
Event: 10.151 GC heap after
{Heap after GC invocations=35 (full 0):
 garbage-first heap   total 152576K, used 86554K [0x0000000080000000, 0x0000000100000000)
  region size 1024K, 6 young (6144K), 6 survivors (6144K)
 Metaspace       used 68955K, committed 69568K, reserved 1114112K
  class space    used 9529K, committed 9792K, reserved 1048576K
}
Event: 10.588 GC heap before
{Heap before GC invocations=35 (full 0):
 garbage-first heap   total 152576K, used 112154K [0x0000000080000000, 0x0000000100000000)
  region size 1024K, 32 young (32768K), 6 survivors (6144K)
 Metaspace       used 72568K, committed 73216K, reserved 1114112K
  class space    used 9958K, committed 10240K, reserved 1048576K
}
Event: 10.603 GC heap after
{Heap after GC invocations=36 (full 0):
 garbage-first heap   total 152576K, used 89328K [0x0000000080000000, 0x0000000100000000)
  region size 1024K, 3 young (3072K), 3 survivors (3072K)
 Metaspace       used 72568K, committed 73216K, reserved 1114112K
  class space    used 9958K, committed 10240K, reserved 1048576K
}
Event: 11.202 GC heap before
{Heap before GC invocations=37 (full 0):
 garbage-first heap   total 165888K, used 131312K [0x0000000080000000, 0x0000000100000000)
  region size 1024K, 38 young (38912K), 3 survivors (3072K)
 Metaspace       used 77224K, committed 77824K, reserved 1122304K
  class space    used 10393K, committed 10688K, reserved 1048576K
}
Event: 11.210 GC heap after
{Heap after GC invocations=38 (full 0):
 garbage-first heap   total 165888K, used 99095K [0x0000000080000000, 0x0000000100000000)
  region size 1024K, 5 young (5120K), 5 survivors (5120K)
 Metaspace       used 77224K, committed 77824K, reserved 1122304K
  class space    used 10393K, committed 10688K, reserved 1048576K
}
Event: 11.867 GC heap before
{Heap before GC invocations=38 (full 0):
 garbage-first heap   total 165888K, used 135959K [0x0000000080000000, 0x0000000100000000)
  region size 1024K, 41 young (41984K), 5 survivors (5120K)
 Metaspace       used 82483K, committed 83072K, reserved 1122304K
  class space    used 11002K, committed 11264K, reserved 1048576K
}
Event: 11.875 GC heap after
{Heap after GC invocations=39 (full 0):
 garbage-first heap   total 165888K, used 101246K [0x0000000080000000, 0x0000000100000000)
  region size 1024K, 3 young (3072K), 3 survivors (3072K)
 Metaspace       used 82483K, committed 83072K, reserved 1122304K
  class space    used 11002K, committed 11264K, reserved 1048576K
}
Event: 12.482 GC heap before
{Heap before GC invocations=40 (full 0):
 garbage-first heap   total 179200K, used 138110K [0x0000000080000000, 0x0000000100000000)
  region size 1024K, 38 young (38912K), 3 survivors (3072K)
 Metaspace       used 86617K, committed 87232K, reserved 1130496K
  class space    used 11522K, committed 11776K, reserved 1048576K
}
Event: 12.490 GC heap after
{Heap after GC invocations=41 (full 0):
 garbage-first heap   total 179200K, used 104929K [0x0000000080000000, 0x0000000100000000)
  region size 1024K, 5 young (5120K), 5 survivors (5120K)
 Metaspace       used 86617K, committed 87232K, reserved 1130496K
  class space    used 11522K, committed 11776K, reserved 1048576K
}
Event: 12.496 GC heap before
{Heap before GC invocations=41 (full 0):
 garbage-first heap   total 179200K, used 108001K [0x0000000080000000, 0x0000000100000000)
  region size 1024K, 8 young (8192K), 5 survivors (5120K)
 Metaspace       used 86627K, committed 87232K, reserved 1130496K
  class space    used 11522K, committed 11776K, reserved 1048576K
}
Event: 12.505 GC heap after
{Heap after GC invocations=42 (full 0):
 garbage-first heap   total 179200K, used 105737K [0x0000000080000000, 0x0000000100000000)
  region size 1024K, 1 young (1024K), 1 survivors (1024K)
 Metaspace       used 86627K, committed 87232K, reserved 1130496K
  class space    used 11522K, committed 11776K, reserved 1048576K
}
Event: 13.044 GC heap before
{Heap before GC invocations=42 (full 0):
 garbage-first heap   total 179200K, used 145673K [0x0000000080000000, 0x0000000100000000)
  region size 1024K, 40 young (40960K), 1 survivors (1024K)
 Metaspace       used 88982K, committed 89536K, reserved 1130496K
  class space    used 11787K, committed 12032K, reserved 1048576K
}

Dll operation events (2 events):
Event: 0.010 Loaded shared library C:\Program Files\Android\Android Studio\jbr\bin\java.dll
Event: 0.549 Loaded shared library C:\Program Files\Android\Android Studio\jbr\bin\verify.dll

Deoptimization events (20 events):
Event: 12.686 Thread 0x0000027c24b78fb0 Uncommon trap: trap_request=0xffffffde fr.pc=0x0000027c14afadcc relative=0x000000000000012c
Event: 12.686 Thread 0x0000027c24b78fb0 Uncommon trap: reason=class_check action=maybe_recompile pc=0x0000027c14afadcc method=java.util.ArrayList.hashCodeRange(II)I @ 53 c2
Event: 12.686 Thread 0x0000027c24b78fb0 DEOPT PACKING pc=0x0000027c14afadcc sp=0x000000aab6ff4b90
Event: 12.686 Thread 0x0000027c24b78fb0 DEOPT UNPACKING pc=0x0000027c143269a3 sp=0x000000aab6ff4af0 mode 2
Event: 12.686 Thread 0x0000027c24b78fb0 Uncommon trap: trap_request=0xffffffde fr.pc=0x0000027c14afadcc relative=0x000000000000012c
Event: 12.686 Thread 0x0000027c24b78fb0 Uncommon trap: reason=class_check action=maybe_recompile pc=0x0000027c14afadcc method=java.util.ArrayList.hashCodeRange(II)I @ 53 c2
Event: 12.686 Thread 0x0000027c24b78fb0 DEOPT PACKING pc=0x0000027c14afadcc sp=0x000000aab6ff4e10
Event: 12.686 Thread 0x0000027c24b78fb0 DEOPT UNPACKING pc=0x0000027c143269a3 sp=0x000000aab6ff4d70 mode 2
Event: 12.701 Thread 0x0000027c24b78fb0 Uncommon trap: trap_request=0xffffffde fr.pc=0x0000027c14afadcc relative=0x000000000000012c
Event: 12.701 Thread 0x0000027c24b78fb0 Uncommon trap: reason=class_check action=maybe_recompile pc=0x0000027c14afadcc method=java.util.ArrayList.hashCodeRange(II)I @ 53 c2
Event: 12.701 Thread 0x0000027c24b78fb0 DEOPT PACKING pc=0x0000027c14afadcc sp=0x000000aab6ff4b90
Event: 12.701 Thread 0x0000027c24b78fb0 DEOPT UNPACKING pc=0x0000027c143269a3 sp=0x000000aab6ff4af0 mode 2
Event: 12.727 Thread 0x0000027c24b78fb0 Uncommon trap: trap_request=0xffffffc6 fr.pc=0x0000027c14b1cb18 relative=0x0000000000000078
Event: 12.727 Thread 0x0000027c24b78fb0 Uncommon trap: reason=bimorphic_or_optimized_type_check action=maybe_recompile pc=0x0000027c14b1cb18 method=java.util.Collections$UnmodifiableCollection.size()I @ 4 c2
Event: 12.727 Thread 0x0000027c24b78fb0 DEOPT PACKING pc=0x0000027c14b1cb18 sp=0x000000aab6ff3e50
Event: 12.727 Thread 0x0000027c24b78fb0 DEOPT UNPACKING pc=0x0000027c143269a3 sp=0x000000aab6ff3dd8 mode 2
Event: 12.727 Thread 0x0000027c24b78fb0 Uncommon trap: trap_request=0xffffffc6 fr.pc=0x0000027c14b1cb18 relative=0x0000000000000078
Event: 12.727 Thread 0x0000027c24b78fb0 Uncommon trap: reason=bimorphic_or_optimized_type_check action=maybe_recompile pc=0x0000027c14b1cb18 method=java.util.Collections$UnmodifiableCollection.size()I @ 4 c2
Event: 12.727 Thread 0x0000027c24b78fb0 DEOPT PACKING pc=0x0000027c14b1cb18 sp=0x000000aab6ff4230
Event: 12.727 Thread 0x0000027c24b78fb0 DEOPT UNPACKING pc=0x0000027c143269a3 sp=0x000000aab6ff41c0 mode 2

Classes unloaded (0 events):
No events

Classes redefined (0 events):
No events

Internal exceptions (20 events):
Event: 7.292 Thread 0x0000027c24b78fb0 Exception <a 'java/lang/IncompatibleClassChangeError'{0x000000008630c498}: Found class java.lang.Object, but interface was expected> (0x000000008630c498) 
thrown [s\src\hotspot\share\interpreter\linkResolver.cpp, line 838]
Event: 8.204 Thread 0x0000027c24b78fb0 Exception <a 'java/lang/NoSuchMethodError'{0x0000000086d08610}: 'int java.lang.invoke.DelegatingMethodHandle$Holder.reinvoke_L(java.lang.Object, java.lang.Object, java.lang.Object, long, int, int)'> (0x0000000086d08610) 
thrown [s\src\hotspot\share\interpreter\linkResolver.cpp, line 771]
Event: 8.206 Thread 0x0000027c24b78fb0 Exception <a 'java/lang/NoSuchMethodError'{0x0000000086d181e0}: 'int java.lang.invoke.DelegatingMethodHandle$Holder.reinvoke_L(java.lang.Object, java.lang.Object, java.lang.Object, long, long, long)'> (0x0000000086d181e0) 
thrown [s\src\hotspot\share\interpreter\linkResolver.cpp, line 771]
Event: 8.207 Thread 0x0000027c24b78fb0 Exception <a 'java/lang/NoSuchMethodError'{0x0000000086d280b8}: 'int java.lang.invoke.DelegatingMethodHandle$Holder.reinvoke_L(java.lang.Object, java.lang.Object, java.lang.Object, long, java.lang.Object, java.lang.Object)'> (0x0000000086d280b8) 
thrown [s\src\hotspot\share\interpreter\linkResolver.cpp, line 771]
Event: 8.208 Thread 0x0000027c24b78fb0 Exception <a 'java/lang/NoSuchMethodError'{0x0000000086d37dd8}: 'void java.lang.invoke.DelegatingMethodHandle$Holder.reinvoke_L(java.lang.Object, java.lang.Object, java.lang.Object, long, java.lang.Object)'> (0x0000000086d37dd8) 
thrown [s\src\hotspot\share\interpreter\linkResolver.cpp, line 771]
Event: 8.208 Thread 0x0000027c24b78fb0 Exception <a 'java/lang/NoSuchMethodError'{0x0000000086d40460}: 'java.lang.Object java.lang.invoke.DirectMethodHandle$Holder.invokeSpecial(java.lang.Object, java.lang.Object, java.lang.Object, java.lang.Object, long)'> (0x0000000086d40460) 
thrown [s\src\hotspot\share\interpreter\linkResolver.cpp, line 771]
Event: 8.211 Thread 0x0000027c24b78fb0 Exception <a 'java/lang/NoSuchMethodError'{0x0000000086d651b8}: 'long java.lang.invoke.Invokers$Holder.invoke_MT(java.lang.Object, java.lang.Object, java.lang.Object, java.lang.Object)'> (0x0000000086d651b8) 
thrown [s\src\hotspot\share\interpreter\linkResolver.cpp, line 771]
Event: 8.212 Thread 0x0000027c24b78fb0 Exception <a 'java/lang/NoSuchMethodError'{0x0000000086d6e2b8}: 'int java.lang.invoke.Invokers$Holder.invoke_MT(java.lang.Object, java.lang.Object, java.lang.Object, java.lang.Object)'> (0x0000000086d6e2b8) 
thrown [s\src\hotspot\share\interpreter\linkResolver.cpp, line 771]
Event: 8.213 Thread 0x0000027c24b78fb0 Exception <a 'java/lang/NoSuchMethodError'{0x0000000086d7f300}: 'int java.lang.invoke.DelegatingMethodHandle$Holder.reinvoke_L(java.lang.Object, java.lang.Object, java.lang.Object, long, int)'> (0x0000000086d7f300) 
thrown [s\src\hotspot\share\interpreter\linkResolver.cpp, line 771]
Event: 8.215 Thread 0x0000027c24b78fb0 Exception <a 'java/lang/NoSuchMethodError'{0x0000000086d92a40}: 'java.lang.Object java.lang.invoke.Invokers$Holder.invokeExact_MT(java.lang.Object, java.lang.Object, long, java.lang.Object)'> (0x0000000086d92a40) 
thrown [s\src\hotspot\share\interpreter\linkResolver.cpp, line 771]
Event: 8.407 Thread 0x0000027c24b78fb0 Exception <a 'java/lang/NoSuchMethodError'{0x0000000088b778e0}: 'java.lang.Object java.lang.invoke.DirectMethodHandle$Holder.invokeStaticInit(java.lang.Object, int)'> (0x0000000088b778e0) 
thrown [s\src\hotspot\share\interpreter\linkResolver.cpp, line 771]
Event: 8.464 Thread 0x0000027c24b78fb0 Exception <a 'java/lang/NoSuchMethodError'{0x0000000088853c40}: 'long java.lang.invoke.DirectMethodHandle$Holder.invokeStatic(java.lang.Object)'> (0x0000000088853c40) 
thrown [s\src\hotspot\share\interpreter\linkResolver.cpp, line 771]
Event: 8.465 Thread 0x0000027c24b78fb0 Exception <a 'java/lang/NoSuchMethodError'{0x0000000088858828}: 'long java.lang.invoke.DirectMethodHandle$Holder.invokeStaticInit(java.lang.Object)'> (0x0000000088858828) 
thrown [s\src\hotspot\share\interpreter\linkResolver.cpp, line 771]
Event: 8.702 Thread 0x0000027c24b78fb0 Implicit null exception at 0x0000027c149eea0c to 0x0000027c149eeb42
Event: 9.121 Thread 0x0000027c24b78fb0 Exception <a 'java/lang/NoSuchMethodError'{0x00000000873e8898}: 'void java.lang.invoke.DirectMethodHandle$Holder.invokeVirtual(java.lang.Object, java.lang.Object)'> (0x00000000873e8898) 
thrown [s\src\hotspot\share\interpreter\linkResolver.cpp, line 771]
Event: 9.666 Thread 0x0000027c24b78fb0 Exception <a 'java/lang/NoSuchMethodError'{0x0000000085c9e7d8}: 'java.lang.Object java.lang.invoke.Invokers$Holder.invoke_MT(java.lang.Object, java.lang.Object, java.lang.Object)'> (0x0000000085c9e7d8) 
thrown [s\src\hotspot\share\interpreter\linkResolver.cpp, line 771]
Event: 12.199 Thread 0x0000027c24b78fb0 Exception <a 'java/lang/NoSuchMethodError'{0x000000008a2336f8}: 'java.lang.Object java.lang.invoke.DirectMethodHandle$Holder.invokeStatic(java.lang.Object, java.lang.Object, java.lang.Object, java.lang.Object, int)'> (0x000000008a2336f8) 
thrown [s\src\hotspot\share\interpreter\linkResolver.cpp, line 771]
Event: 12.199 Thread 0x0000027c24b78fb0 Exception <a 'java/lang/NoSuchMethodError'{0x000000008a23e580}: 'java.lang.Object java.lang.invoke.DirectMethodHandle$Holder.newInvokeSpecial(java.lang.Object, java.lang.Object, java.lang.Object, java.lang.Object, int)'> (0x000000008a23e580) 
thrown [s\src\hotspot\share\interpreter\linkResolver.cpp, line 771]
Event: 12.200 Thread 0x0000027c24b78fb0 Exception <a 'java/lang/NoSuchMethodError'{0x000000008a244348}: 'java.lang.Object java.lang.invoke.DirectMethodHandle$Holder.invokeSpecial(java.lang.Object, java.lang.Object, java.lang.Object, java.lang.Object, java.lang.Object, int)'> (0x000000008a244348) 
thrown [s\src\hotspot\share\interpreter\linkResolver.cpp, line 771]
Event: 12.200 Thread 0x0000027c24b78fb0 Exception <a 'java/lang/NoSuchMethodError'{0x000000008a249ac0}: 'java.lang.Object java.lang.invoke.Invokers$Holder.linkToTargetMethod(java.lang.Object, java.lang.Object, java.lang.Object, int, java.lang.Object)'> (0x000000008a249ac0) 
thrown [s\src\hotspot\share\interpreter\linkResolver.cpp, line 771]

VM Operations (20 events):
Event: 11.689 Executing VM operation: HandshakeAllThreads done
Event: 11.866 Executing VM operation: G1CollectForAllocation
Event: 11.877 Executing VM operation: G1CollectForAllocation done
Event: 11.981 Executing VM operation: G1Concurrent
Event: 11.985 Executing VM operation: G1Concurrent done
Event: 12.031 Executing VM operation: G1Concurrent
Event: 12.031 Executing VM operation: G1Concurrent done
Event: 12.168 Executing VM operation: HandshakeAllThreads
Event: 12.168 Executing VM operation: HandshakeAllThreads done
Event: 12.172 Executing VM operation: HandshakeAllThreads
Event: 12.172 Executing VM operation: HandshakeAllThreads done
Event: 12.278 Executing VM operation: HandshakeAllThreads
Event: 12.278 Executing VM operation: HandshakeAllThreads done
Event: 12.445 Executing VM operation: HandshakeAllThreads
Event: 12.445 Executing VM operation: HandshakeAllThreads done
Event: 12.482 Executing VM operation: G1CollectForAllocation
Event: 12.490 Executing VM operation: G1CollectForAllocation done
Event: 12.496 Executing VM operation: G1CollectForAllocation
Event: 12.505 Executing VM operation: G1CollectForAllocation done
Event: 13.044 Executing VM operation: G1CollectForAllocation

Events (20 events):
Event: 11.589 loading class java/util/ArrayList$ListItr
Event: 11.590 loading class java/util/ArrayList$ListItr done
Event: 11.749 loading class java/text/StringCharacterIterator
Event: 11.750 loading class java/text/CharacterIterator
Event: 11.750 loading class java/text/CharacterIterator done
Event: 11.750 loading class java/text/StringCharacterIterator done
Event: 11.800 loading class java/io/NotSerializableException
Event: 11.800 loading class java/io/NotSerializableException done
Event: 12.127 loading class java/util/function/IntUnaryOperator
Event: 12.127 loading class java/util/function/IntUnaryOperator done
Event: 12.170 loading class java/util/AbstractList$SubList
Event: 12.171 loading class java/util/AbstractList$SubList done
Event: 12.171 loading class java/util/AbstractList$SubList$1
Event: 12.171 loading class java/util/AbstractList$SubList$1 done
Event: 12.171 loading class java/util/AbstractList$ListItr
Event: 12.171 loading class java/util/AbstractList$ListItr done
Event: 12.432 loading class java/util/concurrent/LinkedBlockingDeque$Itr
Event: 12.433 loading class java/util/concurrent/LinkedBlockingDeque$AbstractItr
Event: 12.433 loading class java/util/concurrent/LinkedBlockingDeque$AbstractItr done
Event: 12.433 loading class java/util/concurrent/LinkedBlockingDeque$Itr done


Dynamic libraries:
0x00007ff7aa190000 - 0x00007ff7aa19a000 	C:\Program Files\Android\Android Studio\jbr\bin\java.exe
0x00007fffeddb0000 - 0x00007fffedfa8000 	C:\WINDOWS\SYSTEM32\ntdll.dll
0x00007fffec680000 - 0x00007fffec73d000 	C:\WINDOWS\System32\KERNEL32.DLL
0x00007fffeb890000 - 0x00007fffebb86000 	C:\WINDOWS\System32\KERNELBASE.dll
0x00007fffeb490000 - 0x00007fffeb590000 	C:\WINDOWS\System32\ucrtbase.dll
0x00007fffb3530000 - 0x00007fffb3547000 	C:\Program Files\Android\Android Studio\jbr\bin\jli.dll
0x00007fffe5bd0000 - 0x00007fffe5beb000 	C:\Program Files\Android\Android Studio\jbr\bin\VCRUNTIME140.dll
0x00007fffed700000 - 0x00007fffed89e000 	C:\WINDOWS\System32\USER32.dll
0x00007fffebb90000 - 0x00007fffebbb2000 	C:\WINDOWS\System32\win32u.dll
0x00007fffd33d0000 - 0x00007fffd366a000 	C:\WINDOWS\WinSxS\amd64_microsoft.windows.common-controls_6595b64144ccf1df_6.0.19041.3636_none_60b6a03d71f818d5\COMCTL32.dll
0x00007fffedc10000 - 0x00007fffedc3c000 	C:\WINDOWS\System32\GDI32.dll
0x00007fffec420000 - 0x00007fffec4be000 	C:\WINDOWS\System32\msvcrt.dll
0x00007fffebbc0000 - 0x00007fffebcda000 	C:\WINDOWS\System32\gdi32full.dll
0x00007fffeb7f0000 - 0x00007fffeb88d000 	C:\WINDOWS\System32\msvcp_win.dll
0x00007fffebf60000 - 0x00007fffebf90000 	C:\WINDOWS\System32\IMM32.DLL
0x00007fffc8b70000 - 0x00007fffc8b7c000 	C:\Program Files\Android\Android Studio\jbr\bin\vcruntime140_1.dll
0x00007fffc29d0000 - 0x00007fffc2a5d000 	C:\Program Files\Android\Android Studio\jbr\bin\msvcp140.dll
0x00007fff9e1a0000 - 0x00007fff9ee0e000 	C:\Program Files\Android\Android Studio\jbr\bin\server\jvm.dll
0x00007fffed650000 - 0x00007fffed6ff000 	C:\WINDOWS\System32\ADVAPI32.dll
0x00007fffed9e0000 - 0x00007fffeda7c000 	C:\WINDOWS\System32\sechost.dll
0x00007fffebe10000 - 0x00007fffebf36000 	C:\WINDOWS\System32\RPCRT4.dll
0x00007fffe8bb0000 - 0x00007fffe8bb9000 	C:\WINDOWS\SYSTEM32\WSOCK32.dll
0x00007fffe3060000 - 0x00007fffe306a000 	C:\WINDOWS\SYSTEM32\VERSION.dll
0x00007fffed8a0000 - 0x00007fffed90b000 	C:\WINDOWS\System32\WS2_32.dll
0x00007fffe23a0000 - 0x00007fffe23c7000 	C:\WINDOWS\SYSTEM32\WINMM.dll
0x00007fffe9240000 - 0x00007fffe9252000 	C:\WINDOWS\SYSTEM32\kernel.appcore.dll
0x00007fffc8b60000 - 0x00007fffc8b6a000 	C:\Program Files\Android\Android Studio\jbr\bin\jimage.dll
0x00007fffd6960000 - 0x00007fffd6b44000 	C:\WINDOWS\SYSTEM32\DBGHELP.DLL
0x00007fffd0b10000 - 0x00007fffd0b44000 	C:\WINDOWS\SYSTEM32\dbgcore.DLL
0x00007fffebd80000 - 0x00007fffebe02000 	C:\WINDOWS\System32\bcryptPrimitives.dll
0x00007fffbeb90000 - 0x00007fffbebb5000 	C:\Program Files\Android\Android Studio\jbr\bin\java.dll
0x00007fffb35d0000 - 0x00007fffb35e8000 	C:\Program Files\Android\Android Studio\jbr\bin\zip.dll
0x00007fffecf00000 - 0x00007fffed644000 	C:\WINDOWS\System32\SHELL32.dll
0x00007fffe9550000 - 0x00007fffe9ceb000 	C:\WINDOWS\SYSTEM32\windows.storage.dll
0x00007fffebf90000 - 0x00007fffec2e4000 	C:\WINDOWS\System32\combase.dll
0x00007fffeae00000 - 0x00007fffeae2d000 	C:\WINDOWS\SYSTEM32\Wldp.dll
0x00007fffedb60000 - 0x00007fffedc0d000 	C:\WINDOWS\System32\SHCORE.dll
0x00007fffecea0000 - 0x00007fffecef5000 	C:\WINDOWS\System32\shlwapi.dll
0x00007fffeb3c0000 - 0x00007fffeb3e5000 	C:\WINDOWS\SYSTEM32\profapi.dll
0x00007fffb35b0000 - 0x00007fffb35c9000 	C:\Program Files\Android\Android Studio\jbr\bin\net.dll
0x00007fffe0520000 - 0x00007fffe062a000 	C:\WINDOWS\SYSTEM32\WINHTTP.dll
0x00007fffeab60000 - 0x00007fffeabca000 	C:\WINDOWS\system32\mswsock.dll
0x00007fffb3590000 - 0x00007fffb35a6000 	C:\Program Files\Android\Android Studio\jbr\bin\nio.dll
0x00007fffc8b50000 - 0x00007fffc8b60000 	C:\Program Files\Android\Android Studio\jbr\bin\verify.dll
0x00007fffd2b70000 - 0x00007fffd2b97000 	C:\Users\HP\.gradle\native\68d5fa5c4cc2d200863cafc0d521ce42e7d3e7ee720ec0a83991735586a16f82\windows-amd64\native-platform.dll
0x00007fffadb10000 - 0x00007fffadc54000 	C:\Users\HP\.gradle\native\e376f236ea51e6404a007f0833ffe2c6e607c4080706a723a18a27aeea778392\windows-amd64\native-platform-file-events.dll
0x00007fffc8490000 - 0x00007fffc8499000 	C:\Program Files\Android\Android Studio\jbr\bin\management.dll
0x00007fffc3560000 - 0x00007fffc356b000 	C:\Program Files\Android\Android Studio\jbr\bin\management_ext.dll
0x00007fffebf40000 - 0x00007fffebf48000 	C:\WINDOWS\System32\PSAPI.DLL
0x00007fffead50000 - 0x00007fffead68000 	C:\WINDOWS\SYSTEM32\CRYPTSP.dll
0x00007fffea490000 - 0x00007fffea4c4000 	C:\WINDOWS\system32\rsaenh.dll
0x00007fffebd50000 - 0x00007fffebd77000 	C:\WINDOWS\System32\bcrypt.dll
0x00007fffeb380000 - 0x00007fffeb3ae000 	C:\WINDOWS\SYSTEM32\USERENV.dll
0x00007fffead70000 - 0x00007fffead7c000 	C:\WINDOWS\SYSTEM32\CRYPTBASE.dll
0x00007fffea850000 - 0x00007fffea88b000 	C:\WINDOWS\SYSTEM32\IPHLPAPI.DLL
0x00007fffebf50000 - 0x00007fffebf58000 	C:\WINDOWS\System32\NSI.dll
0x00007fffe07b0000 - 0x00007fffe07c7000 	C:\WINDOWS\SYSTEM32\dhcpcsvc6.DLL
0x00007fffe2c90000 - 0x00007fffe2cad000 	C:\WINDOWS\SYSTEM32\dhcpcsvc.DLL
0x00007fffea890000 - 0x00007fffea95a000 	C:\WINDOWS\SYSTEM32\DNSAPI.dll
0x00007fffc3630000 - 0x00007fffc3637000 	C:\WINDOWS\system32\wshunix.dll

dbghelp: loaded successfully - version: 4.0.5 - missing functions: none
symbol engine: initialized successfully - sym options: 0x614 - pdb path: .;C:\Program Files\Android\Android Studio\jbr\bin;C:\WINDOWS\SYSTEM32;C:\WINDOWS\WinSxS\amd64_microsoft.windows.common-controls_6595b64144ccf1df_6.0.19041.3636_none_60b6a03d71f818d5;C:\Program Files\Android\Android Studio\jbr\bin\server;C:\Users\HP\.gradle\native\68d5fa5c4cc2d200863cafc0d521ce42e7d3e7ee720ec0a83991735586a16f82\windows-amd64;C:\Users\HP\.gradle\native\e376f236ea51e6404a007f0833ffe2c6e607c4080706a723a18a27aeea778392\windows-amd64

VM Arguments:
jvm_args: --add-opens=java.base/java.util=ALL-UNNAMED --add-opens=java.base/java.lang=ALL-UNNAMED --add-opens=java.base/java.lang.invoke=ALL-UNNAMED --add-opens=java.prefs/java.util.prefs=ALL-UNNAMED --add-opens=java.base/java.nio.charset=ALL-UNNAMED --add-opens=java.base/java.net=ALL-UNNAMED --add-opens=java.base/java.util.concurrent.atomic=ALL-UNNAMED -Xmx2048m -Dfile.encoding=UTF-8 -Duser.country=US -Duser.language=en -Duser.variant 
java_command: org.gradle.launcher.daemon.bootstrap.GradleDaemon 8.0
java_class_path (initial): C:\Users\HP\.gradle\wrapper\dists\gradle-8.0-bin\ca5e32bp14vu59qr306oxotwh\gradle-8.0\lib\gradle-launcher-8.0.jar
Launcher Type: SUN_STANDARD

[Global flags]
     intx CICompilerCount                          = 3                                         {product} {ergonomic}
     uint ConcGCThreads                            = 1                                         {product} {ergonomic}
     uint G1ConcRefinementThreads                  = 4                                         {product} {ergonomic}
   size_t G1HeapRegionSize                         = 1048576                                   {product} {ergonomic}
    uintx GCDrainStackTargetSize                   = 64                                        {product} {ergonomic}
   size_t InitialHeapSize                          = 58720256                                  {product} {ergonomic}
   size_t MarkStackSize                            = 4194304                                   {product} {ergonomic}
   size_t MaxHeapSize                              = 2147483648                                {product} {command line}
   size_t MaxNewSize                               = 1287651328                                {product} {ergonomic}
   size_t MinHeapDeltaBytes                        = 1048576                                   {product} {ergonomic}
   size_t MinHeapSize                              = 8388608                                   {product} {ergonomic}
    uintx NonNMethodCodeHeapSize                   = 5832780                                {pd product} {ergonomic}
    uintx NonProfiledCodeHeapSize                  = 122912730                              {pd product} {ergonomic}
    uintx ProfiledCodeHeapSize                     = 122912730                              {pd product} {ergonomic}
    uintx ReservedCodeCacheSize                    = 251658240                              {pd product} {ergonomic}
     bool SegmentedCodeCache                       = true                                      {product} {ergonomic}
   size_t SoftMaxHeapSize                          = 2147483648                             {manageable} {ergonomic}
     bool UseCompressedClassPointers               = true                           {product lp64_product} {ergonomic}
     bool UseCompressedOops                        = true                           {product lp64_product} {ergonomic}
     bool UseG1GC                                  = true                                      {product} {ergonomic}
     bool UseLargePagesIndividualAllocation        = false                                  {pd product} {ergonomic}

Logging:
Log output configuration:
 #0: stdout all=warning uptime,level,tags
 #1: stderr all=off uptime,level,tags

Environment Variables:
JAVA_HOME=C:\Program Files\Java\jdk-21
PATH=C:\Program Files\Java\jdk-21\bin;C:\WINDOWS\system32;C:\WINDOWS;C:\WINDOWS\System32\Wbem;C:\WINDOWS\System32\WindowsPowerShell\v1.0\;C:\WINDOWS\System32\OpenSSH\;C:\MinGW\bin;C:\Program Files\PowerShell\7\;C:\Program Files\Git\cmd;C:\Users\HP\AppData\Local\Microsoft\WindowsApps;
USERNAME=HP
OS=Windows_NT
PROCESSOR_IDENTIFIER=AMD64 Family 23 Model 24 Stepping 1, AuthenticAMD
TMP=C:\Users\HP\AppData\Local\Temp
TEMP=C:\Users\HP\AppData\Local\Temp


JNI global refs:
JNI global refs: 25, weak refs: 8

JNI global refs memory usage: 843, weak refs: 841


---------------  S Y S T E M  ---------------

OS:
 Windows 10 , 64 bit Build 19041 (10.0.19041.3636)
OS uptime: 9 days 13:56 hours

CPU: total 4 (initial active 4) (4 cores per cpu, 2 threads per core) family 23 model 24 stepping 1 microcode 0x0, cx8, cmov, fxsr, ht, mmx, 3dnowpref, sse, sse2, sse3, ssse3, sse4a, sse4.1, sse4.2, popcnt, lzcnt, tsc, tscinvbit, avx, avx2, aes, clmul, bmi1, bmi2, adx, sha, fma, vzeroupper, clflush, clflushopt

Memory: 4k page, system-wide physical 3499M (179M free)
TotalPageFile size 8495M (AvailPageFile size 92M)
current process WorkingSet (physical memory assigned to process): 307M, peak: 321M
current process commit charge ("private bytes"): 407M, peak: 627M

vm_info: OpenJDK 64-Bit Server VM (17.0.6+0-b2043.56-10027231) for windows-amd64 JRE (17.0.6+0-b2043.56-10027231), built on Apr 28 2023 00:43:19 by "androidbuild" with MS VC++ 16.10 / 16.11 (VS2019)

END.
