#
# There is insufficient memory for the Java Runtime Environment to continue.
# Native memory allocation (mmap) failed to map 884736 bytes for G1 virtual space
# Possible reasons:
#   The system is out of physical RAM or swap space
#   The process is running with CompressedOops enabled, and the Java Heap may be blocking the growth of the native heap
# Possible solutions:
#   Reduce memory load on the system
#   Increase physical memory or swap space
#   Check if swap backing store is full
#   Decrease Java heap size (-Xmx/-Xms)
#   Decrease number of Java threads
#   Decrease Java thread stack sizes (-Xss)
#   Set larger code cache with -XX:ReservedCodeCacheSize=
#   JVM is running with Unscaled Compressed Oops mode in which the Java heap is
#     placed in the first 4GB address space. The Java Heap base address is the
#     maximum limit for the native heap growth. Please use -XX:HeapBaseMinAddress
#     to set the Java Heap base and to place the Java Heap above 4GB virtual address.
# This output file may be truncated or incomplete.
#
#  Out of Memory Error (os_windows.cpp:3769), pid=9296, tid=9756
#
# JRE version: OpenJDK Runtime Environment (17.0.6) (build 17.0.6+0-b2043.56-10027231)
# Java VM: OpenJDK 64-Bit Server VM (17.0.6+0-b2043.56-10027231, mixed mode, tiered, compressed oops, compressed class ptrs, g1 gc, windows-amd64)
# No core dump will be written. Minidumps are not enabled by default on client versions of Windows
#

---------------  S U M M A R Y ------------

Command Line: --add-opens=java.base/java.util=ALL-UNNAMED --add-opens=java.base/java.lang=ALL-UNNAMED --add-opens=java.base/java.lang.invoke=ALL-UNNAMED --add-opens=java.prefs/java.util.prefs=ALL-UNNAMED --add-opens=java.base/java.nio.charset=ALL-UNNAMED --add-opens=java.base/java.net=ALL-UNNAMED --add-opens=java.base/java.util.concurrent.atomic=ALL-UNNAMED -Xmx2048m -Dfile.encoding=UTF-8 -Duser.country=US -Duser.language=en -Duser.variant org.gradle.launcher.daemon.bootstrap.GradleDaemon 8.0

Host: AMD Ryzen 3 3250U with Radeon Graphics         , 4 cores, 3G,  Windows 10 , 64 bit Build 19041 (10.0.19041.3636)
Time: Tue Dec 19 21:31:28 2023 SE Asia Standard Time elapsed time: 13.668030 seconds (0d 0h 0m 13s)

---------------  T H R E A D  ---------------

Current thread (0x0000022e3956f050):  VMThread "VM Thread" [stack: 0x0000006160200000,0x0000006160300000] [id=9756]

Stack: [0x0000006160200000,0x0000006160300000]
Native frames: (J=compiled Java code, j=interpreted, Vv=VM code, C=native code)
V  [jvm.dll+0x683c9a]
V  [jvm.dll+0x8427a4]
V  [jvm.dll+0x843f9e]
V  [jvm.dll+0x844603]
V  [jvm.dll+0x249b75]
V  [jvm.dll+0x680b69]
V  [jvm.dll+0x67505a]
V  [jvm.dll+0x309acb]
V  [jvm.dll+0x310f86]
V  [jvm.dll+0x360918]
V  [jvm.dll+0x360b1f]
V  [jvm.dll+0x2dfbf8]
V  [jvm.dll+0x2ddec4]
V  [jvm.dll+0x2dd4cc]
V  [jvm.dll+0x321f3b]
V  [jvm.dll+0x848ccb]
V  [jvm.dll+0x849a04]
V  [jvm.dll+0x849f1d]
V  [jvm.dll+0x84a2f4]
V  [jvm.dll+0x84a3c0]
V  [jvm.dll+0x7f274a]
V  [jvm.dll+0x682ad5]
C  [ucrtbase.dll+0x21bb2]
C  [KERNEL32.DLL+0x17344]
C  [ntdll.dll+0x526b1]

VM_Operation (0x00000061618f2c10): G1CollectForAllocation, mode: safepoint, requested by thread 0x0000022e3c745a70


---------------  P R O C E S S  ---------------

Threads class SMR info:
_java_thread_list=0x0000022e3f0a5a40, length=38, elements={
0x0000022e1ffcb950, 0x0000022e39593620, 0x0000022e39595530, 0x0000022e3957cc50,
0x0000022e3957e620, 0x0000022e3957eee0, 0x0000022e395ba020, 0x0000022e395bb950,
0x0000022e3a00ec50, 0x0000022e3a011560, 0x0000022e3a17b2e0, 0x0000022e3a18beb0,
0x0000022e3bbc1c80, 0x0000022e3bb839b0, 0x0000022e3ac8c1a0, 0x0000022e3c40b4d0,
0x0000022e3bacaea0, 0x0000022e3c73c440, 0x0000022e3c745a70, 0x0000022e3c73ed80,
0x0000022e3c741da0, 0x0000022e3c73f250, 0x0000022e3c740f30, 0x0000022e3c740590,
0x0000022e3c741400, 0x0000022e3c73f720, 0x0000022e3c7418d0, 0x0000022e3c742740,
0x0000022e3c73fbf0, 0x0000022e3c7400c0, 0x0000022e3c740a60, 0x0000022e3c742270,
0x0000022e3ccbd5c0, 0x0000022e3ccbd0f0, 0x0000022e3ccba5a0, 0x0000022e3ccb7f20,
0x0000022e3ccbdf60, 0x0000022e3ccba0d0
}

Java Threads: ( => current thread )
  0x0000022e1ffcb950 JavaThread "main" [_thread_blocked, id=13076, stack(0x000000615fc00000,0x000000615fd00000)]
  0x0000022e39593620 JavaThread "Reference Handler" daemon [_thread_blocked, id=1416, stack(0x0000006160300000,0x0000006160400000)]
  0x0000022e39595530 JavaThread "Finalizer" daemon [_thread_blocked, id=10092, stack(0x0000006160400000,0x0000006160500000)]
  0x0000022e3957cc50 JavaThread "Signal Dispatcher" daemon [_thread_blocked, id=6356, stack(0x0000006160500000,0x0000006160600000)]
  0x0000022e3957e620 JavaThread "Attach Listener" daemon [_thread_blocked, id=14008, stack(0x0000006160600000,0x0000006160700000)]
  0x0000022e3957eee0 JavaThread "Service Thread" daemon [_thread_blocked, id=8124, stack(0x0000006160700000,0x0000006160800000)]
  0x0000022e395ba020 JavaThread "Monitor Deflation Thread" daemon [_thread_blocked, id=10408, stack(0x0000006160800000,0x0000006160900000)]
  0x0000022e395bb950 JavaThread "C2 CompilerThread0" daemon [_thread_blocked, id=3740, stack(0x0000006160900000,0x0000006160a00000)]
  0x0000022e3a00ec50 JavaThread "C1 CompilerThread0" daemon [_thread_blocked, id=12788, stack(0x0000006160a00000,0x0000006160b00000)]
  0x0000022e3a011560 JavaThread "Sweeper thread" daemon [_thread_blocked, id=11232, stack(0x0000006160b00000,0x0000006160c00000)]
  0x0000022e3a17b2e0 JavaThread "Common-Cleaner" daemon [_thread_blocked, id=8752, stack(0x0000006160c00000,0x0000006160d00000)]
  0x0000022e3a18beb0 JavaThread "Notification Thread" daemon [_thread_blocked, id=7260, stack(0x0000006160d00000,0x0000006160e00000)]
  0x0000022e3bbc1c80 JavaThread "Daemon health stats" [_thread_blocked, id=1212, stack(0x0000006161200000,0x0000006161300000)]
  0x0000022e3bb839b0 JavaThread "Incoming local TCP Connector on port 59430" [_thread_in_native, id=2156, stack(0x0000006161300000,0x0000006161400000)]
  0x0000022e3ac8c1a0 JavaThread "Daemon periodic checks" [_thread_blocked, id=12644, stack(0x0000006161400000,0x0000006161500000)]
  0x0000022e3c40b4d0 JavaThread "Daemon" [_thread_blocked, id=12964, stack(0x0000006161500000,0x0000006161600000)]
  0x0000022e3bacaea0 JavaThread "Handler for socket connection from /127.0.0.1:59430 to /127.0.0.1:59431" [_thread_in_native, id=12572, stack(0x0000006161600000,0x0000006161700000)]
  0x0000022e3c73c440 JavaThread "Cancel handler" [_thread_blocked, id=10444, stack(0x0000006161700000,0x0000006161800000)]
  0x0000022e3c745a70 JavaThread "Daemon worker" [_thread_blocked, id=11256, stack(0x0000006161800000,0x0000006161900000)]
  0x0000022e3c73ed80 JavaThread "Asynchronous log dispatcher for DefaultDaemonConnection: socket connection from /127.0.0.1:59430 to /127.0.0.1:59431" [_thread_blocked, id=13768, stack(0x0000006161900000,0x0000006161a00000)]
  0x0000022e3c741da0 JavaThread "Stdin handler" [_thread_blocked, id=12552, stack(0x0000006161a00000,0x0000006161b00000)]
  0x0000022e3c73f250 JavaThread "Daemon client event forwarder" [_thread_blocked, id=12724, stack(0x0000006161b00000,0x0000006161c00000)]
  0x0000022e3c740f30 JavaThread "Cache worker for journal cache (C:\Users\HP\.gradle\caches\journal-1)" [_thread_blocked, id=8492, stack(0x0000006161c00000,0x0000006161d00000)]
  0x0000022e3c740590 JavaThread "File lock request listener" [_thread_in_native, id=4620, stack(0x0000006161d00000,0x0000006161e00000)]
  0x0000022e3c741400 JavaThread "Cache worker for file hash cache (C:\Users\HP\.gradle\caches\8.0\fileHashes)" [_thread_blocked, id=952, stack(0x0000006161e00000,0x0000006161f00000)]
  0x0000022e3c73f720 JavaThread "File watcher server" daemon [_thread_in_native, id=6696, stack(0x0000006161f00000,0x0000006162000000)]
  0x0000022e3c7418d0 JavaThread "File watcher consumer" daemon [_thread_blocked, id=14184, stack(0x0000006162000000,0x0000006162100000)]
  0x0000022e3c742740 JavaThread "jar transforms" [_thread_blocked, id=12908, stack(0x0000006162100000,0x0000006162200000)]
  0x0000022e3c73fbf0 JavaThread "jar transforms Thread 2" [_thread_blocked, id=6592, stack(0x0000006162200000,0x0000006162300000)]
  0x0000022e3c7400c0 JavaThread "jar transforms Thread 3" [_thread_blocked, id=13244, stack(0x0000006162300000,0x0000006162400000)]
  0x0000022e3c740a60 JavaThread "jar transforms Thread 4" [_thread_blocked, id=11200, stack(0x0000006162400000,0x0000006162500000)]
  0x0000022e3c742270 JavaThread "Cache worker for checksums cache (C:\Users\HP\AndroidStudioProjects\CatHouse\.gradle\8.0\checksums)" [_thread_blocked, id=1476, stack(0x0000006162500000,0x0000006162600000)]
  0x0000022e3ccbd5c0 JavaThread "Cache worker for cache directory md-rule (C:\Users\HP\.gradle\caches\8.0\md-rule)" [_thread_blocked, id=9900, stack(0x0000006162600000,0x0000006162700000)]
  0x0000022e3ccbd0f0 JavaThread "Cache worker for file content cache (C:\Users\HP\.gradle\caches\8.0\fileContent)" [_thread_blocked, id=5456, stack(0x0000006162700000,0x0000006162800000)]
  0x0000022e3ccba5a0 JavaThread "Cache worker for file hash cache (C:\Users\HP\AndroidStudioProjects\CatHouse\.gradle\8.0\fileHashes)" [_thread_blocked, id=13940, stack(0x0000006162800000,0x0000006162900000)]
  0x0000022e3ccb7f20 JavaThread "Cache worker for cache directory md-supplier (C:\Users\HP\.gradle\caches\8.0\md-supplier)" [_thread_blocked, id=2952, stack(0x0000006162900000,0x0000006162a00000)]
  0x0000022e3ccbdf60 JavaThread "Cache worker for execution history cache (C:\Users\HP\.gradle\caches\8.0\executionHistory)" [_thread_blocked, id=1548, stack(0x0000006162a00000,0x0000006162b00000)]
  0x0000022e3ccba0d0 JavaThread "Cache worker for kotlin-dsl (C:\Users\HP\.gradle\caches\8.0\kotlin-dsl)" [_thread_blocked, id=7392, stack(0x0000006162b00000,0x0000006162c00000)]

Other Threads:
=>0x0000022e3956f050 VMThread "VM Thread" [stack: 0x0000006160200000,0x0000006160300000] [id=9756]
  0x0000022e3a18c780 WatcherThread [stack: 0x0000006160e00000,0x0000006160f00000] [id=5232]
  0x0000022e20025e40 GCTaskThread "GC Thread#0" [stack: 0x000000615fd00000,0x000000615fe00000] [id=13508]
  0x0000022e3a56b180 GCTaskThread "GC Thread#1" [stack: 0x0000006160f00000,0x0000006161000000] [id=4224]
  0x0000022e3a278660 GCTaskThread "GC Thread#2" [stack: 0x0000006161000000,0x0000006161100000] [id=4288]
  0x0000022e3a5a39a0 GCTaskThread "GC Thread#3" [stack: 0x0000006161100000,0x0000006161200000] [id=1256]
  0x0000022e20036c90 ConcurrentGCThread "G1 Main Marker" [stack: 0x000000615fe00000,0x000000615ff00000] [id=14236]
  0x0000022e20037d50 ConcurrentGCThread "G1 Conc#0" [stack: 0x000000615ff00000,0x0000006160000000] [id=12080]
  0x0000022e200737f0 ConcurrentGCThread "G1 Refine#0" [stack: 0x0000006160000000,0x0000006160100000] [id=8452]
  0x0000022e409e6ff0 ConcurrentGCThread "G1 Refine#1" [stack: 0x0000006162c00000,0x0000006162d00000] [id=3824]
  0x0000022e20075130 ConcurrentGCThread "G1 Service" [stack: 0x0000006160100000,0x0000006160200000] [id=1076]

Threads with active compile tasks:
C2 CompilerThread0    13730 6710       4       org.jetbrains.kotlin.com.intellij.openapi.vfs.VirtualFile::findChild (62 bytes)
C1 CompilerThread0    13730 6735       3       org.jetbrains.kotlin.resolve.QualifiedExpressionResolver::resolveToPackageOrClassPrefix (557 bytes)

VM state: at safepoint (normal execution)

VM Mutex/Monitor currently owned by a thread:  ([mutex/lock_event])
[0x0000022e1ffc76c0] Threads_lock - owner thread: 0x0000022e3956f050
[0x0000022e1ffc7fc0] Heap_lock - owner thread: 0x0000022e3c745a70

Heap address: 0x0000000080000000, size: 2048 MB, Compressed Oops mode: 32-bit

CDS archive(s) not mapped
Compressed class space mapped at: 0x0000000100000000-0x0000000140000000, reserved size: 1073741824
Narrow klass base: 0x0000000000000000, Narrow klass shift: 3, Narrow klass range: 0x140000000

GC Precious Log:
 CPUs: 4 total, 4 available
 Memory: 3499M
 Large Page Support: Disabled
 NUMA Support: Disabled
 Compressed Oops: Enabled (32-bit)
 Heap Region Size: 1M
 Heap Min Capacity: 8M
 Heap Initial Capacity: 56M
 Heap Max Capacity: 2G
 Pre-touch: Disabled
 Parallel Workers: 4
 Concurrent Workers: 1
 Concurrent Refinement Workers: 4
 Periodic GC: Disabled

Heap:
 garbage-first heap   total 217088K, used 107058K [0x0000000080000000, 0x0000000100000000)
  region size 1024K, 1 young (1024K), 1 survivors (1024K)
 Metaspace       used 88978K, committed 89536K, reserved 1130496K
  class space    used 11784K, committed 12032K, reserved 1048576K

Heap Regions: E=young(eden), S=young(survivor), O=old, HS=humongous(starts), HC=humongous(continues), CS=collection set, F=free, OA=open archive, CA=closed archive, TAMS=top-at-mark-start (previous, next)
|   0|0x0000000080000000, 0x0000000080100000, 0x0000000080100000|100%| O|  |TAMS 0x0000000080100000, 0x0000000080000000| Untracked 
|   1|0x0000000080100000, 0x0000000080200000, 0x0000000080200000|100%| O|  |TAMS 0x0000000080200000, 0x0000000080100000| Untracked 
|   2|0x0000000080200000, 0x0000000080300000, 0x0000000080300000|100%|HS|  |TAMS 0x0000000080300000, 0x0000000080200000| Complete 
|   3|0x0000000080300000, 0x0000000080400000, 0x0000000080400000|100%|HC|  |TAMS 0x0000000080400000, 0x0000000080300000| Complete 
|   4|0x0000000080400000, 0x0000000080500000, 0x0000000080500000|100%|HC|  |TAMS 0x0000000080500000, 0x0000000080400000| Complete 
|   5|0x0000000080500000, 0x0000000080600000, 0x0000000080600000|100%|HC|  |TAMS 0x0000000080600000, 0x0000000080500000| Complete 
|   6|0x0000000080600000, 0x0000000080700000, 0x0000000080700000|100%| O|  |TAMS 0x0000000080700000, 0x0000000080600000| Untracked 
|   7|0x0000000080700000, 0x0000000080800000, 0x0000000080800000|100%| O|  |TAMS 0x0000000080800000, 0x0000000080700000| Untracked 
|   8|0x0000000080800000, 0x0000000080900000, 0x0000000080900000|100%| O|  |TAMS 0x0000000080900000, 0x0000000080800000| Untracked 
|   9|0x0000000080900000, 0x0000000080a00000, 0x0000000080a00000|100%| O|  |TAMS 0x0000000080a00000, 0x0000000080900000| Untracked 
|  10|0x0000000080a00000, 0x0000000080b00000, 0x0000000080b00000|100%| O|  |TAMS 0x0000000080b00000, 0x0000000080a00000| Untracked 
|  11|0x0000000080b00000, 0x0000000080c00000, 0x0000000080c00000|100%| O|  |TAMS 0x0000000080c00000, 0x0000000080b00000| Untracked 
|  12|0x0000000080c00000, 0x0000000080d00000, 0x0000000080d00000|100%| O|  |TAMS 0x0000000080d00000, 0x0000000080c00000| Untracked 
|  13|0x0000000080d00000, 0x0000000080e00000, 0x0000000080e00000|100%| O|  |TAMS 0x0000000080e00000, 0x0000000080d00000| Untracked 
|  14|0x0000000080e00000, 0x0000000080f00000, 0x0000000080f00000|100%| O|  |TAMS 0x0000000080f00000, 0x0000000080e00000| Untracked 
|  15|0x0000000080f00000, 0x0000000081000000, 0x0000000081000000|100%| O|  |TAMS 0x0000000081000000, 0x0000000080f00000| Untracked 
|  16|0x0000000081000000, 0x0000000081100000, 0x0000000081100000|100%| O|  |TAMS 0x0000000081100000, 0x0000000081000000| Untracked 
|  17|0x0000000081100000, 0x0000000081200000, 0x0000000081200000|100%| O|  |TAMS 0x0000000081200000, 0x0000000081100000| Untracked 
|  18|0x0000000081200000, 0x0000000081300000, 0x0000000081300000|100%| O|  |TAMS 0x0000000081300000, 0x0000000081200000| Untracked 
|  19|0x0000000081300000, 0x0000000081400000, 0x0000000081400000|100%| O|  |TAMS 0x0000000081400000, 0x0000000081300000| Untracked 
|  20|0x0000000081400000, 0x0000000081500000, 0x0000000081500000|100%|HS|  |TAMS 0x0000000081500000, 0x0000000081400000| Complete 
|  21|0x0000000081500000, 0x0000000081600000, 0x0000000081600000|100%|HC|  |TAMS 0x0000000081600000, 0x0000000081500000| Complete 
|  22|0x0000000081600000, 0x0000000081700000, 0x0000000081700000|100%|HS|  |TAMS 0x0000000081700000, 0x0000000081600000| Complete 
|  23|0x0000000081700000, 0x0000000081800000, 0x0000000081800000|100%|HC|  |TAMS 0x0000000081800000, 0x0000000081700000| Complete 
|  24|0x0000000081800000, 0x0000000081900000, 0x0000000081900000|100%|HC|  |TAMS 0x0000000081900000, 0x0000000081800000| Complete 
|  25|0x0000000081900000, 0x0000000081a00000, 0x0000000081a00000|100%|HS|  |TAMS 0x0000000081a00000, 0x0000000081900000| Complete 
|  26|0x0000000081a00000, 0x0000000081b00000, 0x0000000081b00000|100%|HC|  |TAMS 0x0000000081b00000, 0x0000000081a00000| Complete 
|  27|0x0000000081b00000, 0x0000000081c00000, 0x0000000081c00000|100%|HC|  |TAMS 0x0000000081c00000, 0x0000000081b00000| Complete 
|  28|0x0000000081c00000, 0x0000000081d00000, 0x0000000081d00000|100%| O|  |TAMS 0x0000000081d00000, 0x0000000081c00000| Untracked 
|  29|0x0000000081d00000, 0x0000000081e00000, 0x0000000081e00000|100%| O|  |TAMS 0x0000000081e00000, 0x0000000081d00000| Untracked 
|  30|0x0000000081e00000, 0x0000000081f00000, 0x0000000081f00000|100%| O|  |TAMS 0x0000000081f00000, 0x0000000081e00000| Untracked 
|  31|0x0000000081f00000, 0x0000000082000000, 0x0000000082000000|100%|HS|  |TAMS 0x0000000082000000, 0x0000000081f00000| Complete 
|  32|0x0000000082000000, 0x0000000082100000, 0x0000000082100000|100%|HC|  |TAMS 0x0000000082100000, 0x0000000082000000| Complete 
|  33|0x0000000082100000, 0x0000000082200000, 0x0000000082200000|100%|HC|  |TAMS 0x0000000082200000, 0x0000000082100000| Complete 
|  34|0x0000000082200000, 0x0000000082300000, 0x0000000082300000|100%|HC|  |TAMS 0x0000000082300000, 0x0000000082200000| Complete 
|  35|0x0000000082300000, 0x0000000082400000, 0x0000000082400000|100%|HC|  |TAMS 0x0000000082400000, 0x0000000082300000| Complete 
|  36|0x0000000082400000, 0x0000000082500000, 0x0000000082500000|100%|HC|  |TAMS 0x0000000082500000, 0x0000000082400000| Complete 
|  37|0x0000000082500000, 0x0000000082600000, 0x0000000082600000|100%|HC|  |TAMS 0x0000000082600000, 0x0000000082500000| Complete 
|  38|0x0000000082600000, 0x0000000082700000, 0x0000000082700000|100%|HC|  |TAMS 0x0000000082700000, 0x0000000082600000| Complete 
|  39|0x0000000082700000, 0x0000000082800000, 0x0000000082800000|100%|HC|  |TAMS 0x0000000082800000, 0x0000000082700000| Complete 
|  40|0x0000000082800000, 0x0000000082900000, 0x0000000082900000|100%|HC|  |TAMS 0x0000000082900000, 0x0000000082800000| Complete 
|  41|0x0000000082900000, 0x0000000082a00000, 0x0000000082a00000|100%|HC|  |TAMS 0x0000000082a00000, 0x0000000082900000| Complete 
|  42|0x0000000082a00000, 0x0000000082b00000, 0x0000000082b00000|100%|HC|  |TAMS 0x0000000082b00000, 0x0000000082a00000| Complete 
|  43|0x0000000082b00000, 0x0000000082c00000, 0x0000000082c00000|100%|HS|  |TAMS 0x0000000082c00000, 0x0000000082b00000| Complete 
|  44|0x0000000082c00000, 0x0000000082d00000, 0x0000000082d00000|100%|HC|  |TAMS 0x0000000082d00000, 0x0000000082c00000| Complete 
|  45|0x0000000082d00000, 0x0000000082e00000, 0x0000000082e00000|100%| O|  |TAMS 0x0000000082e00000, 0x0000000082d00000| Untracked 
|  46|0x0000000082e00000, 0x0000000082f00000, 0x0000000082f00000|100%| O|  |TAMS 0x0000000082f00000, 0x0000000082e00000| Untracked 
|  47|0x0000000082f00000, 0x0000000083000000, 0x0000000083000000|100%| O|  |TAMS 0x0000000083000000, 0x0000000082f00000| Untracked 
|  48|0x0000000083000000, 0x0000000083100000, 0x0000000083100000|100%| O|  |TAMS 0x0000000083100000, 0x0000000083000000| Untracked 
|  49|0x0000000083100000, 0x0000000083200000, 0x0000000083200000|100%| O|  |TAMS 0x0000000083200000, 0x0000000083100000| Untracked 
|  50|0x0000000083200000, 0x0000000083300000, 0x0000000083300000|100%| O|  |TAMS 0x0000000083300000, 0x0000000083200000| Untracked 
|  51|0x0000000083300000, 0x0000000083400000, 0x0000000083400000|100%| O|  |TAMS 0x0000000083400000, 0x0000000083300000| Untracked 
|  52|0x0000000083400000, 0x0000000083500000, 0x0000000083500000|100%| O|  |TAMS 0x0000000083500000, 0x0000000083400000| Untracked 
|  53|0x0000000083500000, 0x0000000083600000, 0x0000000083600000|100%| O|  |TAMS 0x0000000083600000, 0x0000000083500000| Untracked 
|  54|0x0000000083600000, 0x0000000083700000, 0x0000000083700000|100%| O|  |TAMS 0x0000000083700000, 0x0000000083600000| Untracked 
|  55|0x0000000083700000, 0x0000000083800000, 0x0000000083800000|100%|HS|  |TAMS 0x0000000083800000, 0x0000000083700000| Complete 
|  56|0x0000000083800000, 0x0000000083900000, 0x0000000083900000|100%|HC|  |TAMS 0x0000000083900000, 0x0000000083800000| Complete 
|  57|0x0000000083900000, 0x0000000083a00000, 0x0000000083a00000|100%|HC|  |TAMS 0x0000000083a00000, 0x0000000083900000| Complete 
|  58|0x0000000083a00000, 0x0000000083b00000, 0x0000000083b00000|100%|HS|  |TAMS 0x0000000083b00000, 0x0000000083a00000| Complete 
|  59|0x0000000083b00000, 0x0000000083c00000, 0x0000000083c00000|100%|HC|  |TAMS 0x0000000083c00000, 0x0000000083b00000| Complete 
|  60|0x0000000083c00000, 0x0000000083d00000, 0x0000000083d00000|100%|HC|  |TAMS 0x0000000083d00000, 0x0000000083c00000| Complete 
|  61|0x0000000083d00000, 0x0000000083e00000, 0x0000000083e00000|100%| O|  |TAMS 0x0000000083e00000, 0x0000000083d00000| Untracked 
|  62|0x0000000083e00000, 0x0000000083f00000, 0x0000000083f00000|100%| O|  |TAMS 0x0000000083f00000, 0x0000000083e00000| Untracked 
|  63|0x0000000083f00000, 0x0000000084000000, 0x0000000084000000|100%| O|  |TAMS 0x0000000084000000, 0x0000000083f00000| Untracked 
|  64|0x0000000084000000, 0x0000000084100000, 0x0000000084100000|100%| O|  |TAMS 0x0000000084100000, 0x0000000084000000| Untracked 
|  65|0x0000000084100000, 0x0000000084200000, 0x0000000084200000|100%| O|  |TAMS 0x0000000084200000, 0x0000000084100000| Untracked 
|  66|0x0000000084200000, 0x0000000084300000, 0x0000000084300000|100%|HS|  |TAMS 0x0000000084300000, 0x0000000084200000| Complete 
|  67|0x0000000084300000, 0x0000000084400000, 0x0000000084400000|100%|HC|  |TAMS 0x0000000084400000, 0x0000000084300000| Complete 
|  68|0x0000000084400000, 0x0000000084500000, 0x0000000084500000|100%|HC|  |TAMS 0x0000000084500000, 0x0000000084400000| Complete 
|  69|0x0000000084500000, 0x0000000084600000, 0x0000000084600000|100%|HC|  |TAMS 0x0000000084600000, 0x0000000084500000| Complete 
|  70|0x0000000084600000, 0x0000000084700000, 0x0000000084700000|100%| O|  |TAMS 0x0000000084700000, 0x0000000084600000| Untracked 
|  71|0x0000000084700000, 0x0000000084800000, 0x0000000084800000|100%| O|  |TAMS 0x0000000084800000, 0x0000000084700000| Untracked 
|  72|0x0000000084800000, 0x0000000084900000, 0x0000000084900000|100%| O|  |TAMS 0x0000000084900000, 0x0000000084800000| Untracked 
|  73|0x0000000084900000, 0x0000000084a00000, 0x0000000084a00000|100%| O|  |TAMS 0x0000000084a00000, 0x0000000084900000| Untracked 
|  74|0x0000000084a00000, 0x0000000084b00000, 0x0000000084b00000|100%| O|  |TAMS 0x0000000084b00000, 0x0000000084a00000| Untracked 
|  75|0x0000000084b00000, 0x0000000084c00000, 0x0000000084c00000|100%| O|  |TAMS 0x0000000084c00000, 0x0000000084b00000| Untracked 
|  76|0x0000000084c00000, 0x0000000084d00000, 0x0000000084d00000|100%| O|  |TAMS 0x0000000084d00000, 0x0000000084c00000| Untracked 
|  77|0x0000000084d00000, 0x0000000084e00000, 0x0000000084e00000|100%| O|  |TAMS 0x0000000084e00000, 0x0000000084d00000| Untracked 
|  78|0x0000000084e00000, 0x0000000084f00000, 0x0000000084f00000|100%| O|  |TAMS 0x0000000084f00000, 0x0000000084e00000| Untracked 
|  79|0x0000000084f00000, 0x0000000085000000, 0x0000000085000000|100%| O|  |TAMS 0x0000000085000000, 0x0000000084f00000| Untracked 
|  80|0x0000000085000000, 0x0000000085100000, 0x0000000085100000|100%| O|  |TAMS 0x0000000085100000, 0x0000000085000000| Untracked 
|  81|0x0000000085100000, 0x0000000085200000, 0x0000000085200000|100%| O|  |TAMS 0x0000000085200000, 0x0000000085100000| Untracked 
|  82|0x0000000085200000, 0x0000000085300000, 0x0000000085300000|100%| O|  |TAMS 0x0000000085300000, 0x0000000085200000| Untracked 
|  83|0x0000000085300000, 0x0000000085400000, 0x0000000085400000|100%| O|  |TAMS 0x0000000085400000, 0x0000000085300000| Untracked 
|  84|0x0000000085400000, 0x0000000085500000, 0x0000000085500000|100%| O|  |TAMS 0x0000000085500000, 0x0000000085400000| Untracked 
|  85|0x0000000085500000, 0x0000000085600000, 0x0000000085600000|100%|HS|  |TAMS 0x0000000085600000, 0x0000000085500000| Complete 
|  86|0x0000000085600000, 0x0000000085700000, 0x0000000085700000|100%|HC|  |TAMS 0x0000000085700000, 0x0000000085600000| Complete 
|  87|0x0000000085700000, 0x0000000085800000, 0x0000000085800000|100%|HC|  |TAMS 0x0000000085800000, 0x0000000085700000| Complete 
|  88|0x0000000085800000, 0x0000000085900000, 0x0000000085900000|100%|HC|  |TAMS 0x0000000085900000, 0x0000000085800000| Complete 
|  89|0x0000000085900000, 0x0000000085a00000, 0x0000000085a00000|100%|HC|  |TAMS 0x0000000085a00000, 0x0000000085900000| Complete 
|  90|0x0000000085a00000, 0x0000000085b00000, 0x0000000085b00000|100%|HC|  |TAMS 0x0000000085b00000, 0x0000000085a00000| Complete 
|  91|0x0000000085b00000, 0x0000000085b00000, 0x0000000085c00000|  0%| F|  |TAMS 0x0000000085b00000, 0x0000000085b00000| Untracked 
|  92|0x0000000085c00000, 0x0000000085d00000, 0x0000000085d00000|100%| O|  |TAMS 0x0000000085d00000, 0x0000000085c00000| Untracked 
|  93|0x0000000085d00000, 0x0000000085e00000, 0x0000000085e00000|100%| O|  |TAMS 0x0000000085e00000, 0x0000000085d00000| Untracked 
|  94|0x0000000085e00000, 0x0000000085f00000, 0x0000000085f00000|100%| O|  |TAMS 0x0000000085f00000, 0x0000000085e00000| Untracked 
|  95|0x0000000085f00000, 0x0000000086000000, 0x0000000086000000|100%| O|  |TAMS 0x0000000086000000, 0x0000000085f00000| Untracked 
|  96|0x0000000086000000, 0x0000000086100000, 0x0000000086100000|100%| O|  |TAMS 0x0000000086100000, 0x0000000086000000| Untracked 
|  97|0x0000000086100000, 0x0000000086200000, 0x0000000086200000|100%| O|  |TAMS 0x0000000086200000, 0x0000000086100000| Untracked 
|  98|0x0000000086200000, 0x0000000086300000, 0x0000000086300000|100%| O|  |TAMS 0x0000000086279a00, 0x0000000086200000| Untracked 
|  99|0x0000000086300000, 0x0000000086400000, 0x0000000086400000|100%| O|  |TAMS 0x0000000086300000, 0x0000000086300000| Untracked 
| 100|0x0000000086400000, 0x0000000086500000, 0x0000000086500000|100%| O|  |TAMS 0x0000000086400000, 0x0000000086400000| Untracked 
| 101|0x0000000086500000, 0x0000000086600000, 0x0000000086600000|100%| O|  |TAMS 0x0000000086500000, 0x0000000086500000| Untracked 
| 102|0x0000000086600000, 0x0000000086700000, 0x0000000086700000|100%| O|  |TAMS 0x0000000086600000, 0x0000000086600000| Untracked 
| 103|0x0000000086700000, 0x0000000086800000, 0x0000000086800000|100%| O|  |TAMS 0x0000000086700000, 0x0000000086700000| Untracked 
| 104|0x0000000086800000, 0x000000008688ca00, 0x0000000086900000| 54%| O|  |TAMS 0x0000000086800000, 0x0000000086800000| Untracked 
| 105|0x0000000086900000, 0x0000000086900000, 0x0000000086a00000|  0%| F|  |TAMS 0x0000000086900000, 0x0000000086900000| Untracked 
| 106|0x0000000086a00000, 0x0000000086a00000, 0x0000000086b00000|  0%| F|  |TAMS 0x0000000086a00000, 0x0000000086a00000| Untracked 
| 107|0x0000000086b00000, 0x0000000086b00000, 0x0000000086c00000|  0%| F|  |TAMS 0x0000000086b00000, 0x0000000086b00000| Untracked 
| 108|0x0000000086c00000, 0x0000000086c00000, 0x0000000086d00000|  0%| F|  |TAMS 0x0000000086c00000, 0x0000000086c00000| Untracked 
| 109|0x0000000086d00000, 0x0000000086d00000, 0x0000000086e00000|  0%| F|  |TAMS 0x0000000086d00000, 0x0000000086d00000| Untracked 
| 110|0x0000000086e00000, 0x0000000086e00000, 0x0000000086f00000|  0%| F|  |TAMS 0x0000000086e00000, 0x0000000086e00000| Untracked 
| 111|0x0000000086f00000, 0x0000000086f00000, 0x0000000087000000|  0%| F|  |TAMS 0x0000000086f00000, 0x0000000086f00000| Untracked 
| 112|0x0000000087000000, 0x0000000087000000, 0x0000000087100000|  0%| F|  |TAMS 0x0000000087000000, 0x0000000087000000| Untracked 
| 113|0x0000000087100000, 0x0000000087100000, 0x0000000087200000|  0%| F|  |TAMS 0x0000000087100000, 0x0000000087100000| Untracked 
| 114|0x0000000087200000, 0x0000000087200000, 0x0000000087300000|  0%| F|  |TAMS 0x0000000087200000, 0x0000000087200000| Untracked 
| 115|0x0000000087300000, 0x0000000087300000, 0x0000000087400000|  0%| F|  |TAMS 0x0000000087300000, 0x0000000087300000| Untracked 
| 116|0x0000000087400000, 0x0000000087400000, 0x0000000087500000|  0%| F|  |TAMS 0x0000000087400000, 0x0000000087400000| Untracked 
| 117|0x0000000087500000, 0x0000000087500000, 0x0000000087600000|  0%| F|  |TAMS 0x0000000087500000, 0x0000000087500000| Untracked 
| 118|0x0000000087600000, 0x0000000087600000, 0x0000000087700000|  0%| F|  |TAMS 0x0000000087600000, 0x0000000087600000| Untracked 
| 119|0x0000000087700000, 0x0000000087700000, 0x0000000087800000|  0%| F|  |TAMS 0x0000000087700000, 0x0000000087700000| Untracked 
| 120|0x0000000087800000, 0x0000000087800000, 0x0000000087900000|  0%| F|  |TAMS 0x0000000087800000, 0x0000000087800000| Untracked 
| 121|0x0000000087900000, 0x0000000087900000, 0x0000000087a00000|  0%| F|  |TAMS 0x0000000087900000, 0x0000000087900000| Untracked 
| 122|0x0000000087a00000, 0x0000000087a00000, 0x0000000087b00000|  0%| F|  |TAMS 0x0000000087a00000, 0x0000000087a00000| Untracked 
| 123|0x0000000087b00000, 0x0000000087b00000, 0x0000000087c00000|  0%| F|  |TAMS 0x0000000087b00000, 0x0000000087b00000| Untracked 
| 124|0x0000000087c00000, 0x0000000087c00000, 0x0000000087d00000|  0%| F|  |TAMS 0x0000000087c00000, 0x0000000087c00000| Untracked 
| 125|0x0000000087d00000, 0x0000000087d00000, 0x0000000087e00000|  0%| F|  |TAMS 0x0000000087d00000, 0x0000000087d00000| Untracked 
| 126|0x0000000087e00000, 0x0000000087e00000, 0x0000000087f00000|  0%| F|  |TAMS 0x0000000087e00000, 0x0000000087e00000| Untracked 
| 127|0x0000000087f00000, 0x0000000087f00000, 0x0000000088000000|  0%| F|  |TAMS 0x0000000087f00000, 0x0000000087f00000| Untracked 
| 128|0x0000000088000000, 0x0000000088000000, 0x0000000088100000|  0%| F|  |TAMS 0x0000000088000000, 0x0000000088000000| Untracked 
| 129|0x0000000088100000, 0x0000000088100000, 0x0000000088200000|  0%| F|  |TAMS 0x0000000088100000, 0x0000000088100000| Untracked 
| 130|0x0000000088200000, 0x0000000088200000, 0x0000000088300000|  0%| F|  |TAMS 0x0000000088200000, 0x0000000088200000| Untracked 
| 131|0x0000000088300000, 0x0000000088300000, 0x0000000088400000|  0%| F|  |TAMS 0x0000000088300000, 0x0000000088300000| Untracked 
| 132|0x0000000088400000, 0x0000000088400000, 0x0000000088500000|  0%| F|  |TAMS 0x0000000088400000, 0x0000000088400000| Untracked 
| 133|0x0000000088500000, 0x0000000088500000, 0x0000000088600000|  0%| F|  |TAMS 0x0000000088500000, 0x0000000088500000| Untracked 
| 134|0x0000000088600000, 0x0000000088600000, 0x0000000088700000|  0%| F|  |TAMS 0x0000000088600000, 0x0000000088600000| Untracked 
| 135|0x0000000088700000, 0x0000000088700000, 0x0000000088800000|  0%| F|  |TAMS 0x0000000088700000, 0x0000000088700000| Untracked 
| 136|0x0000000088800000, 0x0000000088800000, 0x0000000088900000|  0%| F|  |TAMS 0x0000000088800000, 0x0000000088800000| Untracked 
| 137|0x0000000088900000, 0x0000000088900000, 0x0000000088a00000|  0%| F|  |TAMS 0x0000000088900000, 0x0000000088900000| Untracked 
| 138|0x0000000088a00000, 0x0000000088a00000, 0x0000000088b00000|  0%| F|  |TAMS 0x0000000088a00000, 0x0000000088a00000| Untracked 
| 139|0x0000000088b00000, 0x0000000088b00000, 0x0000000088c00000|  0%| F|  |TAMS 0x0000000088b00000, 0x0000000088b00000| Untracked 
| 140|0x0000000088c00000, 0x0000000088c00000, 0x0000000088d00000|  0%| F|  |TAMS 0x0000000088c00000, 0x0000000088c00000| Untracked 
| 141|0x0000000088d00000, 0x0000000088d00000, 0x0000000088e00000|  0%| F|  |TAMS 0x0000000088d00000, 0x0000000088d00000| Untracked 
| 142|0x0000000088e00000, 0x0000000088e00000, 0x0000000088f00000|  0%| F|  |TAMS 0x0000000088e00000, 0x0000000088e00000| Untracked 
| 143|0x0000000088f00000, 0x0000000088f00000, 0x0000000089000000|  0%| F|  |TAMS 0x0000000088f00000, 0x0000000088f00000| Untracked 
| 144|0x0000000089000000, 0x0000000089000000, 0x0000000089100000|  0%| F|  |TAMS 0x0000000089000000, 0x0000000089000000| Untracked 
| 145|0x0000000089100000, 0x0000000089100000, 0x0000000089200000|  0%| F|  |TAMS 0x0000000089100000, 0x0000000089100000| Untracked 
| 146|0x0000000089200000, 0x0000000089200000, 0x0000000089300000|  0%| F|  |TAMS 0x0000000089200000, 0x0000000089200000| Untracked 
| 147|0x0000000089300000, 0x0000000089300000, 0x0000000089400000|  0%| F|  |TAMS 0x0000000089300000, 0x0000000089300000| Untracked 
| 148|0x0000000089400000, 0x0000000089400000, 0x0000000089500000|  0%| F|  |TAMS 0x0000000089400000, 0x0000000089400000| Untracked 
| 149|0x0000000089500000, 0x0000000089500000, 0x0000000089600000|  0%| F|  |TAMS 0x0000000089500000, 0x0000000089500000| Untracked 
| 150|0x0000000089600000, 0x0000000089600000, 0x0000000089700000|  0%| F|  |TAMS 0x0000000089600000, 0x0000000089600000| Untracked 
| 151|0x0000000089700000, 0x0000000089700000, 0x0000000089800000|  0%| F|  |TAMS 0x0000000089700000, 0x0000000089700000| Untracked 
| 152|0x0000000089800000, 0x0000000089800000, 0x0000000089900000|  0%| F|  |TAMS 0x0000000089800000, 0x0000000089800000| Untracked 
| 153|0x0000000089900000, 0x0000000089900000, 0x0000000089a00000|  0%| F|  |TAMS 0x0000000089900000, 0x0000000089900000| Untracked 
| 154|0x0000000089a00000, 0x0000000089a00000, 0x0000000089b00000|  0%| F|  |TAMS 0x0000000089a00000, 0x0000000089a00000| Untracked 
| 155|0x0000000089b00000, 0x0000000089b00000, 0x0000000089c00000|  0%| F|  |TAMS 0x0000000089b00000, 0x0000000089b00000| Untracked 
| 156|0x0000000089c00000, 0x0000000089c00000, 0x0000000089d00000|  0%| F|  |TAMS 0x0000000089c00000, 0x0000000089c00000| Untracked 
| 157|0x0000000089d00000, 0x0000000089d00000, 0x0000000089e00000|  0%| F|  |TAMS 0x0000000089d00000, 0x0000000089d00000| Untracked 
| 158|0x0000000089e00000, 0x0000000089e00000, 0x0000000089f00000|  0%| F|  |TAMS 0x0000000089e00000, 0x0000000089e00000| Untracked 
| 159|0x0000000089f00000, 0x0000000089f00000, 0x000000008a000000|  0%| F|  |TAMS 0x0000000089f00000, 0x0000000089f00000| Untracked 
| 160|0x000000008a000000, 0x000000008a000000, 0x000000008a100000|  0%| F|  |TAMS 0x000000008a000000, 0x000000008a000000| Untracked 
| 161|0x000000008a100000, 0x000000008a100000, 0x000000008a200000|  0%| F|  |TAMS 0x000000008a100000, 0x000000008a100000| Untracked 
| 162|0x000000008a200000, 0x000000008a200000, 0x000000008a300000|  0%| F|  |TAMS 0x000000008a200000, 0x000000008a200000| Untracked 
| 163|0x000000008a300000, 0x000000008a300000, 0x000000008a400000|  0%| F|  |TAMS 0x000000008a300000, 0x000000008a300000| Untracked 
| 164|0x000000008a400000, 0x000000008a400000, 0x000000008a500000|  0%| F|  |TAMS 0x000000008a400000, 0x000000008a400000| Untracked 
| 165|0x000000008a500000, 0x000000008a500000, 0x000000008a600000|  0%| F|  |TAMS 0x000000008a500000, 0x000000008a500000| Untracked 
| 166|0x000000008a600000, 0x000000008a600000, 0x000000008a700000|  0%| F|  |TAMS 0x000000008a600000, 0x000000008a600000| Untracked 
| 167|0x000000008a700000, 0x000000008a700000, 0x000000008a800000|  0%| F|  |TAMS 0x000000008a700000, 0x000000008a700000| Untracked 
| 168|0x000000008a800000, 0x000000008a800000, 0x000000008a900000|  0%| F|  |TAMS 0x000000008a800000, 0x000000008a800000| Untracked 
| 169|0x000000008a900000, 0x000000008a900000, 0x000000008aa00000|  0%| F|  |TAMS 0x000000008a900000, 0x000000008a900000| Untracked 
| 170|0x000000008aa00000, 0x000000008aa00000, 0x000000008ab00000|  0%| F|  |TAMS 0x000000008aa00000, 0x000000008aa00000| Untracked 
| 171|0x000000008ab00000, 0x000000008ab00000, 0x000000008ac00000|  0%| F|  |TAMS 0x000000008ab00000, 0x000000008ab00000| Untracked 
| 172|0x000000008ac00000, 0x000000008ac00000, 0x000000008ad00000|  0%| F|  |TAMS 0x000000008ac00000, 0x000000008ac00000| Untracked 
| 173|0x000000008ad00000, 0x000000008ad00000, 0x000000008ae00000|  0%| F|  |TAMS 0x000000008ad00000, 0x000000008ad00000| Untracked 
| 174|0x000000008ae00000, 0x000000008ae00000, 0x000000008af00000|  0%| F|  |TAMS 0x000000008ae00000, 0x000000008ae00000| Untracked 
| 175|0x000000008af00000, 0x000000008af00000, 0x000000008b000000|  0%| F|  |TAMS 0x000000008af00000, 0x000000008af00000| Untracked 
| 176|0x000000008b000000, 0x000000008b000000, 0x000000008b100000|  0%| F|  |TAMS 0x000000008b000000, 0x000000008b000000| Untracked 
| 177|0x000000008b100000, 0x000000008b100000, 0x000000008b200000|  0%| F|  |TAMS 0x000000008b100000, 0x000000008b100000| Untracked 
| 178|0x000000008b200000, 0x000000008b200000, 0x000000008b300000|  0%| F|  |TAMS 0x000000008b200000, 0x000000008b200000| Untracked 
| 179|0x000000008b300000, 0x000000008b300000, 0x000000008b400000|  0%| F|  |TAMS 0x000000008b300000, 0x000000008b300000| Untracked 
| 180|0x000000008b400000, 0x000000008b400000, 0x000000008b500000|  0%| F|  |TAMS 0x000000008b400000, 0x000000008b400000| Untracked 
| 181|0x000000008b500000, 0x000000008b500000, 0x000000008b600000|  0%| F|  |TAMS 0x000000008b500000, 0x000000008b500000| Untracked 
| 182|0x000000008b600000, 0x000000008b600000, 0x000000008b700000|  0%| F|  |TAMS 0x000000008b600000, 0x000000008b600000| Untracked 
| 183|0x000000008b700000, 0x000000008b700000, 0x000000008b800000|  0%| F|  |TAMS 0x000000008b700000, 0x000000008b700000| Untracked 
| 184|0x000000008b800000, 0x000000008b800000, 0x000000008b900000|  0%| F|  |TAMS 0x000000008b800000, 0x000000008b800000| Untracked 
| 185|0x000000008b900000, 0x000000008b900000, 0x000000008ba00000|  0%| F|  |TAMS 0x000000008b900000, 0x000000008b900000| Untracked 
| 186|0x000000008ba00000, 0x000000008ba00000, 0x000000008bb00000|  0%| F|  |TAMS 0x000000008ba00000, 0x000000008ba00000| Untracked 
| 187|0x000000008bb00000, 0x000000008bb00000, 0x000000008bc00000|  0%| F|  |TAMS 0x000000008bb00000, 0x000000008bb00000| Untracked 
| 188|0x000000008bc00000, 0x000000008bc00000, 0x000000008bd00000|  0%| F|  |TAMS 0x000000008bc00000, 0x000000008bc00000| Untracked 
| 189|0x000000008bd00000, 0x000000008bd00000, 0x000000008be00000|  0%| F|  |TAMS 0x000000008bd00000, 0x000000008bd00000| Untracked 
| 190|0x000000008be00000, 0x000000008be00000, 0x000000008bf00000|  0%| F|  |TAMS 0x000000008be00000, 0x000000008be00000| Untracked 
| 191|0x000000008bf00000, 0x000000008bf00000, 0x000000008c000000|  0%| F|  |TAMS 0x000000008bf00000, 0x000000008bf00000| Untracked 
| 192|0x000000008c000000, 0x000000008c000000, 0x000000008c100000|  0%| F|  |TAMS 0x000000008c000000, 0x000000008c000000| Untracked 
| 193|0x000000008c100000, 0x000000008c100000, 0x000000008c200000|  0%| F|  |TAMS 0x000000008c100000, 0x000000008c100000| Untracked 
| 194|0x000000008c200000, 0x000000008c200000, 0x000000008c300000|  0%| F|  |TAMS 0x000000008c200000, 0x000000008c200000| Untracked 
| 195|0x000000008c300000, 0x000000008c300000, 0x000000008c400000|  0%| F|  |TAMS 0x000000008c300000, 0x000000008c300000| Untracked 
| 196|0x000000008c400000, 0x000000008c400000, 0x000000008c500000|  0%| F|  |TAMS 0x000000008c400000, 0x000000008c400000| Untracked 
| 197|0x000000008c500000, 0x000000008c500000, 0x000000008c600000|  0%| F|  |TAMS 0x000000008c500000, 0x000000008c500000| Untracked 
| 198|0x000000008c600000, 0x000000008c600000, 0x000000008c700000|  0%| F|  |TAMS 0x000000008c600000, 0x000000008c600000| Untracked 
| 199|0x000000008c700000, 0x000000008c700000, 0x000000008c800000|  0%| F|  |TAMS 0x000000008c700000, 0x000000008c700000| Untracked 
| 200|0x000000008c800000, 0x000000008c800000, 0x000000008c900000|  0%| F|  |TAMS 0x000000008c800000, 0x000000008c800000| Untracked 
| 201|0x000000008c900000, 0x000000008c900000, 0x000000008ca00000|  0%| F|  |TAMS 0x000000008c900000, 0x000000008c900000| Untracked 
| 202|0x000000008ca00000, 0x000000008ca00000, 0x000000008cb00000|  0%| F|  |TAMS 0x000000008ca00000, 0x000000008ca00000| Untracked 
| 203|0x000000008cb00000, 0x000000008cb00000, 0x000000008cc00000|  0%| F|  |TAMS 0x000000008cb00000, 0x000000008cb00000| Untracked 
| 204|0x000000008cc00000, 0x000000008cc00000, 0x000000008cd00000|  0%| F|  |TAMS 0x000000008cc00000, 0x000000008cc00000| Untracked 
| 205|0x000000008cd00000, 0x000000008cd00000, 0x000000008ce00000|  0%| F|  |TAMS 0x000000008cd00000, 0x000000008cd00000| Untracked 
| 206|0x000000008ce00000, 0x000000008ce00000, 0x000000008cf00000|  0%| F|  |TAMS 0x000000008ce00000, 0x000000008ce00000| Untracked 
| 207|0x000000008cf00000, 0x000000008cf00000, 0x000000008d000000|  0%| F|  |TAMS 0x000000008cf00000, 0x000000008cf00000| Untracked 
| 208|0x000000008d000000, 0x000000008d100000, 0x000000008d100000|100%| S|CS|TAMS 0x000000008d000000, 0x000000008d000000| Complete 
| 209|0x000000008d100000, 0x000000008d100000, 0x000000008d200000|  0%| F|  |TAMS 0x000000008d100000, 0x000000008d100000| Untracked 
| 210|0x000000008d200000, 0x000000008d200000, 0x000000008d300000|  0%| F|  |TAMS 0x000000008d200000, 0x000000008d200000| Untracked 
| 211|0x000000008d300000, 0x000000008d300000, 0x000000008d400000|  0%| F|  |TAMS 0x000000008d300000, 0x000000008d300000| Untracked 

Card table byte_map: [0x0000022e328a0000,0x0000022e32ca0000] _byte_map_base: 0x0000022e324a0000

Marking Bits (Prev, Next): (CMBitMap*) 0x0000022e200263a0, (CMBitMap*) 0x0000022e20026360
 Prev Bits: [0x0000022e350a0000, 0x0000022e370a0000)
 Next Bits: [0x0000022e330a0000, 0x0000022e350a0000)

Polling page: 0x0000022e1df60000

Metaspace:

Usage:
  Non-class:     75.39 MB used.
      Class:     11.51 MB used.
       Both:     86.89 MB used.

Virtual space:
  Non-class space:       80.00 MB reserved,      75.69 MB ( 95%) committed,  10 nodes.
      Class space:        1.00 GB reserved,      11.75 MB (  1%) committed,  1 nodes.
             Both:        1.08 GB reserved,      87.44 MB (  8%) committed. 

Chunk freelists:
   Non-Class:  144.00 KB
       Class:  192.00 KB
        Both:  336.00 KB

MaxMetaspaceSize: unlimited
CompressedClassSpaceSize: 1.00 GB
Initial GC threshold: 21.00 MB
Current GC threshold: 142.12 MB
CDS: off
MetaspaceReclaimPolicy: balanced
 - commit_granule_bytes: 65536.
 - commit_granule_words: 8192.
 - virtual_space_node_default_size: 1048576.
 - enlarge_chunks_in_place: 1.
 - new_chunks_are_fully_committed: 0.
 - uncommit_free_chunks: 1.
 - use_allocation_guard: 0.
 - handle_deallocations: 1.


Internal statistics:

num_allocs_failed_limit: 6.
num_arena_births: 714.
num_arena_deaths: 0.
num_vsnodes_births: 11.
num_vsnodes_deaths: 0.
num_space_committed: 1397.
num_space_uncommitted: 0.
num_chunks_returned_to_freelist: 6.
num_chunks_taken_from_freelist: 3619.
num_chunk_merges: 6.
num_chunk_splits: 2687.
num_chunks_enlarged: 2130.
num_purges: 0.
num_inconsistent_stats: 0.

CodeHeap 'non-profiled nmethods': size=120000Kb used=2459Kb max_used=2854Kb free=117540Kb
 bounds [0x0000022e2af70000, 0x0000022e2b240000, 0x0000022e324a0000]
CodeHeap 'profiled nmethods': size=120000Kb used=11299Kb max_used=11582Kb free=108700Kb
 bounds [0x0000022e234a0000, 0x0000022e23ff0000, 0x0000022e2a9d0000]
CodeHeap 'non-nmethods': size=5760Kb used=2389Kb max_used=2421Kb free=3370Kb
 bounds [0x0000022e2a9d0000, 0x0000022e2ac40000, 0x0000022e2af70000]
 total_blobs=6699 nmethods=5777 adapters=833
 compilation: enabled
              stopped_count=0, restarted_count=0
 full_count=0

Compilation events (20 events):
Event: 13.634 Thread 0x0000022e3a00ec50 nmethod 6723 0x0000022e2365b710 code [0x0000022e2365b8a0, 0x0000022e2365b9e8]
Event: 13.634 Thread 0x0000022e3a00ec50 6727       3       org.jetbrains.kotlin.scripting.extensions.ScriptExtraImportsProviderExtension$ScriptExtraImportImpl::getAliasName (20 bytes)
Event: 13.634 Thread 0x0000022e3a00ec50 nmethod 6727 0x0000022e23831c90 code [0x0000022e23831e40, 0x0000022e238320a8]
Event: 13.634 Thread 0x0000022e3a00ec50 6730       3       org.jetbrains.kotlin.resolve.QualifiedExpressionResolver::processSingleImport (185 bytes)
Event: 13.635 Thread 0x0000022e3a00ec50 nmethod 6730 0x0000022e23e2a490 code [0x0000022e23e2a760, 0x0000022e23e2b9b8]
Event: 13.635 Thread 0x0000022e3a00ec50 6724       3       org.jetbrains.kotlin.resolve.QualifiedExpressionResolver::doProcessImportReference (203 bytes)
Event: 13.637 Thread 0x0000022e3a00ec50 nmethod 6724 0x0000022e23744510 code [0x0000022e23744920, 0x0000022e237467b8]
Event: 13.637 Thread 0x0000022e3a00ec50 6725       3       org.jetbrains.kotlin.descriptors.PackageFragmentProviderKt::isEmpty (43 bytes)
Event: 13.638 Thread 0x0000022e3a00ec50 nmethod 6725 0x0000022e238e8990 code [0x0000022e238e8d80, 0x0000022e238ea7d8]
Event: 13.638 Thread 0x0000022e3a00ec50 6731       3       org.jetbrains.kotlin.psi.KtImportInfo::getImportedName (55 bytes)
Event: 13.639 Thread 0x0000022e3a00ec50 nmethod 6731 0x0000022e238c1610 code [0x0000022e238c1820, 0x0000022e238c1f08]
Event: 13.639 Thread 0x0000022e3a00ec50 6729       3       gnu.trove.THash::ensureCapacity (44 bytes)
Event: 13.639 Thread 0x0000022e3a00ec50 nmethod 6729 0x0000022e23743b10 code [0x0000022e23743d20, 0x0000022e23744358]
Event: 13.639 Thread 0x0000022e3a00ec50 6732       3       org.jetbrains.kotlin.psi.KtImportInfo::computeNameAsString (148 bytes)
Event: 13.641 Thread 0x0000022e3a00ec50 nmethod 6732 0x0000022e23e28a10 code [0x0000022e23e28d20, 0x0000022e23e2a068]
Event: 13.641 Thread 0x0000022e3a00ec50 6733       3       org.jetbrains.kotlin.resolve.QualifiedExpressionResolver::resolveToPackageOrClass (58 bytes)
Event: 13.641 Thread 0x0000022e3a00ec50 nmethod 6733 0x0000022e23743090 code [0x0000022e23743280, 0x0000022e23743808]
Event: 13.641 Thread 0x0000022e3a00ec50 6734       3       org.jetbrains.kotlin.resolve.QualifiedExpressionResolver::resolveToPackageOrClassPrefix$default (27 bytes)
Event: 13.641 Thread 0x0000022e3a00ec50 nmethod 6734 0x0000022e238c1090 code [0x0000022e238c1240, 0x0000022e238c13c8]
Event: 13.641 Thread 0x0000022e3a00ec50 6735       3       org.jetbrains.kotlin.resolve.QualifiedExpressionResolver::resolveToPackageOrClassPrefix (557 bytes)

GC Heap History (20 events):
Event: 7.589 GC heap after
{Heap after GC invocations=23 (full 0):
 garbage-first heap   total 119808K, used 68045K [0x0000000080000000, 0x0000000100000000)
  region size 1024K, 2 young (2048K), 2 survivors (2048K)
 Metaspace       used 49092K, committed 49600K, reserved 1097728K
  class space    used 6434K, committed 6656K, reserved 1048576K
}
Event: 8.006 GC heap before
{Heap before GC invocations=23 (full 0):
 garbage-first heap   total 119808K, used 91597K [0x0000000080000000, 0x0000000100000000)
  region size 1024K, 25 young (25600K), 2 survivors (2048K)
 Metaspace       used 51157K, committed 51648K, reserved 1097728K
  class space    used 6781K, committed 6976K, reserved 1048576K
}
Event: 8.011 GC heap after
{Heap after GC invocations=24 (full 0):
 garbage-first heap   total 165888K, used 69248K [0x0000000080000000, 0x0000000100000000)
  region size 1024K, 3 young (3072K), 3 survivors (3072K)
 Metaspace       used 51157K, committed 51648K, reserved 1097728K
  class space    used 6781K, committed 6976K, reserved 1048576K
}
Event: 9.113 GC heap before
{Heap before GC invocations=25 (full 0):
 garbage-first heap   total 165888K, used 120448K [0x0000000080000000, 0x0000000100000000)
  region size 1024K, 53 young (54272K), 3 survivors (3072K)
 Metaspace       used 58596K, committed 59072K, reserved 1105920K
  class space    used 7749K, committed 7936K, reserved 1048576K
}
Event: 9.124 GC heap after
{Heap after GC invocations=26 (full 0):
 garbage-first heap   total 165888K, used 71177K [0x0000000080000000, 0x0000000100000000)
  region size 1024K, 5 young (5120K), 5 survivors (5120K)
 Metaspace       used 58596K, committed 59072K, reserved 1105920K
  class space    used 7749K, committed 7936K, reserved 1048576K
}
Event: 10.216 GC heap before
{Heap before GC invocations=26 (full 0):
 garbage-first heap   total 165888K, used 126473K [0x0000000080000000, 0x0000000100000000)
  region size 1024K, 56 young (57344K), 5 survivors (5120K)
 Metaspace       used 68260K, committed 68928K, reserved 1114112K
  class space    used 9438K, committed 9728K, reserved 1048576K
}
Event: 10.231 GC heap after
{Heap after GC invocations=27 (full 0):
 garbage-first heap   total 165888K, used 76896K [0x0000000080000000, 0x0000000100000000)
  region size 1024K, 5 young (5120K), 5 survivors (5120K)
 Metaspace       used 68260K, committed 68928K, reserved 1114112K
  class space    used 9438K, committed 9728K, reserved 1048576K
}
Event: 10.843 GC heap before
{Heap before GC invocations=27 (full 0):
 garbage-first heap   total 165888K, used 139360K [0x0000000080000000, 0x0000000100000000)
  region size 1024K, 60 young (61440K), 5 survivors (5120K)
 Metaspace       used 71386K, committed 71936K, reserved 1114112K
  class space    used 9798K, committed 10048K, reserved 1048576K
}
Event: 10.880 GC heap after
{Heap after GC invocations=28 (full 0):
 garbage-first heap   total 165888K, used 86400K [0x0000000080000000, 0x0000000100000000)
  region size 1024K, 8 young (8192K), 8 survivors (8192K)
 Metaspace       used 71386K, committed 71936K, reserved 1114112K
  class space    used 9798K, committed 10048K, reserved 1048576K
}
Event: 11.053 GC heap before
{Heap before GC invocations=28 (full 0):
 garbage-first heap   total 165888K, used 97664K [0x0000000080000000, 0x0000000100000000)
  region size 1024K, 20 young (20480K), 8 survivors (8192K)
 Metaspace       used 72779K, committed 73344K, reserved 1114112K
  class space    used 9955K, committed 10240K, reserved 1048576K
}
Event: 11.071 GC heap after
{Heap after GC invocations=29 (full 0):
 garbage-first heap   total 165888K, used 89777K [0x0000000080000000, 0x0000000100000000)
  region size 1024K, 3 young (3072K), 3 survivors (3072K)
 Metaspace       used 72779K, committed 73344K, reserved 1114112K
  class space    used 9955K, committed 10240K, reserved 1048576K
}
Event: 11.809 GC heap before
{Heap before GC invocations=30 (full 0):
 garbage-first heap   total 173056K, used 139953K [0x0000000080000000, 0x0000000100000000)
  region size 1024K, 46 young (47104K), 3 survivors (3072K)
 Metaspace       used 78275K, committed 78912K, reserved 1122304K
  class space    used 10474K, committed 10752K, reserved 1048576K
}
Event: 11.818 GC heap after
{Heap after GC invocations=31 (full 0):
 garbage-first heap   total 173056K, used 100700K [0x0000000080000000, 0x0000000100000000)
  region size 1024K, 6 young (6144K), 6 survivors (6144K)
 Metaspace       used 78275K, committed 78912K, reserved 1122304K
  class space    used 10474K, committed 10752K, reserved 1048576K
}
Event: 12.501 GC heap before
{Heap before GC invocations=31 (full 0):
 garbage-first heap   total 173056K, used 141660K [0x0000000080000000, 0x0000000100000000)
  region size 1024K, 46 young (47104K), 6 survivors (6144K)
 Metaspace       used 83937K, committed 84608K, reserved 1122304K
  class space    used 11155K, committed 11456K, reserved 1048576K
}
Event: 12.516 GC heap after
{Heap after GC invocations=32 (full 0):
 garbage-first heap   total 173056K, used 103910K [0x0000000080000000, 0x0000000100000000)
  region size 1024K, 3 young (3072K), 3 survivors (3072K)
 Metaspace       used 83937K, committed 84608K, reserved 1122304K
  class space    used 11155K, committed 11456K, reserved 1048576K
}
Event: 12.926 GC heap before
{Heap before GC invocations=33 (full 0):
 garbage-first heap   total 183296K, used 120294K [0x0000000080000000, 0x0000000100000000)
  region size 1024K, 20 young (20480K), 3 survivors (3072K)
 Metaspace       used 86585K, committed 87168K, reserved 1130496K
  class space    used 11519K, committed 11776K, reserved 1048576K
}
Event: 12.933 GC heap after
{Heap after GC invocations=34 (full 0):
 garbage-first heap   total 183296K, used 104472K [0x0000000080000000, 0x0000000100000000)
  region size 1024K, 4 young (4096K), 4 survivors (4096K)
 Metaspace       used 86585K, committed 87168K, reserved 1130496K
  class space    used 11519K, committed 11776K, reserved 1048576K
}
Event: 13.523 GC heap before
{Heap before GC invocations=35 (full 0):
 garbage-first heap   total 217088K, used 151576K [0x0000000080000000, 0x0000000100000000)
  region size 1024K, 49 young (50176K), 4 survivors (4096K)
 Metaspace       used 88757K, committed 89344K, reserved 1130496K
  class space    used 11764K, committed 12032K, reserved 1048576K
}
Event: 13.548 GC heap after
{Heap after GC invocations=36 (full 0):
 garbage-first heap   total 217088K, used 107144K [0x0000000080000000, 0x0000000100000000)
  region size 1024K, 7 young (7168K), 7 survivors (7168K)
 Metaspace       used 88757K, committed 89344K, reserved 1130496K
  class space    used 11764K, committed 12032K, reserved 1048576K
}
Event: 13.644 GC heap before
{Heap before GC invocations=36 (full 0):
 garbage-first heap   total 217088K, used 110216K [0x0000000080000000, 0x0000000100000000)
  region size 1024K, 10 young (10240K), 7 survivors (7168K)
 Metaspace       used 88978K, committed 89536K, reserved 1130496K
  class space    used 11784K, committed 12032K, reserved 1048576K
}

Dll operation events (2 events):
Event: 0.008 Loaded shared library C:\Program Files\Android\Android Studio\jbr\bin\java.dll
Event: 0.538 Loaded shared library C:\Program Files\Android\Android Studio\jbr\bin\verify.dll

Deoptimization events (20 events):
Event: 13.194 Thread 0x0000022e3c745a70 Uncommon trap: trap_request=0xffffffde fr.pc=0x0000022e2b1f6440 relative=0x0000000000000120
Event: 13.194 Thread 0x0000022e3c745a70 Uncommon trap: reason=class_check action=maybe_recompile pc=0x0000022e2b1f6440 method=java.util.ArrayList.hashCodeRange(II)I @ 53 c2
Event: 13.194 Thread 0x0000022e3c745a70 DEOPT PACKING pc=0x0000022e2b1f6440 sp=0x00000061618f4ea0
Event: 13.194 Thread 0x0000022e3c745a70 DEOPT UNPACKING pc=0x0000022e2aa269a3 sp=0x00000061618f4e10 mode 2
Event: 13.194 Thread 0x0000022e3c745a70 Uncommon trap: trap_request=0xffffffde fr.pc=0x0000022e2b1f6440 relative=0x0000000000000120
Event: 13.194 Thread 0x0000022e3c745a70 Uncommon trap: reason=class_check action=maybe_recompile pc=0x0000022e2b1f6440 method=java.util.ArrayList.hashCodeRange(II)I @ 53 c2
Event: 13.194 Thread 0x0000022e3c745a70 DEOPT PACKING pc=0x0000022e2b1f6440 sp=0x00000061618f5120
Event: 13.194 Thread 0x0000022e3c745a70 DEOPT UNPACKING pc=0x0000022e2aa269a3 sp=0x00000061618f5090 mode 2
Event: 13.210 Thread 0x0000022e3c745a70 Uncommon trap: trap_request=0xffffffde fr.pc=0x0000022e2b1f6440 relative=0x0000000000000120
Event: 13.210 Thread 0x0000022e3c745a70 Uncommon trap: reason=class_check action=maybe_recompile pc=0x0000022e2b1f6440 method=java.util.ArrayList.hashCodeRange(II)I @ 53 c2
Event: 13.210 Thread 0x0000022e3c745a70 DEOPT PACKING pc=0x0000022e2b1f6440 sp=0x00000061618f4ea0
Event: 13.210 Thread 0x0000022e3c745a70 DEOPT UNPACKING pc=0x0000022e2aa269a3 sp=0x00000061618f4e10 mode 2
Event: 13.235 Thread 0x0000022e3c745a70 Uncommon trap: trap_request=0xffffffc6 fr.pc=0x0000022e2b20a218 relative=0x0000000000000078
Event: 13.235 Thread 0x0000022e3c745a70 Uncommon trap: reason=bimorphic_or_optimized_type_check action=maybe_recompile pc=0x0000022e2b20a218 method=java.util.Collections$UnmodifiableCollection.size()I @ 4 c2
Event: 13.235 Thread 0x0000022e3c745a70 DEOPT PACKING pc=0x0000022e2b20a218 sp=0x00000061618f4170
Event: 13.235 Thread 0x0000022e3c745a70 DEOPT UNPACKING pc=0x0000022e2aa269a3 sp=0x00000061618f40f8 mode 2
Event: 13.235 Thread 0x0000022e3c745a70 Uncommon trap: trap_request=0xffffffc6 fr.pc=0x0000022e2b20a218 relative=0x0000000000000078
Event: 13.235 Thread 0x0000022e3c745a70 Uncommon trap: reason=bimorphic_or_optimized_type_check action=maybe_recompile pc=0x0000022e2b20a218 method=java.util.Collections$UnmodifiableCollection.size()I @ 4 c2
Event: 13.235 Thread 0x0000022e3c745a70 DEOPT PACKING pc=0x0000022e2b20a218 sp=0x00000061618f4550
Event: 13.235 Thread 0x0000022e3c745a70 DEOPT UNPACKING pc=0x0000022e2aa269a3 sp=0x00000061618f44e0 mode 2

Classes unloaded (0 events):
No events

Classes redefined (0 events):
No events

Internal exceptions (20 events):
Event: 7.882 Thread 0x0000022e3c745a70 Exception <a 'java/lang/IncompatibleClassChangeError'{0x0000000086015a90}: Found class java.lang.Object, but interface was expected> (0x0000000086015a90) 
thrown [s\src\hotspot\share\interpreter\linkResolver.cpp, line 838]
Event: 8.669 Thread 0x0000022e3c745a70 Exception <a 'java/lang/NoSuchMethodError'{0x000000008810eed8}: 'int java.lang.invoke.DelegatingMethodHandle$Holder.reinvoke_L(java.lang.Object, java.lang.Object, java.lang.Object, long, int, int)'> (0x000000008810eed8) 
thrown [s\src\hotspot\share\interpreter\linkResolver.cpp, line 771]
Event: 8.670 Thread 0x0000022e3c745a70 Exception <a 'java/lang/NoSuchMethodError'{0x000000008811eaa8}: 'int java.lang.invoke.DelegatingMethodHandle$Holder.reinvoke_L(java.lang.Object, java.lang.Object, java.lang.Object, long, long, long)'> (0x000000008811eaa8) 
thrown [s\src\hotspot\share\interpreter\linkResolver.cpp, line 771]
Event: 8.671 Thread 0x0000022e3c745a70 Exception <a 'java/lang/NoSuchMethodError'{0x000000008812e980}: 'int java.lang.invoke.DelegatingMethodHandle$Holder.reinvoke_L(java.lang.Object, java.lang.Object, java.lang.Object, long, java.lang.Object, java.lang.Object)'> (0x000000008812e980) 
thrown [s\src\hotspot\share\interpreter\linkResolver.cpp, line 771]
Event: 8.672 Thread 0x0000022e3c745a70 Exception <a 'java/lang/NoSuchMethodError'{0x000000008813e6a0}: 'void java.lang.invoke.DelegatingMethodHandle$Holder.reinvoke_L(java.lang.Object, java.lang.Object, java.lang.Object, long, java.lang.Object)'> (0x000000008813e6a0) 
thrown [s\src\hotspot\share\interpreter\linkResolver.cpp, line 771]
Event: 8.672 Thread 0x0000022e3c745a70 Exception <a 'java/lang/NoSuchMethodError'{0x0000000088146d28}: 'java.lang.Object java.lang.invoke.DirectMethodHandle$Holder.invokeSpecial(java.lang.Object, java.lang.Object, java.lang.Object, java.lang.Object, long)'> (0x0000000088146d28) 
thrown [s\src\hotspot\share\interpreter\linkResolver.cpp, line 771]
Event: 8.677 Thread 0x0000022e3c745a70 Exception <a 'java/lang/NoSuchMethodError'{0x000000008816b9d8}: 'long java.lang.invoke.Invokers$Holder.invoke_MT(java.lang.Object, java.lang.Object, java.lang.Object, java.lang.Object)'> (0x000000008816b9d8) 
thrown [s\src\hotspot\share\interpreter\linkResolver.cpp, line 771]
Event: 8.678 Thread 0x0000022e3c745a70 Exception <a 'java/lang/NoSuchMethodError'{0x0000000088174ad8}: 'int java.lang.invoke.Invokers$Holder.invoke_MT(java.lang.Object, java.lang.Object, java.lang.Object, java.lang.Object)'> (0x0000000088174ad8) 
thrown [s\src\hotspot\share\interpreter\linkResolver.cpp, line 771]
Event: 8.681 Thread 0x0000022e3c745a70 Exception <a 'java/lang/NoSuchMethodError'{0x0000000088185d70}: 'int java.lang.invoke.DelegatingMethodHandle$Holder.reinvoke_L(java.lang.Object, java.lang.Object, java.lang.Object, long, int)'> (0x0000000088185d70) 
thrown [s\src\hotspot\share\interpreter\linkResolver.cpp, line 771]
Event: 8.684 Thread 0x0000022e3c745a70 Exception <a 'java/lang/NoSuchMethodError'{0x0000000088199238}: 'java.lang.Object java.lang.invoke.Invokers$Holder.invokeExact_MT(java.lang.Object, java.lang.Object, long, java.lang.Object)'> (0x0000000088199238) 
thrown [s\src\hotspot\share\interpreter\linkResolver.cpp, line 771]
Event: 8.907 Thread 0x0000022e3c745a70 Exception <a 'java/lang/NoSuchMethodError'{0x000000008797dad0}: 'java.lang.Object java.lang.invoke.DirectMethodHandle$Holder.invokeStaticInit(java.lang.Object, int)'> (0x000000008797dad0) 
thrown [s\src\hotspot\share\interpreter\linkResolver.cpp, line 771]
Event: 8.967 Thread 0x0000022e3c745a70 Exception <a 'java/lang/NoSuchMethodError'{0x0000000087659598}: 'long java.lang.invoke.DirectMethodHandle$Holder.invokeStatic(java.lang.Object)'> (0x0000000087659598) 
thrown [s\src\hotspot\share\interpreter\linkResolver.cpp, line 771]
Event: 8.967 Thread 0x0000022e3c745a70 Exception <a 'java/lang/NoSuchMethodError'{0x000000008765e180}: 'long java.lang.invoke.DirectMethodHandle$Holder.invokeStaticInit(java.lang.Object)'> (0x000000008765e180) 
thrown [s\src\hotspot\share\interpreter\linkResolver.cpp, line 771]
Event: 9.230 Thread 0x0000022e3c745a70 Implicit null exception at 0x0000022e2b0ec90c to 0x0000022e2b0eca42
Event: 9.732 Thread 0x0000022e3c745a70 Exception <a 'java/lang/NoSuchMethodError'{0x00000000887f5098}: 'void java.lang.invoke.DirectMethodHandle$Holder.invokeVirtual(java.lang.Object, java.lang.Object)'> (0x00000000887f5098) 
thrown [s\src\hotspot\share\interpreter\linkResolver.cpp, line 771]
Event: 10.183 Thread 0x0000022e3c745a70 Exception <a 'java/lang/NoSuchMethodError'{0x0000000087070b80}: 'java.lang.Object java.lang.invoke.Invokers$Holder.invoke_MT(java.lang.Object, java.lang.Object, java.lang.Object)'> (0x0000000087070b80) 
thrown [s\src\hotspot\share\interpreter\linkResolver.cpp, line 771]
Event: 12.667 Thread 0x0000022e3c745a70 Exception <a 'java/lang/NoSuchMethodError'{0x000000008b252f08}: 'java.lang.Object java.lang.invoke.DirectMethodHandle$Holder.invokeStatic(java.lang.Object, java.lang.Object, java.lang.Object, java.lang.Object, int)'> (0x000000008b252f08) 
thrown [s\src\hotspot\share\interpreter\linkResolver.cpp, line 771]
Event: 12.668 Thread 0x0000022e3c745a70 Exception <a 'java/lang/NoSuchMethodError'{0x000000008b25dd90}: 'java.lang.Object java.lang.invoke.DirectMethodHandle$Holder.newInvokeSpecial(java.lang.Object, java.lang.Object, java.lang.Object, java.lang.Object, int)'> (0x000000008b25dd90) 
thrown [s\src\hotspot\share\interpreter\linkResolver.cpp, line 771]
Event: 12.668 Thread 0x0000022e3c745a70 Exception <a 'java/lang/NoSuchMethodError'{0x000000008b263b58}: 'java.lang.Object java.lang.invoke.DirectMethodHandle$Holder.invokeSpecial(java.lang.Object, java.lang.Object, java.lang.Object, java.lang.Object, java.lang.Object, int)'> (0x000000008b263b58) 
thrown [s\src\hotspot\share\interpreter\linkResolver.cpp, line 771]
Event: 12.669 Thread 0x0000022e3c745a70 Exception <a 'java/lang/NoSuchMethodError'{0x000000008b2692d0}: 'java.lang.Object java.lang.invoke.Invokers$Holder.linkToTargetMethod(java.lang.Object, java.lang.Object, java.lang.Object, int, java.lang.Object)'> (0x000000008b2692d0) 
thrown [s\src\hotspot\share\interpreter\linkResolver.cpp, line 771]

VM Operations (20 events):
Event: 12.518 Executing VM operation: G1CollectForAllocation done
Event: 12.624 Executing VM operation: HandshakeAllThreads
Event: 12.624 Executing VM operation: HandshakeAllThreads done
Event: 12.630 Executing VM operation: HandshakeAllThreads
Event: 12.630 Executing VM operation: HandshakeAllThreads done
Event: 12.642 Executing VM operation: G1Concurrent
Event: 12.646 Executing VM operation: G1Concurrent done
Event: 12.693 Executing VM operation: G1Concurrent
Event: 12.694 Executing VM operation: G1Concurrent done
Event: 12.750 Executing VM operation: HandshakeAllThreads
Event: 12.750 Executing VM operation: HandshakeAllThreads done
Event: 12.925 Executing VM operation: G1TryInitiateConcMark
Event: 12.933 Executing VM operation: G1TryInitiateConcMark done
Event: 13.071 Executing VM operation: G1Concurrent
Event: 13.075 Executing VM operation: G1Concurrent done
Event: 13.118 Executing VM operation: G1Concurrent
Event: 13.118 Executing VM operation: G1Concurrent done
Event: 13.523 Executing VM operation: G1CollectForAllocation
Event: 13.548 Executing VM operation: G1CollectForAllocation done
Event: 13.644 Executing VM operation: G1CollectForAllocation

Events (20 events):
Event: 12.087 Thread 0x0000022e3a011560 flushing nmethod 0x0000022e23efba90
Event: 12.087 Thread 0x0000022e3a011560 flushing nmethod 0x0000022e23f60790
Event: 12.242 loading class java/text/StringCharacterIterator
Event: 12.242 loading class java/text/CharacterIterator
Event: 12.242 loading class java/text/CharacterIterator done
Event: 12.242 loading class java/text/StringCharacterIterator done
Event: 12.298 loading class java/io/NotSerializableException
Event: 12.298 loading class java/io/NotSerializableException done
Event: 12.340 loading class java/util/concurrent/LinkedBlockingDeque$Itr
Event: 12.340 loading class java/util/concurrent/LinkedBlockingDeque$AbstractItr
Event: 12.341 loading class java/util/concurrent/LinkedBlockingDeque$AbstractItr done
Event: 12.341 loading class java/util/concurrent/LinkedBlockingDeque$Itr done
Event: 12.574 loading class java/util/function/IntUnaryOperator
Event: 12.575 loading class java/util/function/IntUnaryOperator done
Event: 12.627 loading class java/util/AbstractList$SubList
Event: 12.628 loading class java/util/AbstractList$SubList done
Event: 12.628 loading class java/util/AbstractList$SubList$1
Event: 12.628 loading class java/util/AbstractList$SubList$1 done
Event: 12.628 loading class java/util/AbstractList$ListItr
Event: 12.628 loading class java/util/AbstractList$ListItr done


Dynamic libraries:
0x00007ff7aa190000 - 0x00007ff7aa19a000 	C:\Program Files\Android\Android Studio\jbr\bin\java.exe
0x00007fffeddb0000 - 0x00007fffedfa8000 	C:\WINDOWS\SYSTEM32\ntdll.dll
0x00007fffec680000 - 0x00007fffec73d000 	C:\WINDOWS\System32\KERNEL32.DLL
0x00007fffeb890000 - 0x00007fffebb86000 	C:\WINDOWS\System32\KERNELBASE.dll
0x00007fffeb490000 - 0x00007fffeb590000 	C:\WINDOWS\System32\ucrtbase.dll
0x00007fffb3530000 - 0x00007fffb3547000 	C:\Program Files\Android\Android Studio\jbr\bin\jli.dll
0x00007fffe5bd0000 - 0x00007fffe5beb000 	C:\Program Files\Android\Android Studio\jbr\bin\VCRUNTIME140.dll
0x00007fffed700000 - 0x00007fffed89e000 	C:\WINDOWS\System32\USER32.dll
0x00007fffebb90000 - 0x00007fffebbb2000 	C:\WINDOWS\System32\win32u.dll
0x00007fffd33d0000 - 0x00007fffd366a000 	C:\WINDOWS\WinSxS\amd64_microsoft.windows.common-controls_6595b64144ccf1df_6.0.19041.3636_none_60b6a03d71f818d5\COMCTL32.dll
0x00007fffedc10000 - 0x00007fffedc3c000 	C:\WINDOWS\System32\GDI32.dll
0x00007fffec420000 - 0x00007fffec4be000 	C:\WINDOWS\System32\msvcrt.dll
0x00007fffebbc0000 - 0x00007fffebcda000 	C:\WINDOWS\System32\gdi32full.dll
0x00007fffeb7f0000 - 0x00007fffeb88d000 	C:\WINDOWS\System32\msvcp_win.dll
0x00007fffebf60000 - 0x00007fffebf90000 	C:\WINDOWS\System32\IMM32.DLL
0x00007fffc8b70000 - 0x00007fffc8b7c000 	C:\Program Files\Android\Android Studio\jbr\bin\vcruntime140_1.dll
0x00007fffc29d0000 - 0x00007fffc2a5d000 	C:\Program Files\Android\Android Studio\jbr\bin\msvcp140.dll
0x00007fff9e1a0000 - 0x00007fff9ee0e000 	C:\Program Files\Android\Android Studio\jbr\bin\server\jvm.dll
0x00007fffed650000 - 0x00007fffed6ff000 	C:\WINDOWS\System32\ADVAPI32.dll
0x00007fffed9e0000 - 0x00007fffeda7c000 	C:\WINDOWS\System32\sechost.dll
0x00007fffebe10000 - 0x00007fffebf36000 	C:\WINDOWS\System32\RPCRT4.dll
0x00007fffe8bb0000 - 0x00007fffe8bb9000 	C:\WINDOWS\SYSTEM32\WSOCK32.dll
0x00007fffe23a0000 - 0x00007fffe23c7000 	C:\WINDOWS\SYSTEM32\WINMM.dll
0x00007fffe3060000 - 0x00007fffe306a000 	C:\WINDOWS\SYSTEM32\VERSION.dll
0x00007fffed8a0000 - 0x00007fffed90b000 	C:\WINDOWS\System32\WS2_32.dll
0x00007fffe9240000 - 0x00007fffe9252000 	C:\WINDOWS\SYSTEM32\kernel.appcore.dll
0x00007fffc8b60000 - 0x00007fffc8b6a000 	C:\Program Files\Android\Android Studio\jbr\bin\jimage.dll
0x00007fffd6960000 - 0x00007fffd6b44000 	C:\WINDOWS\SYSTEM32\DBGHELP.DLL
0x00007fffd0b10000 - 0x00007fffd0b44000 	C:\WINDOWS\SYSTEM32\dbgcore.DLL
0x00007fffebd80000 - 0x00007fffebe02000 	C:\WINDOWS\System32\bcryptPrimitives.dll
0x00007fffbeb90000 - 0x00007fffbebb5000 	C:\Program Files\Android\Android Studio\jbr\bin\java.dll
0x00007fffb35d0000 - 0x00007fffb35e8000 	C:\Program Files\Android\Android Studio\jbr\bin\zip.dll
0x00007fffecf00000 - 0x00007fffed644000 	C:\WINDOWS\System32\SHELL32.dll
0x00007fffe9550000 - 0x00007fffe9ceb000 	C:\WINDOWS\SYSTEM32\windows.storage.dll
0x00007fffebf90000 - 0x00007fffec2e4000 	C:\WINDOWS\System32\combase.dll
0x00007fffeae00000 - 0x00007fffeae2d000 	C:\WINDOWS\SYSTEM32\Wldp.dll
0x00007fffedb60000 - 0x00007fffedc0d000 	C:\WINDOWS\System32\SHCORE.dll
0x00007fffecea0000 - 0x00007fffecef5000 	C:\WINDOWS\System32\shlwapi.dll
0x00007fffeb3c0000 - 0x00007fffeb3e5000 	C:\WINDOWS\SYSTEM32\profapi.dll
0x00007fffb35b0000 - 0x00007fffb35c9000 	C:\Program Files\Android\Android Studio\jbr\bin\net.dll
0x00007fffe0520000 - 0x00007fffe062a000 	C:\WINDOWS\SYSTEM32\WINHTTP.dll
0x00007fffeab60000 - 0x00007fffeabca000 	C:\WINDOWS\system32\mswsock.dll
0x00007fffb3590000 - 0x00007fffb35a6000 	C:\Program Files\Android\Android Studio\jbr\bin\nio.dll
0x00007fffc8b50000 - 0x00007fffc8b60000 	C:\Program Files\Android\Android Studio\jbr\bin\verify.dll
0x00007fffd2b70000 - 0x00007fffd2b97000 	C:\Users\HP\.gradle\native\68d5fa5c4cc2d200863cafc0d521ce42e7d3e7ee720ec0a83991735586a16f82\windows-amd64\native-platform.dll
0x00007fffadb10000 - 0x00007fffadc54000 	C:\Users\HP\.gradle\native\e376f236ea51e6404a007f0833ffe2c6e607c4080706a723a18a27aeea778392\windows-amd64\native-platform-file-events.dll
0x00007fffc8490000 - 0x00007fffc8499000 	C:\Program Files\Android\Android Studio\jbr\bin\management.dll
0x00007fffc3560000 - 0x00007fffc356b000 	C:\Program Files\Android\Android Studio\jbr\bin\management_ext.dll
0x00007fffebf40000 - 0x00007fffebf48000 	C:\WINDOWS\System32\PSAPI.DLL
0x00007fffead50000 - 0x00007fffead68000 	C:\WINDOWS\SYSTEM32\CRYPTSP.dll
0x00007fffea490000 - 0x00007fffea4c4000 	C:\WINDOWS\system32\rsaenh.dll
0x00007fffebd50000 - 0x00007fffebd77000 	C:\WINDOWS\System32\bcrypt.dll
0x00007fffeb380000 - 0x00007fffeb3ae000 	C:\WINDOWS\SYSTEM32\USERENV.dll
0x00007fffead70000 - 0x00007fffead7c000 	C:\WINDOWS\SYSTEM32\CRYPTBASE.dll
0x00007fffea850000 - 0x00007fffea88b000 	C:\WINDOWS\SYSTEM32\IPHLPAPI.DLL
0x00007fffebf50000 - 0x00007fffebf58000 	C:\WINDOWS\System32\NSI.dll
0x00007fffe07b0000 - 0x00007fffe07c7000 	C:\WINDOWS\SYSTEM32\dhcpcsvc6.DLL
0x00007fffe2c90000 - 0x00007fffe2cad000 	C:\WINDOWS\SYSTEM32\dhcpcsvc.DLL
0x00007fffea890000 - 0x00007fffea95a000 	C:\WINDOWS\SYSTEM32\DNSAPI.dll
0x00007fffc3630000 - 0x00007fffc3637000 	C:\WINDOWS\system32\wshunix.dll

dbghelp: loaded successfully - version: 4.0.5 - missing functions: none
symbol engine: initialized successfully - sym options: 0x614 - pdb path: .;C:\Program Files\Android\Android Studio\jbr\bin;C:\WINDOWS\SYSTEM32;C:\WINDOWS\WinSxS\amd64_microsoft.windows.common-controls_6595b64144ccf1df_6.0.19041.3636_none_60b6a03d71f818d5;C:\Program Files\Android\Android Studio\jbr\bin\server;C:\Users\HP\.gradle\native\68d5fa5c4cc2d200863cafc0d521ce42e7d3e7ee720ec0a83991735586a16f82\windows-amd64;C:\Users\HP\.gradle\native\e376f236ea51e6404a007f0833ffe2c6e607c4080706a723a18a27aeea778392\windows-amd64

VM Arguments:
jvm_args: --add-opens=java.base/java.util=ALL-UNNAMED --add-opens=java.base/java.lang=ALL-UNNAMED --add-opens=java.base/java.lang.invoke=ALL-UNNAMED --add-opens=java.prefs/java.util.prefs=ALL-UNNAMED --add-opens=java.base/java.nio.charset=ALL-UNNAMED --add-opens=java.base/java.net=ALL-UNNAMED --add-opens=java.base/java.util.concurrent.atomic=ALL-UNNAMED -Xmx2048m -Dfile.encoding=UTF-8 -Duser.country=US -Duser.language=en -Duser.variant 
java_command: org.gradle.launcher.daemon.bootstrap.GradleDaemon 8.0
java_class_path (initial): C:\Users\HP\.gradle\wrapper\dists\gradle-8.0-bin\ca5e32bp14vu59qr306oxotwh\gradle-8.0\lib\gradle-launcher-8.0.jar
Launcher Type: SUN_STANDARD

[Global flags]
     intx CICompilerCount                          = 3                                         {product} {ergonomic}
     uint ConcGCThreads                            = 1                                         {product} {ergonomic}
     uint G1ConcRefinementThreads                  = 4                                         {product} {ergonomic}
   size_t G1HeapRegionSize                         = 1048576                                   {product} {ergonomic}
    uintx GCDrainStackTargetSize                   = 64                                        {product} {ergonomic}
   size_t InitialHeapSize                          = 58720256                                  {product} {ergonomic}
   size_t MarkStackSize                            = 4194304                                   {product} {ergonomic}
   size_t MaxHeapSize                              = 2147483648                                {product} {command line}
   size_t MaxNewSize                               = 1287651328                                {product} {ergonomic}
   size_t MinHeapDeltaBytes                        = 1048576                                   {product} {ergonomic}
   size_t MinHeapSize                              = 8388608                                   {product} {ergonomic}
    uintx NonNMethodCodeHeapSize                   = 5832780                                {pd product} {ergonomic}
    uintx NonProfiledCodeHeapSize                  = 122912730                              {pd product} {ergonomic}
    uintx ProfiledCodeHeapSize                     = 122912730                              {pd product} {ergonomic}
    uintx ReservedCodeCacheSize                    = 251658240                              {pd product} {ergonomic}
     bool SegmentedCodeCache                       = true                                      {product} {ergonomic}
   size_t SoftMaxHeapSize                          = 2147483648                             {manageable} {ergonomic}
     bool UseCompressedClassPointers               = true                           {product lp64_product} {ergonomic}
     bool UseCompressedOops                        = true                           {product lp64_product} {ergonomic}
     bool UseG1GC                                  = true                                      {product} {ergonomic}
     bool UseLargePagesIndividualAllocation        = false                                  {pd product} {ergonomic}

Logging:
Log output configuration:
 #0: stdout all=warning uptime,level,tags
 #1: stderr all=off uptime,level,tags

Environment Variables:
JAVA_HOME=C:\Program Files\Java\jdk-21
PATH=C:\Program Files\Java\jdk-21\bin;C:\WINDOWS\system32;C:\WINDOWS;C:\WINDOWS\System32\Wbem;C:\WINDOWS\System32\WindowsPowerShell\v1.0\;C:\WINDOWS\System32\OpenSSH\;C:\MinGW\bin;C:\Program Files\PowerShell\7\;C:\Program Files\Git\cmd;C:\Users\HP\AppData\Local\Microsoft\WindowsApps;
USERNAME=HP
OS=Windows_NT
PROCESSOR_IDENTIFIER=AMD64 Family 23 Model 24 Stepping 1, AuthenticAMD
TMP=C:\Users\HP\AppData\Local\Temp
TEMP=C:\Users\HP\AppData\Local\Temp


JNI global refs:
JNI global refs: 25, weak refs: 15

JNI global refs memory usage: 843, weak refs: 841


---------------  S Y S T E M  ---------------

OS:
 Windows 10 , 64 bit Build 19041 (10.0.19041.3636)
OS uptime: 9 days 13:56 hours

CPU: total 4 (initial active 4) (4 cores per cpu, 2 threads per core) family 23 model 24 stepping 1 microcode 0x0, cx8, cmov, fxsr, ht, mmx, 3dnowpref, sse, sse2, sse3, ssse3, sse4a, sse4.1, sse4.2, popcnt, lzcnt, tsc, tscinvbit, avx, avx2, aes, clmul, bmi1, bmi2, adx, sha, fma, vzeroupper, clflush, clflushopt

Memory: 4k page, system-wide physical 3499M (180M free)
TotalPageFile size 8495M (AvailPageFile size 2M)
current process WorkingSet (physical memory assigned to process): 241M, peak: 322M
current process commit charge ("private bytes"): 501M, peak: 502M

vm_info: OpenJDK 64-Bit Server VM (17.0.6+0-b2043.56-10027231) for windows-amd64 JRE (17.0.6+0-b2043.56-10027231), built on Apr 28 2023 00:43:19 by "androidbuild" with MS VC++ 16.10 / 16.11 (VS2019)

END.
