#
# There is insufficient memory for the Java Runtime Environment to continue.
# Native memory allocation (mmap) failed to map 429916160 bytes for G1 virtual space
# Possible reasons:
#   The system is out of physical RAM or swap space
#   The process is running with CompressedOops enabled, and the Java Heap may be blocking the growth of the native heap
# Possible solutions:
#   Reduce memory load on the system
#   Increase physical memory or swap space
#   Check if swap backing store is full
#   Decrease Java heap size (-Xmx/-Xms)
#   Decrease number of Java threads
#   Decrease Java thread stack sizes (-Xss)
#   Set larger code cache with -XX:ReservedCodeCacheSize=
#   JVM is running with Unscaled Compressed Oops mode in which the Java heap is
#     placed in the first 4GB address space. The Java Heap base address is the
#     maximum limit for the native heap growth. Please use -XX:HeapBaseMinAddress
#     to set the Java Heap base and to place the Java Heap above 4GB virtual address.
# This output file may be truncated or incomplete.
#
#  Out of Memory Error (os_windows.cpp:3769), pid=2224, tid=13364
#
# JRE version: OpenJDK Runtime Environment (17.0.6) (build 17.0.6+0-b2043.56-10027231)
# Java VM: OpenJDK 64-Bit Server VM (17.0.6+0-b2043.56-10027231, mixed mode, tiered, compressed oops, compressed class ptrs, g1 gc, windows-amd64)
# No core dump will be written. Minidumps are not enabled by default on client versions of Windows
#

---------------  S U M M A R Y ------------

Command Line: --add-opens=java.base/java.util=ALL-UNNAMED --add-opens=java.base/java.lang=ALL-UNNAMED --add-opens=java.base/java.lang.invoke=ALL-UNNAMED --add-opens=java.prefs/java.util.prefs=ALL-UNNAMED --add-opens=java.base/java.nio.charset=ALL-UNNAMED --add-opens=java.base/java.net=ALL-UNNAMED --add-opens=java.base/java.util.concurrent.atomic=ALL-UNNAMED -Xmx2048m -Dfile.encoding=UTF-8 -Duser.country=US -Duser.language=en -Duser.variant org.gradle.launcher.daemon.bootstrap.GradleDaemon 8.0

Host: AMD Ryzen 3 3250U with Radeon Graphics         , 4 cores, 3G,  Windows 10 , 64 bit Build 19041 (10.0.19041.3636)
Time: Mon Dec 25 13:47:57 2023 SE Asia Standard Time elapsed time: 26.315122 seconds (0d 0h 0m 26s)

---------------  T H R E A D  ---------------

Current thread (0x000002467f43f700):  VMThread "VM Thread" [stack: 0x000000babdc00000,0x000000babdd00000] [id=13364]

Stack: [0x000000babdc00000,0x000000babdd00000]
Native frames: (J=compiled Java code, j=interpreted, Vv=VM code, C=native code)
V  [jvm.dll+0x683c9a]
V  [jvm.dll+0x8427a4]
V  [jvm.dll+0x843f9e]
V  [jvm.dll+0x844603]
V  [jvm.dll+0x249b75]
V  [jvm.dll+0x680b69]
V  [jvm.dll+0x67505a]
V  [jvm.dll+0x309acb]
V  [jvm.dll+0x310f86]
V  [jvm.dll+0x3608ee]
V  [jvm.dll+0x360b1f]
V  [jvm.dll+0x2dfbf8]
V  [jvm.dll+0x2ddec4]
V  [jvm.dll+0x2dd4cc]
V  [jvm.dll+0x321f3b]
V  [jvm.dll+0x848ccb]
V  [jvm.dll+0x849a04]
V  [jvm.dll+0x849f1d]
V  [jvm.dll+0x84a2f4]
V  [jvm.dll+0x84a3c0]
V  [jvm.dll+0x7f274a]
V  [jvm.dll+0x682ad5]
C  [ucrtbase.dll+0x21bb2]
C  [KERNEL32.DLL+0x17344]
C  [ntdll.dll+0x526b1]

VM_Operation (0x000000bac3bfd300): G1CollectForAllocation, mode: safepoint, requested by thread 0x00000246191edf00


---------------  P R O C E S S  ---------------

Threads class SMR info:
_java_thread_list=0x000002461a30ac70, length=94, elements={
0x0000024674f6a2d0, 0x000002467f443ac0, 0x000002467f477c70, 0x000002467f47d8e0,
0x000002467f464680, 0x000002467f464f40, 0x000002467f49b000, 0x000002467f4a1010,
0x000002467f4a3cd0, 0x000002467f4a8620, 0x0000024611a78f50, 0x0000024611a94050,
0x000002461256cce0, 0x0000024612db02d0, 0x0000024613224590, 0x0000024612b72950,
0x0000024612c53e80, 0x000002461336b030, 0x0000024612c54720, 0x0000024613400030,
0x00000246133ffb60, 0x00000246134009d0, 0x0000024613400ea0, 0x0000024613400500,
0x0000024613401370, 0x0000024613401840, 0x0000024613401d10, 0x00000246133fe350,
0x00000246133ff690, 0x00000246133fe820, 0x00000246133fecf0, 0x00000246133ff1c0,
0x00000246145118e0, 0x00000246145182c0, 0x0000024614513a90, 0x0000024614514430,
0x0000024614518790, 0x00000246145152a0, 0x0000024614510f40, 0x0000024614516ab0,
0x0000024614517450, 0x0000024614513f60, 0x0000024614517920, 0x0000024614511410,
0x0000024614517df0, 0x0000024614512c20, 0x0000024614514dd0, 0x0000024614515770,
0x0000024614512280, 0x0000024614512750, 0x0000024614515c40, 0x0000024614516110,
0x00000246145165e0, 0x000002461263a7e0, 0x000002461263dcd0, 0x000002461263b180,
0x000002461263acb0, 0x000002461263b650, 0x00000246126372f0, 0x000002461263e1a0,
0x000002461263c990, 0x0000024612638160, 0x00000246126394a0, 0x000002461263bb20,
0x000002461263bff0, 0x0000024612637c90, 0x000002461263d330, 0x000002461263e670,
0x000002461263c4c0, 0x000002461263ce60, 0x000002461263d800, 0x00000246126377c0,
0x0000024612639e40, 0x0000024612636e20, 0x0000024612638630, 0x0000024612638b00,
0x0000024612638fd0, 0x0000024612639970, 0x000002461263a310, 0x00000246160173f0,
0x0000024616016a50, 0x0000024616014d70, 0x00000246160178c0, 0x0000024616017d90,
0x0000024616015be0, 0x0000024616015240, 0x00000246160195a0, 0x0000024616018c00,
0x00000246160190d0, 0x00000246191ed090, 0x0000024616019a70, 0x00000246191edf00,
0x00000246191ed560, 0x0000024614c03f80
}

Java Threads: ( => current thread )
  0x0000024674f6a2d0 JavaThread "main" [_thread_blocked, id=11120, stack(0x000000babd600000,0x000000babd700000)]
  0x000002467f443ac0 JavaThread "Reference Handler" daemon [_thread_blocked, id=5840, stack(0x000000babdd00000,0x000000babde00000)]
  0x000002467f477c70 JavaThread "Finalizer" daemon [_thread_blocked, id=10756, stack(0x000000babde00000,0x000000babdf00000)]
  0x000002467f47d8e0 JavaThread "Signal Dispatcher" daemon [_thread_blocked, id=10636, stack(0x000000babdf00000,0x000000babe000000)]
  0x000002467f464680 JavaThread "Attach Listener" daemon [_thread_blocked, id=10676, stack(0x000000babe000000,0x000000babe100000)]
  0x000002467f464f40 JavaThread "Service Thread" daemon [_thread_blocked, id=1824, stack(0x000000babe100000,0x000000babe200000)]
  0x000002467f49b000 JavaThread "Monitor Deflation Thread" daemon [_thread_blocked, id=11300, stack(0x000000babe200000,0x000000babe300000)]
  0x000002467f4a1010 JavaThread "C2 CompilerThread0" daemon [_thread_blocked, id=11968, stack(0x000000babe300000,0x000000babe400000)]
  0x000002467f4a3cd0 JavaThread "C1 CompilerThread0" daemon [_thread_blocked, id=5496, stack(0x000000babe400000,0x000000babe500000)]
  0x000002467f4a8620 JavaThread "Sweeper thread" daemon [_thread_blocked, id=1540, stack(0x000000babe500000,0x000000babe600000)]
  0x0000024611a78f50 JavaThread "Common-Cleaner" daemon [_thread_blocked, id=11896, stack(0x000000babe600000,0x000000babe700000)]
  0x0000024611a94050 JavaThread "Notification Thread" daemon [_thread_blocked, id=12708, stack(0x000000babe700000,0x000000babe800000)]
  0x000002461256cce0 JavaThread "Daemon health stats" [_thread_blocked, id=13480, stack(0x000000babec00000,0x000000babed00000)]
  0x0000024612db02d0 JavaThread "Incoming local TCP Connector on port 53081" [_thread_in_native, id=7436, stack(0x000000babed00000,0x000000babee00000)]
  0x0000024613224590 JavaThread "Daemon periodic checks" [_thread_blocked, id=11048, stack(0x000000babee00000,0x000000babef00000)]
  0x0000024612b72950 JavaThread "Daemon" [_thread_blocked, id=9260, stack(0x000000babef00000,0x000000babf000000)]
  0x0000024612c53e80 JavaThread "Handler for socket connection from /127.0.0.1:53081 to /127.0.0.1:53082" [_thread_in_native, id=11056, stack(0x000000babf000000,0x000000babf100000)]
  0x000002461336b030 JavaThread "Cancel handler" [_thread_blocked, id=13808, stack(0x000000babf100000,0x000000babf200000)]
  0x0000024612c54720 JavaThread "Daemon worker" [_thread_blocked, id=2944, stack(0x000000babf200000,0x000000babf300000)]
  0x0000024613400030 JavaThread "Asynchronous log dispatcher for DefaultDaemonConnection: socket connection from /127.0.0.1:53081 to /127.0.0.1:53082" [_thread_blocked, id=14308, stack(0x000000babf300000,0x000000babf400000)]
  0x00000246133ffb60 JavaThread "Stdin handler" [_thread_blocked, id=3100, stack(0x000000babf400000,0x000000babf500000)]
  0x00000246134009d0 JavaThread "Daemon client event forwarder" [_thread_blocked, id=5424, stack(0x000000babf500000,0x000000babf600000)]
  0x0000024613400ea0 JavaThread "Cache worker for journal cache (C:\Users\HP\.gradle\caches\journal-1)" [_thread_blocked, id=12008, stack(0x000000babf600000,0x000000babf700000)]
  0x0000024613400500 JavaThread "File lock request listener" [_thread_in_native, id=8748, stack(0x000000babf700000,0x000000babf800000)]
  0x0000024613401370 JavaThread "Cache worker for file hash cache (C:\Users\HP\.gradle\caches\8.0\fileHashes)" [_thread_blocked, id=1136, stack(0x000000babf800000,0x000000babf900000)]
  0x0000024613401840 JavaThread "File watcher server" daemon [_thread_blocked, id=12996, stack(0x000000babf900000,0x000000babfa00000)]
  0x0000024613401d10 JavaThread "File watcher consumer" daemon [_thread_blocked, id=6456, stack(0x000000babfa00000,0x000000babfb00000)]
  0x00000246133fe350 JavaThread "Cache worker for checksums cache (C:\Users\HP\Desktop\CatHouse\.gradle\8.0\checksums)" [_thread_blocked, id=13040, stack(0x000000babfb00000,0x000000babfc00000)]
  0x00000246133ff690 JavaThread "Cache worker for cache directory md-rule (C:\Users\HP\.gradle\caches\8.0\md-rule)" [_thread_blocked, id=13588, stack(0x000000babfc00000,0x000000babfd00000)]
  0x00000246133fe820 JavaThread "Cache worker for file content cache (C:\Users\HP\.gradle\caches\8.0\fileContent)" [_thread_blocked, id=10356, stack(0x000000babfd00000,0x000000babfe00000)]
  0x00000246133fecf0 JavaThread "Cache worker for file hash cache (C:\Users\HP\Desktop\CatHouse\.gradle\8.0\fileHashes)" [_thread_blocked, id=2340, stack(0x000000babfe00000,0x000000babff00000)]
  0x00000246133ff1c0 JavaThread "Cache worker for cache directory md-supplier (C:\Users\HP\.gradle\caches\8.0\md-supplier)" [_thread_blocked, id=9128, stack(0x000000babff00000,0x000000bac0000000)]
  0x00000246145118e0 JavaThread "Cache worker for execution history cache (C:\Users\HP\.gradle\caches\8.0\executionHistory)" [_thread_blocked, id=2808, stack(0x000000bac0000000,0x000000bac0100000)]
  0x00000246145182c0 JavaThread "jar transforms" [_thread_blocked, id=7316, stack(0x000000bac0100000,0x000000bac0200000)]
  0x0000024614513a90 JavaThread "jar transforms Thread 2" [_thread_blocked, id=12052, stack(0x000000bac0200000,0x000000bac0300000)]
  0x0000024614514430 JavaThread "Cache worker for kotlin-dsl (C:\Users\HP\.gradle\caches\8.0\kotlin-dsl)" [_thread_blocked, id=8468, stack(0x000000bac0300000,0x000000bac0400000)]
  0x0000024614518790 JavaThread "jar transforms Thread 3" [_thread_blocked, id=5096, stack(0x000000bac0400000,0x000000bac0500000)]
  0x00000246145152a0 JavaThread "jar transforms Thread 4" [_thread_blocked, id=5604, stack(0x000000bac0500000,0x000000bac0600000)]
  0x0000024614510f40 JavaThread "Cache worker for dependencies-accessors (C:\Users\HP\Desktop\CatHouse\.gradle\8.0\dependencies-accessors)" [_thread_blocked, id=13816, stack(0x000000bac0600000,0x000000bac0700000)]
  0x0000024614516ab0 JavaThread "Cache worker for Build Output Cleanup Cache (C:\Users\HP\Desktop\CatHouse\.gradle\buildOutputCleanup)" [_thread_blocked, id=11796, stack(0x000000bac0700000,0x000000bac0800000)]
  0x0000024614517450 JavaThread "Unconstrained build operations" [_thread_blocked, id=13888, stack(0x000000bac0800000,0x000000bac0900000)]
  0x0000024614513f60 JavaThread "Unconstrained build operations Thread 2" [_thread_blocked, id=10088, stack(0x000000bac0900000,0x000000bac0a00000)]
  0x0000024614517920 JavaThread "Unconstrained build operations Thread 3" [_thread_blocked, id=12248, stack(0x000000bac0a00000,0x000000bac0b00000)]
  0x0000024614511410 JavaThread "Unconstrained build operations Thread 4" [_thread_blocked, id=7972, stack(0x000000bac0b00000,0x000000bac0c00000)]
  0x0000024614517df0 JavaThread "Unconstrained build operations Thread 5" [_thread_blocked, id=12968, stack(0x000000bac0c00000,0x000000bac0d00000)]
  0x0000024614512c20 JavaThread "Unconstrained build operations Thread 6" [_thread_blocked, id=9952, stack(0x000000bac0d00000,0x000000bac0e00000)]
  0x0000024614514dd0 JavaThread "Unconstrained build operations Thread 7" [_thread_blocked, id=7820, stack(0x000000bac0e00000,0x000000bac0f00000)]
  0x0000024614515770 JavaThread "Unconstrained build operations Thread 8" [_thread_blocked, id=9732, stack(0x000000bac0f00000,0x000000bac1000000)]
  0x0000024614512280 JavaThread "Unconstrained build operations Thread 9" [_thread_blocked, id=1304, stack(0x000000bac1000000,0x000000bac1100000)]
  0x0000024614512750 JavaThread "Unconstrained build operations Thread 10" [_thread_blocked, id=1552, stack(0x000000bac1100000,0x000000bac1200000)]
  0x0000024614515c40 JavaThread "Unconstrained build operations Thread 11" [_thread_blocked, id=8788, stack(0x000000bac1200000,0x000000bac1300000)]
  0x0000024614516110 JavaThread "Unconstrained build operations Thread 12" [_thread_blocked, id=10620, stack(0x000000bac1300000,0x000000bac1400000)]
  0x00000246145165e0 JavaThread "Unconstrained build operations Thread 13" [_thread_blocked, id=248, stack(0x000000bac1400000,0x000000bac1500000)]
  0x000002461263a7e0 JavaThread "Unconstrained build operations Thread 14" [_thread_blocked, id=6428, stack(0x000000bac1500000,0x000000bac1600000)]
  0x000002461263dcd0 JavaThread "Unconstrained build operations Thread 15" [_thread_blocked, id=13212, stack(0x000000bac1600000,0x000000bac1700000)]
  0x000002461263b180 JavaThread "Unconstrained build operations Thread 16" [_thread_blocked, id=8292, stack(0x000000bac1700000,0x000000bac1800000)]
  0x000002461263acb0 JavaThread "Unconstrained build operations Thread 17" [_thread_blocked, id=13752, stack(0x000000bac1800000,0x000000bac1900000)]
  0x000002461263b650 JavaThread "Unconstrained build operations Thread 18" [_thread_blocked, id=2924, stack(0x000000bac1900000,0x000000bac1a00000)]
  0x00000246126372f0 JavaThread "Unconstrained build operations Thread 19" [_thread_blocked, id=12348, stack(0x000000bac1a00000,0x000000bac1b00000)]
  0x000002461263e1a0 JavaThread "Unconstrained build operations Thread 20" [_thread_blocked, id=7304, stack(0x000000bac1b00000,0x000000bac1c00000)]
  0x000002461263c990 JavaThread "Unconstrained build operations Thread 21" [_thread_blocked, id=5884, stack(0x000000bac1c00000,0x000000bac1d00000)]
  0x0000024612638160 JavaThread "Unconstrained build operations Thread 22" [_thread_blocked, id=12528, stack(0x000000bac1d00000,0x000000bac1e00000)]
  0x00000246126394a0 JavaThread "Unconstrained build operations Thread 23" [_thread_blocked, id=7960, stack(0x000000bac1e00000,0x000000bac1f00000)]
  0x000002461263bb20 JavaThread "Unconstrained build operations Thread 24" [_thread_blocked, id=11540, stack(0x000000bac1f00000,0x000000bac2000000)]
  0x000002461263bff0 JavaThread "Unconstrained build operations Thread 25" [_thread_blocked, id=8980, stack(0x000000bac2000000,0x000000bac2100000)]
  0x0000024612637c90 JavaThread "Unconstrained build operations Thread 26" [_thread_blocked, id=12956, stack(0x000000bac2100000,0x000000bac2200000)]
  0x000002461263d330 JavaThread "Unconstrained build operations Thread 27" [_thread_blocked, id=9412, stack(0x000000bac2200000,0x000000bac2300000)]
  0x000002461263e670 JavaThread "Unconstrained build operations Thread 28" [_thread_blocked, id=1572, stack(0x000000bac2300000,0x000000bac2400000)]
  0x000002461263c4c0 JavaThread "Unconstrained build operations Thread 29" [_thread_blocked, id=1120, stack(0x000000bac2400000,0x000000bac2500000)]
  0x000002461263ce60 JavaThread "Unconstrained build operations Thread 30" [_thread_blocked, id=4808, stack(0x000000bac2500000,0x000000bac2600000)]
  0x000002461263d800 JavaThread "Unconstrained build operations Thread 31" [_thread_blocked, id=1952, stack(0x000000bac2600000,0x000000bac2700000)]
  0x00000246126377c0 JavaThread "Unconstrained build operations Thread 32" [_thread_blocked, id=11520, stack(0x000000bac2700000,0x000000bac2800000)]
  0x0000024612639e40 JavaThread "Unconstrained build operations Thread 33" [_thread_blocked, id=800, stack(0x000000bac2800000,0x000000bac2900000)]
  0x0000024612636e20 JavaThread "Unconstrained build operations Thread 34" [_thread_blocked, id=3120, stack(0x000000bac2900000,0x000000bac2a00000)]
  0x0000024612638630 JavaThread "Unconstrained build operations Thread 35" [_thread_blocked, id=6700, stack(0x000000bac2a00000,0x000000bac2b00000)]
  0x0000024612638b00 JavaThread "Unconstrained build operations Thread 36" [_thread_blocked, id=6400, stack(0x000000bac2b00000,0x000000bac2c00000)]
  0x0000024612638fd0 JavaThread "Unconstrained build operations Thread 37" [_thread_blocked, id=9136, stack(0x000000bac2c00000,0x000000bac2d00000)]
  0x0000024612639970 JavaThread "Unconstrained build operations Thread 38" [_thread_blocked, id=8620, stack(0x000000bac2d00000,0x000000bac2e00000)]
  0x000002461263a310 JavaThread "Unconstrained build operations Thread 39" [_thread_blocked, id=8836, stack(0x000000bac2e00000,0x000000bac2f00000)]
  0x00000246160173f0 JavaThread "Unconstrained build operations Thread 40" [_thread_blocked, id=8628, stack(0x000000bac2f00000,0x000000bac3000000)]
  0x0000024616016a50 JavaThread "build event listener" [_thread_blocked, id=4496, stack(0x000000bac3000000,0x000000bac3100000)]
  0x0000024616014d70 JavaThread "Memory manager" [_thread_blocked, id=8524, stack(0x000000bac3100000,0x000000bac3200000)]
  0x00000246160178c0 JavaThread "build event listener" [_thread_blocked, id=8708, stack(0x000000bac3200000,0x000000bac3300000)]
  0x0000024616017d90 JavaThread "build event listener" [_thread_blocked, id=3196, stack(0x000000bac3300000,0x000000bac3400000)]
  0x0000024616015be0 JavaThread "included builds" [_thread_blocked, id=2300, stack(0x000000bac3400000,0x000000bac3500000)]
  0x0000024616015240 JavaThread "Execution worker" [_thread_blocked, id=11804, stack(0x000000bac3500000,0x000000bac3600000)]
  0x00000246160195a0 JavaThread "Execution worker Thread 2" [_thread_blocked, id=13004, stack(0x000000bac3600000,0x000000bac3700000)]
  0x0000024616018c00 JavaThread "Execution worker Thread 3" [_thread_blocked, id=11336, stack(0x000000bac3700000,0x000000bac3800000)]
  0x00000246160190d0 JavaThread "Cache worker for execution history cache (C:\Users\HP\Desktop\CatHouse\.gradle\8.0\executionHistory)" [_thread_blocked, id=8416, stack(0x000000bac3800000,0x000000bac3900000)]
  0x00000246191ed090 JavaThread "WorkerExecutor Queue" [_thread_blocked, id=2056, stack(0x000000bac3900000,0x000000bac3a00000)]
  0x0000024616019a70 JavaThread "WorkerExecutor Queue Thread 2" [_thread_blocked, id=13852, stack(0x000000bac3a00000,0x000000bac3b00000)]
  0x00000246191edf00 JavaThread "WorkerExecutor Queue Thread 3" [_thread_blocked, id=10368, stack(0x000000bac3b00000,0x000000bac3c00000)]
  0x00000246191ed560 JavaThread "WorkerExecutor Queue Thread 4" [_thread_blocked, id=1732, stack(0x000000bac3c00000,0x000000bac3d00000)]
  0x0000024614c03f80 JavaThread "WorkerExecutor Queue Thread 5" [_thread_blocked, id=836, stack(0x000000bac3d00000,0x000000bac3e00000)]

Other Threads:
=>0x000002467f43f700 VMThread "VM Thread" [stack: 0x000000babdc00000,0x000000babdd00000] [id=13364]
  0x0000024674fe4270 WatcherThread [stack: 0x000000babe800000,0x000000babe900000] [id=14064]
  0x0000024674fc68d0 GCTaskThread "GC Thread#0" [stack: 0x000000babd700000,0x000000babd800000] [id=5944]
  0x00000246120f2db0 GCTaskThread "GC Thread#1" [stack: 0x000000babe900000,0x000000babea00000] [id=5268]
  0x000002461245c070 GCTaskThread "GC Thread#2" [stack: 0x000000babea00000,0x000000babeb00000] [id=13620]
  0x00000246126365d0 GCTaskThread "GC Thread#3" [stack: 0x000000babeb00000,0x000000babec00000] [id=8432]
  0x0000024674fd7ec0 ConcurrentGCThread "G1 Main Marker" [stack: 0x000000babd800000,0x000000babd900000] [id=13948]
  0x0000024674fd87e0 ConcurrentGCThread "G1 Conc#0" [stack: 0x000000babd900000,0x000000babda00000] [id=7956]
  0x0000024675015d70 ConcurrentGCThread "G1 Refine#0" [stack: 0x000000babda00000,0x000000babdb00000] [id=996]
  0x00000246750176b0 ConcurrentGCThread "G1 Service" [stack: 0x000000babdb00000,0x000000babdc00000] [id=13420]

Threads with active compile tasks:
C2 CompilerThread0    26396 15540   !   4       java.util.zip.ZipFile$Source::getEntryPos (173 bytes)
C1 CompilerThread0    26397 15546   !   3       org.gradle.execution.plan.DefaultPlanExecutor$ExecutorWorker::lambda$getNextItem$1 (177 bytes)

VM state: at safepoint (normal execution)

VM Mutex/Monitor currently owned by a thread:  ([mutex/lock_event])
[0x0000024674f64ae0] Threads_lock - owner thread: 0x000002467f43f700
[0x0000024674f652c0] Heap_lock - owner thread: 0x00000246191edf00

Heap address: 0x0000000080000000, size: 2048 MB, Compressed Oops mode: 32-bit

CDS archive(s) not mapped
Compressed class space mapped at: 0x0000000100000000-0x0000000140000000, reserved size: 1073741824
Narrow klass base: 0x0000000000000000, Narrow klass shift: 3, Narrow klass range: 0x140000000

GC Precious Log:
 CPUs: 4 total, 4 available
 Memory: 3499M
 Large Page Support: Disabled
 NUMA Support: Disabled
 Compressed Oops: Enabled (32-bit)
 Heap Region Size: 1M
 Heap Min Capacity: 8M
 Heap Initial Capacity: 56M
 Heap Max Capacity: 2G
 Pre-touch: Disabled
 Parallel Workers: 4
 Concurrent Workers: 1
 Concurrent Refinement Workers: 4
 Periodic GC: Disabled

Heap:
 garbage-first heap   total 209920K, used 121553K [0x0000000080000000, 0x0000000100000000)
  region size 1024K, 5 young (5120K), 5 survivors (5120K)
 Metaspace       used 117299K, committed 118016K, reserved 1155072K
  class space    used 16178K, committed 16512K, reserved 1048576K

Heap Regions: E=young(eden), S=young(survivor), O=old, HS=humongous(starts), HC=humongous(continues), CS=collection set, F=free, OA=open archive, CA=closed archive, TAMS=top-at-mark-start (previous, next)
|   0|0x0000000080000000, 0x0000000080100000, 0x0000000080100000|100%| O|  |TAMS 0x0000000080100000, 0x0000000080000000| Untracked 
|   1|0x0000000080100000, 0x0000000080200000, 0x0000000080200000|100%| O|  |TAMS 0x0000000080200000, 0x0000000080100000| Untracked 
|   2|0x0000000080200000, 0x0000000080300000, 0x0000000080300000|100%|HS|  |TAMS 0x0000000080300000, 0x0000000080200000| Complete 
|   3|0x0000000080300000, 0x0000000080400000, 0x0000000080400000|100%|HC|  |TAMS 0x0000000080400000, 0x0000000080300000| Complete 
|   4|0x0000000080400000, 0x0000000080500000, 0x0000000080500000|100%|HC|  |TAMS 0x0000000080500000, 0x0000000080400000| Complete 
|   5|0x0000000080500000, 0x0000000080600000, 0x0000000080600000|100%|HC|  |TAMS 0x0000000080600000, 0x0000000080500000| Complete 
|   6|0x0000000080600000, 0x0000000080700000, 0x0000000080700000|100%| O|  |TAMS 0x0000000080700000, 0x0000000080600000| Untracked 
|   7|0x0000000080700000, 0x0000000080800000, 0x0000000080800000|100%| O|  |TAMS 0x0000000080800000, 0x0000000080700000| Untracked 
|   8|0x0000000080800000, 0x0000000080900000, 0x0000000080900000|100%| O|  |TAMS 0x0000000080900000, 0x0000000080800000| Untracked 
|   9|0x0000000080900000, 0x0000000080a00000, 0x0000000080a00000|100%| O|  |TAMS 0x0000000080a00000, 0x0000000080900000| Untracked 
|  10|0x0000000080a00000, 0x0000000080b00000, 0x0000000080b00000|100%| O|  |TAMS 0x0000000080b00000, 0x0000000080a00000| Untracked 
|  11|0x0000000080b00000, 0x0000000080c00000, 0x0000000080c00000|100%| O|  |TAMS 0x0000000080c00000, 0x0000000080b00000| Untracked 
|  12|0x0000000080c00000, 0x0000000080d00000, 0x0000000080d00000|100%| O|  |TAMS 0x0000000080d00000, 0x0000000080c00000| Untracked 
|  13|0x0000000080d00000, 0x0000000080e00000, 0x0000000080e00000|100%| O|  |TAMS 0x0000000080e00000, 0x0000000080d00000| Untracked 
|  14|0x0000000080e00000, 0x0000000080f00000, 0x0000000080f00000|100%| O|  |TAMS 0x0000000080f00000, 0x0000000080e00000| Untracked 
|  15|0x0000000080f00000, 0x0000000081000000, 0x0000000081000000|100%| O|  |TAMS 0x0000000081000000, 0x0000000080f00000| Untracked 
|  16|0x0000000081000000, 0x0000000081100000, 0x0000000081100000|100%| O|  |TAMS 0x0000000081100000, 0x0000000081000000| Untracked 
|  17|0x0000000081100000, 0x0000000081200000, 0x0000000081200000|100%| O|  |TAMS 0x0000000081200000, 0x0000000081100000| Untracked 
|  18|0x0000000081200000, 0x0000000081300000, 0x0000000081300000|100%| O|  |TAMS 0x0000000081300000, 0x0000000081200000| Untracked 
|  19|0x0000000081300000, 0x0000000081400000, 0x0000000081400000|100%| O|  |TAMS 0x0000000081400000, 0x0000000081300000| Untracked 
|  20|0x0000000081400000, 0x0000000081500000, 0x0000000081500000|100%| O|  |TAMS 0x0000000081500000, 0x0000000081400000| Untracked 
|  21|0x0000000081500000, 0x0000000081600000, 0x0000000081600000|100%| O|  |TAMS 0x0000000081600000, 0x0000000081500000| Untracked 
|  22|0x0000000081600000, 0x0000000081700000, 0x0000000081700000|100%| O|  |TAMS 0x0000000081700000, 0x0000000081600000| Untracked 
|  23|0x0000000081700000, 0x0000000081800000, 0x0000000081800000|100%| O|  |TAMS 0x0000000081800000, 0x0000000081700000| Untracked 
|  24|0x0000000081800000, 0x0000000081900000, 0x0000000081900000|100%| O|  |TAMS 0x0000000081900000, 0x0000000081800000| Untracked 
|  25|0x0000000081900000, 0x0000000081a00000, 0x0000000081a00000|100%| O|  |TAMS 0x0000000081a00000, 0x0000000081900000| Untracked 
|  26|0x0000000081a00000, 0x0000000081b00000, 0x0000000081b00000|100%| O|  |TAMS 0x0000000081b00000, 0x0000000081a00000| Untracked 
|  27|0x0000000081b00000, 0x0000000081c00000, 0x0000000081c00000|100%| O|  |TAMS 0x0000000081c00000, 0x0000000081b00000| Untracked 
|  28|0x0000000081c00000, 0x0000000081d00000, 0x0000000081d00000|100%| O|  |TAMS 0x0000000081d00000, 0x0000000081c00000| Untracked 
|  29|0x0000000081d00000, 0x0000000081e00000, 0x0000000081e00000|100%| O|  |TAMS 0x0000000081e00000, 0x0000000081d00000| Untracked 
|  30|0x0000000081e00000, 0x0000000081f00000, 0x0000000081f00000|100%| O|  |TAMS 0x0000000081f00000, 0x0000000081e00000| Untracked 
|  31|0x0000000081f00000, 0x0000000082000000, 0x0000000082000000|100%| O|  |TAMS 0x0000000082000000, 0x0000000081f00000| Untracked 
|  32|0x0000000082000000, 0x0000000082100000, 0x0000000082100000|100%|HS|  |TAMS 0x0000000082100000, 0x0000000082000000| Complete 
|  33|0x0000000082100000, 0x0000000082200000, 0x0000000082200000|100%|HS|  |TAMS 0x0000000082200000, 0x0000000082100000| Complete 
|  34|0x0000000082200000, 0x0000000082300000, 0x0000000082300000|100%|HS|  |TAMS 0x0000000082300000, 0x0000000082200000| Complete 
|  35|0x0000000082300000, 0x0000000082400000, 0x0000000082400000|100%|HC|  |TAMS 0x0000000082400000, 0x0000000082300000| Complete 
|  36|0x0000000082400000, 0x0000000082500000, 0x0000000082500000|100%|HS|  |TAMS 0x0000000082500000, 0x0000000082400000| Complete 
|  37|0x0000000082500000, 0x0000000082600000, 0x0000000082600000|100%| O|  |TAMS 0x0000000082600000, 0x0000000082500000| Untracked 
|  38|0x0000000082600000, 0x0000000082700000, 0x0000000082700000|100%| O|  |TAMS 0x0000000082700000, 0x0000000082600000| Untracked 
|  39|0x0000000082700000, 0x0000000082800000, 0x0000000082800000|100%| O|  |TAMS 0x0000000082800000, 0x0000000082700000| Untracked 
|  40|0x0000000082800000, 0x0000000082900000, 0x0000000082900000|100%| O|  |TAMS 0x0000000082900000, 0x0000000082800000| Untracked 
|  41|0x0000000082900000, 0x0000000082a00000, 0x0000000082a00000|100%|HS|  |TAMS 0x0000000082a00000, 0x0000000082900000| Complete 
|  42|0x0000000082a00000, 0x0000000082b00000, 0x0000000082b00000|100%|HC|  |TAMS 0x0000000082b00000, 0x0000000082a00000| Complete 
|  43|0x0000000082b00000, 0x0000000082c00000, 0x0000000082c00000|100%|HC|  |TAMS 0x0000000082c00000, 0x0000000082b00000| Complete 
|  44|0x0000000082c00000, 0x0000000082d00000, 0x0000000082d00000|100%|HC|  |TAMS 0x0000000082d00000, 0x0000000082c00000| Complete 
|  45|0x0000000082d00000, 0x0000000082e00000, 0x0000000082e00000|100%| O|  |TAMS 0x0000000082e00000, 0x0000000082d00000| Untracked 
|  46|0x0000000082e00000, 0x0000000082f00000, 0x0000000082f00000|100%| O|  |TAMS 0x0000000082f00000, 0x0000000082e00000| Untracked 
|  47|0x0000000082f00000, 0x0000000083000000, 0x0000000083000000|100%| O|  |TAMS 0x0000000083000000, 0x0000000082f00000| Untracked 
|  48|0x0000000083000000, 0x0000000083100000, 0x0000000083100000|100%| O|  |TAMS 0x0000000083100000, 0x0000000083000000| Untracked 
|  49|0x0000000083100000, 0x0000000083200000, 0x0000000083200000|100%| O|  |TAMS 0x0000000083200000, 0x0000000083100000| Untracked 
|  50|0x0000000083200000, 0x0000000083300000, 0x0000000083300000|100%| O|  |TAMS 0x0000000083300000, 0x0000000083200000| Untracked 
|  51|0x0000000083300000, 0x0000000083400000, 0x0000000083400000|100%| O|  |TAMS 0x0000000083400000, 0x0000000083300000| Untracked 
|  52|0x0000000083400000, 0x0000000083500000, 0x0000000083500000|100%| O|  |TAMS 0x0000000083500000, 0x0000000083400000| Untracked 
|  53|0x0000000083500000, 0x0000000083600000, 0x0000000083600000|100%| O|  |TAMS 0x0000000083600000, 0x0000000083500000| Untracked 
|  54|0x0000000083600000, 0x0000000083700000, 0x0000000083700000|100%| O|  |TAMS 0x0000000083700000, 0x0000000083600000| Untracked 
|  55|0x0000000083700000, 0x0000000083800000, 0x0000000083800000|100%| O|  |TAMS 0x0000000083800000, 0x0000000083700000| Untracked 
|  56|0x0000000083800000, 0x0000000083900000, 0x0000000083900000|100%| O|  |TAMS 0x0000000083900000, 0x0000000083800000| Untracked 
|  57|0x0000000083900000, 0x0000000083a00000, 0x0000000083a00000|100%| O|  |TAMS 0x0000000083a00000, 0x0000000083900000| Untracked 
|  58|0x0000000083a00000, 0x0000000083b00000, 0x0000000083b00000|100%| O|  |TAMS 0x0000000083b00000, 0x0000000083a00000| Untracked 
|  59|0x0000000083b00000, 0x0000000083c00000, 0x0000000083c00000|100%| O|  |TAMS 0x0000000083c00000, 0x0000000083b00000| Untracked 
|  60|0x0000000083c00000, 0x0000000083d00000, 0x0000000083d00000|100%| O|  |TAMS 0x0000000083d00000, 0x0000000083c00000| Untracked 
|  61|0x0000000083d00000, 0x0000000083e00000, 0x0000000083e00000|100%| O|  |TAMS 0x0000000083e00000, 0x0000000083d00000| Untracked 
|  62|0x0000000083e00000, 0x0000000083f00000, 0x0000000083f00000|100%| O|  |TAMS 0x0000000083f00000, 0x0000000083e00000| Untracked 
|  63|0x0000000083f00000, 0x0000000084000000, 0x0000000084000000|100%| O|  |TAMS 0x0000000084000000, 0x0000000083f00000| Untracked 
|  64|0x0000000084000000, 0x0000000084100000, 0x0000000084100000|100%| O|  |TAMS 0x0000000084100000, 0x0000000084000000| Untracked 
|  65|0x0000000084100000, 0x0000000084200000, 0x0000000084200000|100%| O|  |TAMS 0x0000000084200000, 0x0000000084100000| Untracked 
|  66|0x0000000084200000, 0x0000000084300000, 0x0000000084300000|100%| O|  |TAMS 0x0000000084300000, 0x0000000084200000| Untracked 
|  67|0x0000000084300000, 0x0000000084400000, 0x0000000084400000|100%| O|  |TAMS 0x0000000084400000, 0x0000000084300000| Untracked 
|  68|0x0000000084400000, 0x0000000084500000, 0x0000000084500000|100%| O|  |TAMS 0x0000000084500000, 0x0000000084400000| Untracked 
|  69|0x0000000084500000, 0x0000000084600000, 0x0000000084600000|100%| O|  |TAMS 0x0000000084600000, 0x0000000084500000| Untracked 
|  70|0x0000000084600000, 0x0000000084700000, 0x0000000084700000|100%| O|  |TAMS 0x0000000084700000, 0x0000000084600000| Untracked 
|  71|0x0000000084700000, 0x0000000084800000, 0x0000000084800000|100%| O|  |TAMS 0x0000000084800000, 0x0000000084700000| Untracked 
|  72|0x0000000084800000, 0x0000000084900000, 0x0000000084900000|100%| O|  |TAMS 0x0000000084900000, 0x0000000084800000| Untracked 
|  73|0x0000000084900000, 0x0000000084a00000, 0x0000000084a00000|100%| O|  |TAMS 0x0000000084a00000, 0x0000000084900000| Untracked 
|  74|0x0000000084a00000, 0x0000000084b00000, 0x0000000084b00000|100%| O|  |TAMS 0x0000000084b00000, 0x0000000084a00000| Untracked 
|  75|0x0000000084b00000, 0x0000000084c00000, 0x0000000084c00000|100%| O|  |TAMS 0x0000000084b00000, 0x0000000084b00000| Untracked 
|  76|0x0000000084c00000, 0x0000000084d00000, 0x0000000084d00000|100%| O|  |TAMS 0x0000000084d00000, 0x0000000084c00000| Untracked 
|  77|0x0000000084d00000, 0x0000000084e00000, 0x0000000084e00000|100%| O|  |TAMS 0x0000000084e00000, 0x0000000084d00000| Untracked 
|  78|0x0000000084e00000, 0x0000000084f00000, 0x0000000084f00000|100%| O|  |TAMS 0x0000000084f00000, 0x0000000084e00000| Untracked 
|  79|0x0000000084f00000, 0x0000000085000000, 0x0000000085000000|100%| O|  |TAMS 0x0000000085000000, 0x0000000084f00000| Untracked 
|  80|0x0000000085000000, 0x0000000085000000, 0x0000000085100000|  0%| F|  |TAMS 0x0000000085000000, 0x0000000085000000| Untracked 
|  81|0x0000000085100000, 0x0000000085200000, 0x0000000085200000|100%| O|  |TAMS 0x0000000085200000, 0x0000000085100000| Untracked 
|  82|0x0000000085200000, 0x0000000085300000, 0x0000000085300000|100%| O|  |TAMS 0x0000000085300000, 0x0000000085200000| Untracked 
|  83|0x0000000085300000, 0x0000000085400000, 0x0000000085400000|100%| O|  |TAMS 0x0000000085400000, 0x0000000085300000| Untracked 
|  84|0x0000000085400000, 0x0000000085500000, 0x0000000085500000|100%| O|  |TAMS 0x0000000085500000, 0x0000000085400000| Untracked 
|  85|0x0000000085500000, 0x0000000085600000, 0x0000000085600000|100%| O|  |TAMS 0x0000000085600000, 0x0000000085500000| Untracked 
|  86|0x0000000085600000, 0x0000000085700000, 0x0000000085700000|100%| O|  |TAMS 0x0000000085700000, 0x0000000085600000| Untracked 
|  87|0x0000000085700000, 0x0000000085800000, 0x0000000085800000|100%| O|  |TAMS 0x0000000085800000, 0x0000000085700000| Untracked 
|  88|0x0000000085800000, 0x0000000085900000, 0x0000000085900000|100%| O|  |TAMS 0x0000000085900000, 0x0000000085800000| Untracked 
|  89|0x0000000085900000, 0x0000000085a00000, 0x0000000085a00000|100%| O|  |TAMS 0x0000000085a00000, 0x0000000085900000| Untracked 
|  90|0x0000000085a00000, 0x0000000085b00000, 0x0000000085b00000|100%| O|  |TAMS 0x0000000085b00000, 0x0000000085a00000| Untracked 
|  91|0x0000000085b00000, 0x0000000085c00000, 0x0000000085c00000|100%| O|  |TAMS 0x0000000085c00000, 0x0000000085b00000| Untracked 
|  92|0x0000000085c00000, 0x0000000085d00000, 0x0000000085d00000|100%| O|  |TAMS 0x0000000085d00000, 0x0000000085c00000| Untracked 
|  93|0x0000000085d00000, 0x0000000085e00000, 0x0000000085e00000|100%| O|  |TAMS 0x0000000085e00000, 0x0000000085d00000| Untracked 
|  94|0x0000000085e00000, 0x0000000085f00000, 0x0000000085f00000|100%| O|  |TAMS 0x0000000085f00000, 0x0000000085e00000| Untracked 
|  95|0x0000000085f00000, 0x0000000086000000, 0x0000000086000000|100%| O|  |TAMS 0x0000000086000000, 0x0000000085f00000| Untracked 
|  96|0x0000000086000000, 0x0000000086100000, 0x0000000086100000|100%| O|  |TAMS 0x0000000086100000, 0x0000000086000000| Untracked 
|  97|0x0000000086100000, 0x0000000086200000, 0x0000000086200000|100%| O|  |TAMS 0x0000000086200000, 0x0000000086100000| Untracked 
|  98|0x0000000086200000, 0x0000000086300000, 0x0000000086300000|100%| O|  |TAMS 0x0000000086300000, 0x0000000086200000| Untracked 
|  99|0x0000000086300000, 0x0000000086400000, 0x0000000086400000|100%| O|  |TAMS 0x0000000086400000, 0x0000000086300000| Untracked 
| 100|0x0000000086400000, 0x0000000086500000, 0x0000000086500000|100%| O|  |TAMS 0x0000000086500000, 0x0000000086400000| Untracked 
| 101|0x0000000086500000, 0x0000000086600000, 0x0000000086600000|100%| O|  |TAMS 0x0000000086600000, 0x0000000086500000| Untracked 
| 102|0x0000000086600000, 0x0000000086700000, 0x0000000086700000|100%| O|  |TAMS 0x0000000086700000, 0x0000000086600000| Untracked 
| 103|0x0000000086700000, 0x0000000086800000, 0x0000000086800000|100%| O|  |TAMS 0x0000000086800000, 0x0000000086700000| Untracked 
| 104|0x0000000086800000, 0x0000000086900000, 0x0000000086900000|100%| O|  |TAMS 0x0000000086900000, 0x0000000086800000| Untracked 
| 105|0x0000000086900000, 0x0000000086a00000, 0x0000000086a00000|100%| O|  |TAMS 0x0000000086a00000, 0x0000000086900000| Untracked 
| 106|0x0000000086a00000, 0x0000000086b00000, 0x0000000086b00000|100%| O|  |TAMS 0x0000000086b00000, 0x0000000086a00000| Untracked 
| 107|0x0000000086b00000, 0x0000000086c00000, 0x0000000086c00000|100%| O|  |TAMS 0x0000000086c00000, 0x0000000086b00000| Untracked 
| 108|0x0000000086c00000, 0x0000000086d00000, 0x0000000086d00000|100%| O|  |TAMS 0x0000000086c96600, 0x0000000086c00000| Untracked 
| 109|0x0000000086d00000, 0x0000000086e00000, 0x0000000086e00000|100%| O|  |TAMS 0x0000000086d00000, 0x0000000086d00000| Untracked 
| 110|0x0000000086e00000, 0x0000000086f00000, 0x0000000086f00000|100%| O|  |TAMS 0x0000000086e00000, 0x0000000086e00000| Untracked 
| 111|0x0000000086f00000, 0x0000000087000000, 0x0000000087000000|100%| O|  |TAMS 0x0000000086f00000, 0x0000000086f00000| Untracked 
| 112|0x0000000087000000, 0x0000000087100000, 0x0000000087100000|100%| O|  |TAMS 0x0000000087000000, 0x0000000087000000| Untracked 
| 113|0x0000000087100000, 0x0000000087200000, 0x0000000087200000|100%| O|  |TAMS 0x0000000087100000, 0x0000000087100000| Untracked 
| 114|0x0000000087200000, 0x0000000087300000, 0x0000000087300000|100%| O|  |TAMS 0x0000000087200000, 0x0000000087200000| Untracked 
| 115|0x0000000087300000, 0x000000008734d800, 0x0000000087400000| 30%| O|  |TAMS 0x0000000087300000, 0x0000000087300000| Untracked 
| 116|0x0000000087400000, 0x0000000087400000, 0x0000000087500000|  0%| F|  |TAMS 0x0000000087400000, 0x0000000087400000| Untracked 
| 117|0x0000000087500000, 0x0000000087500000, 0x0000000087600000|  0%| F|  |TAMS 0x0000000087500000, 0x0000000087500000| Untracked 
| 118|0x0000000087600000, 0x0000000087600000, 0x0000000087700000|  0%| F|  |TAMS 0x0000000087600000, 0x0000000087600000| Untracked 
| 119|0x0000000087700000, 0x0000000087700000, 0x0000000087800000|  0%| F|  |TAMS 0x0000000087700000, 0x0000000087700000| Untracked 
| 120|0x0000000087800000, 0x0000000087800000, 0x0000000087900000|  0%| F|  |TAMS 0x0000000087800000, 0x0000000087800000| Untracked 
| 121|0x0000000087900000, 0x0000000087900000, 0x0000000087a00000|  0%| F|  |TAMS 0x0000000087900000, 0x0000000087900000| Untracked 
| 122|0x0000000087a00000, 0x0000000087a00000, 0x0000000087b00000|  0%| F|  |TAMS 0x0000000087a00000, 0x0000000087a00000| Untracked 
| 123|0x0000000087b00000, 0x0000000087b00000, 0x0000000087c00000|  0%| F|  |TAMS 0x0000000087b00000, 0x0000000087b00000| Untracked 
| 124|0x0000000087c00000, 0x0000000087c00000, 0x0000000087d00000|  0%| F|  |TAMS 0x0000000087c00000, 0x0000000087c00000| Untracked 
| 125|0x0000000087d00000, 0x0000000087d00000, 0x0000000087e00000|  0%| F|  |TAMS 0x0000000087d00000, 0x0000000087d00000| Untracked 
| 126|0x0000000087e00000, 0x0000000087e00000, 0x0000000087f00000|  0%| F|  |TAMS 0x0000000087e00000, 0x0000000087e00000| Untracked 
| 127|0x0000000087f00000, 0x0000000087f00000, 0x0000000088000000|  0%| F|  |TAMS 0x0000000087f00000, 0x0000000087f00000| Untracked 
| 128|0x0000000088000000, 0x0000000088000000, 0x0000000088100000|  0%| F|  |TAMS 0x0000000088000000, 0x0000000088000000| Untracked 
| 129|0x0000000088100000, 0x0000000088100000, 0x0000000088200000|  0%| F|  |TAMS 0x0000000088100000, 0x0000000088100000| Untracked 
| 130|0x0000000088200000, 0x0000000088200000, 0x0000000088300000|  0%| F|  |TAMS 0x0000000088200000, 0x0000000088200000| Untracked 
| 131|0x0000000088300000, 0x0000000088300000, 0x0000000088400000|  0%| F|  |TAMS 0x0000000088300000, 0x0000000088300000| Untracked 
| 132|0x0000000088400000, 0x0000000088400000, 0x0000000088500000|  0%| F|  |TAMS 0x0000000088400000, 0x0000000088400000| Untracked 
| 133|0x0000000088500000, 0x0000000088500000, 0x0000000088600000|  0%| F|  |TAMS 0x0000000088500000, 0x0000000088500000| Untracked 
| 134|0x0000000088600000, 0x0000000088600000, 0x0000000088700000|  0%| F|  |TAMS 0x0000000088600000, 0x0000000088600000| Untracked 
| 135|0x0000000088700000, 0x0000000088700000, 0x0000000088800000|  0%| F|  |TAMS 0x0000000088700000, 0x0000000088700000| Untracked 
| 136|0x0000000088800000, 0x0000000088800000, 0x0000000088900000|  0%| F|  |TAMS 0x0000000088800000, 0x0000000088800000| Untracked 
| 137|0x0000000088900000, 0x0000000088900000, 0x0000000088a00000|  0%| F|  |TAMS 0x0000000088900000, 0x0000000088900000| Untracked 
| 138|0x0000000088a00000, 0x0000000088a00000, 0x0000000088b00000|  0%| F|  |TAMS 0x0000000088a00000, 0x0000000088a00000| Untracked 
| 139|0x0000000088b00000, 0x0000000088b00000, 0x0000000088c00000|  0%| F|  |TAMS 0x0000000088b00000, 0x0000000088b00000| Untracked 
| 140|0x0000000088c00000, 0x0000000088c00000, 0x0000000088d00000|  0%| F|  |TAMS 0x0000000088c00000, 0x0000000088c00000| Untracked 
| 141|0x0000000088d00000, 0x0000000088d00000, 0x0000000088e00000|  0%| F|  |TAMS 0x0000000088d00000, 0x0000000088d00000| Untracked 
| 142|0x0000000088e00000, 0x0000000088e00000, 0x0000000088f00000|  0%| F|  |TAMS 0x0000000088e00000, 0x0000000088e00000| Untracked 
| 143|0x0000000088f00000, 0x0000000088f00000, 0x0000000089000000|  0%| F|  |TAMS 0x0000000088f00000, 0x0000000088f00000| Untracked 
| 144|0x0000000089000000, 0x0000000089000000, 0x0000000089100000|  0%| F|  |TAMS 0x0000000089000000, 0x0000000089000000| Untracked 
| 145|0x0000000089100000, 0x0000000089100000, 0x0000000089200000|  0%| F|  |TAMS 0x0000000089100000, 0x0000000089100000| Untracked 
| 146|0x0000000089200000, 0x0000000089266e30, 0x0000000089300000| 40%| S|CS|TAMS 0x0000000089200000, 0x0000000089200000| Complete 
| 147|0x0000000089300000, 0x0000000089400000, 0x0000000089400000|100%| S|CS|TAMS 0x0000000089300000, 0x0000000089300000| Complete 
| 148|0x0000000089400000, 0x0000000089500000, 0x0000000089500000|100%| S|CS|TAMS 0x0000000089400000, 0x0000000089400000| Complete 
| 149|0x0000000089500000, 0x0000000089600000, 0x0000000089600000|100%| S|CS|TAMS 0x0000000089500000, 0x0000000089500000| Complete 
| 150|0x0000000089600000, 0x0000000089700000, 0x0000000089700000|100%| S|CS|TAMS 0x0000000089600000, 0x0000000089600000| Complete 
| 151|0x0000000089700000, 0x0000000089700000, 0x0000000089800000|  0%| F|  |TAMS 0x0000000089700000, 0x0000000089700000| Untracked 
| 152|0x0000000089800000, 0x0000000089800000, 0x0000000089900000|  0%| F|  |TAMS 0x0000000089800000, 0x0000000089800000| Untracked 
| 153|0x0000000089900000, 0x0000000089900000, 0x0000000089a00000|  0%| F|  |TAMS 0x0000000089900000, 0x0000000089900000| Untracked 
| 154|0x0000000089a00000, 0x0000000089a00000, 0x0000000089b00000|  0%| F|  |TAMS 0x0000000089a00000, 0x0000000089a00000| Untracked 
| 155|0x0000000089b00000, 0x0000000089b00000, 0x0000000089c00000|  0%| F|  |TAMS 0x0000000089b00000, 0x0000000089b00000| Untracked 
| 156|0x0000000089c00000, 0x0000000089c00000, 0x0000000089d00000|  0%| F|  |TAMS 0x0000000089c00000, 0x0000000089c00000| Untracked 
| 157|0x0000000089d00000, 0x0000000089d00000, 0x0000000089e00000|  0%| F|  |TAMS 0x0000000089d00000, 0x0000000089d00000| Untracked 
| 158|0x0000000089e00000, 0x0000000089e00000, 0x0000000089f00000|  0%| F|  |TAMS 0x0000000089e00000, 0x0000000089e00000| Untracked 
| 159|0x0000000089f00000, 0x0000000089f00000, 0x000000008a000000|  0%| F|  |TAMS 0x0000000089f00000, 0x0000000089f00000| Untracked 
| 160|0x000000008a000000, 0x000000008a000000, 0x000000008a100000|  0%| F|  |TAMS 0x000000008a000000, 0x000000008a000000| Untracked 
| 161|0x000000008a100000, 0x000000008a100000, 0x000000008a200000|  0%| F|  |TAMS 0x000000008a100000, 0x000000008a100000| Untracked 
| 162|0x000000008a200000, 0x000000008a200000, 0x000000008a300000|  0%| F|  |TAMS 0x000000008a200000, 0x000000008a200000| Untracked 
| 163|0x000000008a300000, 0x000000008a300000, 0x000000008a400000|  0%| F|  |TAMS 0x000000008a300000, 0x000000008a300000| Untracked 
| 164|0x000000008a400000, 0x000000008a400000, 0x000000008a500000|  0%| F|  |TAMS 0x000000008a400000, 0x000000008a400000| Untracked 
| 165|0x000000008a500000, 0x000000008a500000, 0x000000008a600000|  0%| F|  |TAMS 0x000000008a500000, 0x000000008a500000| Untracked 
| 166|0x000000008a600000, 0x000000008a600000, 0x000000008a700000|  0%| F|  |TAMS 0x000000008a600000, 0x000000008a600000| Untracked 
| 167|0x000000008a700000, 0x000000008a700000, 0x000000008a800000|  0%| F|  |TAMS 0x000000008a700000, 0x000000008a700000| Untracked 
| 168|0x000000008a800000, 0x000000008a800000, 0x000000008a900000|  0%| F|  |TAMS 0x000000008a800000, 0x000000008a800000| Untracked 
| 169|0x000000008a900000, 0x000000008a900000, 0x000000008aa00000|  0%| F|  |TAMS 0x000000008a900000, 0x000000008a900000| Untracked 
| 170|0x000000008aa00000, 0x000000008aa00000, 0x000000008ab00000|  0%| F|  |TAMS 0x000000008aa00000, 0x000000008aa00000| Untracked 
| 171|0x000000008ab00000, 0x000000008ab00000, 0x000000008ac00000|  0%| F|  |TAMS 0x000000008ab00000, 0x000000008ab00000| Untracked 
| 172|0x000000008ac00000, 0x000000008ac00000, 0x000000008ad00000|  0%| F|  |TAMS 0x000000008ac00000, 0x000000008ac00000| Untracked 
| 173|0x000000008ad00000, 0x000000008ad00000, 0x000000008ae00000|  0%| F|  |TAMS 0x000000008ad00000, 0x000000008ad00000| Untracked 
| 174|0x000000008ae00000, 0x000000008ae00000, 0x000000008af00000|  0%| F|  |TAMS 0x000000008ae00000, 0x000000008ae00000| Untracked 
| 175|0x000000008af00000, 0x000000008af00000, 0x000000008b000000|  0%| F|  |TAMS 0x000000008af00000, 0x000000008af00000| Untracked 
| 176|0x000000008b000000, 0x000000008b000000, 0x000000008b100000|  0%| F|  |TAMS 0x000000008b000000, 0x000000008b000000| Untracked 
| 177|0x000000008b100000, 0x000000008b100000, 0x000000008b200000|  0%| F|  |TAMS 0x000000008b100000, 0x000000008b100000| Untracked 
| 178|0x000000008b200000, 0x000000008b200000, 0x000000008b300000|  0%| F|  |TAMS 0x000000008b200000, 0x000000008b200000| Untracked 
| 179|0x000000008b300000, 0x000000008b300000, 0x000000008b400000|  0%| F|  |TAMS 0x000000008b300000, 0x000000008b300000| Untracked 
| 180|0x000000008b400000, 0x000000008b400000, 0x000000008b500000|  0%| F|  |TAMS 0x000000008b400000, 0x000000008b400000| Untracked 
| 181|0x000000008b500000, 0x000000008b500000, 0x000000008b600000|  0%| F|  |TAMS 0x000000008b500000, 0x000000008b500000| Untracked 
| 182|0x000000008b600000, 0x000000008b600000, 0x000000008b700000|  0%| F|  |TAMS 0x000000008b600000, 0x000000008b600000| Untracked 
| 183|0x000000008b700000, 0x000000008b700000, 0x000000008b800000|  0%| F|  |TAMS 0x000000008b700000, 0x000000008b700000| Untracked 
| 184|0x000000008b800000, 0x000000008b800000, 0x000000008b900000|  0%| F|  |TAMS 0x000000008b800000, 0x000000008b800000| Untracked 
| 185|0x000000008b900000, 0x000000008b900000, 0x000000008ba00000|  0%| F|  |TAMS 0x000000008b900000, 0x000000008b900000| Untracked 
| 186|0x000000008ba00000, 0x000000008ba00000, 0x000000008bb00000|  0%| F|  |TAMS 0x000000008ba00000, 0x000000008ba00000| Untracked 
| 187|0x000000008bb00000, 0x000000008bb00000, 0x000000008bc00000|  0%| F|  |TAMS 0x000000008bb00000, 0x000000008bb00000| Untracked 
| 188|0x000000008bc00000, 0x000000008bc00000, 0x000000008bd00000|  0%| F|  |TAMS 0x000000008bc00000, 0x000000008bc00000| Untracked 
| 189|0x000000008bd00000, 0x000000008bd00000, 0x000000008be00000|  0%| F|  |TAMS 0x000000008bd00000, 0x000000008bd00000| Untracked 
| 190|0x000000008be00000, 0x000000008be00000, 0x000000008bf00000|  0%| F|  |TAMS 0x000000008be00000, 0x000000008be00000| Untracked 
| 191|0x000000008bf00000, 0x000000008bf00000, 0x000000008c000000|  0%| F|  |TAMS 0x000000008bf00000, 0x000000008bf00000| Untracked 
| 192|0x000000008c000000, 0x000000008c000000, 0x000000008c100000|  0%| F|  |TAMS 0x000000008c000000, 0x000000008c000000| Untracked 
| 193|0x000000008c100000, 0x000000008c100000, 0x000000008c200000|  0%| F|  |TAMS 0x000000008c100000, 0x000000008c100000| Untracked 
| 194|0x000000008c200000, 0x000000008c200000, 0x000000008c300000|  0%| F|  |TAMS 0x000000008c200000, 0x000000008c200000| Untracked 
| 195|0x000000008c300000, 0x000000008c300000, 0x000000008c400000|  0%| F|  |TAMS 0x000000008c300000, 0x000000008c300000| Untracked 
| 196|0x000000008c400000, 0x000000008c400000, 0x000000008c500000|  0%| F|  |TAMS 0x000000008c400000, 0x000000008c400000| Untracked 
| 197|0x000000008c500000, 0x000000008c500000, 0x000000008c600000|  0%| F|  |TAMS 0x000000008c500000, 0x000000008c500000| Untracked 
| 198|0x000000008c600000, 0x000000008c600000, 0x000000008c700000|  0%| F|  |TAMS 0x000000008c600000, 0x000000008c600000| Untracked 
| 199|0x000000008c700000, 0x000000008c700000, 0x000000008c800000|  0%| F|  |TAMS 0x000000008c700000, 0x000000008c700000| Untracked 
| 200|0x000000008c800000, 0x000000008c800000, 0x000000008c900000|  0%| F|  |TAMS 0x000000008c800000, 0x000000008c800000| Untracked 
| 201|0x000000008c900000, 0x000000008c900000, 0x000000008ca00000|  0%| F|  |TAMS 0x000000008c900000, 0x000000008c900000| Untracked 
| 202|0x000000008ca00000, 0x000000008ca00000, 0x000000008cb00000|  0%| F|  |TAMS 0x000000008ca00000, 0x000000008ca00000| Untracked 
| 203|0x000000008cb00000, 0x000000008cb00000, 0x000000008cc00000|  0%| F|  |TAMS 0x000000008cb00000, 0x000000008cb00000| Untracked 
| 204|0x000000008cc00000, 0x000000008cc00000, 0x000000008cd00000|  0%| F|  |TAMS 0x000000008cc00000, 0x000000008cc00000| Untracked 

Card table byte_map: [0x000002467a640000,0x000002467aa40000] _byte_map_base: 0x000002467a240000

Marking Bits (Prev, Next): (CMBitMap*) 0x0000024674fc6e30, (CMBitMap*) 0x0000024674fc6df0
 Prev Bits: [0x000002467ce40000, 0x000002467ee40000)
 Next Bits: [0x000002467ae40000, 0x000002467ce40000)

Polling page: 0x0000024675040000

Metaspace:

Usage:
  Non-class:     98.75 MB used.
      Class:     15.80 MB used.
       Both:    114.55 MB used.

Virtual space:
  Non-class space:      104.00 MB reserved,      99.12 MB ( 95%) committed,  13 nodes.
      Class space:        1.00 GB reserved,      16.12 MB (  2%) committed,  1 nodes.
             Both:        1.10 GB reserved,     115.25 MB ( 10%) committed. 

Chunk freelists:
   Non-Class:  608.00 KB
       Class:  3.88 MB
        Both:  4.47 MB

MaxMetaspaceSize: unlimited
CompressedClassSpaceSize: 1.00 GB
Initial GC threshold: 21.00 MB
Current GC threshold: 185.00 MB
CDS: off
MetaspaceReclaimPolicy: balanced
 - commit_granule_bytes: 65536.
 - commit_granule_words: 8192.
 - virtual_space_node_default_size: 1048576.
 - enlarge_chunks_in_place: 1.
 - new_chunks_are_fully_committed: 0.
 - uncommit_free_chunks: 1.
 - use_allocation_guard: 0.
 - handle_deallocations: 1.


Internal statistics:

num_allocs_failed_limit: 9.
num_arena_births: 1224.
num_arena_deaths: 12.
num_vsnodes_births: 14.
num_vsnodes_deaths: 0.
num_space_committed: 1843.
num_space_uncommitted: 0.
num_chunks_returned_to_freelist: 25.
num_chunks_taken_from_freelist: 5687.
num_chunk_merges: 11.
num_chunk_splits: 3812.
num_chunks_enlarged: 2644.
num_purges: 4.
num_inconsistent_stats: 0.

CodeHeap 'non-profiled nmethods': size=120000Kb used=5062Kb max_used=5062Kb free=114937Kb
 bounds [0x0000024607ad0000, 0x0000024607fd0000, 0x000002460f000000]
CodeHeap 'profiled nmethods': size=120000Kb used=24253Kb max_used=24253Kb free=95746Kb
 bounds [0x0000024600000000, 0x00000246017b0000, 0x0000024607530000]
CodeHeap 'non-nmethods': size=5760Kb used=2423Kb max_used=2472Kb free=3336Kb
 bounds [0x0000024607530000, 0x00000246077b0000, 0x0000024607ad0000]
 total_blobs=14517 nmethods=13553 adapters=874
 compilation: enabled
              stopped_count=0, restarted_count=0
 full_count=0

Compilation events (20 events):
Event: 26.254 Thread 0x000002467f4a1010 nmethod 15495 0x0000024607fbeb10 code [0x0000024607fbed80, 0x0000024607fbfb00]
Event: 26.254 Thread 0x000002467f4a1010 15535       4       com.android.tools.r8.graph.u2::a (258 bytes)
Event: 26.265 Thread 0x000002467f4a3cd0 nmethod 15537 0x00000246017a6990 code [0x00000246017a7040, 0x00000246017aab68]
Event: 26.265 Thread 0x000002467f4a3cd0 15524       3       com.android.tools.r8.internal.a::a (13 bytes)
Event: 26.266 Thread 0x000002467f4a3cd0 nmethod 15524 0x00000246017ace10 code [0x00000246017acfc0, 0x00000246017ad1a8]
Event: 26.267 Thread 0x000002467f4a1010 nmethod 15535 0x0000024607fc0b10 code [0x0000024607fc0ca0, 0x0000024607fc0f38]
Event: 26.267 Thread 0x000002467f4a1010 15518       4       jdk.internal.util.ArraysSupport::mismatch (73 bytes)
Event: 26.272 Thread 0x000002467f4a3cd0 15539       3       org.gradle.internal.isolated.IsolationScheme::parameterTypeFor (115 bytes)
Event: 26.273 Thread 0x000002467f4a3cd0 nmethod 15539 0x00000246017ad290 code [0x00000246017ad500, 0x00000246017adee8]
Event: 26.274 Thread 0x000002467f4a3cd0 15541       1       com.android.build.gradle.internal.tasks.DexMergingWorkAction$Params_Decorated::getModelIdentityDisplayName (5 bytes)
Event: 26.274 Thread 0x000002467f4a3cd0 nmethod 15541 0x0000024607fc1090 code [0x0000024607fc1220, 0x0000024607fc12f8]
Event: 26.275 Thread 0x000002467f4a3cd0 15542       3       org.gradle.internal.snapshot.impl.IsolatedArray::<init> (11 bytes)
Event: 26.275 Thread 0x000002467f4a3cd0 nmethod 15542 0x00000246017ae190 code [0x00000246017ae340, 0x00000246017ae5b8]
Event: 26.276 Thread 0x000002467f4a3cd0 15543       3       org.gradle.internal.snapshot.impl.DefaultIsolatableFactory$IsolatableVisitor::array (7 bytes)
Event: 26.276 Thread 0x000002467f4a3cd0 nmethod 15543 0x00000246017ae690 code [0x00000246017ae840, 0x00000246017aebf8]
Event: 26.277 Thread 0x000002467f4a1010 nmethod 15518 0x0000024607fc1390 code [0x0000024607fc1520, 0x0000024607fc1718]
Event: 26.277 Thread 0x000002467f4a1010 15540   !   4       java.util.zip.ZipFile$Source::getEntryPos (173 bytes)
Event: 26.279 Thread 0x000002467f4a3cd0 15545 %     3       jdk.internal.reflect.ClassFileAssembler::append @ 2 (30 bytes)
Event: 26.280 Thread 0x000002467f4a3cd0 nmethod 15545% 0x00000246017aed90 code [0x00000246017aef80, 0x00000246017af478]
Event: 26.280 Thread 0x000002467f4a3cd0 15546   !   3       org.gradle.execution.plan.DefaultPlanExecutor$ExecutorWorker::lambda$getNextItem$1 (177 bytes)

GC Heap History (20 events):
Event: 17.033 GC heap after
{Heap after GC invocations=37 (full 0):
 garbage-first heap   total 163840K, used 89088K [0x0000000080000000, 0x0000000100000000)
  region size 1024K, 6 young (6144K), 6 survivors (6144K)
 Metaspace       used 94923K, committed 95616K, reserved 1138688K
  class space    used 13029K, committed 13376K, reserved 1048576K
}
Event: 17.083 GC heap before
{Heap before GC invocations=37 (full 0):
 garbage-first heap   total 163840K, used 91136K [0x0000000080000000, 0x0000000100000000)
  region size 1024K, 8 young (8192K), 6 survivors (6144K)
 Metaspace       used 95058K, committed 95744K, reserved 1138688K
  class space    used 13052K, committed 13376K, reserved 1048576K
}
Event: 17.092 GC heap after
{Heap after GC invocations=38 (full 0):
 garbage-first heap   total 209920K, used 89588K [0x0000000080000000, 0x0000000100000000)
  region size 1024K, 1 young (1024K), 1 survivors (1024K)
 Metaspace       used 95058K, committed 95744K, reserved 1138688K
  class space    used 13052K, committed 13376K, reserved 1048576K
}
Event: 19.112 GC heap before
{Heap before GC invocations=38 (full 0):
 garbage-first heap   total 209920K, used 166388K [0x0000000080000000, 0x0000000100000000)
  region size 1024K, 77 young (78848K), 1 survivors (1024K)
 Metaspace       used 96190K, committed 96896K, reserved 1138688K
  class space    used 13183K, committed 13504K, reserved 1048576K
}
Event: 19.124 GC heap after
{Heap after GC invocations=39 (full 0):
 garbage-first heap   total 209920K, used 94960K [0x0000000080000000, 0x0000000100000000)
  region size 1024K, 7 young (7168K), 7 survivors (7168K)
 Metaspace       used 96190K, committed 96896K, reserved 1138688K
  class space    used 13183K, committed 13504K, reserved 1048576K
}
Event: 20.251 GC heap before
{Heap before GC invocations=39 (full 0):
 garbage-first heap   total 209920K, used 165616K [0x0000000080000000, 0x0000000100000000)
  region size 1024K, 76 young (77824K), 7 survivors (7168K)
 Metaspace       used 98251K, committed 98944K, reserved 1138688K
  class space    used 13384K, committed 13696K, reserved 1048576K
}
Event: 20.267 GC heap after
{Heap after GC invocations=40 (full 0):
 garbage-first heap   total 209920K, used 99419K [0x0000000080000000, 0x0000000100000000)
  region size 1024K, 5 young (5120K), 5 survivors (5120K)
 Metaspace       used 98251K, committed 98944K, reserved 1138688K
  class space    used 13384K, committed 13696K, reserved 1048576K
}
Event: 20.904 GC heap before
{Heap before GC invocations=40 (full 0):
 garbage-first heap   total 209920K, used 135259K [0x0000000080000000, 0x0000000100000000)
  region size 1024K, 41 young (41984K), 5 survivors (5120K)
 Metaspace       used 98788K, committed 99456K, reserved 1138688K
  class space    used 13440K, committed 13760K, reserved 1048576K
}
Event: 20.917 GC heap after
{Heap after GC invocations=41 (full 0):
 garbage-first heap   total 209920K, used 102876K [0x0000000080000000, 0x0000000100000000)
  region size 1024K, 8 young (8192K), 8 survivors (8192K)
 Metaspace       used 98788K, committed 99456K, reserved 1138688K
  class space    used 13440K, committed 13760K, reserved 1048576K
}
Event: 22.056 GC heap before
{Heap before GC invocations=42 (full 0):
 garbage-first heap   total 209920K, used 172508K [0x0000000080000000, 0x0000000100000000)
  region size 1024K, 75 young (76800K), 8 survivors (8192K)
 Metaspace       used 104327K, committed 105088K, reserved 1146880K
  class space    used 14220K, committed 14592K, reserved 1048576K
}
Event: 22.079 GC heap after
{Heap after GC invocations=43 (full 0):
 garbage-first heap   total 209920K, used 110180K [0x0000000080000000, 0x0000000100000000)
  region size 1024K, 10 young (10240K), 10 survivors (10240K)
 Metaspace       used 104327K, committed 105088K, reserved 1146880K
  class space    used 14220K, committed 14592K, reserved 1048576K
}
Event: 22.084 GC heap before
{Heap before GC invocations=43 (full 0):
 garbage-first heap   total 209920K, used 111204K [0x0000000080000000, 0x0000000100000000)
  region size 1024K, 11 young (11264K), 10 survivors (10240K)
 Metaspace       used 104340K, committed 105088K, reserved 1146880K
  class space    used 14223K, committed 14592K, reserved 1048576K
}
Event: 22.102 GC heap after
{Heap after GC invocations=44 (full 0):
 garbage-first heap   total 209920K, used 111660K [0x0000000080000000, 0x0000000100000000)
  region size 1024K, 2 young (2048K), 2 survivors (2048K)
 Metaspace       used 104340K, committed 105088K, reserved 1146880K
  class space    used 14223K, committed 14592K, reserved 1048576K
}
Event: 23.633 GC heap before
{Heap before GC invocations=44 (full 0):
 garbage-first heap   total 209920K, used 172076K [0x0000000080000000, 0x0000000100000000)
  region size 1024K, 60 young (61440K), 2 survivors (2048K)
 Metaspace       used 112386K, committed 113152K, reserved 1146880K
  class space    used 15488K, committed 15872K, reserved 1048576K
}
Event: 23.646 GC heap after
{Heap after GC invocations=45 (full 0):
 garbage-first heap   total 209920K, used 113721K [0x0000000080000000, 0x0000000100000000)
  region size 1024K, 4 young (4096K), 4 survivors (4096K)
 Metaspace       used 112386K, committed 113152K, reserved 1146880K
  class space    used 15488K, committed 15872K, reserved 1048576K
}
Event: 25.014 GC heap before
{Heap before GC invocations=46 (full 0):
 garbage-first heap   total 209920K, used 172089K [0x0000000080000000, 0x0000000100000000)
  region size 1024K, 62 young (63488K), 4 survivors (4096K)
 Metaspace       used 115803K, committed 116544K, reserved 1155072K
  class space    used 15956K, committed 16320K, reserved 1048576K
}
Event: 25.027 GC heap after
{Heap after GC invocations=47 (full 0):
 garbage-first heap   total 209920K, used 118119K [0x0000000080000000, 0x0000000100000000)
  region size 1024K, 8 young (8192K), 8 survivors (8192K)
 Metaspace       used 115803K, committed 116544K, reserved 1155072K
  class space    used 15956K, committed 16320K, reserved 1048576K
}
Event: 25.045 GC heap before
{Heap before GC invocations=47 (full 0):
 garbage-first heap   total 209920K, used 119143K [0x0000000080000000, 0x0000000100000000)
  region size 1024K, 10 young (10240K), 8 survivors (8192K)
 Metaspace       used 115812K, committed 116544K, reserved 1155072K
  class space    used 15956K, committed 16320K, reserved 1048576K
}
Event: 25.058 GC heap after
{Heap after GC invocations=48 (full 0):
 garbage-first heap   total 209920K, used 118070K [0x0000000080000000, 0x0000000100000000)
  region size 1024K, 1 young (1024K), 1 survivors (1024K)
 Metaspace       used 115812K, committed 116544K, reserved 1155072K
  class space    used 15956K, committed 16320K, reserved 1048576K
}
Event: 26.286 GC heap before
{Heap before GC invocations=48 (full 0):
 garbage-first heap   total 209920K, used 172342K [0x0000000080000000, 0x0000000100000000)
  region size 1024K, 54 young (55296K), 1 survivors (1024K)
 Metaspace       used 117299K, committed 118016K, reserved 1155072K
  class space    used 16178K, committed 16512K, reserved 1048576K
}

Dll operation events (2 events):
Event: 0.024 Loaded shared library C:\Program Files\Android\Android Studio\jbr\bin\java.dll
Event: 0.670 Loaded shared library C:\Program Files\Android\Android Studio\jbr\bin\verify.dll

Deoptimization events (20 events):
Event: 25.810 Thread 0x00000246160190d0 DEOPT PACKING pc=0x0000024607ed3aa0 sp=0x000000bac38fe9c0
Event: 25.810 Thread 0x00000246160190d0 DEOPT UNPACKING pc=0x00000246075869a3 sp=0x000000bac38fe940 mode 2
Event: 25.810 Thread 0x00000246160190d0 Uncommon trap: trap_request=0xffffff45 fr.pc=0x0000024607eec7d4 relative=0x0000000000000154
Event: 25.810 Thread 0x00000246160190d0 Uncommon trap: reason=unstable_if action=reinterpret pc=0x0000024607eec7d4 method=org.gradle.internal.io.StreamByteBuffer.prepareRead()I @ 30 c2
Event: 25.810 Thread 0x00000246160190d0 DEOPT PACKING pc=0x0000024607eec7d4 sp=0x000000bac38fe8c0
Event: 25.810 Thread 0x00000246160190d0 DEOPT UNPACKING pc=0x00000246075869a3 sp=0x000000bac38fe870 mode 2
Event: 25.914 Thread 0x0000024613401370 DEOPT PACKING pc=0x00000246009614c3 sp=0x000000babf8fe250
Event: 25.914 Thread 0x0000024613401370 DEOPT UNPACKING pc=0x0000024607587143 sp=0x000000babf8fd6d8 mode 0
Event: 26.021 Thread 0x0000024614516ab0 DEOPT PACKING pc=0x00000246009614c3 sp=0x000000bac07fe7b0
Event: 26.021 Thread 0x0000024614516ab0 DEOPT UNPACKING pc=0x0000024607587143 sp=0x000000bac07fdc38 mode 0
Event: 26.116 Thread 0x00000246191edf00 Uncommon trap: trap_request=0xffffff45 fr.pc=0x0000024607db7584 relative=0x00000000000011e4
Event: 26.116 Thread 0x00000246191edf00 Uncommon trap: reason=unstable_if action=reinterpret pc=0x0000024607db7584 method=java.util.concurrent.ConcurrentHashMap.putVal(Ljava/lang/Object;Ljava/lang/Object;Z)Ljava/lang/Object; @ 162 c2
Event: 26.116 Thread 0x00000246191edf00 DEOPT PACKING pc=0x0000024607db7584 sp=0x000000bac3bfc880
Event: 26.116 Thread 0x00000246191edf00 DEOPT UNPACKING pc=0x00000246075869a3 sp=0x000000bac3bfc818 mode 2
Event: 26.134 Thread 0x00000246191ed090 DEOPT PACKING pc=0x0000024600ed0360 sp=0x000000bac39fd490
Event: 26.134 Thread 0x00000246191ed090 DEOPT UNPACKING pc=0x0000024607587143 sp=0x000000bac39fc950 mode 0
Event: 26.154 Thread 0x0000024614c03f80 Uncommon trap: trap_request=0xffffff45 fr.pc=0x0000024607ea92a0 relative=0x0000000000000200
Event: 26.154 Thread 0x0000024614c03f80 Uncommon trap: reason=unstable_if action=reinterpret pc=0x0000024607ea92a0 method=com.android.tools.r8.graph.u2.a([C)I @ 29 c2
Event: 26.154 Thread 0x0000024614c03f80 DEOPT PACKING pc=0x0000024607ea92a0 sp=0x000000bac3dfd2b0
Event: 26.154 Thread 0x0000024614c03f80 DEOPT UNPACKING pc=0x00000246075869a3 sp=0x000000bac3dfd240 mode 2

Classes unloaded (6 events):
Event: 21.152 Thread 0x000002467f43f700 Unloading class 0x0000000100d20c00 'java/lang/invoke/LambdaForm$DMH+0x0000000100d20c00'
Event: 21.152 Thread 0x000002467f43f700 Unloading class 0x0000000100d20800 'java/lang/invoke/LambdaForm$DMH+0x0000000100d20800'
Event: 21.152 Thread 0x000002467f43f700 Unloading class 0x0000000100d20400 'java/lang/invoke/LambdaForm$DMH+0x0000000100d20400'
Event: 23.925 Thread 0x000002467f43f700 Unloading class 0x0000000100e10400 'java/lang/invoke/LambdaForm$DMH+0x0000000100e10400'
Event: 23.925 Thread 0x000002467f43f700 Unloading class 0x0000000100e10000 'java/lang/invoke/LambdaForm$DMH+0x0000000100e10000'
Event: 23.925 Thread 0x000002467f43f700 Unloading class 0x0000000100dfc000 'java/lang/invoke/LambdaForm$DMH+0x0000000100dfc000'

Classes redefined (0 events):
No events

Internal exceptions (20 events):
Event: 24.661 Thread 0x00000246191edf00 Exception <a 'sun/nio/fs/WindowsException'{0x000000008a446688}> (0x000000008a446688) 
thrown [s\src\hotspot\share\prims\jni.cpp, line 517]
Event: 24.710 Thread 0x0000024616019a70 Exception <a 'sun/nio/fs/WindowsException'{0x000000008a3d9110}> (0x000000008a3d9110) 
thrown [s\src\hotspot\share\prims\jni.cpp, line 517]
Event: 24.723 Thread 0x00000246191edf00 Exception <a 'sun/nio/fs/WindowsException'{0x000000008a45a050}> (0x000000008a45a050) 
thrown [s\src\hotspot\share\prims\jni.cpp, line 517]
Event: 24.748 Thread 0x00000246191edf00 Exception <a 'sun/nio/fs/WindowsException'{0x000000008a462f28}> (0x000000008a462f28) 
thrown [s\src\hotspot\share\prims\jni.cpp, line 517]
Event: 24.753 Thread 0x0000024616019a70 Exception <a 'sun/nio/fs/WindowsException'{0x000000008a3e0618}> (0x000000008a3e0618) 
thrown [s\src\hotspot\share\prims\jni.cpp, line 517]
Event: 24.789 Thread 0x0000024616019a70 Exception <a 'sun/nio/fs/WindowsException'{0x000000008a2c3b40}> (0x000000008a2c3b40) 
thrown [s\src\hotspot\share\prims\jni.cpp, line 517]
Event: 24.819 Thread 0x0000024616019a70 Exception <a 'sun/nio/fs/WindowsException'{0x000000008a2cb1a0}> (0x000000008a2cb1a0) 
thrown [s\src\hotspot\share\prims\jni.cpp, line 517]
Event: 24.841 Thread 0x00000246191edf00 Exception <a 'sun/nio/fs/WindowsException'{0x000000008a1c58c0}> (0x000000008a1c58c0) 
thrown [s\src\hotspot\share\prims\jni.cpp, line 517]
Event: 24.847 Thread 0x00000246191edf00 Exception <a 'sun/nio/fs/WindowsException'{0x000000008a1cbec8}> (0x000000008a1cbec8) 
thrown [s\src\hotspot\share\prims\jni.cpp, line 517]
Event: 24.950 Thread 0x0000024616019a70 Exception <a 'sun/nio/fs/WindowsException'{0x000000008a2d90f0}> (0x000000008a2d90f0) 
thrown [s\src\hotspot\share\prims\jni.cpp, line 517]
Event: 24.982 Thread 0x00000246191edf00 Exception <a 'sun/nio/fs/WindowsException'{0x000000008a1da908}> (0x000000008a1da908) 
thrown [s\src\hotspot\share\prims\jni.cpp, line 517]
Event: 24.994 Thread 0x0000024616019a70 Exception <a 'sun/nio/fs/WindowsException'{0x0000000089562288}> (0x0000000089562288) 
thrown [s\src\hotspot\share\prims\jni.cpp, line 517]
Event: 24.996 Thread 0x00000246191edf00 Exception <a 'sun/nio/fs/WindowsException'{0x000000008a1e1d70}> (0x000000008a1e1d70) 
thrown [s\src\hotspot\share\prims\jni.cpp, line 517]
Event: 24.999 Thread 0x0000024616019a70 Exception <a 'sun/nio/fs/WindowsException'{0x000000008956b2c8}> (0x000000008956b2c8) 
thrown [s\src\hotspot\share\prims\jni.cpp, line 517]
Event: 25.060 Thread 0x00000246191edf00 Exception <a 'sun/nio/fs/WindowsException'{0x000000008cc99ba8}> (0x000000008cc99ba8) 
thrown [s\src\hotspot\share\prims\jni.cpp, line 517]
Event: 25.084 Thread 0x00000246191edf00 Exception <a 'sun/nio/fs/WindowsException'{0x000000008cca2110}> (0x000000008cca2110) 
thrown [s\src\hotspot\share\prims\jni.cpp, line 517]
Event: 25.876 Thread 0x00000246160195a0 Exception <a 'sun/nio/fs/WindowsException'{0x000000008aa407c0}> (0x000000008aa407c0) 
thrown [s\src\hotspot\share\prims\jni.cpp, line 517]
Event: 26.010 Thread 0x00000246191edf00 Exception <a 'sun/nio/fs/WindowsException'{0x0000000089fadf88}> (0x0000000089fadf88) 
thrown [s\src\hotspot\share\prims\jni.cpp, line 517]
Event: 26.022 Thread 0x00000246160195a0 Exception <a 'sun/nio/fs/WindowsException'{0x0000000089e06560}> (0x0000000089e06560) 
thrown [s\src\hotspot\share\prims\jni.cpp, line 517]
Event: 26.037 Thread 0x0000024614c03f80 Exception <a 'sun/nio/fs/WindowsException'{0x000000008a1fc9d8}> (0x000000008a1fc9d8) 
thrown [s\src\hotspot\share\prims\jni.cpp, line 517]

VM Operations (20 events):
Event: 24.515 Executing VM operation: HandshakeAllThreads done
Event: 24.706 Executing VM operation: ICBufferFull
Event: 24.706 Executing VM operation: ICBufferFull done
Event: 25.014 Executing VM operation: G1CollectForAllocation
Event: 25.029 Executing VM operation: G1CollectForAllocation done
Event: 25.045 Executing VM operation: G1CollectForAllocation
Event: 25.059 Executing VM operation: G1CollectForAllocation done
Event: 25.494 Executing VM operation: HandshakeAllThreads
Event: 25.494 Executing VM operation: HandshakeAllThreads done
Event: 25.496 Executing VM operation: HandshakeAllThreads
Event: 25.496 Executing VM operation: HandshakeAllThreads done
Event: 25.503 Executing VM operation: HandshakeAllThreads
Event: 25.503 Executing VM operation: HandshakeAllThreads done
Event: 25.662 Executing VM operation: ICBufferFull
Event: 25.662 Executing VM operation: ICBufferFull done
Event: 25.893 Executing VM operation: HandshakeAllThreads
Event: 25.893 Executing VM operation: HandshakeAllThreads done
Event: 26.127 Executing VM operation: HandshakeAllThreads
Event: 26.128 Executing VM operation: HandshakeAllThreads done
Event: 26.285 Executing VM operation: G1CollectForAllocation

Events (20 events):
Event: 23.667 loading class java/util/AbstractList$SubList$1
Event: 23.668 loading class java/util/AbstractList$SubList$1 done
Event: 24.182 loading class java/util/IdentityHashMap$EntrySet
Event: 24.182 loading class java/util/IdentityHashMap$EntrySet done
Event: 24.447 loading class java/nio/ShortBuffer
Event: 24.448 loading class java/nio/ShortBuffer done
Event: 24.478 loading class java/nio/ByteBufferAsShortBufferL
Event: 24.478 loading class java/nio/ByteBufferAsShortBufferL done
Event: 24.511 loading class java/util/zip/Adler32
Event: 24.511 loading class java/util/zip/Adler32 done
Event: 24.519 loading class java/nio/file/Path$1
Event: 24.520 loading class java/nio/file/Path$1 done
Event: 24.745 loading class java/util/zip/ZipOutputStream$XEntry
Event: 24.745 loading class java/util/zip/ZipOutputStream$XEntry done
Event: 24.804 loading class java/util/Vector$Itr
Event: 24.804 loading class java/util/Vector$Itr done
Event: 25.893 loading class java/io/PushbackInputStream
Event: 25.894 loading class java/io/PushbackInputStream done
Event: 26.110 loading class java/nio/BufferUnderflowException
Event: 26.115 loading class java/nio/BufferUnderflowException done


Dynamic libraries:
0x00007ff627830000 - 0x00007ff62783a000 	C:\Program Files\Android\Android Studio\jbr\bin\java.exe
0x00007ff83bcd0000 - 0x00007ff83bec8000 	C:\WINDOWS\SYSTEM32\ntdll.dll
0x00007ff83bac0000 - 0x00007ff83bb7d000 	C:\WINDOWS\System32\KERNEL32.DLL
0x00007ff8396c0000 - 0x00007ff8399b6000 	C:\WINDOWS\System32\KERNELBASE.dll
0x00007ff839c30000 - 0x00007ff839d30000 	C:\WINDOWS\System32\ucrtbase.dll
0x00007ff82efe0000 - 0x00007ff82effb000 	C:\Program Files\Android\Android Studio\jbr\bin\VCRUNTIME140.dll
0x00007ff82ee00000 - 0x00007ff82ee17000 	C:\Program Files\Android\Android Studio\jbr\bin\jli.dll
0x00007ff83a210000 - 0x00007ff83a3ae000 	C:\WINDOWS\System32\USER32.dll
0x00007ff824e80000 - 0x00007ff82511a000 	C:\WINDOWS\WinSxS\amd64_microsoft.windows.common-controls_6595b64144ccf1df_6.0.19041.3636_none_60b6a03d71f818d5\COMCTL32.dll
0x00007ff839b50000 - 0x00007ff839b72000 	C:\WINDOWS\System32\win32u.dll
0x00007ff83bb80000 - 0x00007ff83bbac000 	C:\WINDOWS\System32\GDI32.dll
0x00007ff839a30000 - 0x00007ff839b4a000 	C:\WINDOWS\System32\gdi32full.dll
0x00007ff839540000 - 0x00007ff8395dd000 	C:\WINDOWS\System32\msvcp_win.dll
0x00007ff839e50000 - 0x00007ff839eee000 	C:\WINDOWS\System32\msvcrt.dll
0x00007ff83b9f0000 - 0x00007ff83ba20000 	C:\WINDOWS\System32\IMM32.DLL
0x00007ff830010000 - 0x00007ff83001c000 	C:\Program Files\Android\Android Studio\jbr\bin\vcruntime140_1.dll
0x00007ff815070000 - 0x00007ff8150fd000 	C:\Program Files\Android\Android Studio\jbr\bin\msvcp140.dll
0x00007ff803080000 - 0x00007ff803cee000 	C:\Program Files\Android\Android Studio\jbr\bin\server\jvm.dll
0x00007ff83afe0000 - 0x00007ff83b08f000 	C:\WINDOWS\System32\ADVAPI32.dll
0x00007ff83ba20000 - 0x00007ff83babc000 	C:\WINDOWS\System32\sechost.dll
0x00007ff83b8c0000 - 0x00007ff83b9e6000 	C:\WINDOWS\System32\RPCRT4.dll
0x00007ff830020000 - 0x00007ff830029000 	C:\WINDOWS\SYSTEM32\WSOCK32.dll
0x00007ff833770000 - 0x00007ff833797000 	C:\WINDOWS\SYSTEM32\WINMM.dll
0x00007ff83ae30000 - 0x00007ff83ae9b000 	C:\WINDOWS\System32\WS2_32.dll
0x00007ff8337a0000 - 0x00007ff8337aa000 	C:\WINDOWS\SYSTEM32\VERSION.dll
0x00007ff837270000 - 0x00007ff837282000 	C:\WINDOWS\SYSTEM32\kernel.appcore.dll
0x00007ff830000000 - 0x00007ff83000a000 	C:\Program Files\Android\Android Studio\jbr\bin\jimage.dll
0x00007ff834860000 - 0x00007ff834a44000 	C:\WINDOWS\SYSTEM32\DBGHELP.DLL
0x00007ff834be0000 - 0x00007ff834c14000 	C:\WINDOWS\SYSTEM32\dbgcore.DLL
0x00007ff839630000 - 0x00007ff8396b2000 	C:\WINDOWS\System32\bcryptPrimitives.dll
0x00007ff82fcd0000 - 0x00007ff82fcf5000 	C:\Program Files\Android\Android Studio\jbr\bin\java.dll
0x00007ff82ffe0000 - 0x00007ff82fff8000 	C:\Program Files\Android\Android Studio\jbr\bin\zip.dll
0x00007ff83b090000 - 0x00007ff83b7d4000 	C:\WINDOWS\System32\SHELL32.dll
0x00007ff837470000 - 0x00007ff837c0b000 	C:\WINDOWS\SYSTEM32\windows.storage.dll
0x00007ff83a500000 - 0x00007ff83a854000 	C:\WINDOWS\System32\combase.dll
0x00007ff838d20000 - 0x00007ff838d4d000 	C:\WINDOWS\SYSTEM32\Wldp.dll
0x00007ff83aea0000 - 0x00007ff83af4d000 	C:\WINDOWS\System32\SHCORE.dll
0x00007ff83b860000 - 0x00007ff83b8b5000 	C:\WINDOWS\System32\shlwapi.dll
0x00007ff8392e0000 - 0x00007ff839305000 	C:\WINDOWS\SYSTEM32\profapi.dll
0x00007ff82fcb0000 - 0x00007ff82fcc9000 	C:\Program Files\Android\Android Studio\jbr\bin\net.dll
0x00007ff82e620000 - 0x00007ff82e72a000 	C:\WINDOWS\SYSTEM32\WINHTTP.dll
0x00007ff838a80000 - 0x00007ff838aea000 	C:\WINDOWS\system32\mswsock.dll
0x00007ff82fc90000 - 0x00007ff82fca6000 	C:\Program Files\Android\Android Studio\jbr\bin\nio.dll
0x00007ff82fc80000 - 0x00007ff82fc90000 	C:\Program Files\Android\Android Studio\jbr\bin\verify.dll
0x00007ff82a5e0000 - 0x00007ff82a607000 	C:\Users\HP\.gradle\native\68d5fa5c4cc2d200863cafc0d521ce42e7d3e7ee720ec0a83991735586a16f82\windows-amd64\native-platform.dll
0x00007ff8118f0000 - 0x00007ff811a34000 	C:\Users\HP\.gradle\native\e376f236ea51e6404a007f0833ffe2c6e607c4080706a723a18a27aeea778392\windows-amd64\native-platform-file-events.dll
0x00007ff82fc70000 - 0x00007ff82fc79000 	C:\Program Files\Android\Android Studio\jbr\bin\management.dll
0x00007ff82fc60000 - 0x00007ff82fc6b000 	C:\Program Files\Android\Android Studio\jbr\bin\management_ext.dll
0x00007ff83a3b0000 - 0x00007ff83a3b8000 	C:\WINDOWS\System32\PSAPI.DLL
0x00007ff838c70000 - 0x00007ff838c88000 	C:\WINDOWS\SYSTEM32\CRYPTSP.dll
0x00007ff8383b0000 - 0x00007ff8383e4000 	C:\WINDOWS\system32\rsaenh.dll
0x00007ff839510000 - 0x00007ff839537000 	C:\WINDOWS\System32\bcrypt.dll
0x00007ff8392a0000 - 0x00007ff8392ce000 	C:\WINDOWS\SYSTEM32\USERENV.dll
0x00007ff838c90000 - 0x00007ff838c9c000 	C:\WINDOWS\SYSTEM32\CRYPTBASE.dll
0x00007ff838770000 - 0x00007ff8387ab000 	C:\WINDOWS\SYSTEM32\IPHLPAPI.DLL
0x00007ff83a420000 - 0x00007ff83a428000 	C:\WINDOWS\System32\NSI.dll
0x00007ff82f050000 - 0x00007ff82f067000 	C:\WINDOWS\SYSTEM32\dhcpcsvc6.DLL
0x00007ff82fa50000 - 0x00007ff82fa6d000 	C:\WINDOWS\SYSTEM32\dhcpcsvc.DLL
0x00007ff8387b0000 - 0x00007ff83887a000 	C:\WINDOWS\SYSTEM32\DNSAPI.dll
0x00007ff82faf0000 - 0x00007ff82faf7000 	C:\WINDOWS\system32\wshunix.dll
0x00007ff81cc00000 - 0x00007ff81cc17000 	C:\WINDOWS\system32\napinsp.dll
0x00007ff81cbe0000 - 0x00007ff81cbfb000 	C:\WINDOWS\system32\pnrpnsp.dll
0x00007ff81cbc0000 - 0x00007ff81cbd5000 	C:\WINDOWS\system32\wshbth.dll
0x00007ff834040000 - 0x00007ff83405d000 	C:\WINDOWS\system32\NLAapi.dll
0x00007ff81cba0000 - 0x00007ff81cbb2000 	C:\WINDOWS\System32\winrnr.dll
0x00007ff823410000 - 0x00007ff82341a000 	C:\Windows\System32\rasadhlp.dll
0x00007ff823390000 - 0x00007ff823410000 	C:\WINDOWS\System32\fwpuclnt.dll

dbghelp: loaded successfully - version: 4.0.5 - missing functions: none
symbol engine: initialized successfully - sym options: 0x614 - pdb path: .;C:\Program Files\Android\Android Studio\jbr\bin;C:\WINDOWS\SYSTEM32;C:\WINDOWS\WinSxS\amd64_microsoft.windows.common-controls_6595b64144ccf1df_6.0.19041.3636_none_60b6a03d71f818d5;C:\Program Files\Android\Android Studio\jbr\bin\server;C:\Users\HP\.gradle\native\68d5fa5c4cc2d200863cafc0d521ce42e7d3e7ee720ec0a83991735586a16f82\windows-amd64;C:\Users\HP\.gradle\native\e376f236ea51e6404a007f0833ffe2c6e607c4080706a723a18a27aeea778392\windows-amd64

VM Arguments:
jvm_args: --add-opens=java.base/java.util=ALL-UNNAMED --add-opens=java.base/java.lang=ALL-UNNAMED --add-opens=java.base/java.lang.invoke=ALL-UNNAMED --add-opens=java.prefs/java.util.prefs=ALL-UNNAMED --add-opens=java.base/java.nio.charset=ALL-UNNAMED --add-opens=java.base/java.net=ALL-UNNAMED --add-opens=java.base/java.util.concurrent.atomic=ALL-UNNAMED -Xmx2048m -Dfile.encoding=UTF-8 -Duser.country=US -Duser.language=en -Duser.variant 
java_command: org.gradle.launcher.daemon.bootstrap.GradleDaemon 8.0
java_class_path (initial): C:\Users\HP\.gradle\wrapper\dists\gradle-8.0-bin\ca5e32bp14vu59qr306oxotwh\gradle-8.0\lib\gradle-launcher-8.0.jar
Launcher Type: SUN_STANDARD

[Global flags]
     intx CICompilerCount                          = 3                                         {product} {ergonomic}
     uint ConcGCThreads                            = 1                                         {product} {ergonomic}
     uint G1ConcRefinementThreads                  = 4                                         {product} {ergonomic}
   size_t G1HeapRegionSize                         = 1048576                                   {product} {ergonomic}
    uintx GCDrainStackTargetSize                   = 64                                        {product} {ergonomic}
   size_t InitialHeapSize                          = 58720256                                  {product} {ergonomic}
   size_t MarkStackSize                            = 4194304                                   {product} {ergonomic}
   size_t MaxHeapSize                              = 2147483648                                {product} {command line}
   size_t MaxNewSize                               = 1287651328                                {product} {ergonomic}
   size_t MinHeapDeltaBytes                        = 1048576                                   {product} {ergonomic}
   size_t MinHeapSize                              = 8388608                                   {product} {ergonomic}
    uintx NonNMethodCodeHeapSize                   = 5832780                                {pd product} {ergonomic}
    uintx NonProfiledCodeHeapSize                  = 122912730                              {pd product} {ergonomic}
    uintx ProfiledCodeHeapSize                     = 122912730                              {pd product} {ergonomic}
    uintx ReservedCodeCacheSize                    = 251658240                              {pd product} {ergonomic}
     bool SegmentedCodeCache                       = true                                      {product} {ergonomic}
   size_t SoftMaxHeapSize                          = 2147483648                             {manageable} {ergonomic}
     bool UseCompressedClassPointers               = true                           {product lp64_product} {ergonomic}
     bool UseCompressedOops                        = true                           {product lp64_product} {ergonomic}
     bool UseG1GC                                  = true                                      {product} {ergonomic}
     bool UseLargePagesIndividualAllocation        = false                                  {pd product} {ergonomic}

Logging:
Log output configuration:
 #0: stdout all=warning uptime,level,tags
 #1: stderr all=off uptime,level,tags

Environment Variables:
JAVA_HOME=C:\Program Files\Java\jdk-21
PATH=C:\Program Files\Java\jdk-21\bin;C:\WINDOWS\system32;C:\WINDOWS;C:\WINDOWS\System32\Wbem;C:\WINDOWS\System32\WindowsPowerShell\v1.0\;C:\WINDOWS\System32\OpenSSH\;C:\MinGW\bin;C:\Program Files\PowerShell\7\;C:\Program Files\Git\cmd;C:\Users\HP\AppData\Local\Microsoft\WindowsApps;
USERNAME=HP
OS=Windows_NT
PROCESSOR_IDENTIFIER=AMD64 Family 23 Model 24 Stepping 1, AuthenticAMD
TMP=C:\Users\HP\AppData\Local\Temp
TEMP=C:\Users\HP\AppData\Local\Temp


JNI global refs:
JNI global refs: 25, weak refs: 5

JNI global refs memory usage: 843, weak refs: 841


---------------  S Y S T E M  ---------------

OS:
 Windows 10 , 64 bit Build 19041 (10.0.19041.3636)
OS uptime: 2 days 16:11 hours

CPU: total 4 (initial active 4) (4 cores per cpu, 2 threads per core) family 23 model 24 stepping 1 microcode 0x0, cx8, cmov, fxsr, ht, mmx, 3dnowpref, sse, sse2, sse3, ssse3, sse4a, sse4.1, sse4.2, popcnt, lzcnt, tsc, tscinvbit, avx, avx2, aes, clmul, bmi1, bmi2, adx, sha, fma, vzeroupper, clflush, clflushopt

Memory: 4k page, system-wide physical 3499M (344M free)
TotalPageFile size 8495M (AvailPageFile size 227M)
current process WorkingSet (physical memory assigned to process): 420M, peak: 421M
current process commit charge ("private bytes"): 513M, peak: 923M

vm_info: OpenJDK 64-Bit Server VM (17.0.6+0-b2043.56-10027231) for windows-amd64 JRE (17.0.6+0-b2043.56-10027231), built on Apr 28 2023 00:43:19 by "androidbuild" with MS VC++ 16.10 / 16.11 (VS2019)

END.
